<?xml version="1.0" encoding="UTF-8"?>
<testsuites name="Run all test case" time="16830.16" tests="50" failures="15" errors="0">
   <testsuite name="Run all test case" tests="50" failures="15" errors="0" time="16830.16" skipped="0" timestamp="2022-01-17 16:25:50" hostname="QuangHuy - DESKTOP-A3NO6EJ.mshome.net" id="Test Suites/Run all test case">
      <properties>
         <property name="deviceName" value=""/>
         <property name="devicePlatform" value=""/>
         <property name="logFolder" value="C:\\Users\\User\\Katalon Studio\\Bonus SE\\Test-Automation-SE-Bonus\\Reports\\20220117_162537\\Run all test case\\20220117_162537"/>
         <property name="logFiles" value="C:\\Users\\User\\Katalon Studio\\Bonus SE\\Test-Automation-SE-Bonus\\Reports\\20220117_162537\\Run all test case\\20220117_162537\\execution0.log"/>
         <property name="attachments" value="C:\\Users\\User\\Katalon Studio\\Bonus SE\\Test-Automation-SE-Bonus\\Reports\\20220117_162537\\Run all test case\\20220117_162537\\1642417772485.png, C:\\Users\\User\\Katalon Studio\\Bonus SE\\Test-Automation-SE-Bonus\\Reports\\20220117_162537\\Run all test case\\20220117_162537\\1642417784853.png, C:\\Users\\User\\Katalon Studio\\Bonus SE\\Test-Automation-SE-Bonus\\Reports\\20220117_162537\\Run all test case\\20220117_162537\\1642417796022.png, C:\\Users\\User\\Katalon Studio\\Bonus SE\\Test-Automation-SE-Bonus\\Reports\\20220117_162537\\Run all test case\\20220117_162537\\1642417807170.png, C:\\Users\\User\\Katalon Studio\\Bonus SE\\Test-Automation-SE-Bonus\\Reports\\20220117_162537\\Run all test case\\20220117_162537\\1642417818414.png, C:\\Users\\User\\Katalon Studio\\Bonus SE\\Test-Automation-SE-Bonus\\Reports\\20220117_162537\\Run all test case\\20220117_162537\\1642418122107.png, C:\\Users\\User\\Katalon Studio\\Bonus SE\\Test-Automation-SE-Bonus\\Reports\\20220117_162537\\Run all test case\\20220117_162537\\1642426584399.png, C:\\Users\\User\\Katalon Studio\\Bonus SE\\Test-Automation-SE-Bonus\\Reports\\20220117_162537\\Run all test case\\20220117_162537\\1642426843561.png, C:\\Users\\User\\Katalon Studio\\Bonus SE\\Test-Automation-SE-Bonus\\Reports\\20220117_162537\\Run all test case\\20220117_162537\\1642427210796.png, C:\\Users\\User\\Katalon Studio\\Bonus SE\\Test-Automation-SE-Bonus\\Reports\\20220117_162537\\Run all test case\\20220117_162537\\1642427428085.png, C:\\Users\\User\\Katalon Studio\\Bonus SE\\Test-Automation-SE-Bonus\\Reports\\20220117_162537\\Run all test case\\20220117_162537\\1642427718350.png, C:\\Users\\User\\Katalon Studio\\Bonus SE\\Test-Automation-SE-Bonus\\Reports\\20220117_162537\\Run all test case\\20220117_162537\\1642428065919.png, C:\\Users\\User\\Katalon Studio\\Bonus SE\\Test-Automation-SE-Bonus\\Reports\\20220117_162537\\Run all test case\\20220117_162537\\1642428380006.png"/>
         <property name="hostName" value="QuangHuy - DESKTOP-A3NO6EJ.mshome.net"/>
         <property name="os" value="Windows 10 64bit"/>
         <property name="katalonVersion" value="8.2.0.208"/>
         <property name="browser" value="Chrome 97.0.4692.71"/>
         <property name="hostAddress" value="172.23.64.1"/>
         <property name="sessionId" value="1a2f197915d7efdc859c7ee6e572c72e"/>
         <property name="seleniumVersion" value="3.141.59"/>
         <property name="proxyInformation" value="ProxyInformation { proxyOption=NO_PROXY, proxyServerType=HTTP, username=, password=********, proxyServerAddress=, proxyServerPort=0, executionList=&quot;&quot;, isApplyToDesiredCapabilities=true }"/>
         <property name="platform" value="Windows 10"/>
      </properties>
      <testcase name="Test Cases/Sign up/Sign up with an email that is registerd in sign in with email" time="285.554" classname="Test Cases/Sign up/Sign up with an email that is registerd in sign in with email" status="PASSED">
         <system-out><![CDATA[2022-01-17 16:25:51 - [TEST_CASE][PASSED] - Test Cases/Sign up/Sign up with an email that is registerd in sign in with email: Test Cases/Sign up/Sign up with an email that is registerd in sign in with email

2022-01-17 16:25:52 - [TEST_STEP][PASSED] - openBrowser(""): Browser is opened with url: ''

2022-01-17 16:25:53 - [MESSAGE][INFO] - Starting 'Chrome' driver

2022-01-17 16:25:53 - [MESSAGE][INFO] - Action delay is set to 0 milliseconds

2022-01-17 16:25:57 - [MESSAGE][PASSED] - Browser is opened with url: ''

2022-01-17 16:25:57 - [TEST_STEP][PASSED] - navigateToUrl("http://localhost:8080/"): Navigate to 'http://localhost:8080/' successfully

2022-01-17 16:26:01 - [MESSAGE][PASSED] - Navigate to 'http://localhost:8080/' successfully

2022-01-17 16:26:01 - [TEST_STEP][PASSED] - click(findTestObject("Object Repository/Page_Element/a_Create Account")): Object: 'Object Repository/Page_Element/a_Create Account' is clicked on

2022-01-17 16:26:05 - [MESSAGE][PASSED] - Object: 'Object Repository/Page_Element/a_Create Account' is clicked on

2022-01-17 16:26:05 - [TEST_STEP][PASSED] - setText(findTestObject("Object Repository/Page_Element/input_Or_mx_RegistrationForm_username"), "quanghuytest123"): Text 'quanghuytest123' is set on object 'Object Repository/Page_Element/input_Or_mx_RegistrationForm_username'

2022-01-17 16:27:05 - [MESSAGE][PASSED] - Text 'quanghuytest123' is set on object 'Object Repository/Page_Element/input_Or_mx_RegistrationForm_username'

2022-01-17 16:27:05 - [TEST_STEP][PASSED] - setEncryptedText(findTestObject("Object Repository/Page_Element/input_Username_mx_RegistrationForm_password"), "hk4lGgMz64DUYAH1jDReqA=="): Text ****** has been set on object 'Object Repository/Page_Element/input_Username_mx_RegistrationForm_password'

2022-01-17 16:27:35 - [MESSAGE][PASSED] - Text ****** has been set on object 'Object Repository/Page_Element/input_Username_mx_RegistrationForm_password'

2022-01-17 16:27:35 - [TEST_STEP][PASSED] - click(findTestObject("Object Repository/Page_Element/div_Confirm password")): Object: 'Object Repository/Page_Element/div_Confirm password' is clicked on

2022-01-17 16:28:05 - [MESSAGE][PASSED] - Object: 'Object Repository/Page_Element/div_Confirm password' is clicked on

2022-01-17 16:28:05 - [TEST_STEP][PASSED] - setEncryptedText(findTestObject("Object Repository/Page_Element/input_Password_mx_RegistrationForm_passwordConfirm"), "hk4lGgMz64DUYAH1jDReqA=="): Text ****** has been set on object 'Object Repository/Page_Element/input_Password_mx_RegistrationForm_passwordConfirm'

2022-01-17 16:28:36 - [MESSAGE][PASSED] - Text ****** has been set on object 'Object Repository/Page_Element/input_Password_mx_RegistrationForm_passwordConfirm'

2022-01-17 16:28:36 - [TEST_STEP][PASSED] - setText(findTestObject("Object Repository/Page_Element/input_Confirm password_mx_Field_1"), "quanghuybui93@gmail.com"): Text 'quanghuybui93@gmail.com' is set on object 'Object Repository/Page_Element/input_Confirm password_mx_Field_1'

2022-01-17 16:29:36 - [MESSAGE][PASSED] - Text 'quanghuybui93@gmail.com' is set on object 'Object Repository/Page_Element/input_Confirm password_mx_Field_1'

2022-01-17 16:29:36 - [TEST_STEP][PASSED] - click(findTestObject("Object Repository/Page_Element/input_Email_mx_Login_submit")): Object: 'Object Repository/Page_Element/input_Email_mx_Login_submit' is clicked on

2022-01-17 16:30:06 - [MESSAGE][PASSED] - Object: 'Object Repository/Page_Element/input_Email_mx_Login_submit' is clicked on

2022-01-17 16:30:06 - [TEST_STEP][PASSED] - click(findTestObject("Object Repository/Page_Element/div_That e-mail address is already in use")): Object: 'Object Repository/Page_Element/div_That e-mail address is already in use' is clicked on

2022-01-17 16:30:36 - [MESSAGE][PASSED] - Object: 'Object Repository/Page_Element/div_That e-mail address is already in use' is clicked on]]></system-out>
         <system-err><![CDATA[]]></system-err>
      </testcase>
      <testcase name="Test Cases/Sign up/Sign up with an existed username" time="312.773" classname="Test Cases/Sign up/Sign up with an existed username" status="PASSED">
         <system-out><![CDATA[2022-01-17 16:30:36 - [TEST_CASE][PASSED] - Test Cases/Sign up/Sign up with an existed username: Test Cases/Sign up/Sign up with an existed username

2022-01-17 16:30:37 - [TEST_STEP][PASSED] - openBrowser(""): Browser is opened with url: ''

2022-01-17 16:30:37 - [MESSAGE][WARNING] - A browser is already opened. Closing browser and opening a new one

2022-01-17 16:30:37 - [MESSAGE][INFO] - Starting 'Chrome' driver

2022-01-17 16:30:38 - [MESSAGE][INFO] - Action delay is set to 0 milliseconds

2022-01-17 16:30:39 - [MESSAGE][PASSED] - Browser is opened with url: ''

2022-01-17 16:30:39 - [TEST_STEP][PASSED] - navigateToUrl("http://localhost:8080/"): Navigate to 'http://localhost:8080/' successfully

2022-01-17 16:30:41 - [MESSAGE][PASSED] - Navigate to 'http://localhost:8080/' successfully

2022-01-17 16:30:41 - [TEST_STEP][PASSED] - click(findTestObject("Object Repository/Page_Element/a_Create Account")): Object: 'Object Repository/Page_Element/a_Create Account' is clicked on

2022-01-17 16:31:13 - [MESSAGE][PASSED] - Object: 'Object Repository/Page_Element/a_Create Account' is clicked on

2022-01-17 16:31:13 - [TEST_STEP][PASSED] - setText(findTestObject("Object Repository/Page_Element/input_Or_mx_RegistrationForm_username"), "bqhuy19"): Text 'bqhuy19' is set on object 'Object Repository/Page_Element/input_Or_mx_RegistrationForm_username'

2022-01-17 16:32:13 - [MESSAGE][PASSED] - Text 'bqhuy19' is set on object 'Object Repository/Page_Element/input_Or_mx_RegistrationForm_username'

2022-01-17 16:32:13 - [TEST_STEP][PASSED] - setEncryptedText(findTestObject("Object Repository/Page_Element/input_Username_mx_RegistrationForm_password"), "hk4lGgMz64ADmWBUEkMbyw=="): Text ****** has been set on object 'Object Repository/Page_Element/input_Username_mx_RegistrationForm_password'

2022-01-17 16:32:44 - [MESSAGE][PASSED] - Text ****** has been set on object 'Object Repository/Page_Element/input_Username_mx_RegistrationForm_password'

2022-01-17 16:32:44 - [TEST_STEP][PASSED] - click(findTestObject("Object Repository/Page_Element/div_Confirm password")): Object: 'Object Repository/Page_Element/div_Confirm password' is clicked on

2022-01-17 16:33:14 - [MESSAGE][PASSED] - Object: 'Object Repository/Page_Element/div_Confirm password' is clicked on

2022-01-17 16:33:14 - [TEST_STEP][PASSED] - setEncryptedText(findTestObject("Object Repository/Page_Element/input_Password_mx_RegistrationForm_passwordConfirm"), "hk4lGgMz64ADmWBUEkMbyw=="): Text ****** has been set on object 'Object Repository/Page_Element/input_Password_mx_RegistrationForm_passwordConfirm'

2022-01-17 16:33:44 - [MESSAGE][PASSED] - Text ****** has been set on object 'Object Repository/Page_Element/input_Password_mx_RegistrationForm_passwordConfirm'

2022-01-17 16:33:44 - [TEST_STEP][PASSED] - setText(findTestObject("Object Repository/Page_Element/input_Confirm password_mx_Field_1"), "nchhuy19@apcs.fitus.edu.vn"): Text 'nchhuy19@apcs.fitus.edu.vn' is set on object 'Object Repository/Page_Element/input_Confirm password_mx_Field_1'

2022-01-17 16:34:19 - [MESSAGE][PASSED] - Text 'nchhuy19@apcs.fitus.edu.vn' is set on object 'Object Repository/Page_Element/input_Confirm password_mx_Field_1'

2022-01-17 16:34:19 - [TEST_STEP][PASSED] - click(findTestObject("Object Repository/Page_Element/input_Email_mx_Login_submit")): Object: 'Object Repository/Page_Element/input_Email_mx_Login_submit' is clicked on

2022-01-17 16:34:49 - [MESSAGE][PASSED] - Object: 'Object Repository/Page_Element/input_Email_mx_Login_submit' is clicked on

2022-01-17 16:34:49 - [TEST_STEP][PASSED] - click(findTestObject("Object Repository/Page_Element/input_Or_mx_RegistrationForm_username")): Object: 'Object Repository/Page_Element/input_Or_mx_RegistrationForm_username' is clicked on

2022-01-17 16:35:19 - [MESSAGE][PASSED] - Object: 'Object Repository/Page_Element/input_Or_mx_RegistrationForm_username' is clicked on

2022-01-17 16:35:19 - [TEST_STEP][PASSED] - click(findTestObject("Object Repository/Page_Element/div_Create accountHost account onmatrix.org_6b4dd0")): Object: 'Object Repository/Page_Element/div_Create accountHost account onmatrix.org_6b4dd0' is clicked on

2022-01-17 16:35:49 - [MESSAGE][PASSED] - Object: 'Object Repository/Page_Element/div_Create accountHost account onmatrix.org_6b4dd0' is clicked on]]></system-out>
         <system-err><![CDATA[]]></system-err>
      </testcase>
      <testcase name="Test Cases/Sign up/Sign up with correct information" time="246.575" classname="Test Cases/Sign up/Sign up with correct information" status="PASSED">
         <system-out><![CDATA[2022-01-17 16:35:49 - [TEST_CASE][PASSED] - Test Cases/Sign up/Sign up with correct information: Test Cases/Sign up/Sign up with correct information

2022-01-17 16:35:49 - [TEST_STEP][PASSED] - openBrowser(""): Browser is opened with url: ''

2022-01-17 16:35:49 - [MESSAGE][WARNING] - A browser is already opened. Closing browser and opening a new one

2022-01-17 16:35:50 - [MESSAGE][INFO] - Starting 'Chrome' driver

2022-01-17 16:35:50 - [MESSAGE][INFO] - Action delay is set to 0 milliseconds

2022-01-17 16:35:52 - [MESSAGE][PASSED] - Browser is opened with url: ''

2022-01-17 16:35:52 - [TEST_STEP][PASSED] - navigateToUrl("http://localhost:8080/"): Navigate to 'http://localhost:8080/' successfully

2022-01-17 16:35:54 - [MESSAGE][PASSED] - Navigate to 'http://localhost:8080/' successfully

2022-01-17 16:35:54 - [TEST_STEP][PASSED] - click(findTestObject("Object Repository/Page_Element/a_Create Account")): Object: 'Object Repository/Page_Element/a_Create Account' is clicked on

2022-01-17 16:36:24 - [MESSAGE][PASSED] - Object: 'Object Repository/Page_Element/a_Create Account' is clicked on

2022-01-17 16:36:24 - [TEST_STEP][PASSED] - setText(findTestObject("Object Repository/Page_Element/input_Or_mx_RegistrationForm_username"), "hoanghuy123"): Text 'hoanghuy123' is set on object 'Object Repository/Page_Element/input_Or_mx_RegistrationForm_username'

2022-01-17 16:37:25 - [MESSAGE][PASSED] - Text 'hoanghuy123' is set on object 'Object Repository/Page_Element/input_Or_mx_RegistrationForm_username'

2022-01-17 16:37:25 - [TEST_STEP][PASSED] - setEncryptedText(findTestObject("Object Repository/Page_Element/input_Username_mx_RegistrationForm_password"), "+prAWSr+2zbEAzlFsB6VFw=="): Text ****** has been set on object 'Object Repository/Page_Element/input_Username_mx_RegistrationForm_password'

2022-01-17 16:37:55 - [MESSAGE][PASSED] - Text ****** has been set on object 'Object Repository/Page_Element/input_Username_mx_RegistrationForm_password'

2022-01-17 16:37:55 - [TEST_STEP][PASSED] - setEncryptedText(findTestObject("Object Repository/Page_Element/input_Password_mx_RegistrationForm_passwordConfirm"), "+prAWSr+2zbEAzlFsB6VFw=="): Text ****** has been set on object 'Object Repository/Page_Element/input_Password_mx_RegistrationForm_passwordConfirm'

2022-01-17 16:38:25 - [MESSAGE][PASSED] - Text ****** has been set on object 'Object Repository/Page_Element/input_Password_mx_RegistrationForm_passwordConfirm'

2022-01-17 16:38:25 - [TEST_STEP][PASSED] - setText(findTestObject("Object Repository/Page_Element/input_Confirm password_mx_Field_1"), "nchhuy19@apcs.fitus.edu.vn"): Text 'nchhuy19@apcs.fitus.edu.vn' is set on object 'Object Repository/Page_Element/input_Confirm password_mx_Field_1'

2022-01-17 16:39:26 - [MESSAGE][PASSED] - Text 'nchhuy19@apcs.fitus.edu.vn' is set on object 'Object Repository/Page_Element/input_Confirm password_mx_Field_1'

2022-01-17 16:39:26 - [TEST_STEP][PASSED] - click(findTestObject("Object Repository/Page_Element/input_Email_mx_Login_submit")): Object: 'Object Repository/Page_Element/input_Email_mx_Login_submit' is clicked on

2022-01-17 16:39:56 - [MESSAGE][PASSED] - Object: 'Object Repository/Page_Element/input_Email_mx_Login_submit' is clicked on]]></system-out>
         <system-err><![CDATA[]]></system-err>
      </testcase>
      <testcase name="Test Cases/Sign up/Sign up with incorrect confirm password" time="250.57" classname="Test Cases/Sign up/Sign up with incorrect confirm password" status="PASSED">
         <system-out><![CDATA[2022-01-17 16:39:56 - [TEST_CASE][PASSED] - Test Cases/Sign up/Sign up with incorrect confirm password: Test Cases/Sign up/Sign up with incorrect confirm password

2022-01-17 16:39:56 - [TEST_STEP][PASSED] - openBrowser(""): Browser is opened with url: ''

2022-01-17 16:39:56 - [MESSAGE][WARNING] - A browser is already opened. Closing browser and opening a new one

2022-01-17 16:39:57 - [MESSAGE][INFO] - Starting 'Chrome' driver

2022-01-17 16:39:57 - [MESSAGE][INFO] - Action delay is set to 0 milliseconds

2022-01-17 16:39:58 - [MESSAGE][PASSED] - Browser is opened with url: ''

2022-01-17 16:39:58 - [TEST_STEP][PASSED] - navigateToUrl("http://localhost:8080/"): Navigate to 'http://localhost:8080/' successfully

2022-01-17 16:40:00 - [MESSAGE][PASSED] - Navigate to 'http://localhost:8080/' successfully

2022-01-17 16:40:00 - [TEST_STEP][PASSED] - click(findTestObject("Object Repository/Page_Element/a_Create Account")): Object: 'Object Repository/Page_Element/a_Create Account' is clicked on

2022-01-17 16:40:03 - [MESSAGE][PASSED] - Object: 'Object Repository/Page_Element/a_Create Account' is clicked on

2022-01-17 16:40:03 - [TEST_STEP][PASSED] - setText(findTestObject("Object Repository/Page_Element/input_Or_mx_RegistrationForm_username"), "bqhuy342"): Text 'bqhuy342' is set on object 'Object Repository/Page_Element/input_Or_mx_RegistrationForm_username'

2022-01-17 16:41:03 - [MESSAGE][PASSED] - Text 'bqhuy342' is set on object 'Object Repository/Page_Element/input_Or_mx_RegistrationForm_username'

2022-01-17 16:41:03 - [TEST_STEP][PASSED] - setEncryptedText(findTestObject("Object Repository/Page_Element/input_Username_mx_RegistrationForm_password"), "hk4lGgMz64DUYAH1jDReqA=="): Text ****** has been set on object 'Object Repository/Page_Element/input_Username_mx_RegistrationForm_password'

2022-01-17 16:41:05 - [MESSAGE][PASSED] - Text ****** has been set on object 'Object Repository/Page_Element/input_Username_mx_RegistrationForm_password'

2022-01-17 16:41:05 - [TEST_STEP][PASSED] - setEncryptedText(findTestObject("Object Repository/Page_Element/input_Password_mx_RegistrationForm_passwordConfirm"), "hk4lGgMz64AmQDO542nGmg=="): Text ****** has been set on object 'Object Repository/Page_Element/input_Password_mx_RegistrationForm_passwordConfirm'

2022-01-17 16:41:35 - [MESSAGE][PASSED] - Text ****** has been set on object 'Object Repository/Page_Element/input_Password_mx_RegistrationForm_passwordConfirm'

2022-01-17 16:41:35 - [TEST_STEP][PASSED] - setText(findTestObject("Object Repository/Page_Element/input_Confirm password_mx_Field_1"), "nchhuy19@apcs.fitus.edu.vn"): Text 'nchhuy19@apcs.fitus.edu.vn' is set on object 'Object Repository/Page_Element/input_Confirm password_mx_Field_1'

2022-01-17 16:42:35 - [MESSAGE][PASSED] - Text 'nchhuy19@apcs.fitus.edu.vn' is set on object 'Object Repository/Page_Element/input_Confirm password_mx_Field_1'

2022-01-17 16:42:35 - [TEST_STEP][PASSED] - click(findTestObject("Object Repository/Page_Element/input_Email_mx_Login_submit")): Object: 'Object Repository/Page_Element/input_Email_mx_Login_submit' is clicked on

2022-01-17 16:43:06 - [MESSAGE][PASSED] - Object: 'Object Repository/Page_Element/input_Email_mx_Login_submit' is clicked on

2022-01-17 16:43:06 - [TEST_STEP][PASSED] - click(findTestObject("Object Repository/Page_Element/div_Create accountHost account onmatrix.org_6b4dd0")): Object: 'Object Repository/Page_Element/div_Create accountHost account onmatrix.org_6b4dd0' is clicked on

2022-01-17 16:43:36 - [MESSAGE][PASSED] - Object: 'Object Repository/Page_Element/div_Create accountHost account onmatrix.org_6b4dd0' is clicked on

2022-01-17 16:43:36 - [TEST_STEP][PASSED] - click(findTestObject("Object Repository/Page_Element/input_Email_mx_Login_submit")): Object: 'Object Repository/Page_Element/input_Email_mx_Login_submit' is clicked on

2022-01-17 16:44:06 - [MESSAGE][PASSED] - Object: 'Object Repository/Page_Element/input_Email_mx_Login_submit' is clicked on]]></system-out>
         <system-err><![CDATA[]]></system-err>
      </testcase>
      <testcase name="Test Cases/Sign up/Sign up with username containing special character" time="248.592" classname="Test Cases/Sign up/Sign up with username containing special character" status="PASSED">
         <system-out><![CDATA[2022-01-17 16:44:06 - [TEST_CASE][PASSED] - Test Cases/Sign up/Sign up with username containing special character: Test Cases/Sign up/Sign up with username containing special character

2022-01-17 16:44:07 - [TEST_STEP][PASSED] - openBrowser(""): Browser is opened with url: ''

2022-01-17 16:44:07 - [MESSAGE][WARNING] - A browser is already opened. Closing browser and opening a new one

2022-01-17 16:44:07 - [MESSAGE][INFO] - Starting 'Chrome' driver

2022-01-17 16:44:07 - [MESSAGE][INFO] - Action delay is set to 0 milliseconds

2022-01-17 16:44:09 - [MESSAGE][PASSED] - Browser is opened with url: ''

2022-01-17 16:44:09 - [TEST_STEP][PASSED] - navigateToUrl("http://localhost:8080/"): Navigate to 'http://localhost:8080/' successfully

2022-01-17 16:44:10 - [MESSAGE][PASSED] - Navigate to 'http://localhost:8080/' successfully

2022-01-17 16:44:10 - [TEST_STEP][PASSED] - click(findTestObject("Object Repository/Page_Element/a_Create Account")): Object: 'Object Repository/Page_Element/a_Create Account' is clicked on

2022-01-17 16:44:13 - [MESSAGE][PASSED] - Object: 'Object Repository/Page_Element/a_Create Account' is clicked on

2022-01-17 16:44:13 - [TEST_STEP][PASSED] - setText(findTestObject("Object Repository/Page_Element/input_Or_mx_RegistrationForm_username"), "#$21!dsas"): Text '#$21!dsas' is set on object 'Object Repository/Page_Element/input_Or_mx_RegistrationForm_username'

2022-01-17 16:45:14 - [MESSAGE][PASSED] - Text '#$21!dsas' is set on object 'Object Repository/Page_Element/input_Or_mx_RegistrationForm_username'

2022-01-17 16:45:14 - [TEST_STEP][PASSED] - setEncryptedText(findTestObject("Object Repository/Page_Element/input_Username_mx_RegistrationForm_password"), "hk4lGgMz64ADmWBUEkMbyw=="): Text ****** has been set on object 'Object Repository/Page_Element/input_Username_mx_RegistrationForm_password'

2022-01-17 16:45:44 - [MESSAGE][PASSED] - Text ****** has been set on object 'Object Repository/Page_Element/input_Username_mx_RegistrationForm_password'

2022-01-17 16:45:44 - [TEST_STEP][PASSED] - setEncryptedText(findTestObject("Object Repository/Page_Element/input_Password_mx_RegistrationForm_passwordConfirm"), "hk4lGgMz64ADmWBUEkMbyw=="): Text ****** has been set on object 'Object Repository/Page_Element/input_Password_mx_RegistrationForm_passwordConfirm'

2022-01-17 16:46:14 - [MESSAGE][PASSED] - Text ****** has been set on object 'Object Repository/Page_Element/input_Password_mx_RegistrationForm_passwordConfirm'

2022-01-17 16:46:14 - [TEST_STEP][PASSED] - setText(findTestObject("Object Repository/Page_Element/input_Confirm password_mx_Field_1"), "nchhuy19@apcs.fitus.edu.vn"): Text 'nchhuy19@apcs.fitus.edu.vn' is set on object 'Object Repository/Page_Element/input_Confirm password_mx_Field_1'

2022-01-17 16:47:15 - [MESSAGE][PASSED] - Text 'nchhuy19@apcs.fitus.edu.vn' is set on object 'Object Repository/Page_Element/input_Confirm password_mx_Field_1'

2022-01-17 16:47:15 - [TEST_STEP][PASSED] - click(findTestObject("Object Repository/Page_Element/input_Email_mx_Login_submit")): Object: 'Object Repository/Page_Element/input_Email_mx_Login_submit' is clicked on

2022-01-17 16:47:45 - [MESSAGE][PASSED] - Object: 'Object Repository/Page_Element/input_Email_mx_Login_submit' is clicked on

2022-01-17 16:47:45 - [TEST_STEP][PASSED] - click(findTestObject("Object Repository/Page_Element/div_Create accountHost account onmatrix.org_6b4dd0")): Object: 'Object Repository/Page_Element/div_Create accountHost account onmatrix.org_6b4dd0' is clicked on

2022-01-17 16:48:15 - [MESSAGE][PASSED] - Object: 'Object Repository/Page_Element/div_Create accountHost account onmatrix.org_6b4dd0' is clicked on]]></system-out>
         <system-err><![CDATA[]]></system-err>
      </testcase>
      <testcase name="Test Cases/Sign up/Sign up without input email" time="216.009" classname="Test Cases/Sign up/Sign up without input email" status="PASSED">
         <system-out><![CDATA[2022-01-17 16:48:15 - [TEST_CASE][PASSED] - Test Cases/Sign up/Sign up without input email: Test Cases/Sign up/Sign up without input email

2022-01-17 16:48:15 - [TEST_STEP][PASSED] - openBrowser(""): Browser is opened with url: ''

2022-01-17 16:48:15 - [MESSAGE][WARNING] - A browser is already opened. Closing browser and opening a new one

2022-01-17 16:48:16 - [MESSAGE][INFO] - Starting 'Chrome' driver

2022-01-17 16:48:16 - [MESSAGE][INFO] - Action delay is set to 0 milliseconds

2022-01-17 16:48:17 - [MESSAGE][PASSED] - Browser is opened with url: ''

2022-01-17 16:48:17 - [TEST_STEP][PASSED] - navigateToUrl("http://localhost:8080/"): Navigate to 'http://localhost:8080/' successfully

2022-01-17 16:48:19 - [MESSAGE][PASSED] - Navigate to 'http://localhost:8080/' successfully

2022-01-17 16:48:19 - [TEST_STEP][PASSED] - click(findTestObject("Object Repository/Page_Element/div_Create Account")): Object: 'Object Repository/Page_Element/div_Create Account' is clicked on

2022-01-17 16:48:50 - [MESSAGE][PASSED] - Object: 'Object Repository/Page_Element/div_Create Account' is clicked on

2022-01-17 16:48:50 - [TEST_STEP][PASSED] - setText(findTestObject("Object Repository/Page_Element/input_Or_mx_RegistrationForm_username"), "quanghuyyy"): Text 'quanghuyyy' is set on object 'Object Repository/Page_Element/input_Or_mx_RegistrationForm_username'

2022-01-17 16:49:50 - [MESSAGE][PASSED] - Text 'quanghuyyy' is set on object 'Object Repository/Page_Element/input_Or_mx_RegistrationForm_username'

2022-01-17 16:49:50 - [TEST_STEP][PASSED] - setEncryptedText(findTestObject("Object Repository/Page_Element/input_Username_mx_RegistrationForm_password"), "hk4lGgMz64ADmWBUEkMbyw=="): Text ****** has been set on object 'Object Repository/Page_Element/input_Username_mx_RegistrationForm_password'

2022-01-17 16:50:20 - [MESSAGE][PASSED] - Text ****** has been set on object 'Object Repository/Page_Element/input_Username_mx_RegistrationForm_password'

2022-01-17 16:50:20 - [TEST_STEP][PASSED] - setEncryptedText(findTestObject("Object Repository/Page_Element/input_Password_mx_RegistrationForm_passwordConfirm"), "hk4lGgMz64ADmWBUEkMbyw=="): Text ****** has been set on object 'Object Repository/Page_Element/input_Password_mx_RegistrationForm_passwordConfirm'

2022-01-17 16:50:51 - [MESSAGE][PASSED] - Text ****** has been set on object 'Object Repository/Page_Element/input_Password_mx_RegistrationForm_passwordConfirm'

2022-01-17 16:50:51 - [TEST_STEP][PASSED] - click(findTestObject("Object Repository/Page_Element/input_Email_mx_Login_submit")): Object: 'Object Repository/Page_Element/input_Email_mx_Login_submit' is clicked on

2022-01-17 16:51:21 - [MESSAGE][PASSED] - Object: 'Object Repository/Page_Element/input_Email_mx_Login_submit' is clicked on

2022-01-17 16:51:21 - [TEST_STEP][PASSED] - click(findTestObject("Object Repository/Page_Element/div_Create accountHost account onmatrix.org_6b4dd0")): Object: 'Object Repository/Page_Element/div_Create accountHost account onmatrix.org_6b4dd0' is clicked on

2022-01-17 16:51:51 - [MESSAGE][PASSED] - Object: 'Object Repository/Page_Element/div_Create accountHost account onmatrix.org_6b4dd0' is clicked on]]></system-out>
         <system-err><![CDATA[]]></system-err>
      </testcase>
      <testcase name="Test Cases/Sign in with multiple platforms/Sign in with facebook" time="75.157" classname="Test Cases/Sign in with multiple platforms/Sign in with facebook" status="PASSED">
         <system-out><![CDATA[2022-01-17 16:51:51 - [TEST_CASE][PASSED] - Test Cases/Sign in with multiple platforms/Sign in with facebook: Test Cases/Sign in with multiple platforms/Sign in with facebook

2022-01-17 16:51:51 - [TEST_STEP][PASSED] - openBrowser(""): Browser is opened with url: ''

2022-01-17 16:51:51 - [MESSAGE][WARNING] - A browser is already opened. Closing browser and opening a new one

2022-01-17 16:51:52 - [MESSAGE][INFO] - Starting 'Chrome' driver

2022-01-17 16:51:52 - [MESSAGE][INFO] - Action delay is set to 0 milliseconds

2022-01-17 16:51:53 - [MESSAGE][PASSED] - Browser is opened with url: ''

2022-01-17 16:51:53 - [TEST_STEP][PASSED] - navigateToUrl("http://localhost:8080/"): Navigate to 'http://localhost:8080/' successfully

2022-01-17 16:51:55 - [MESSAGE][PASSED] - Navigate to 'http://localhost:8080/' successfully

2022-01-17 16:51:55 - [TEST_STEP][PASSED] - click(findTestObject("Object Repository/Page_Element/a_Sign In")): Object: 'Object Repository/Page_Element/a_Sign In' is clicked on

2022-01-17 16:52:26 - [MESSAGE][PASSED] - Object: 'Object Repository/Page_Element/a_Sign In' is clicked on

2022-01-17 16:52:26 - [TEST_STEP][PASSED] - click(findTestObject("Object Repository/Page_Element/div_Forgot password_mx_AccessibleButton mx__35ae1c")): Object: 'Object Repository/Page_Element/div_Forgot password_mx_AccessibleButton mx__35ae1c' is clicked on

2022-01-17 16:52:59 - [MESSAGE][PASSED] - Object: 'Object Repository/Page_Element/div_Forgot password_mx_AccessibleButton mx__35ae1c' is clicked on

2022-01-17 16:52:59 - [TEST_STEP][PASSED] - setText(findTestObject("Object Repository/Page_Log in to Facebook  Facebook/input_Log in to Facebook_email"), "0983968160"): Text '0983968160' is set on object 'Object Repository/Page_Log in to Facebook  Facebook/input_Log in to Facebook_email'

2022-01-17 16:52:59 - [MESSAGE][PASSED] - Text '0983968160' is set on object 'Object Repository/Page_Log in to Facebook  Facebook/input_Log in to Facebook_email'

2022-01-17 16:52:59 - [TEST_STEP][PASSED] - setEncryptedText(findTestObject("Object Repository/Page_Log in to Facebook  Facebook/input_Log in to Facebook_pass"), "n96v9XD7GiYYeIhd8A/xmw=="): Text ****** has been set on object 'Object Repository/Page_Log in to Facebook  Facebook/input_Log in to Facebook_pass'

2022-01-17 16:53:00 - [MESSAGE][PASSED] - Text ****** has been set on object 'Object Repository/Page_Log in to Facebook  Facebook/input_Log in to Facebook_pass'

2022-01-17 16:53:00 - [TEST_STEP][PASSED] - click(findTestObject("Object Repository/Page_Log in to Facebook  Facebook/button_Log In")): Object: 'Object Repository/Page_Log in to Facebook  Facebook/button_Log In' is clicked on

2022-01-17 16:53:00 - [MESSAGE][PASSED] - Object: 'Object Repository/Page_Log in to Facebook  Facebook/button_Log In' is clicked on

2022-01-17 16:53:00 - [TEST_STEP][PASSED] - click(findTestObject("Object Repository/Page_Continue to your account/a_Continue")): Object: 'Object Repository/Page_Continue to your account/a_Continue' is clicked on

2022-01-17 16:53:06 - [MESSAGE][PASSED] - Object: 'Object Repository/Page_Continue to your account/a_Continue' is clicked on]]></system-out>
         <system-err><![CDATA[]]></system-err>
      </testcase>
      <testcase name="Test Cases/Sign in with multiple platforms/Sign in with github" time="42.144" classname="Test Cases/Sign in with multiple platforms/Sign in with github" status="PASSED">
         <system-out><![CDATA[2022-01-17 16:53:06 - [TEST_CASE][PASSED] - Test Cases/Sign in with multiple platforms/Sign in with github: Test Cases/Sign in with multiple platforms/Sign in with github

2022-01-17 16:53:07 - [TEST_STEP][PASSED] - openBrowser(""): Browser is opened with url: ''

2022-01-17 16:53:07 - [MESSAGE][WARNING] - A browser is already opened. Closing browser and opening a new one

2022-01-17 16:53:07 - [MESSAGE][INFO] - Starting 'Chrome' driver

2022-01-17 16:53:07 - [MESSAGE][INFO] - Action delay is set to 0 milliseconds

2022-01-17 16:53:08 - [MESSAGE][PASSED] - Browser is opened with url: ''

2022-01-17 16:53:08 - [TEST_STEP][PASSED] - navigateToUrl("http://localhost:8080/"): Navigate to 'http://localhost:8080/' successfully

2022-01-17 16:53:10 - [MESSAGE][PASSED] - Navigate to 'http://localhost:8080/' successfully

2022-01-17 16:53:10 - [TEST_STEP][PASSED] - click(findTestObject("Object Repository/Page_Element/a_Sign In")): Object: 'Object Repository/Page_Element/a_Sign In' is clicked on

2022-01-17 16:53:13 - [MESSAGE][PASSED] - Object: 'Object Repository/Page_Element/a_Sign In' is clicked on

2022-01-17 16:53:13 - [TEST_STEP][PASSED] - click(findTestObject("Object Repository/Page_Element/div_Forgot password_mx_AccessibleButton mx__5d3fbf")): Object: 'Object Repository/Page_Element/div_Forgot password_mx_AccessibleButton mx__5d3fbf' is clicked on

2022-01-17 16:53:45 - [MESSAGE][PASSED] - Object: 'Object Repository/Page_Element/div_Forgot password_mx_AccessibleButton mx__5d3fbf' is clicked on

2022-01-17 16:53:45 - [TEST_STEP][PASSED] - setText(findTestObject("Object Repository/Page_Sign in to GitHub  GitHub/input_Username or email address_login"), "quanghuy2701"): Text 'quanghuy2701' is set on object 'Object Repository/Page_Sign in to GitHub  GitHub/input_Username or email address_login'

2022-01-17 16:53:45 - [MESSAGE][PASSED] - Text 'quanghuy2701' is set on object 'Object Repository/Page_Sign in to GitHub  GitHub/input_Username or email address_login'

2022-01-17 16:53:45 - [TEST_STEP][PASSED] - setEncryptedText(findTestObject("Object Repository/Page_Sign in to GitHub  GitHub/input_Password_password"), "hk4lGgMz64Dt/7aG6vaJCw=="): Text ****** has been set on object 'Object Repository/Page_Sign in to GitHub  GitHub/input_Password_password'

2022-01-17 16:53:46 - [MESSAGE][PASSED] - Text ****** has been set on object 'Object Repository/Page_Sign in to GitHub  GitHub/input_Password_password'

2022-01-17 16:53:46 - [TEST_STEP][PASSED] - sendKeys(findTestObject("Object Repository/Page_Sign in to GitHub  GitHub/input_Password_password"), Keys.chord(ENTER)): Keys 'ENTER + ' sent to object: 'Object Repository/Page_Sign in to GitHub  GitHub/input_Password_password'

2022-01-17 16:53:48 - [MESSAGE][PASSED] - Keys 'ENTER + ' sent to object: 'Object Repository/Page_Sign in to GitHub  GitHub/input_Password_password']]></system-out>
         <system-err><![CDATA[]]></system-err>
      </testcase>
      <testcase name="Test Cases/Sign in with multiple platforms/Sign in with gitlab" time="0.925" classname="Test Cases/Sign in with multiple platforms/Sign in with gitlab" status="PASSED">
         <system-out><![CDATA[2022-01-17 16:53:48 - [TEST_CASE][PASSED] - Test Cases/Sign in with multiple platforms/Sign in with gitlab: Test Cases/Sign in with multiple platforms/Sign in with gitlab

2022-01-17 16:53:49 - [TEST_STEP][PASSED] - return null: null]]></system-out>
         <system-err><![CDATA[]]></system-err>
      </testcase>
      <testcase name="Test Cases/Sign in manually/Setting vietnamese phone number for the account" time="500.448" classname="Test Cases/Sign in manually/Setting vietnamese phone number for the account" status="PASSED">
         <system-out><![CDATA[2022-01-17 16:53:49 - [TEST_CASE][PASSED] - Test Cases/Sign in manually/Setting vietnamese phone number for the account: Test Cases/Sign in manually/Setting vietnamese phone number for the account

2022-01-17 16:53:49 - [TEST_STEP][PASSED] - openBrowser(""): Browser is opened with url: ''

2022-01-17 16:53:49 - [MESSAGE][WARNING] - A browser is already opened. Closing browser and opening a new one

2022-01-17 16:53:50 - [MESSAGE][INFO] - Starting 'Chrome' driver

2022-01-17 16:53:50 - [MESSAGE][INFO] - Action delay is set to 0 milliseconds

2022-01-17 16:53:51 - [MESSAGE][PASSED] - Browser is opened with url: ''

2022-01-17 16:53:51 - [TEST_STEP][PASSED] - navigateToUrl("http://localhost:8080/"): Navigate to 'http://localhost:8080/' successfully

2022-01-17 16:53:53 - [MESSAGE][PASSED] - Navigate to 'http://localhost:8080/' successfully

2022-01-17 16:53:53 - [TEST_STEP][PASSED] - click(findTestObject("Object Repository/Page_Element/a_Sign In")): Object: 'Object Repository/Page_Element/a_Sign In' is clicked on

2022-01-17 16:53:57 - [MESSAGE][PASSED] - Object: 'Object Repository/Page_Element/a_Sign In' is clicked on

2022-01-17 16:53:57 - [TEST_STEP][PASSED] - setText(findTestObject("Object Repository/Page_Element/input_Sign in with_username"), "quanghuyne"): Text 'quanghuyne' is set on object 'Object Repository/Page_Element/input_Sign in with_username'

2022-01-17 16:54:57 - [MESSAGE][PASSED] - Text 'quanghuyne' is set on object 'Object Repository/Page_Element/input_Sign in with_username'

2022-01-17 16:54:57 - [TEST_STEP][PASSED] - setEncryptedText(findTestObject("Object Repository/Page_Element/input_Username_password"), "hk4lGgMz64DUYAH1jDReqA=="): Text ****** has been set on object 'Object Repository/Page_Element/input_Username_password'

2022-01-17 16:55:27 - [MESSAGE][PASSED] - Text ****** has been set on object 'Object Repository/Page_Element/input_Username_password'

2022-01-17 16:55:27 - [TEST_STEP][PASSED] - click(findTestObject("Object Repository/Page_Element/input_Forgot password_mx_Login_submit")): Object: 'Object Repository/Page_Element/input_Forgot password_mx_Login_submit' is clicked on

2022-01-17 16:55:58 - [MESSAGE][PASSED] - Object: 'Object Repository/Page_Element/input_Forgot password_mx_Login_submit' is clicked on

2022-01-17 16:55:58 - [TEST_STEP][PASSED] - click(findTestObject("Object Repository/Page_Element/button_Reset all")): Object: 'Object Repository/Page_Element/button_Reset all' is clicked on

2022-01-17 16:56:06 - [MESSAGE][PASSED] - Object: 'Object Repository/Page_Element/button_Reset all' is clicked on

2022-01-17 16:56:06 - [TEST_STEP][PASSED] - click(findTestObject("Object Repository/Page_Element/div_Proceed with reset")): Object: 'Object Repository/Page_Element/div_Proceed with reset' is clicked on

2022-01-17 16:56:37 - [MESSAGE][PASSED] - Object: 'Object Repository/Page_Element/div_Proceed with reset' is clicked on

2022-01-17 16:56:37 - [TEST_STEP][PASSED] - click(findTestObject("Object Repository/Page_Element/button_Cancel")): Object: 'Object Repository/Page_Element/button_Cancel' is clicked on

2022-01-17 16:57:07 - [MESSAGE][PASSED] - Object: 'Object Repository/Page_Element/button_Cancel' is clicked on

2022-01-17 16:57:07 - [TEST_STEP][PASSED] - click(findTestObject("Object Repository/Page_Element/button_Cancel")): Object: 'Object Repository/Page_Element/button_Cancel' is clicked on

2022-01-17 16:57:37 - [MESSAGE][PASSED] - Object: 'Object Repository/Page_Element/button_Cancel' is clicked on

2022-01-17 16:57:37 - [TEST_STEP][PASSED] - click(findTestObject("Object Repository/Page_Element/img_Enable_mx_BaseAvatar_image")): Object: 'Object Repository/Page_Element/img_Enable_mx_BaseAvatar_image' is clicked on

2022-01-17 16:58:08 - [MESSAGE][PASSED] - Object: 'Object Repository/Page_Element/img_Enable_mx_BaseAvatar_image' is clicked on

2022-01-17 16:58:08 - [TEST_STEP][PASSED] - click(findTestObject("Object Repository/Page_Element/span_All settings")): Object: 'Object Repository/Page_Element/span_All settings' is clicked on

2022-01-17 16:58:38 - [MESSAGE][PASSED] - Object: 'Object Repository/Page_Element/span_All settings' is clicked on

2022-01-17 16:58:38 - [TEST_STEP][PASSED] - click(findTestObject("Object Repository/Page_Element/input__mx_Field_10")): Object: 'Object Repository/Page_Element/input__mx_Field_10' is clicked on

2022-01-17 16:59:08 - [MESSAGE][PASSED] - Object: 'Object Repository/Page_Element/input__mx_Field_10' is clicked on

2022-01-17 16:59:08 - [TEST_STEP][PASSED] - click(findTestObject("Object Repository/Page_Element/span_44")): Object: 'Object Repository/Page_Element/span_44' is clicked on

2022-01-17 16:59:39 - [MESSAGE][PASSED] - Object: 'Object Repository/Page_Element/span_44' is clicked on

2022-01-17 16:59:39 - [TEST_STEP][PASSED] - click(findTestObject("Object Repository/Page_Element/div_Vietnam (84)")): Object: 'Object Repository/Page_Element/div_Vietnam (84)' is clicked on

2022-01-17 17:00:09 - [MESSAGE][PASSED] - Object: 'Object Repository/Page_Element/div_Vietnam (84)' is clicked on

2022-01-17 17:00:09 - [TEST_STEP][PASSED] - setText(findTestObject("Object Repository/Page_Element/input__mx_Field_10"), "0983968160"): Text '0983968160' is set on object 'Object Repository/Page_Element/input__mx_Field_10'

2022-01-17 17:01:09 - [MESSAGE][PASSED] - Text '0983968160' is set on object 'Object Repository/Page_Element/input__mx_Field_10'

2022-01-17 17:01:09 - [TEST_STEP][PASSED] - click(findTestObject("Object Repository/Page_Element/div_Add")): Object: 'Object Repository/Page_Element/div_Add' is clicked on

2022-01-17 17:01:39 - [MESSAGE][PASSED] - Object: 'Object Repository/Page_Element/div_Add' is clicked on

2022-01-17 17:01:39 - [TEST_STEP][PASSED] - click(findTestObject("Object Repository/Page_Element/button_OK")): Object: 'Object Repository/Page_Element/button_OK' is clicked on

2022-01-17 17:02:10 - [MESSAGE][PASSED] - Object: 'Object Repository/Page_Element/button_OK' is clicked on]]></system-out>
         <system-err><![CDATA[]]></system-err>
      </testcase>
      <testcase name="Test Cases/Sign in manually/Sign in with email address" time="129.992" classname="Test Cases/Sign in manually/Sign in with email address" status="PASSED">
         <system-out><![CDATA[2022-01-17 17:02:10 - [TEST_CASE][PASSED] - Test Cases/Sign in manually/Sign in with email address: Test Cases/Sign in manually/Sign in with email address

2022-01-17 17:02:10 - [TEST_STEP][PASSED] - openBrowser(""): Browser is opened with url: ''

2022-01-17 17:02:10 - [MESSAGE][WARNING] - A browser is already opened. Closing browser and opening a new one

2022-01-17 17:02:11 - [MESSAGE][INFO] - Starting 'Chrome' driver

2022-01-17 17:02:11 - [MESSAGE][INFO] - Action delay is set to 0 milliseconds

2022-01-17 17:02:13 - [MESSAGE][PASSED] - Browser is opened with url: ''

2022-01-17 17:02:13 - [TEST_STEP][PASSED] - navigateToUrl("http://localhost:8080/"): Navigate to 'http://localhost:8080/' successfully

2022-01-17 17:02:14 - [MESSAGE][PASSED] - Navigate to 'http://localhost:8080/' successfully

2022-01-17 17:02:14 - [TEST_STEP][PASSED] - click(findTestObject("Object Repository/Page_Element/div_Sign In")): Object: 'Object Repository/Page_Element/div_Sign In' is clicked on

2022-01-17 17:02:18 - [MESSAGE][PASSED] - Object: 'Object Repository/Page_Element/div_Sign In' is clicked on

2022-01-17 17:02:18 - [TEST_STEP][PASSED] - setText(findTestObject("Object Repository/Page_Element/input_Sign in with_username"), "quanghuybui93@gmail.com"): Text 'quanghuybui93@gmail.com' is set on object 'Object Repository/Page_Element/input_Sign in with_username'

2022-01-17 17:03:19 - [MESSAGE][PASSED] - Text 'quanghuybui93@gmail.com' is set on object 'Object Repository/Page_Element/input_Sign in with_username'

2022-01-17 17:03:19 - [TEST_STEP][PASSED] - setEncryptedText(findTestObject("Object Repository/Page_Element/input_Username_password"), "hk4lGgMz64DUYAH1jDReqA=="): Text ****** has been set on object 'Object Repository/Page_Element/input_Username_password'

2022-01-17 17:03:49 - [MESSAGE][PASSED] - Text ****** has been set on object 'Object Repository/Page_Element/input_Username_password'

2022-01-17 17:03:49 - [TEST_STEP][PASSED] - click(findTestObject("Object Repository/Page_Element/input_Forgot password_mx_Login_submit")): Object: 'Object Repository/Page_Element/input_Forgot password_mx_Login_submit' is clicked on

2022-01-17 17:04:20 - [MESSAGE][PASSED] - Object: 'Object Repository/Page_Element/input_Forgot password_mx_Login_submit' is clicked on]]></system-out>
         <system-err><![CDATA[]]></system-err>
      </testcase>
      <testcase name="Test Cases/Sign in manually/Sign in with username" time="3877.591" classname="Test Cases/Sign in manually/Sign in with username" status="FAILED">
         <failure type="FAILED" message="Test Cases/Sign in manually/Sign in with username FAILED.
Reason:
com.kms.katalon.core.exception.StepFailedException: Unable to set text 'quanghuyne' of object 'Object Repository/Page_Element/input_Sign in with_username'
	at com.kms.katalon.core.webui.keyword.internal.WebUIKeywordMain.stepFailed(WebUIKeywordMain.groovy:64)
	at com.kms.katalon.core.webui.keyword.internal.WebUIKeywordMain.runKeyword(WebUIKeywordMain.groovy:26)
	at com.kms.katalon.core.webui.keyword.builtin.SetTextKeyword.setText(SetTextKeyword.groovy:66)
	at com.kms.katalon.core.webui.keyword.builtin.SetTextKeyword.execute(SetTextKeyword.groovy:37)
	at com.kms.katalon.core.keyword.internal.KeywordExecutor.executeKeywordForPlatform(KeywordExecutor.groovy:74)
	at com.kms.katalon.core.webui.keyword.WebUiBuiltInKeywords.setText(WebUiBuiltInKeywords.groovy:980)
	at com.kms.katalon.core.webui.keyword.WebUiBuiltInKeywords$setText$2.call(Unknown Source)
	at Sign in with username.run(Sign in with username:26)
	at com.kms.katalon.core.main.ScriptEngine.run(ScriptEngine.java:194)
	at com.kms.katalon.core.main.ScriptEngine.runScriptAsRawText(ScriptEngine.java:119)
	at com.kms.katalon.core.main.TestCaseExecutor.runScript(TestCaseExecutor.java:442)
	at com.kms.katalon.core.main.TestCaseExecutor.doExecute(TestCaseExecutor.java:433)
	at com.kms.katalon.core.main.TestCaseExecutor.processExecutionPhase(TestCaseExecutor.java:412)
	at com.kms.katalon.core.main.TestCaseExecutor.accessMainPhase(TestCaseExecutor.java:404)
	at com.kms.katalon.core.main.TestCaseExecutor.execute(TestCaseExecutor.java:281)
	at com.kms.katalon.core.main.TestSuiteExecutor.accessTestCaseMainPhase(TestSuiteExecutor.java:202)
	at com.kms.katalon.core.main.TestSuiteExecutor.accessTestSuiteMainPhase(TestSuiteExecutor.java:164)
	at com.kms.katalon.core.main.TestSuiteExecutor.execute(TestSuiteExecutor.java:105)
	at com.kms.katalon.core.main.TestCaseMain.startTestSuite(TestCaseMain.java:181)
	at com.kms.katalon.core.main.TestCaseMain$startTestSuite$0.call(Unknown Source)
	at TempTestSuite1642411537017.run(TempTestSuite1642411537017.groovy:36)
Caused by: org.openqa.selenium.NoSuchWindowException: no such window: target window already closed
from unknown error: web view not found
  (Session info: chrome=97.0.4692.71)
Build info: version: '3.141.59', revision: 'e82be7d358', time: '2018-11-14T08:25:53'
System info: host: 'DESKTOP-A3NO6EJ', ip: '172.23.64.1', os.name: 'Windows 10', os.arch: 'amd64', os.version: '10.0', java.version: '1.8.0_282'
Driver info: com.kms.katalon.selenium.driver.CChromeDriver
Capabilities {acceptInsecureCerts: false, browserName: chrome, browserVersion: 97.0.4692.71, chrome: {chromedriverVersion: 97.0.4692.71 (adefa7837d02a..., userDataDir: C:\Users\User\AppData\Local...}, goog:chromeOptions: {debuggerAddress: localhost:53441}, javascriptEnabled: true, networkConnectionEnabled: false, pageLoadStrategy: normal, platform: WINDOWS, platformName: WINDOWS, proxy: Proxy(), setWindowRect: true, strictFileInteractability: false, timeouts: {implicit: 0, pageLoad: 300000, script: 30000}, unhandledPromptBehavior: dismiss and notify, webauthn:extension:credBlob: true, webauthn:extension:largeBlob: true, webauthn:virtualAuthenticators: true}
Session ID: f4f3cd9054c46bd61f238fee47916cbb
*** Element info: {Using=xpath, value=//input[@id='mx_Field_2']}
	at org.openqa.selenium.remote.http.W3CHttpResponseCodec.createException(W3CHttpResponseCodec.java:187)
	at org.openqa.selenium.remote.http.W3CHttpResponseCodec.decode(W3CHttpResponseCodec.java:122)
	at org.openqa.selenium.remote.http.W3CHttpResponseCodec.decode(W3CHttpResponseCodec.java:49)
	at org.openqa.selenium.remote.HttpCommandExecutor.execute(HttpCommandExecutor.java:158)
	at org.openqa.selenium.remote.service.DriverCommandExecutor.execute(DriverCommandExecutor.java:83)
	at org.openqa.selenium.remote.RemoteWebDriver.execute(RemoteWebDriver.java:552)
	at com.kms.katalon.selenium.driver.CChromeDriver.execute(CChromeDriver.java:19)
	at org.openqa.selenium.remote.RemoteWebDriver.findElements(RemoteWebDriver.java:353)
	at org.openqa.selenium.remote.RemoteWebDriver.findElementsByXPath(RemoteWebDriver.java:432)
	at org.openqa.selenium.By$ByXPath.findElements(By.java:348)
	at org.openqa.selenium.remote.RemoteWebDriver.findElements(RemoteWebDriver.java:311)
	at org.openqa.selenium.support.events.EventFiringWebDriver.lambda$new$1(EventFiringWebDriver.java:105)
	at com.sun.proxy.$Proxy10.findElements(Unknown Source)
	at org.openqa.selenium.support.events.EventFiringWebDriver.findElements(EventFiringWebDriver.java:182)
	at com.kms.katalon.core.webui.common.WebUiCommonHelper.findElementByNormalMethods(WebUiCommonHelper.java:1014)
	at com.kms.katalon.core.webui.common.WebUiCommonHelper.findElementsBySelectedMethod(WebUiCommonHelper.java:909)
	at com.kms.katalon.core.webui.common.WebUiCommonHelper.findElementsBySelectedMethod(WebUiCommonHelper.java:892)
	at com.kms.katalon.core.webui.common.WebUiCommonHelper.findElementsBySelectedMethod(WebUiCommonHelper.java:887)
	at com.kms.katalon.core.webui.common.WebUiCommonHelper.findElementsByDefault(WebUiCommonHelper.java:883)
	at com.kms.katalon.core.webui.common.WebUiCommonHelper.findWebElements(WebUiCommonHelper.java:720)
	at com.kms.katalon.core.webui.common.WebUiCommonHelper.findWebElement(WebUiCommonHelper.java:1363)
	at com.kms.katalon.core.webui.keyword.internal.WebUIAbstractKeyword.findWebElement(WebUIAbstractKeyword.groovy:27)
	at com.kms.katalon.core.webui.keyword.internal.WebUIAbstractKeyword.findWebElement(WebUIAbstractKeyword.groovy:26)
	at com.kms.katalon.core.webui.keyword.builtin.SetTextKeyword$_setText_closure1.doCall(SetTextKeyword.groovy:51)
	at com.kms.katalon.core.webui.keyword.builtin.SetTextKeyword$_setText_closure1.call(SetTextKeyword.groovy)
	at com.kms.katalon.core.webui.keyword.internal.WebUIKeywordMain.runKeyword(WebUIKeywordMain.groovy:20)
	... 19 more
"/>
         <system-out><![CDATA[2022-01-17 17:04:20 - [TEST_CASE][FAILED] - Test Cases/Sign in manually/Sign in with username: Test Cases/Sign in manually/Sign in with username FAILED.
Reason:
com.kms.katalon.core.exception.StepFailedException: Unable to set text 'quanghuyne' of object 'Object Repository/Page_Element/input_Sign in with_username'
	at com.kms.katalon.core.webui.keyword.internal.WebUIKeywordMain.stepFailed(WebUIKeywordMain.groovy:64)
	at com.kms.katalon.core.webui.keyword.internal.WebUIKeywordMain.runKeyword(WebUIKeywordMain.groovy:26)
	at com.kms.katalon.core.webui.keyword.builtin.SetTextKeyword.setText(SetTextKeyword.groovy:66)
	at com.kms.katalon.core.webui.keyword.builtin.SetTextKeyword.execute(SetTextKeyword.groovy:37)
	at com.kms.katalon.core.keyword.internal.KeywordExecutor.executeKeywordForPlatform(KeywordExecutor.groovy:74)
	at com.kms.katalon.core.webui.keyword.WebUiBuiltInKeywords.setText(WebUiBuiltInKeywords.groovy:980)
	at com.kms.katalon.core.webui.keyword.WebUiBuiltInKeywords$setText$2.call(Unknown Source)
	at Sign in with username.run(Sign in with username:26)
	at com.kms.katalon.core.main.ScriptEngine.run(ScriptEngine.java:194)
	at com.kms.katalon.core.main.ScriptEngine.runScriptAsRawText(ScriptEngine.java:119)
	at com.kms.katalon.core.main.TestCaseExecutor.runScript(TestCaseExecutor.java:442)
	at com.kms.katalon.core.main.TestCaseExecutor.doExecute(TestCaseExecutor.java:433)
	at com.kms.katalon.core.main.TestCaseExecutor.processExecutionPhase(TestCaseExecutor.java:412)
	at com.kms.katalon.core.main.TestCaseExecutor.accessMainPhase(TestCaseExecutor.java:404)
	at com.kms.katalon.core.main.TestCaseExecutor.execute(TestCaseExecutor.java:281)
	at com.kms.katalon.core.main.TestSuiteExecutor.accessTestCaseMainPhase(TestSuiteExecutor.java:202)
	at com.kms.katalon.core.main.TestSuiteExecutor.accessTestSuiteMainPhase(TestSuiteExecutor.java:164)
	at com.kms.katalon.core.main.TestSuiteExecutor.execute(TestSuiteExecutor.java:105)
	at com.kms.katalon.core.main.TestCaseMain.startTestSuite(TestCaseMain.java:181)
	at com.kms.katalon.core.main.TestCaseMain$startTestSuite$0.call(Unknown Source)
	at TempTestSuite1642411537017.run(TempTestSuite1642411537017.groovy:36)
Caused by: org.openqa.selenium.NoSuchWindowException: no such window: target window already closed
from unknown error: web view not found
  (Session info: chrome=97.0.4692.71)
Build info: version: '3.141.59', revision: 'e82be7d358', time: '2018-11-14T08:25:53'
System info: host: 'DESKTOP-A3NO6EJ', ip: '172.23.64.1', os.name: 'Windows 10', os.arch: 'amd64', os.version: '10.0', java.version: '1.8.0_282'
Driver info: com.kms.katalon.selenium.driver.CChromeDriver
Capabilities {acceptInsecureCerts: false, browserName: chrome, browserVersion: 97.0.4692.71, chrome: {chromedriverVersion: 97.0.4692.71 (adefa7837d02a..., userDataDir: C:\Users\User\AppData\Local...}, goog:chromeOptions: {debuggerAddress: localhost:53441}, javascriptEnabled: true, networkConnectionEnabled: false, pageLoadStrategy: normal, platform: WINDOWS, platformName: WINDOWS, proxy: Proxy(), setWindowRect: true, strictFileInteractability: false, timeouts: {implicit: 0, pageLoad: 300000, script: 30000}, unhandledPromptBehavior: dismiss and notify, webauthn:extension:credBlob: true, webauthn:extension:largeBlob: true, webauthn:virtualAuthenticators: true}
Session ID: f4f3cd9054c46bd61f238fee47916cbb
*** Element info: {Using=xpath, value=//input[@id='mx_Field_2']}
	at org.openqa.selenium.remote.http.W3CHttpResponseCodec.createException(W3CHttpResponseCodec.java:187)
	at org.openqa.selenium.remote.http.W3CHttpResponseCodec.decode(W3CHttpResponseCodec.java:122)
	at org.openqa.selenium.remote.http.W3CHttpResponseCodec.decode(W3CHttpResponseCodec.java:49)
	at org.openqa.selenium.remote.HttpCommandExecutor.execute(HttpCommandExecutor.java:158)
	at org.openqa.selenium.remote.service.DriverCommandExecutor.execute(DriverCommandExecutor.java:83)
	at org.openqa.selenium.remote.RemoteWebDriver.execute(RemoteWebDriver.java:552)
	at com.kms.katalon.selenium.driver.CChromeDriver.execute(CChromeDriver.java:19)
	at org.openqa.selenium.remote.RemoteWebDriver.findElements(RemoteWebDriver.java:353)
	at org.openqa.selenium.remote.RemoteWebDriver.findElementsByXPath(RemoteWebDriver.java:432)
	at org.openqa.selenium.By$ByXPath.findElements(By.java:348)
	at org.openqa.selenium.remote.RemoteWebDriver.findElements(RemoteWebDriver.java:311)
	at org.openqa.selenium.support.events.EventFiringWebDriver.lambda$new$1(EventFiringWebDriver.java:105)
	at com.sun.proxy.$Proxy10.findElements(Unknown Source)
	at org.openqa.selenium.support.events.EventFiringWebDriver.findElements(EventFiringWebDriver.java:182)
	at com.kms.katalon.core.webui.common.WebUiCommonHelper.findElementByNormalMethods(WebUiCommonHelper.java:1014)
	at com.kms.katalon.core.webui.common.WebUiCommonHelper.findElementsBySelectedMethod(WebUiCommonHelper.java:909)
	at com.kms.katalon.core.webui.common.WebUiCommonHelper.findElementsBySelectedMethod(WebUiCommonHelper.java:892)
	at com.kms.katalon.core.webui.common.WebUiCommonHelper.findElementsBySelectedMethod(WebUiCommonHelper.java:887)
	at com.kms.katalon.core.webui.common.WebUiCommonHelper.findElementsByDefault(WebUiCommonHelper.java:883)
	at com.kms.katalon.core.webui.common.WebUiCommonHelper.findWebElements(WebUiCommonHelper.java:720)
	at com.kms.katalon.core.webui.common.WebUiCommonHelper.findWebElement(WebUiCommonHelper.java:1363)
	at com.kms.katalon.core.webui.keyword.internal.WebUIAbstractKeyword.findWebElement(WebUIAbstractKeyword.groovy:27)
	at com.kms.katalon.core.webui.keyword.internal.WebUIAbstractKeyword.findWebElement(WebUIAbstractKeyword.groovy:26)
	at com.kms.katalon.core.webui.keyword.builtin.SetTextKeyword$_setText_closure1.doCall(SetTextKeyword.groovy:51)
	at com.kms.katalon.core.webui.keyword.builtin.SetTextKeyword$_setText_closure1.call(SetTextKeyword.groovy)
	at com.kms.katalon.core.webui.keyword.internal.WebUIKeywordMain.runKeyword(WebUIKeywordMain.groovy:20)
	... 19 more


2022-01-17 17:04:20 - [TEST_STEP][PASSED] - openBrowser(""): Browser is opened with url: ''

2022-01-17 17:04:20 - [MESSAGE][WARNING] - A browser is already opened. Closing browser and opening a new one

2022-01-17 17:04:21 - [MESSAGE][INFO] - Starting 'Chrome' driver

2022-01-17 17:04:21 - [MESSAGE][INFO] - Action delay is set to 0 milliseconds

2022-01-17 17:04:22 - [MESSAGE][PASSED] - Browser is opened with url: ''

2022-01-17 17:04:22 - [TEST_STEP][PASSED] - navigateToUrl("http://localhost:8080/"): Navigate to 'http://localhost:8080/' successfully

2022-01-17 17:04:25 - [MESSAGE][PASSED] - Navigate to 'http://localhost:8080/' successfully

2022-01-17 17:04:25 - [TEST_STEP][PASSED] - click(findTestObject("Object Repository/Page_Element/div_Sign In")): Object: 'Object Repository/Page_Element/div_Sign In' is clicked on

2022-01-17 17:04:28 - [MESSAGE][PASSED] - Object: 'Object Repository/Page_Element/div_Sign In' is clicked on

2022-01-17 17:04:28 - [TEST_STEP][FAILED] - setText(findTestObject("Object Repository/Page_Element/input_Sign in with_username"), "quanghuyne"): Unable to set text 'quanghuyne' of object 'Object Repository/Page_Element/input_Sign in with_username' (Root cause: com.kms.katalon.core.exception.StepFailedException: Unable to set text 'quanghuyne' of object 'Object Repository/Page_Element/input_Sign in with_username'
	at com.kms.katalon.core.webui.keyword.internal.WebUIKeywordMain.stepFailed(WebUIKeywordMain.groovy:64)
	at com.kms.katalon.core.webui.keyword.internal.WebUIKeywordMain.runKeyword(WebUIKeywordMain.groovy:26)
	at com.kms.katalon.core.webui.keyword.builtin.SetTextKeyword.setText(SetTextKeyword.groovy:66)
	at com.kms.katalon.core.webui.keyword.builtin.SetTextKeyword.execute(SetTextKeyword.groovy:37)
	at com.kms.katalon.core.keyword.internal.KeywordExecutor.executeKeywordForPlatform(KeywordExecutor.groovy:74)
	at com.kms.katalon.core.webui.keyword.WebUiBuiltInKeywords.setText(WebUiBuiltInKeywords.groovy:980)
	at com.kms.katalon.core.webui.keyword.WebUiBuiltInKeywords$setText$2.call(Unknown Source)
	at Sign in with username.run(Sign in with username:26)
	at com.kms.katalon.core.main.ScriptEngine.run(ScriptEngine.java:194)
	at com.kms.katalon.core.main.ScriptEngine.runScriptAsRawText(ScriptEngine.java:119)
	at com.kms.katalon.core.main.TestCaseExecutor.runScript(TestCaseExecutor.java:442)
	at com.kms.katalon.core.main.TestCaseExecutor.doExecute(TestCaseExecutor.java:433)
	at com.kms.katalon.core.main.TestCaseExecutor.processExecutionPhase(TestCaseExecutor.java:412)
	at com.kms.katalon.core.main.TestCaseExecutor.accessMainPhase(TestCaseExecutor.java:404)
	at com.kms.katalon.core.main.TestCaseExecutor.execute(TestCaseExecutor.java:281)
	at com.kms.katalon.core.main.TestSuiteExecutor.accessTestCaseMainPhase(TestSuiteExecutor.java:202)
	at com.kms.katalon.core.main.TestSuiteExecutor.accessTestSuiteMainPhase(TestSuiteExecutor.java:164)
	at com.kms.katalon.core.main.TestSuiteExecutor.execute(TestSuiteExecutor.java:105)
	at com.kms.katalon.core.main.TestCaseMain.startTestSuite(TestCaseMain.java:181)
	at com.kms.katalon.core.main.TestCaseMain$startTestSuite$0.call(Unknown Source)
	at TempTestSuite1642411537017.run(TempTestSuite1642411537017.groovy:36)
Caused by: org.openqa.selenium.NoSuchWindowException: no such window: target window already closed
from unknown error: web view not found
  (Session info: chrome=97.0.4692.71)
Build info: version: '3.141.59', revision: 'e82be7d358', time: '2018-11-14T08:25:53'
System info: host: 'DESKTOP-A3NO6EJ', ip: '172.23.64.1', os.name: 'Windows 10', os.arch: 'amd64', os.version: '10.0', java.version: '1.8.0_282'
Driver info: com.kms.katalon.selenium.driver.CChromeDriver
Capabilities {acceptInsecureCerts: false, browserName: chrome, browserVersion: 97.0.4692.71, chrome: {chromedriverVersion: 97.0.4692.71 (adefa7837d02a..., userDataDir: C:\Users\User\AppData\Local...}, goog:chromeOptions: {debuggerAddress: localhost:53441}, javascriptEnabled: true, networkConnectionEnabled: false, pageLoadStrategy: normal, platform: WINDOWS, platformName: WINDOWS, proxy: Proxy(), setWindowRect: true, strictFileInteractability: false, timeouts: {implicit: 0, pageLoad: 300000, script: 30000}, unhandledPromptBehavior: dismiss and notify, webauthn:extension:credBlob: true, webauthn:extension:largeBlob: true, webauthn:virtualAuthenticators: true}
Session ID: f4f3cd9054c46bd61f238fee47916cbb
*** Element info: {Using=xpath, value=//input[@id='mx_Field_2']}
	at org.openqa.selenium.remote.http.W3CHttpResponseCodec.createException(W3CHttpResponseCodec.java:187)
	at org.openqa.selenium.remote.http.W3CHttpResponseCodec.decode(W3CHttpResponseCodec.java:122)
	at org.openqa.selenium.remote.http.W3CHttpResponseCodec.decode(W3CHttpResponseCodec.java:49)
	at org.openqa.selenium.remote.HttpCommandExecutor.execute(HttpCommandExecutor.java:158)
	at org.openqa.selenium.remote.service.DriverCommandExecutor.execute(DriverCommandExecutor.java:83)
	at org.openqa.selenium.remote.RemoteWebDriver.execute(RemoteWebDriver.java:552)
	at com.kms.katalon.selenium.driver.CChromeDriver.execute(CChromeDriver.java:19)
	at org.openqa.selenium.remote.RemoteWebDriver.findElements(RemoteWebDriver.java:353)
	at org.openqa.selenium.remote.RemoteWebDriver.findElementsByXPath(RemoteWebDriver.java:432)
	at org.openqa.selenium.By$ByXPath.findElements(By.java:348)
	at org.openqa.selenium.remote.RemoteWebDriver.findElements(RemoteWebDriver.java:311)
	at org.openqa.selenium.support.events.EventFiringWebDriver.lambda$new$1(EventFiringWebDriver.java:105)
	at com.sun.proxy.$Proxy10.findElements(Unknown Source)
	at org.openqa.selenium.support.events.EventFiringWebDriver.findElements(EventFiringWebDriver.java:182)
	at com.kms.katalon.core.webui.common.WebUiCommonHelper.findElementByNormalMethods(WebUiCommonHelper.java:1014)
	at com.kms.katalon.core.webui.common.WebUiCommonHelper.findElementsBySelectedMethod(WebUiCommonHelper.java:909)
	at com.kms.katalon.core.webui.common.WebUiCommonHelper.findElementsBySelectedMethod(WebUiCommonHelper.java:892)
	at com.kms.katalon.core.webui.common.WebUiCommonHelper.findElementsBySelectedMethod(WebUiCommonHelper.java:887)
	at com.kms.katalon.core.webui.common.WebUiCommonHelper.findElementsByDefault(WebUiCommonHelper.java:883)
	at com.kms.katalon.core.webui.common.WebUiCommonHelper.findWebElements(WebUiCommonHelper.java:720)
	at com.kms.katalon.core.webui.common.WebUiCommonHelper.findWebElement(WebUiCommonHelper.java:1363)
	at com.kms.katalon.core.webui.keyword.internal.WebUIAbstractKeyword.findWebElement(WebUIAbstractKeyword.groovy:27)
	at com.kms.katalon.core.webui.keyword.internal.WebUIAbstractKeyword.findWebElement(WebUIAbstractKeyword.groovy:26)
	at com.kms.katalon.core.webui.keyword.builtin.SetTextKeyword$_setText_closure1.doCall(SetTextKeyword.groovy:51)
	at com.kms.katalon.core.webui.keyword.builtin.SetTextKeyword$_setText_closure1.call(SetTextKeyword.groovy)
	at com.kms.katalon.core.webui.keyword.internal.WebUIKeywordMain.runKeyword(WebUIKeywordMain.groovy:20)
	at com.kms.katalon.core.webui.keyword.builtin.SetTextKeyword.setText(SetTextKeyword.groovy:66)
	at com.kms.katalon.core.webui.keyword.builtin.SetTextKeyword.execute(SetTextKeyword.groovy:37)
	at com.kms.katalon.core.keyword.internal.KeywordExecutor.executeKeywordForPlatform(KeywordExecutor.groovy:74)
	at com.kms.katalon.core.webui.keyword.WebUiBuiltInKeywords.setText(WebUiBuiltInKeywords.groovy:980)
	at com.kms.katalon.core.webui.keyword.WebUiBuiltInKeywords$setText$2.call(Unknown Source)
	at Script1642340792070.run(Script1642340792070.groovy:26)
	... 13 more
)

2022-01-17 18:08:57 - [MESSAGE][WARNING] - Cannot take screenshot

2022-01-17 18:08:57 - [MESSAGE][FAILED] - Unable to set text 'quanghuyne' of object 'Object Repository/Page_Element/input_Sign in with_username' (Root cause: com.kms.katalon.core.exception.StepFailedException: Unable to set text 'quanghuyne' of object 'Object Repository/Page_Element/input_Sign in with_username'
	at com.kms.katalon.core.webui.keyword.internal.WebUIKeywordMain.stepFailed(WebUIKeywordMain.groovy:64)
	at com.kms.katalon.core.webui.keyword.internal.WebUIKeywordMain.runKeyword(WebUIKeywordMain.groovy:26)
	at com.kms.katalon.core.webui.keyword.builtin.SetTextKeyword.setText(SetTextKeyword.groovy:66)
	at com.kms.katalon.core.webui.keyword.builtin.SetTextKeyword.execute(SetTextKeyword.groovy:37)
	at com.kms.katalon.core.keyword.internal.KeywordExecutor.executeKeywordForPlatform(KeywordExecutor.groovy:74)
	at com.kms.katalon.core.webui.keyword.WebUiBuiltInKeywords.setText(WebUiBuiltInKeywords.groovy:980)
	at com.kms.katalon.core.webui.keyword.WebUiBuiltInKeywords$setText$2.call(Unknown Source)
	at Sign in with username.run(Sign in with username:26)
	at com.kms.katalon.core.main.ScriptEngine.run(ScriptEngine.java:194)
	at com.kms.katalon.core.main.ScriptEngine.runScriptAsRawText(ScriptEngine.java:119)
	at com.kms.katalon.core.main.TestCaseExecutor.runScript(TestCaseExecutor.java:442)
	at com.kms.katalon.core.main.TestCaseExecutor.doExecute(TestCaseExecutor.java:433)
	at com.kms.katalon.core.main.TestCaseExecutor.processExecutionPhase(TestCaseExecutor.java:412)
	at com.kms.katalon.core.main.TestCaseExecutor.accessMainPhase(TestCaseExecutor.java:404)
	at com.kms.katalon.core.main.TestCaseExecutor.execute(TestCaseExecutor.java:281)
	at com.kms.katalon.core.main.TestSuiteExecutor.accessTestCaseMainPhase(TestSuiteExecutor.java:202)
	at com.kms.katalon.core.main.TestSuiteExecutor.accessTestSuiteMainPhase(TestSuiteExecutor.java:164)
	at com.kms.katalon.core.main.TestSuiteExecutor.execute(TestSuiteExecutor.java:105)
	at com.kms.katalon.core.main.TestCaseMain.startTestSuite(TestCaseMain.java:181)
	at com.kms.katalon.core.main.TestCaseMain$startTestSuite$0.call(Unknown Source)
	at TempTestSuite1642411537017.run(TempTestSuite1642411537017.groovy:36)
Caused by: org.openqa.selenium.NoSuchWindowException: no such window: target window already closed
from unknown error: web view not found
  (Session info: chrome=97.0.4692.71)
Build info: version: '3.141.59', revision: 'e82be7d358', time: '2018-11-14T08:25:53'
System info: host: 'DESKTOP-A3NO6EJ', ip: '172.23.64.1', os.name: 'Windows 10', os.arch: 'amd64', os.version: '10.0', java.version: '1.8.0_282'
Driver info: com.kms.katalon.selenium.driver.CChromeDriver
Capabilities {acceptInsecureCerts: false, browserName: chrome, browserVersion: 97.0.4692.71, chrome: {chromedriverVersion: 97.0.4692.71 (adefa7837d02a..., userDataDir: C:\Users\User\AppData\Local...}, goog:chromeOptions: {debuggerAddress: localhost:53441}, javascriptEnabled: true, networkConnectionEnabled: false, pageLoadStrategy: normal, platform: WINDOWS, platformName: WINDOWS, proxy: Proxy(), setWindowRect: true, strictFileInteractability: false, timeouts: {implicit: 0, pageLoad: 300000, script: 30000}, unhandledPromptBehavior: dismiss and notify, webauthn:extension:credBlob: true, webauthn:extension:largeBlob: true, webauthn:virtualAuthenticators: true}
Session ID: f4f3cd9054c46bd61f238fee47916cbb
*** Element info: {Using=xpath, value=//input[@id='mx_Field_2']}
	at org.openqa.selenium.remote.http.W3CHttpResponseCodec.createException(W3CHttpResponseCodec.java:187)
	at org.openqa.selenium.remote.http.W3CHttpResponseCodec.decode(W3CHttpResponseCodec.java:122)
	at org.openqa.selenium.remote.http.W3CHttpResponseCodec.decode(W3CHttpResponseCodec.java:49)
	at org.openqa.selenium.remote.HttpCommandExecutor.execute(HttpCommandExecutor.java:158)
	at org.openqa.selenium.remote.service.DriverCommandExecutor.execute(DriverCommandExecutor.java:83)
	at org.openqa.selenium.remote.RemoteWebDriver.execute(RemoteWebDriver.java:552)
	at com.kms.katalon.selenium.driver.CChromeDriver.execute(CChromeDriver.java:19)
	at org.openqa.selenium.remote.RemoteWebDriver.findElements(RemoteWebDriver.java:353)
	at org.openqa.selenium.remote.RemoteWebDriver.findElementsByXPath(RemoteWebDriver.java:432)
	at org.openqa.selenium.By$ByXPath.findElements(By.java:348)
	at org.openqa.selenium.remote.RemoteWebDriver.findElements(RemoteWebDriver.java:311)
	at org.openqa.selenium.support.events.EventFiringWebDriver.lambda$new$1(EventFiringWebDriver.java:105)
	at com.sun.proxy.$Proxy10.findElements(Unknown Source)
	at org.openqa.selenium.support.events.EventFiringWebDriver.findElements(EventFiringWebDriver.java:182)
	at com.kms.katalon.core.webui.common.WebUiCommonHelper.findElementByNormalMethods(WebUiCommonHelper.java:1014)
	at com.kms.katalon.core.webui.common.WebUiCommonHelper.findElementsBySelectedMethod(WebUiCommonHelper.java:909)
	at com.kms.katalon.core.webui.common.WebUiCommonHelper.findElementsBySelectedMethod(WebUiCommonHelper.java:892)
	at com.kms.katalon.core.webui.common.WebUiCommonHelper.findElementsBySelectedMethod(WebUiCommonHelper.java:887)
	at com.kms.katalon.core.webui.common.WebUiCommonHelper.findElementsByDefault(WebUiCommonHelper.java:883)
	at com.kms.katalon.core.webui.common.WebUiCommonHelper.findWebElements(WebUiCommonHelper.java:720)
	at com.kms.katalon.core.webui.common.WebUiCommonHelper.findWebElement(WebUiCommonHelper.java:1363)
	at com.kms.katalon.core.webui.keyword.internal.WebUIAbstractKeyword.findWebElement(WebUIAbstractKeyword.groovy:27)
	at com.kms.katalon.core.webui.keyword.internal.WebUIAbstractKeyword.findWebElement(WebUIAbstractKeyword.groovy:26)
	at com.kms.katalon.core.webui.keyword.builtin.SetTextKeyword$_setText_closure1.doCall(SetTextKeyword.groovy:51)
	at com.kms.katalon.core.webui.keyword.builtin.SetTextKeyword$_setText_closure1.call(SetTextKeyword.groovy)
	at com.kms.katalon.core.webui.keyword.internal.WebUIKeywordMain.runKeyword(WebUIKeywordMain.groovy:20)
	at com.kms.katalon.core.webui.keyword.builtin.SetTextKeyword.setText(SetTextKeyword.groovy:66)
	at com.kms.katalon.core.webui.keyword.builtin.SetTextKeyword.execute(SetTextKeyword.groovy:37)
	at com.kms.katalon.core.keyword.internal.KeywordExecutor.executeKeywordForPlatform(KeywordExecutor.groovy:74)
	at com.kms.katalon.core.webui.keyword.WebUiBuiltInKeywords.setText(WebUiBuiltInKeywords.groovy:980)
	at com.kms.katalon.core.webui.keyword.WebUiBuiltInKeywords$setText$2.call(Unknown Source)
	at Script1642340792070.run(Script1642340792070.groovy:26)
	... 13 more
)]]></system-out>
         <system-err><![CDATA[2022-01-17 17:04:20 - [TEST_CASE][FAILED] - Test Cases/Sign in manually/Sign in with username: Test Cases/Sign in manually/Sign in with username FAILED.
Reason:
com.kms.katalon.core.exception.StepFailedException: Unable to set text 'quanghuyne' of object 'Object Repository/Page_Element/input_Sign in with_username'
	at com.kms.katalon.core.webui.keyword.internal.WebUIKeywordMain.stepFailed(WebUIKeywordMain.groovy:64)
	at com.kms.katalon.core.webui.keyword.internal.WebUIKeywordMain.runKeyword(WebUIKeywordMain.groovy:26)
	at com.kms.katalon.core.webui.keyword.builtin.SetTextKeyword.setText(SetTextKeyword.groovy:66)
	at com.kms.katalon.core.webui.keyword.builtin.SetTextKeyword.execute(SetTextKeyword.groovy:37)
	at com.kms.katalon.core.keyword.internal.KeywordExecutor.executeKeywordForPlatform(KeywordExecutor.groovy:74)
	at com.kms.katalon.core.webui.keyword.WebUiBuiltInKeywords.setText(WebUiBuiltInKeywords.groovy:980)
	at com.kms.katalon.core.webui.keyword.WebUiBuiltInKeywords$setText$2.call(Unknown Source)
	at Sign in with username.run(Sign in with username:26)
	at com.kms.katalon.core.main.ScriptEngine.run(ScriptEngine.java:194)
	at com.kms.katalon.core.main.ScriptEngine.runScriptAsRawText(ScriptEngine.java:119)
	at com.kms.katalon.core.main.TestCaseExecutor.runScript(TestCaseExecutor.java:442)
	at com.kms.katalon.core.main.TestCaseExecutor.doExecute(TestCaseExecutor.java:433)
	at com.kms.katalon.core.main.TestCaseExecutor.processExecutionPhase(TestCaseExecutor.java:412)
	at com.kms.katalon.core.main.TestCaseExecutor.accessMainPhase(TestCaseExecutor.java:404)
	at com.kms.katalon.core.main.TestCaseExecutor.execute(TestCaseExecutor.java:281)
	at com.kms.katalon.core.main.TestSuiteExecutor.accessTestCaseMainPhase(TestSuiteExecutor.java:202)
	at com.kms.katalon.core.main.TestSuiteExecutor.accessTestSuiteMainPhase(TestSuiteExecutor.java:164)
	at com.kms.katalon.core.main.TestSuiteExecutor.execute(TestSuiteExecutor.java:105)
	at com.kms.katalon.core.main.TestCaseMain.startTestSuite(TestCaseMain.java:181)
	at com.kms.katalon.core.main.TestCaseMain$startTestSuite$0.call(Unknown Source)
	at TempTestSuite1642411537017.run(TempTestSuite1642411537017.groovy:36)
Caused by: org.openqa.selenium.NoSuchWindowException: no such window: target window already closed
from unknown error: web view not found
  (Session info: chrome=97.0.4692.71)
Build info: version: '3.141.59', revision: 'e82be7d358', time: '2018-11-14T08:25:53'
System info: host: 'DESKTOP-A3NO6EJ', ip: '172.23.64.1', os.name: 'Windows 10', os.arch: 'amd64', os.version: '10.0', java.version: '1.8.0_282'
Driver info: com.kms.katalon.selenium.driver.CChromeDriver
Capabilities {acceptInsecureCerts: false, browserName: chrome, browserVersion: 97.0.4692.71, chrome: {chromedriverVersion: 97.0.4692.71 (adefa7837d02a..., userDataDir: C:\Users\User\AppData\Local...}, goog:chromeOptions: {debuggerAddress: localhost:53441}, javascriptEnabled: true, networkConnectionEnabled: false, pageLoadStrategy: normal, platform: WINDOWS, platformName: WINDOWS, proxy: Proxy(), setWindowRect: true, strictFileInteractability: false, timeouts: {implicit: 0, pageLoad: 300000, script: 30000}, unhandledPromptBehavior: dismiss and notify, webauthn:extension:credBlob: true, webauthn:extension:largeBlob: true, webauthn:virtualAuthenticators: true}
Session ID: f4f3cd9054c46bd61f238fee47916cbb
*** Element info: {Using=xpath, value=//input[@id='mx_Field_2']}
	at org.openqa.selenium.remote.http.W3CHttpResponseCodec.createException(W3CHttpResponseCodec.java:187)
	at org.openqa.selenium.remote.http.W3CHttpResponseCodec.decode(W3CHttpResponseCodec.java:122)
	at org.openqa.selenium.remote.http.W3CHttpResponseCodec.decode(W3CHttpResponseCodec.java:49)
	at org.openqa.selenium.remote.HttpCommandExecutor.execute(HttpCommandExecutor.java:158)
	at org.openqa.selenium.remote.service.DriverCommandExecutor.execute(DriverCommandExecutor.java:83)
	at org.openqa.selenium.remote.RemoteWebDriver.execute(RemoteWebDriver.java:552)
	at com.kms.katalon.selenium.driver.CChromeDriver.execute(CChromeDriver.java:19)
	at org.openqa.selenium.remote.RemoteWebDriver.findElements(RemoteWebDriver.java:353)
	at org.openqa.selenium.remote.RemoteWebDriver.findElementsByXPath(RemoteWebDriver.java:432)
	at org.openqa.selenium.By$ByXPath.findElements(By.java:348)
	at org.openqa.selenium.remote.RemoteWebDriver.findElements(RemoteWebDriver.java:311)
	at org.openqa.selenium.support.events.EventFiringWebDriver.lambda$new$1(EventFiringWebDriver.java:105)
	at com.sun.proxy.$Proxy10.findElements(Unknown Source)
	at org.openqa.selenium.support.events.EventFiringWebDriver.findElements(EventFiringWebDriver.java:182)
	at com.kms.katalon.core.webui.common.WebUiCommonHelper.findElementByNormalMethods(WebUiCommonHelper.java:1014)
	at com.kms.katalon.core.webui.common.WebUiCommonHelper.findElementsBySelectedMethod(WebUiCommonHelper.java:909)
	at com.kms.katalon.core.webui.common.WebUiCommonHelper.findElementsBySelectedMethod(WebUiCommonHelper.java:892)
	at com.kms.katalon.core.webui.common.WebUiCommonHelper.findElementsBySelectedMethod(WebUiCommonHelper.java:887)
	at com.kms.katalon.core.webui.common.WebUiCommonHelper.findElementsByDefault(WebUiCommonHelper.java:883)
	at com.kms.katalon.core.webui.common.WebUiCommonHelper.findWebElements(WebUiCommonHelper.java:720)
	at com.kms.katalon.core.webui.common.WebUiCommonHelper.findWebElement(WebUiCommonHelper.java:1363)
	at com.kms.katalon.core.webui.keyword.internal.WebUIAbstractKeyword.findWebElement(WebUIAbstractKeyword.groovy:27)
	at com.kms.katalon.core.webui.keyword.internal.WebUIAbstractKeyword.findWebElement(WebUIAbstractKeyword.groovy:26)
	at com.kms.katalon.core.webui.keyword.builtin.SetTextKeyword$_setText_closure1.doCall(SetTextKeyword.groovy:51)
	at com.kms.katalon.core.webui.keyword.builtin.SetTextKeyword$_setText_closure1.call(SetTextKeyword.groovy)
	at com.kms.katalon.core.webui.keyword.internal.WebUIKeywordMain.runKeyword(WebUIKeywordMain.groovy:20)
	... 19 more]]></system-err>
      </testcase>
      <testcase name="Test Cases/Sign in manually/Sign in with wrong password" time="22.501" classname="Test Cases/Sign in manually/Sign in with wrong password" status="FAILED">
         <failure type="FAILED" message="Test Cases/Sign in manually/Sign in with wrong password FAILED.
Reason:
com.kms.katalon.core.exception.StepFailedException: Unable to click on object 'Object Repository/Page_Element/a_Sign In'
	at com.kms.katalon.core.webui.keyword.internal.WebUIKeywordMain.stepFailed(WebUIKeywordMain.groovy:64)
	at com.kms.katalon.core.webui.keyword.internal.WebUIKeywordMain.runKeyword(WebUIKeywordMain.groovy:26)
	at com.kms.katalon.core.webui.keyword.builtin.ClickKeyword.click(ClickKeyword.groovy:74)
	at com.kms.katalon.core.webui.keyword.builtin.ClickKeyword.execute(ClickKeyword.groovy:40)
	at com.kms.katalon.core.keyword.internal.KeywordExecutor.executeKeywordForPlatform(KeywordExecutor.groovy:74)
	at com.kms.katalon.core.webui.keyword.WebUiBuiltInKeywords.click(WebUiBuiltInKeywords.groovy:620)
	at com.kms.katalon.core.webui.keyword.WebUiBuiltInKeywords$click$1.call(Unknown Source)
	at Sign in with wrong password.run(Sign in with wrong password:24)
	at com.kms.katalon.core.main.ScriptEngine.run(ScriptEngine.java:194)
	at com.kms.katalon.core.main.ScriptEngine.runScriptAsRawText(ScriptEngine.java:119)
	at com.kms.katalon.core.main.TestCaseExecutor.runScript(TestCaseExecutor.java:442)
	at com.kms.katalon.core.main.TestCaseExecutor.doExecute(TestCaseExecutor.java:433)
	at com.kms.katalon.core.main.TestCaseExecutor.processExecutionPhase(TestCaseExecutor.java:412)
	at com.kms.katalon.core.main.TestCaseExecutor.accessMainPhase(TestCaseExecutor.java:404)
	at com.kms.katalon.core.main.TestCaseExecutor.execute(TestCaseExecutor.java:281)
	at com.kms.katalon.core.main.TestSuiteExecutor.accessTestCaseMainPhase(TestSuiteExecutor.java:202)
	at com.kms.katalon.core.main.TestSuiteExecutor.accessTestSuiteMainPhase(TestSuiteExecutor.java:164)
	at com.kms.katalon.core.main.TestSuiteExecutor.execute(TestSuiteExecutor.java:105)
	at com.kms.katalon.core.main.TestCaseMain.startTestSuite(TestCaseMain.java:181)
	at com.kms.katalon.core.main.TestCaseMain$startTestSuite$0.call(Unknown Source)
	at TempTestSuite1642411537017.run(TempTestSuite1642411537017.groovy:36)
Caused by: org.openqa.selenium.NoSuchWindowException: no such window: target window already closed
from unknown error: web view not found
  (Session info: chrome=97.0.4692.71)
Build info: version: '3.141.59', revision: 'e82be7d358', time: '2018-11-14T08:25:53'
System info: host: 'DESKTOP-A3NO6EJ', ip: '172.23.64.1', os.name: 'Windows 10', os.arch: 'amd64', os.version: '10.0', java.version: '1.8.0_282'
Driver info: com.kms.katalon.selenium.driver.CChromeDriver
Capabilities {acceptInsecureCerts: false, browserName: chrome, browserVersion: 97.0.4692.71, chrome: {chromedriverVersion: 97.0.4692.71 (adefa7837d02a..., userDataDir: C:\Users\User\AppData\Local...}, goog:chromeOptions: {debuggerAddress: localhost:59745}, javascriptEnabled: true, networkConnectionEnabled: false, pageLoadStrategy: normal, platform: WINDOWS, platformName: WINDOWS, proxy: Proxy(), setWindowRect: true, strictFileInteractability: false, timeouts: {implicit: 0, pageLoad: 300000, script: 30000}, unhandledPromptBehavior: dismiss and notify, webauthn:extension:credBlob: true, webauthn:extension:largeBlob: true, webauthn:virtualAuthenticators: true}
Session ID: cb3660060340db3ef346a66803d008d3
*** Element info: {Using=xpath, value=//section[@id='matrixchat']/div/div/div[2]/div/div/div/div/div/div/a}
	at org.openqa.selenium.remote.http.W3CHttpResponseCodec.createException(W3CHttpResponseCodec.java:187)
	at org.openqa.selenium.remote.http.W3CHttpResponseCodec.decode(W3CHttpResponseCodec.java:122)
	at org.openqa.selenium.remote.http.W3CHttpResponseCodec.decode(W3CHttpResponseCodec.java:49)
	at org.openqa.selenium.remote.HttpCommandExecutor.execute(HttpCommandExecutor.java:158)
	at org.openqa.selenium.remote.service.DriverCommandExecutor.execute(DriverCommandExecutor.java:83)
	at org.openqa.selenium.remote.RemoteWebDriver.execute(RemoteWebDriver.java:552)
	at com.kms.katalon.selenium.driver.CChromeDriver.execute(CChromeDriver.java:19)
	at org.openqa.selenium.remote.RemoteWebDriver.findElements(RemoteWebDriver.java:353)
	at org.openqa.selenium.remote.RemoteWebDriver.findElementsByXPath(RemoteWebDriver.java:432)
	at org.openqa.selenium.By$ByXPath.findElements(By.java:348)
	at org.openqa.selenium.remote.RemoteWebDriver.findElements(RemoteWebDriver.java:311)
	at org.openqa.selenium.support.events.EventFiringWebDriver.lambda$new$1(EventFiringWebDriver.java:105)
	at com.sun.proxy.$Proxy10.findElements(Unknown Source)
	at org.openqa.selenium.support.events.EventFiringWebDriver.findElements(EventFiringWebDriver.java:182)
	at com.kms.katalon.core.webui.common.WebUiCommonHelper.findElementByNormalMethods(WebUiCommonHelper.java:1014)
	at com.kms.katalon.core.webui.common.WebUiCommonHelper.findElementsBySelectedMethod(WebUiCommonHelper.java:909)
	at com.kms.katalon.core.webui.common.WebUiCommonHelper.findElementsBySelectedMethod(WebUiCommonHelper.java:892)
	at com.kms.katalon.core.webui.common.WebUiCommonHelper.findElementsBySelectedMethod(WebUiCommonHelper.java:887)
	at com.kms.katalon.core.webui.common.WebUiCommonHelper.findElementsByDefault(WebUiCommonHelper.java:883)
	at com.kms.katalon.core.webui.common.WebUiCommonHelper.findWebElements(WebUiCommonHelper.java:720)
	at com.kms.katalon.core.webui.common.WebUiCommonHelper.findWebElement(WebUiCommonHelper.java:1363)
	at com.kms.katalon.core.webui.keyword.internal.WebUIAbstractKeyword.findWebElement(WebUIAbstractKeyword.groovy:27)
	at com.kms.katalon.core.webui.keyword.builtin.ClickKeyword$_click_closure1.doCall(ClickKeyword.groovy:65)
	at com.kms.katalon.core.webui.keyword.builtin.ClickKeyword$_click_closure1.call(ClickKeyword.groovy)
	at com.kms.katalon.core.webui.keyword.internal.WebUIKeywordMain.runKeyword(WebUIKeywordMain.groovy:20)
	... 19 more
"/>
         <system-out><![CDATA[2022-01-17 18:08:57 - [TEST_CASE][FAILED] - Test Cases/Sign in manually/Sign in with wrong password: Test Cases/Sign in manually/Sign in with wrong password FAILED.
Reason:
com.kms.katalon.core.exception.StepFailedException: Unable to click on object 'Object Repository/Page_Element/a_Sign In'
	at com.kms.katalon.core.webui.keyword.internal.WebUIKeywordMain.stepFailed(WebUIKeywordMain.groovy:64)
	at com.kms.katalon.core.webui.keyword.internal.WebUIKeywordMain.runKeyword(WebUIKeywordMain.groovy:26)
	at com.kms.katalon.core.webui.keyword.builtin.ClickKeyword.click(ClickKeyword.groovy:74)
	at com.kms.katalon.core.webui.keyword.builtin.ClickKeyword.execute(ClickKeyword.groovy:40)
	at com.kms.katalon.core.keyword.internal.KeywordExecutor.executeKeywordForPlatform(KeywordExecutor.groovy:74)
	at com.kms.katalon.core.webui.keyword.WebUiBuiltInKeywords.click(WebUiBuiltInKeywords.groovy:620)
	at com.kms.katalon.core.webui.keyword.WebUiBuiltInKeywords$click$1.call(Unknown Source)
	at Sign in with wrong password.run(Sign in with wrong password:24)
	at com.kms.katalon.core.main.ScriptEngine.run(ScriptEngine.java:194)
	at com.kms.katalon.core.main.ScriptEngine.runScriptAsRawText(ScriptEngine.java:119)
	at com.kms.katalon.core.main.TestCaseExecutor.runScript(TestCaseExecutor.java:442)
	at com.kms.katalon.core.main.TestCaseExecutor.doExecute(TestCaseExecutor.java:433)
	at com.kms.katalon.core.main.TestCaseExecutor.processExecutionPhase(TestCaseExecutor.java:412)
	at com.kms.katalon.core.main.TestCaseExecutor.accessMainPhase(TestCaseExecutor.java:404)
	at com.kms.katalon.core.main.TestCaseExecutor.execute(TestCaseExecutor.java:281)
	at com.kms.katalon.core.main.TestSuiteExecutor.accessTestCaseMainPhase(TestSuiteExecutor.java:202)
	at com.kms.katalon.core.main.TestSuiteExecutor.accessTestSuiteMainPhase(TestSuiteExecutor.java:164)
	at com.kms.katalon.core.main.TestSuiteExecutor.execute(TestSuiteExecutor.java:105)
	at com.kms.katalon.core.main.TestCaseMain.startTestSuite(TestCaseMain.java:181)
	at com.kms.katalon.core.main.TestCaseMain$startTestSuite$0.call(Unknown Source)
	at TempTestSuite1642411537017.run(TempTestSuite1642411537017.groovy:36)
Caused by: org.openqa.selenium.NoSuchWindowException: no such window: target window already closed
from unknown error: web view not found
  (Session info: chrome=97.0.4692.71)
Build info: version: '3.141.59', revision: 'e82be7d358', time: '2018-11-14T08:25:53'
System info: host: 'DESKTOP-A3NO6EJ', ip: '172.23.64.1', os.name: 'Windows 10', os.arch: 'amd64', os.version: '10.0', java.version: '1.8.0_282'
Driver info: com.kms.katalon.selenium.driver.CChromeDriver
Capabilities {acceptInsecureCerts: false, browserName: chrome, browserVersion: 97.0.4692.71, chrome: {chromedriverVersion: 97.0.4692.71 (adefa7837d02a..., userDataDir: C:\Users\User\AppData\Local...}, goog:chromeOptions: {debuggerAddress: localhost:59745}, javascriptEnabled: true, networkConnectionEnabled: false, pageLoadStrategy: normal, platform: WINDOWS, platformName: WINDOWS, proxy: Proxy(), setWindowRect: true, strictFileInteractability: false, timeouts: {implicit: 0, pageLoad: 300000, script: 30000}, unhandledPromptBehavior: dismiss and notify, webauthn:extension:credBlob: true, webauthn:extension:largeBlob: true, webauthn:virtualAuthenticators: true}
Session ID: cb3660060340db3ef346a66803d008d3
*** Element info: {Using=xpath, value=//section[@id='matrixchat']/div/div/div[2]/div/div/div/div/div/div/a}
	at org.openqa.selenium.remote.http.W3CHttpResponseCodec.createException(W3CHttpResponseCodec.java:187)
	at org.openqa.selenium.remote.http.W3CHttpResponseCodec.decode(W3CHttpResponseCodec.java:122)
	at org.openqa.selenium.remote.http.W3CHttpResponseCodec.decode(W3CHttpResponseCodec.java:49)
	at org.openqa.selenium.remote.HttpCommandExecutor.execute(HttpCommandExecutor.java:158)
	at org.openqa.selenium.remote.service.DriverCommandExecutor.execute(DriverCommandExecutor.java:83)
	at org.openqa.selenium.remote.RemoteWebDriver.execute(RemoteWebDriver.java:552)
	at com.kms.katalon.selenium.driver.CChromeDriver.execute(CChromeDriver.java:19)
	at org.openqa.selenium.remote.RemoteWebDriver.findElements(RemoteWebDriver.java:353)
	at org.openqa.selenium.remote.RemoteWebDriver.findElementsByXPath(RemoteWebDriver.java:432)
	at org.openqa.selenium.By$ByXPath.findElements(By.java:348)
	at org.openqa.selenium.remote.RemoteWebDriver.findElements(RemoteWebDriver.java:311)
	at org.openqa.selenium.support.events.EventFiringWebDriver.lambda$new$1(EventFiringWebDriver.java:105)
	at com.sun.proxy.$Proxy10.findElements(Unknown Source)
	at org.openqa.selenium.support.events.EventFiringWebDriver.findElements(EventFiringWebDriver.java:182)
	at com.kms.katalon.core.webui.common.WebUiCommonHelper.findElementByNormalMethods(WebUiCommonHelper.java:1014)
	at com.kms.katalon.core.webui.common.WebUiCommonHelper.findElementsBySelectedMethod(WebUiCommonHelper.java:909)
	at com.kms.katalon.core.webui.common.WebUiCommonHelper.findElementsBySelectedMethod(WebUiCommonHelper.java:892)
	at com.kms.katalon.core.webui.common.WebUiCommonHelper.findElementsBySelectedMethod(WebUiCommonHelper.java:887)
	at com.kms.katalon.core.webui.common.WebUiCommonHelper.findElementsByDefault(WebUiCommonHelper.java:883)
	at com.kms.katalon.core.webui.common.WebUiCommonHelper.findWebElements(WebUiCommonHelper.java:720)
	at com.kms.katalon.core.webui.common.WebUiCommonHelper.findWebElement(WebUiCommonHelper.java:1363)
	at com.kms.katalon.core.webui.keyword.internal.WebUIAbstractKeyword.findWebElement(WebUIAbstractKeyword.groovy:27)
	at com.kms.katalon.core.webui.keyword.builtin.ClickKeyword$_click_closure1.doCall(ClickKeyword.groovy:65)
	at com.kms.katalon.core.webui.keyword.builtin.ClickKeyword$_click_closure1.call(ClickKeyword.groovy)
	at com.kms.katalon.core.webui.keyword.internal.WebUIKeywordMain.runKeyword(WebUIKeywordMain.groovy:20)
	... 19 more


2022-01-17 18:08:59 - [TEST_STEP][PASSED] - openBrowser(""): Browser is opened with url: ''

2022-01-17 18:08:59 - [MESSAGE][WARNING] - A browser is already opened. Closing browser and opening a new one

2022-01-17 18:09:00 - [MESSAGE][INFO] - Starting 'Chrome' driver

2022-01-17 18:09:00 - [MESSAGE][INFO] - Action delay is set to 0 milliseconds

2022-01-17 18:09:02 - [MESSAGE][PASSED] - Browser is opened with url: ''

2022-01-17 18:09:02 - [TEST_STEP][PASSED] - navigateToUrl("http://localhost:8080/"): Navigate to 'http://localhost:8080/' successfully

2022-01-17 18:09:04 - [MESSAGE][PASSED] - Navigate to 'http://localhost:8080/' successfully

2022-01-17 18:09:04 - [TEST_STEP][FAILED] - click(findTestObject("Object Repository/Page_Element/a_Sign In")): Unable to click on object 'Object Repository/Page_Element/a_Sign In' (Root cause: com.kms.katalon.core.exception.StepFailedException: Unable to click on object 'Object Repository/Page_Element/a_Sign In'
	at com.kms.katalon.core.webui.keyword.internal.WebUIKeywordMain.stepFailed(WebUIKeywordMain.groovy:64)
	at com.kms.katalon.core.webui.keyword.internal.WebUIKeywordMain.runKeyword(WebUIKeywordMain.groovy:26)
	at com.kms.katalon.core.webui.keyword.builtin.ClickKeyword.click(ClickKeyword.groovy:74)
	at com.kms.katalon.core.webui.keyword.builtin.ClickKeyword.execute(ClickKeyword.groovy:40)
	at com.kms.katalon.core.keyword.internal.KeywordExecutor.executeKeywordForPlatform(KeywordExecutor.groovy:74)
	at com.kms.katalon.core.webui.keyword.WebUiBuiltInKeywords.click(WebUiBuiltInKeywords.groovy:620)
	at com.kms.katalon.core.webui.keyword.WebUiBuiltInKeywords$click$1.call(Unknown Source)
	at Sign in with wrong password.run(Sign in with wrong password:24)
	at com.kms.katalon.core.main.ScriptEngine.run(ScriptEngine.java:194)
	at com.kms.katalon.core.main.ScriptEngine.runScriptAsRawText(ScriptEngine.java:119)
	at com.kms.katalon.core.main.TestCaseExecutor.runScript(TestCaseExecutor.java:442)
	at com.kms.katalon.core.main.TestCaseExecutor.doExecute(TestCaseExecutor.java:433)
	at com.kms.katalon.core.main.TestCaseExecutor.processExecutionPhase(TestCaseExecutor.java:412)
	at com.kms.katalon.core.main.TestCaseExecutor.accessMainPhase(TestCaseExecutor.java:404)
	at com.kms.katalon.core.main.TestCaseExecutor.execute(TestCaseExecutor.java:281)
	at com.kms.katalon.core.main.TestSuiteExecutor.accessTestCaseMainPhase(TestSuiteExecutor.java:202)
	at com.kms.katalon.core.main.TestSuiteExecutor.accessTestSuiteMainPhase(TestSuiteExecutor.java:164)
	at com.kms.katalon.core.main.TestSuiteExecutor.execute(TestSuiteExecutor.java:105)
	at com.kms.katalon.core.main.TestCaseMain.startTestSuite(TestCaseMain.java:181)
	at com.kms.katalon.core.main.TestCaseMain$startTestSuite$0.call(Unknown Source)
	at TempTestSuite1642411537017.run(TempTestSuite1642411537017.groovy:36)
Caused by: org.openqa.selenium.NoSuchWindowException: no such window: target window already closed
from unknown error: web view not found
  (Session info: chrome=97.0.4692.71)
Build info: version: '3.141.59', revision: 'e82be7d358', time: '2018-11-14T08:25:53'
System info: host: 'DESKTOP-A3NO6EJ', ip: '172.23.64.1', os.name: 'Windows 10', os.arch: 'amd64', os.version: '10.0', java.version: '1.8.0_282'
Driver info: com.kms.katalon.selenium.driver.CChromeDriver
Capabilities {acceptInsecureCerts: false, browserName: chrome, browserVersion: 97.0.4692.71, chrome: {chromedriverVersion: 97.0.4692.71 (adefa7837d02a..., userDataDir: C:\Users\User\AppData\Local...}, goog:chromeOptions: {debuggerAddress: localhost:59745}, javascriptEnabled: true, networkConnectionEnabled: false, pageLoadStrategy: normal, platform: WINDOWS, platformName: WINDOWS, proxy: Proxy(), setWindowRect: true, strictFileInteractability: false, timeouts: {implicit: 0, pageLoad: 300000, script: 30000}, unhandledPromptBehavior: dismiss and notify, webauthn:extension:credBlob: true, webauthn:extension:largeBlob: true, webauthn:virtualAuthenticators: true}
Session ID: cb3660060340db3ef346a66803d008d3
*** Element info: {Using=xpath, value=//section[@id='matrixchat']/div/div/div[2]/div/div/div/div/div/div/a}
	at org.openqa.selenium.remote.http.W3CHttpResponseCodec.createException(W3CHttpResponseCodec.java:187)
	at org.openqa.selenium.remote.http.W3CHttpResponseCodec.decode(W3CHttpResponseCodec.java:122)
	at org.openqa.selenium.remote.http.W3CHttpResponseCodec.decode(W3CHttpResponseCodec.java:49)
	at org.openqa.selenium.remote.HttpCommandExecutor.execute(HttpCommandExecutor.java:158)
	at org.openqa.selenium.remote.service.DriverCommandExecutor.execute(DriverCommandExecutor.java:83)
	at org.openqa.selenium.remote.RemoteWebDriver.execute(RemoteWebDriver.java:552)
	at com.kms.katalon.selenium.driver.CChromeDriver.execute(CChromeDriver.java:19)
	at org.openqa.selenium.remote.RemoteWebDriver.findElements(RemoteWebDriver.java:353)
	at org.openqa.selenium.remote.RemoteWebDriver.findElementsByXPath(RemoteWebDriver.java:432)
	at org.openqa.selenium.By$ByXPath.findElements(By.java:348)
	at org.openqa.selenium.remote.RemoteWebDriver.findElements(RemoteWebDriver.java:311)
	at org.openqa.selenium.support.events.EventFiringWebDriver.lambda$new$1(EventFiringWebDriver.java:105)
	at com.sun.proxy.$Proxy10.findElements(Unknown Source)
	at org.openqa.selenium.support.events.EventFiringWebDriver.findElements(EventFiringWebDriver.java:182)
	at com.kms.katalon.core.webui.common.WebUiCommonHelper.findElementByNormalMethods(WebUiCommonHelper.java:1014)
	at com.kms.katalon.core.webui.common.WebUiCommonHelper.findElementsBySelectedMethod(WebUiCommonHelper.java:909)
	at com.kms.katalon.core.webui.common.WebUiCommonHelper.findElementsBySelectedMethod(WebUiCommonHelper.java:892)
	at com.kms.katalon.core.webui.common.WebUiCommonHelper.findElementsBySelectedMethod(WebUiCommonHelper.java:887)
	at com.kms.katalon.core.webui.common.WebUiCommonHelper.findElementsByDefault(WebUiCommonHelper.java:883)
	at com.kms.katalon.core.webui.common.WebUiCommonHelper.findWebElements(WebUiCommonHelper.java:720)
	at com.kms.katalon.core.webui.common.WebUiCommonHelper.findWebElement(WebUiCommonHelper.java:1363)
	at com.kms.katalon.core.webui.keyword.internal.WebUIAbstractKeyword.findWebElement(WebUIAbstractKeyword.groovy:27)
	at com.kms.katalon.core.webui.keyword.builtin.ClickKeyword$_click_closure1.doCall(ClickKeyword.groovy:65)
	at com.kms.katalon.core.webui.keyword.builtin.ClickKeyword$_click_closure1.call(ClickKeyword.groovy)
	at com.kms.katalon.core.webui.keyword.internal.WebUIKeywordMain.runKeyword(WebUIKeywordMain.groovy:20)
	at com.kms.katalon.core.webui.keyword.builtin.ClickKeyword.click(ClickKeyword.groovy:74)
	at com.kms.katalon.core.webui.keyword.builtin.ClickKeyword.execute(ClickKeyword.groovy:40)
	at com.kms.katalon.core.keyword.internal.KeywordExecutor.executeKeywordForPlatform(KeywordExecutor.groovy:74)
	at com.kms.katalon.core.webui.keyword.WebUiBuiltInKeywords.click(WebUiBuiltInKeywords.groovy:620)
	at com.kms.katalon.core.webui.keyword.WebUiBuiltInKeywords$click$1.call(Unknown Source)
	at Script1642339945690.run(Script1642339945690.groovy:24)
	... 13 more
)

2022-01-17 18:09:20 - [MESSAGE][WARNING] - Cannot take screenshot

2022-01-17 18:09:20 - [MESSAGE][FAILED] - Unable to click on object 'Object Repository/Page_Element/a_Sign In' (Root cause: com.kms.katalon.core.exception.StepFailedException: Unable to click on object 'Object Repository/Page_Element/a_Sign In'
	at com.kms.katalon.core.webui.keyword.internal.WebUIKeywordMain.stepFailed(WebUIKeywordMain.groovy:64)
	at com.kms.katalon.core.webui.keyword.internal.WebUIKeywordMain.runKeyword(WebUIKeywordMain.groovy:26)
	at com.kms.katalon.core.webui.keyword.builtin.ClickKeyword.click(ClickKeyword.groovy:74)
	at com.kms.katalon.core.webui.keyword.builtin.ClickKeyword.execute(ClickKeyword.groovy:40)
	at com.kms.katalon.core.keyword.internal.KeywordExecutor.executeKeywordForPlatform(KeywordExecutor.groovy:74)
	at com.kms.katalon.core.webui.keyword.WebUiBuiltInKeywords.click(WebUiBuiltInKeywords.groovy:620)
	at com.kms.katalon.core.webui.keyword.WebUiBuiltInKeywords$click$1.call(Unknown Source)
	at Sign in with wrong password.run(Sign in with wrong password:24)
	at com.kms.katalon.core.main.ScriptEngine.run(ScriptEngine.java:194)
	at com.kms.katalon.core.main.ScriptEngine.runScriptAsRawText(ScriptEngine.java:119)
	at com.kms.katalon.core.main.TestCaseExecutor.runScript(TestCaseExecutor.java:442)
	at com.kms.katalon.core.main.TestCaseExecutor.doExecute(TestCaseExecutor.java:433)
	at com.kms.katalon.core.main.TestCaseExecutor.processExecutionPhase(TestCaseExecutor.java:412)
	at com.kms.katalon.core.main.TestCaseExecutor.accessMainPhase(TestCaseExecutor.java:404)
	at com.kms.katalon.core.main.TestCaseExecutor.execute(TestCaseExecutor.java:281)
	at com.kms.katalon.core.main.TestSuiteExecutor.accessTestCaseMainPhase(TestSuiteExecutor.java:202)
	at com.kms.katalon.core.main.TestSuiteExecutor.accessTestSuiteMainPhase(TestSuiteExecutor.java:164)
	at com.kms.katalon.core.main.TestSuiteExecutor.execute(TestSuiteExecutor.java:105)
	at com.kms.katalon.core.main.TestCaseMain.startTestSuite(TestCaseMain.java:181)
	at com.kms.katalon.core.main.TestCaseMain$startTestSuite$0.call(Unknown Source)
	at TempTestSuite1642411537017.run(TempTestSuite1642411537017.groovy:36)
Caused by: org.openqa.selenium.NoSuchWindowException: no such window: target window already closed
from unknown error: web view not found
  (Session info: chrome=97.0.4692.71)
Build info: version: '3.141.59', revision: 'e82be7d358', time: '2018-11-14T08:25:53'
System info: host: 'DESKTOP-A3NO6EJ', ip: '172.23.64.1', os.name: 'Windows 10', os.arch: 'amd64', os.version: '10.0', java.version: '1.8.0_282'
Driver info: com.kms.katalon.selenium.driver.CChromeDriver
Capabilities {acceptInsecureCerts: false, browserName: chrome, browserVersion: 97.0.4692.71, chrome: {chromedriverVersion: 97.0.4692.71 (adefa7837d02a..., userDataDir: C:\Users\User\AppData\Local...}, goog:chromeOptions: {debuggerAddress: localhost:59745}, javascriptEnabled: true, networkConnectionEnabled: false, pageLoadStrategy: normal, platform: WINDOWS, platformName: WINDOWS, proxy: Proxy(), setWindowRect: true, strictFileInteractability: false, timeouts: {implicit: 0, pageLoad: 300000, script: 30000}, unhandledPromptBehavior: dismiss and notify, webauthn:extension:credBlob: true, webauthn:extension:largeBlob: true, webauthn:virtualAuthenticators: true}
Session ID: cb3660060340db3ef346a66803d008d3
*** Element info: {Using=xpath, value=//section[@id='matrixchat']/div/div/div[2]/div/div/div/div/div/div/a}
	at org.openqa.selenium.remote.http.W3CHttpResponseCodec.createException(W3CHttpResponseCodec.java:187)
	at org.openqa.selenium.remote.http.W3CHttpResponseCodec.decode(W3CHttpResponseCodec.java:122)
	at org.openqa.selenium.remote.http.W3CHttpResponseCodec.decode(W3CHttpResponseCodec.java:49)
	at org.openqa.selenium.remote.HttpCommandExecutor.execute(HttpCommandExecutor.java:158)
	at org.openqa.selenium.remote.service.DriverCommandExecutor.execute(DriverCommandExecutor.java:83)
	at org.openqa.selenium.remote.RemoteWebDriver.execute(RemoteWebDriver.java:552)
	at com.kms.katalon.selenium.driver.CChromeDriver.execute(CChromeDriver.java:19)
	at org.openqa.selenium.remote.RemoteWebDriver.findElements(RemoteWebDriver.java:353)
	at org.openqa.selenium.remote.RemoteWebDriver.findElementsByXPath(RemoteWebDriver.java:432)
	at org.openqa.selenium.By$ByXPath.findElements(By.java:348)
	at org.openqa.selenium.remote.RemoteWebDriver.findElements(RemoteWebDriver.java:311)
	at org.openqa.selenium.support.events.EventFiringWebDriver.lambda$new$1(EventFiringWebDriver.java:105)
	at com.sun.proxy.$Proxy10.findElements(Unknown Source)
	at org.openqa.selenium.support.events.EventFiringWebDriver.findElements(EventFiringWebDriver.java:182)
	at com.kms.katalon.core.webui.common.WebUiCommonHelper.findElementByNormalMethods(WebUiCommonHelper.java:1014)
	at com.kms.katalon.core.webui.common.WebUiCommonHelper.findElementsBySelectedMethod(WebUiCommonHelper.java:909)
	at com.kms.katalon.core.webui.common.WebUiCommonHelper.findElementsBySelectedMethod(WebUiCommonHelper.java:892)
	at com.kms.katalon.core.webui.common.WebUiCommonHelper.findElementsBySelectedMethod(WebUiCommonHelper.java:887)
	at com.kms.katalon.core.webui.common.WebUiCommonHelper.findElementsByDefault(WebUiCommonHelper.java:883)
	at com.kms.katalon.core.webui.common.WebUiCommonHelper.findWebElements(WebUiCommonHelper.java:720)
	at com.kms.katalon.core.webui.common.WebUiCommonHelper.findWebElement(WebUiCommonHelper.java:1363)
	at com.kms.katalon.core.webui.keyword.internal.WebUIAbstractKeyword.findWebElement(WebUIAbstractKeyword.groovy:27)
	at com.kms.katalon.core.webui.keyword.builtin.ClickKeyword$_click_closure1.doCall(ClickKeyword.groovy:65)
	at com.kms.katalon.core.webui.keyword.builtin.ClickKeyword$_click_closure1.call(ClickKeyword.groovy)
	at com.kms.katalon.core.webui.keyword.internal.WebUIKeywordMain.runKeyword(WebUIKeywordMain.groovy:20)
	at com.kms.katalon.core.webui.keyword.builtin.ClickKeyword.click(ClickKeyword.groovy:74)
	at com.kms.katalon.core.webui.keyword.builtin.ClickKeyword.execute(ClickKeyword.groovy:40)
	at com.kms.katalon.core.keyword.internal.KeywordExecutor.executeKeywordForPlatform(KeywordExecutor.groovy:74)
	at com.kms.katalon.core.webui.keyword.WebUiBuiltInKeywords.click(WebUiBuiltInKeywords.groovy:620)
	at com.kms.katalon.core.webui.keyword.WebUiBuiltInKeywords$click$1.call(Unknown Source)
	at Script1642339945690.run(Script1642339945690.groovy:24)
	... 13 more
)]]></system-out>
         <system-err><![CDATA[2022-01-17 18:08:57 - [TEST_CASE][FAILED] - Test Cases/Sign in manually/Sign in with wrong password: Test Cases/Sign in manually/Sign in with wrong password FAILED.
Reason:
com.kms.katalon.core.exception.StepFailedException: Unable to click on object 'Object Repository/Page_Element/a_Sign In'
	at com.kms.katalon.core.webui.keyword.internal.WebUIKeywordMain.stepFailed(WebUIKeywordMain.groovy:64)
	at com.kms.katalon.core.webui.keyword.internal.WebUIKeywordMain.runKeyword(WebUIKeywordMain.groovy:26)
	at com.kms.katalon.core.webui.keyword.builtin.ClickKeyword.click(ClickKeyword.groovy:74)
	at com.kms.katalon.core.webui.keyword.builtin.ClickKeyword.execute(ClickKeyword.groovy:40)
	at com.kms.katalon.core.keyword.internal.KeywordExecutor.executeKeywordForPlatform(KeywordExecutor.groovy:74)
	at com.kms.katalon.core.webui.keyword.WebUiBuiltInKeywords.click(WebUiBuiltInKeywords.groovy:620)
	at com.kms.katalon.core.webui.keyword.WebUiBuiltInKeywords$click$1.call(Unknown Source)
	at Sign in with wrong password.run(Sign in with wrong password:24)
	at com.kms.katalon.core.main.ScriptEngine.run(ScriptEngine.java:194)
	at com.kms.katalon.core.main.ScriptEngine.runScriptAsRawText(ScriptEngine.java:119)
	at com.kms.katalon.core.main.TestCaseExecutor.runScript(TestCaseExecutor.java:442)
	at com.kms.katalon.core.main.TestCaseExecutor.doExecute(TestCaseExecutor.java:433)
	at com.kms.katalon.core.main.TestCaseExecutor.processExecutionPhase(TestCaseExecutor.java:412)
	at com.kms.katalon.core.main.TestCaseExecutor.accessMainPhase(TestCaseExecutor.java:404)
	at com.kms.katalon.core.main.TestCaseExecutor.execute(TestCaseExecutor.java:281)
	at com.kms.katalon.core.main.TestSuiteExecutor.accessTestCaseMainPhase(TestSuiteExecutor.java:202)
	at com.kms.katalon.core.main.TestSuiteExecutor.accessTestSuiteMainPhase(TestSuiteExecutor.java:164)
	at com.kms.katalon.core.main.TestSuiteExecutor.execute(TestSuiteExecutor.java:105)
	at com.kms.katalon.core.main.TestCaseMain.startTestSuite(TestCaseMain.java:181)
	at com.kms.katalon.core.main.TestCaseMain$startTestSuite$0.call(Unknown Source)
	at TempTestSuite1642411537017.run(TempTestSuite1642411537017.groovy:36)
Caused by: org.openqa.selenium.NoSuchWindowException: no such window: target window already closed
from unknown error: web view not found
  (Session info: chrome=97.0.4692.71)
Build info: version: '3.141.59', revision: 'e82be7d358', time: '2018-11-14T08:25:53'
System info: host: 'DESKTOP-A3NO6EJ', ip: '172.23.64.1', os.name: 'Windows 10', os.arch: 'amd64', os.version: '10.0', java.version: '1.8.0_282'
Driver info: com.kms.katalon.selenium.driver.CChromeDriver
Capabilities {acceptInsecureCerts: false, browserName: chrome, browserVersion: 97.0.4692.71, chrome: {chromedriverVersion: 97.0.4692.71 (adefa7837d02a..., userDataDir: C:\Users\User\AppData\Local...}, goog:chromeOptions: {debuggerAddress: localhost:59745}, javascriptEnabled: true, networkConnectionEnabled: false, pageLoadStrategy: normal, platform: WINDOWS, platformName: WINDOWS, proxy: Proxy(), setWindowRect: true, strictFileInteractability: false, timeouts: {implicit: 0, pageLoad: 300000, script: 30000}, unhandledPromptBehavior: dismiss and notify, webauthn:extension:credBlob: true, webauthn:extension:largeBlob: true, webauthn:virtualAuthenticators: true}
Session ID: cb3660060340db3ef346a66803d008d3
*** Element info: {Using=xpath, value=//section[@id='matrixchat']/div/div/div[2]/div/div/div/div/div/div/a}
	at org.openqa.selenium.remote.http.W3CHttpResponseCodec.createException(W3CHttpResponseCodec.java:187)
	at org.openqa.selenium.remote.http.W3CHttpResponseCodec.decode(W3CHttpResponseCodec.java:122)
	at org.openqa.selenium.remote.http.W3CHttpResponseCodec.decode(W3CHttpResponseCodec.java:49)
	at org.openqa.selenium.remote.HttpCommandExecutor.execute(HttpCommandExecutor.java:158)
	at org.openqa.selenium.remote.service.DriverCommandExecutor.execute(DriverCommandExecutor.java:83)
	at org.openqa.selenium.remote.RemoteWebDriver.execute(RemoteWebDriver.java:552)
	at com.kms.katalon.selenium.driver.CChromeDriver.execute(CChromeDriver.java:19)
	at org.openqa.selenium.remote.RemoteWebDriver.findElements(RemoteWebDriver.java:353)
	at org.openqa.selenium.remote.RemoteWebDriver.findElementsByXPath(RemoteWebDriver.java:432)
	at org.openqa.selenium.By$ByXPath.findElements(By.java:348)
	at org.openqa.selenium.remote.RemoteWebDriver.findElements(RemoteWebDriver.java:311)
	at org.openqa.selenium.support.events.EventFiringWebDriver.lambda$new$1(EventFiringWebDriver.java:105)
	at com.sun.proxy.$Proxy10.findElements(Unknown Source)
	at org.openqa.selenium.support.events.EventFiringWebDriver.findElements(EventFiringWebDriver.java:182)
	at com.kms.katalon.core.webui.common.WebUiCommonHelper.findElementByNormalMethods(WebUiCommonHelper.java:1014)
	at com.kms.katalon.core.webui.common.WebUiCommonHelper.findElementsBySelectedMethod(WebUiCommonHelper.java:909)
	at com.kms.katalon.core.webui.common.WebUiCommonHelper.findElementsBySelectedMethod(WebUiCommonHelper.java:892)
	at com.kms.katalon.core.webui.common.WebUiCommonHelper.findElementsBySelectedMethod(WebUiCommonHelper.java:887)
	at com.kms.katalon.core.webui.common.WebUiCommonHelper.findElementsByDefault(WebUiCommonHelper.java:883)
	at com.kms.katalon.core.webui.common.WebUiCommonHelper.findWebElements(WebUiCommonHelper.java:720)
	at com.kms.katalon.core.webui.common.WebUiCommonHelper.findWebElement(WebUiCommonHelper.java:1363)
	at com.kms.katalon.core.webui.keyword.internal.WebUIAbstractKeyword.findWebElement(WebUIAbstractKeyword.groovy:27)
	at com.kms.katalon.core.webui.keyword.builtin.ClickKeyword$_click_closure1.doCall(ClickKeyword.groovy:65)
	at com.kms.katalon.core.webui.keyword.builtin.ClickKeyword$_click_closure1.call(ClickKeyword.groovy)
	at com.kms.katalon.core.webui.keyword.internal.WebUIKeywordMain.runKeyword(WebUIKeywordMain.groovy:20)
	... 19 more]]></system-err>
      </testcase>
      <testcase name="Test Cases/Sign in manually/Sign in with wrong username" time="12.744" classname="Test Cases/Sign in manually/Sign in with wrong username" status="FAILED">
         <failure type="FAILED" message="Test Cases/Sign in manually/Sign in with wrong username FAILED.
Reason:
com.kms.katalon.core.exception.StepFailedException: Unable to navigate to 'http://localhost:8080/'
	at com.kms.katalon.core.webui.keyword.internal.WebUIKeywordMain.stepFailed(WebUIKeywordMain.groovy:64)
	at com.kms.katalon.core.webui.keyword.internal.WebUIKeywordMain.runKeyword(WebUIKeywordMain.groovy:26)
	at com.kms.katalon.core.webui.keyword.builtin.NavigateToUrlKeyword.navigateToUrl(NavigateToUrlKeyword.groovy:83)
	at com.kms.katalon.core.webui.keyword.builtin.NavigateToUrlKeyword.execute(NavigateToUrlKeyword.groovy:67)
	at com.kms.katalon.core.keyword.internal.KeywordExecutor.executeKeywordForPlatform(KeywordExecutor.groovy:74)
	at com.kms.katalon.core.webui.keyword.WebUiBuiltInKeywords.navigateToUrl(WebUiBuiltInKeywords.groovy:187)
	at com.kms.katalon.core.webui.keyword.WebUiBuiltInKeywords$navigateToUrl$0.call(Unknown Source)
	at Sign in with wrong username.run(Sign in with wrong username:22)
	at com.kms.katalon.core.main.ScriptEngine.run(ScriptEngine.java:194)
	at com.kms.katalon.core.main.ScriptEngine.runScriptAsRawText(ScriptEngine.java:119)
	at com.kms.katalon.core.main.TestCaseExecutor.runScript(TestCaseExecutor.java:442)
	at com.kms.katalon.core.main.TestCaseExecutor.doExecute(TestCaseExecutor.java:433)
	at com.kms.katalon.core.main.TestCaseExecutor.processExecutionPhase(TestCaseExecutor.java:412)
	at com.kms.katalon.core.main.TestCaseExecutor.accessMainPhase(TestCaseExecutor.java:404)
	at com.kms.katalon.core.main.TestCaseExecutor.execute(TestCaseExecutor.java:281)
	at com.kms.katalon.core.main.TestSuiteExecutor.accessTestCaseMainPhase(TestSuiteExecutor.java:202)
	at com.kms.katalon.core.main.TestSuiteExecutor.accessTestSuiteMainPhase(TestSuiteExecutor.java:164)
	at com.kms.katalon.core.main.TestSuiteExecutor.execute(TestSuiteExecutor.java:105)
	at com.kms.katalon.core.main.TestCaseMain.startTestSuite(TestCaseMain.java:181)
	at com.kms.katalon.core.main.TestCaseMain$startTestSuite$0.call(Unknown Source)
	at TempTestSuite1642411537017.run(TempTestSuite1642411537017.groovy:36)
Caused by: org.openqa.selenium.WebDriverException: unknown error: net::ERR_CONNECTION_REFUSED
  (Session info: chrome=97.0.4692.71)
Build info: version: '3.141.59', revision: 'e82be7d358', time: '2018-11-14T08:25:53'
System info: host: 'DESKTOP-A3NO6EJ', ip: '172.23.64.1', os.name: 'Windows 10', os.arch: 'amd64', os.version: '10.0', java.version: '1.8.0_282'
Driver info: com.kms.katalon.selenium.driver.CChromeDriver
Capabilities {acceptInsecureCerts: false, browserName: chrome, browserVersion: 97.0.4692.71, chrome: {chromedriverVersion: 97.0.4692.71 (adefa7837d02a..., userDataDir: C:\Users\User\AppData\Local...}, goog:chromeOptions: {debuggerAddress: localhost:59847}, javascriptEnabled: true, networkConnectionEnabled: false, pageLoadStrategy: normal, platform: WINDOWS, platformName: WINDOWS, proxy: Proxy(), setWindowRect: true, strictFileInteractability: false, timeouts: {implicit: 0, pageLoad: 300000, script: 30000}, unhandledPromptBehavior: dismiss and notify, webauthn:extension:credBlob: true, webauthn:extension:largeBlob: true, webauthn:virtualAuthenticators: true}
Session ID: c36537487c1a35ad8a07067f2a8c2932
	at org.openqa.selenium.remote.http.W3CHttpResponseCodec.createException(W3CHttpResponseCodec.java:187)
	at org.openqa.selenium.remote.http.W3CHttpResponseCodec.decode(W3CHttpResponseCodec.java:122)
	at org.openqa.selenium.remote.http.W3CHttpResponseCodec.decode(W3CHttpResponseCodec.java:49)
	at org.openqa.selenium.remote.HttpCommandExecutor.execute(HttpCommandExecutor.java:158)
	at org.openqa.selenium.remote.service.DriverCommandExecutor.execute(DriverCommandExecutor.java:83)
	at org.openqa.selenium.remote.RemoteWebDriver.execute(RemoteWebDriver.java:552)
	at com.kms.katalon.selenium.driver.CChromeDriver.execute(CChromeDriver.java:19)
	at org.openqa.selenium.remote.RemoteWebDriver.get(RemoteWebDriver.java:277)
	at org.openqa.selenium.remote.RemoteWebDriver$RemoteNavigation.to(RemoteWebDriver.java:857)
	at org.openqa.selenium.support.events.EventFiringWebDriver$EventFiringNavigation.to(EventFiringWebDriver.java:569)
	at com.kms.katalon.core.webui.keyword.builtin.NavigateToUrlKeyword$_navigateToUrl_closure1.doCall(NavigateToUrlKeyword.groovy:81)
	at com.kms.katalon.core.webui.keyword.builtin.NavigateToUrlKeyword$_navigateToUrl_closure1.call(NavigateToUrlKeyword.groovy)
	at com.kms.katalon.core.webui.keyword.internal.WebUIKeywordMain.runKeyword(WebUIKeywordMain.groovy:20)
	... 19 more
"/>
         <system-out><![CDATA[2022-01-17 18:09:20 - [TEST_CASE][FAILED] - Test Cases/Sign in manually/Sign in with wrong username: Test Cases/Sign in manually/Sign in with wrong username FAILED.
Reason:
com.kms.katalon.core.exception.StepFailedException: Unable to navigate to 'http://localhost:8080/'
	at com.kms.katalon.core.webui.keyword.internal.WebUIKeywordMain.stepFailed(WebUIKeywordMain.groovy:64)
	at com.kms.katalon.core.webui.keyword.internal.WebUIKeywordMain.runKeyword(WebUIKeywordMain.groovy:26)
	at com.kms.katalon.core.webui.keyword.builtin.NavigateToUrlKeyword.navigateToUrl(NavigateToUrlKeyword.groovy:83)
	at com.kms.katalon.core.webui.keyword.builtin.NavigateToUrlKeyword.execute(NavigateToUrlKeyword.groovy:67)
	at com.kms.katalon.core.keyword.internal.KeywordExecutor.executeKeywordForPlatform(KeywordExecutor.groovy:74)
	at com.kms.katalon.core.webui.keyword.WebUiBuiltInKeywords.navigateToUrl(WebUiBuiltInKeywords.groovy:187)
	at com.kms.katalon.core.webui.keyword.WebUiBuiltInKeywords$navigateToUrl$0.call(Unknown Source)
	at Sign in with wrong username.run(Sign in with wrong username:22)
	at com.kms.katalon.core.main.ScriptEngine.run(ScriptEngine.java:194)
	at com.kms.katalon.core.main.ScriptEngine.runScriptAsRawText(ScriptEngine.java:119)
	at com.kms.katalon.core.main.TestCaseExecutor.runScript(TestCaseExecutor.java:442)
	at com.kms.katalon.core.main.TestCaseExecutor.doExecute(TestCaseExecutor.java:433)
	at com.kms.katalon.core.main.TestCaseExecutor.processExecutionPhase(TestCaseExecutor.java:412)
	at com.kms.katalon.core.main.TestCaseExecutor.accessMainPhase(TestCaseExecutor.java:404)
	at com.kms.katalon.core.main.TestCaseExecutor.execute(TestCaseExecutor.java:281)
	at com.kms.katalon.core.main.TestSuiteExecutor.accessTestCaseMainPhase(TestSuiteExecutor.java:202)
	at com.kms.katalon.core.main.TestSuiteExecutor.accessTestSuiteMainPhase(TestSuiteExecutor.java:164)
	at com.kms.katalon.core.main.TestSuiteExecutor.execute(TestSuiteExecutor.java:105)
	at com.kms.katalon.core.main.TestCaseMain.startTestSuite(TestCaseMain.java:181)
	at com.kms.katalon.core.main.TestCaseMain$startTestSuite$0.call(Unknown Source)
	at TempTestSuite1642411537017.run(TempTestSuite1642411537017.groovy:36)
Caused by: org.openqa.selenium.WebDriverException: unknown error: net::ERR_CONNECTION_REFUSED
  (Session info: chrome=97.0.4692.71)
Build info: version: '3.141.59', revision: 'e82be7d358', time: '2018-11-14T08:25:53'
System info: host: 'DESKTOP-A3NO6EJ', ip: '172.23.64.1', os.name: 'Windows 10', os.arch: 'amd64', os.version: '10.0', java.version: '1.8.0_282'
Driver info: com.kms.katalon.selenium.driver.CChromeDriver
Capabilities {acceptInsecureCerts: false, browserName: chrome, browserVersion: 97.0.4692.71, chrome: {chromedriverVersion: 97.0.4692.71 (adefa7837d02a..., userDataDir: C:\Users\User\AppData\Local...}, goog:chromeOptions: {debuggerAddress: localhost:59847}, javascriptEnabled: true, networkConnectionEnabled: false, pageLoadStrategy: normal, platform: WINDOWS, platformName: WINDOWS, proxy: Proxy(), setWindowRect: true, strictFileInteractability: false, timeouts: {implicit: 0, pageLoad: 300000, script: 30000}, unhandledPromptBehavior: dismiss and notify, webauthn:extension:credBlob: true, webauthn:extension:largeBlob: true, webauthn:virtualAuthenticators: true}
Session ID: c36537487c1a35ad8a07067f2a8c2932
	at org.openqa.selenium.remote.http.W3CHttpResponseCodec.createException(W3CHttpResponseCodec.java:187)
	at org.openqa.selenium.remote.http.W3CHttpResponseCodec.decode(W3CHttpResponseCodec.java:122)
	at org.openqa.selenium.remote.http.W3CHttpResponseCodec.decode(W3CHttpResponseCodec.java:49)
	at org.openqa.selenium.remote.HttpCommandExecutor.execute(HttpCommandExecutor.java:158)
	at org.openqa.selenium.remote.service.DriverCommandExecutor.execute(DriverCommandExecutor.java:83)
	at org.openqa.selenium.remote.RemoteWebDriver.execute(RemoteWebDriver.java:552)
	at com.kms.katalon.selenium.driver.CChromeDriver.execute(CChromeDriver.java:19)
	at org.openqa.selenium.remote.RemoteWebDriver.get(RemoteWebDriver.java:277)
	at org.openqa.selenium.remote.RemoteWebDriver$RemoteNavigation.to(RemoteWebDriver.java:857)
	at org.openqa.selenium.support.events.EventFiringWebDriver$EventFiringNavigation.to(EventFiringWebDriver.java:569)
	at com.kms.katalon.core.webui.keyword.builtin.NavigateToUrlKeyword$_navigateToUrl_closure1.doCall(NavigateToUrlKeyword.groovy:81)
	at com.kms.katalon.core.webui.keyword.builtin.NavigateToUrlKeyword$_navigateToUrl_closure1.call(NavigateToUrlKeyword.groovy)
	at com.kms.katalon.core.webui.keyword.internal.WebUIKeywordMain.runKeyword(WebUIKeywordMain.groovy:20)
	... 19 more


2022-01-17 18:09:21 - [TEST_STEP][PASSED] - openBrowser(""): Browser is opened with url: ''

2022-01-17 18:09:21 - [MESSAGE][WARNING] - A browser is already opened. Closing browser and opening a new one

2022-01-17 18:09:22 - [MESSAGE][INFO] - Starting 'Chrome' driver

2022-01-17 18:09:22 - [MESSAGE][INFO] - Action delay is set to 0 milliseconds

2022-01-17 18:09:24 - [MESSAGE][PASSED] - Browser is opened with url: ''

2022-01-17 18:09:24 - [TEST_STEP][FAILED] - navigateToUrl("http://localhost:8080/"): Unable to navigate to 'http://localhost:8080/' (Root cause: com.kms.katalon.core.exception.StepFailedException: Unable to navigate to 'http://localhost:8080/'
	at com.kms.katalon.core.webui.keyword.internal.WebUIKeywordMain.stepFailed(WebUIKeywordMain.groovy:64)
	at com.kms.katalon.core.webui.keyword.internal.WebUIKeywordMain.runKeyword(WebUIKeywordMain.groovy:26)
	at com.kms.katalon.core.webui.keyword.builtin.NavigateToUrlKeyword.navigateToUrl(NavigateToUrlKeyword.groovy:83)
	at com.kms.katalon.core.webui.keyword.builtin.NavigateToUrlKeyword.execute(NavigateToUrlKeyword.groovy:67)
	at com.kms.katalon.core.keyword.internal.KeywordExecutor.executeKeywordForPlatform(KeywordExecutor.groovy:74)
	at com.kms.katalon.core.webui.keyword.WebUiBuiltInKeywords.navigateToUrl(WebUiBuiltInKeywords.groovy:187)
	at com.kms.katalon.core.webui.keyword.WebUiBuiltInKeywords$navigateToUrl$0.call(Unknown Source)
	at Sign in with wrong username.run(Sign in with wrong username:22)
	at com.kms.katalon.core.main.ScriptEngine.run(ScriptEngine.java:194)
	at com.kms.katalon.core.main.ScriptEngine.runScriptAsRawText(ScriptEngine.java:119)
	at com.kms.katalon.core.main.TestCaseExecutor.runScript(TestCaseExecutor.java:442)
	at com.kms.katalon.core.main.TestCaseExecutor.doExecute(TestCaseExecutor.java:433)
	at com.kms.katalon.core.main.TestCaseExecutor.processExecutionPhase(TestCaseExecutor.java:412)
	at com.kms.katalon.core.main.TestCaseExecutor.accessMainPhase(TestCaseExecutor.java:404)
	at com.kms.katalon.core.main.TestCaseExecutor.execute(TestCaseExecutor.java:281)
	at com.kms.katalon.core.main.TestSuiteExecutor.accessTestCaseMainPhase(TestSuiteExecutor.java:202)
	at com.kms.katalon.core.main.TestSuiteExecutor.accessTestSuiteMainPhase(TestSuiteExecutor.java:164)
	at com.kms.katalon.core.main.TestSuiteExecutor.execute(TestSuiteExecutor.java:105)
	at com.kms.katalon.core.main.TestCaseMain.startTestSuite(TestCaseMain.java:181)
	at com.kms.katalon.core.main.TestCaseMain$startTestSuite$0.call(Unknown Source)
	at TempTestSuite1642411537017.run(TempTestSuite1642411537017.groovy:36)
Caused by: org.openqa.selenium.WebDriverException: unknown error: net::ERR_CONNECTION_REFUSED
  (Session info: chrome=97.0.4692.71)
Build info: version: '3.141.59', revision: 'e82be7d358', time: '2018-11-14T08:25:53'
System info: host: 'DESKTOP-A3NO6EJ', ip: '172.23.64.1', os.name: 'Windows 10', os.arch: 'amd64', os.version: '10.0', java.version: '1.8.0_282'
Driver info: com.kms.katalon.selenium.driver.CChromeDriver
Capabilities {acceptInsecureCerts: false, browserName: chrome, browserVersion: 97.0.4692.71, chrome: {chromedriverVersion: 97.0.4692.71 (adefa7837d02a..., userDataDir: C:\Users\User\AppData\Local...}, goog:chromeOptions: {debuggerAddress: localhost:59847}, javascriptEnabled: true, networkConnectionEnabled: false, pageLoadStrategy: normal, platform: WINDOWS, platformName: WINDOWS, proxy: Proxy(), setWindowRect: true, strictFileInteractability: false, timeouts: {implicit: 0, pageLoad: 300000, script: 30000}, unhandledPromptBehavior: dismiss and notify, webauthn:extension:credBlob: true, webauthn:extension:largeBlob: true, webauthn:virtualAuthenticators: true}
Session ID: c36537487c1a35ad8a07067f2a8c2932
	at org.openqa.selenium.remote.http.W3CHttpResponseCodec.createException(W3CHttpResponseCodec.java:187)
	at org.openqa.selenium.remote.http.W3CHttpResponseCodec.decode(W3CHttpResponseCodec.java:122)
	at org.openqa.selenium.remote.http.W3CHttpResponseCodec.decode(W3CHttpResponseCodec.java:49)
	at org.openqa.selenium.remote.HttpCommandExecutor.execute(HttpCommandExecutor.java:158)
	at org.openqa.selenium.remote.service.DriverCommandExecutor.execute(DriverCommandExecutor.java:83)
	at org.openqa.selenium.remote.RemoteWebDriver.execute(RemoteWebDriver.java:552)
	at com.kms.katalon.selenium.driver.CChromeDriver.execute(CChromeDriver.java:19)
	at org.openqa.selenium.remote.RemoteWebDriver.get(RemoteWebDriver.java:277)
	at org.openqa.selenium.remote.RemoteWebDriver$RemoteNavigation.to(RemoteWebDriver.java:857)
	at org.openqa.selenium.support.events.EventFiringWebDriver$EventFiringNavigation.to(EventFiringWebDriver.java:569)
	at com.kms.katalon.core.webui.keyword.builtin.NavigateToUrlKeyword$_navigateToUrl_closure1.doCall(NavigateToUrlKeyword.groovy:81)
	at com.kms.katalon.core.webui.keyword.builtin.NavigateToUrlKeyword$_navigateToUrl_closure1.call(NavigateToUrlKeyword.groovy)
	at com.kms.katalon.core.webui.keyword.internal.WebUIKeywordMain.runKeyword(WebUIKeywordMain.groovy:20)
	at com.kms.katalon.core.webui.keyword.builtin.NavigateToUrlKeyword.navigateToUrl(NavigateToUrlKeyword.groovy:83)
	at com.kms.katalon.core.webui.keyword.builtin.NavigateToUrlKeyword.execute(NavigateToUrlKeyword.groovy:67)
	at com.kms.katalon.core.keyword.internal.KeywordExecutor.executeKeywordForPlatform(KeywordExecutor.groovy:74)
	at com.kms.katalon.core.webui.keyword.WebUiBuiltInKeywords.navigateToUrl(WebUiBuiltInKeywords.groovy:187)
	at com.kms.katalon.core.webui.keyword.WebUiBuiltInKeywords$navigateToUrl$0.call(Unknown Source)
	at Script1642340806154.run(Script1642340806154.groovy:22)
	... 13 more
)

2022-01-17 18:09:32 - [MESSAGE][FAILED] - Unable to navigate to 'http://localhost:8080/' (Root cause: com.kms.katalon.core.exception.StepFailedException: Unable to navigate to 'http://localhost:8080/'
	at com.kms.katalon.core.webui.keyword.internal.WebUIKeywordMain.stepFailed(WebUIKeywordMain.groovy:64)
	at com.kms.katalon.core.webui.keyword.internal.WebUIKeywordMain.runKeyword(WebUIKeywordMain.groovy:26)
	at com.kms.katalon.core.webui.keyword.builtin.NavigateToUrlKeyword.navigateToUrl(NavigateToUrlKeyword.groovy:83)
	at com.kms.katalon.core.webui.keyword.builtin.NavigateToUrlKeyword.execute(NavigateToUrlKeyword.groovy:67)
	at com.kms.katalon.core.keyword.internal.KeywordExecutor.executeKeywordForPlatform(KeywordExecutor.groovy:74)
	at com.kms.katalon.core.webui.keyword.WebUiBuiltInKeywords.navigateToUrl(WebUiBuiltInKeywords.groovy:187)
	at com.kms.katalon.core.webui.keyword.WebUiBuiltInKeywords$navigateToUrl$0.call(Unknown Source)
	at Sign in with wrong username.run(Sign in with wrong username:22)
	at com.kms.katalon.core.main.ScriptEngine.run(ScriptEngine.java:194)
	at com.kms.katalon.core.main.ScriptEngine.runScriptAsRawText(ScriptEngine.java:119)
	at com.kms.katalon.core.main.TestCaseExecutor.runScript(TestCaseExecutor.java:442)
	at com.kms.katalon.core.main.TestCaseExecutor.doExecute(TestCaseExecutor.java:433)
	at com.kms.katalon.core.main.TestCaseExecutor.processExecutionPhase(TestCaseExecutor.java:412)
	at com.kms.katalon.core.main.TestCaseExecutor.accessMainPhase(TestCaseExecutor.java:404)
	at com.kms.katalon.core.main.TestCaseExecutor.execute(TestCaseExecutor.java:281)
	at com.kms.katalon.core.main.TestSuiteExecutor.accessTestCaseMainPhase(TestSuiteExecutor.java:202)
	at com.kms.katalon.core.main.TestSuiteExecutor.accessTestSuiteMainPhase(TestSuiteExecutor.java:164)
	at com.kms.katalon.core.main.TestSuiteExecutor.execute(TestSuiteExecutor.java:105)
	at com.kms.katalon.core.main.TestCaseMain.startTestSuite(TestCaseMain.java:181)
	at com.kms.katalon.core.main.TestCaseMain$startTestSuite$0.call(Unknown Source)
	at TempTestSuite1642411537017.run(TempTestSuite1642411537017.groovy:36)
Caused by: org.openqa.selenium.WebDriverException: unknown error: net::ERR_CONNECTION_REFUSED
  (Session info: chrome=97.0.4692.71)
Build info: version: '3.141.59', revision: 'e82be7d358', time: '2018-11-14T08:25:53'
System info: host: 'DESKTOP-A3NO6EJ', ip: '172.23.64.1', os.name: 'Windows 10', os.arch: 'amd64', os.version: '10.0', java.version: '1.8.0_282'
Driver info: com.kms.katalon.selenium.driver.CChromeDriver
Capabilities {acceptInsecureCerts: false, browserName: chrome, browserVersion: 97.0.4692.71, chrome: {chromedriverVersion: 97.0.4692.71 (adefa7837d02a..., userDataDir: C:\Users\User\AppData\Local...}, goog:chromeOptions: {debuggerAddress: localhost:59847}, javascriptEnabled: true, networkConnectionEnabled: false, pageLoadStrategy: normal, platform: WINDOWS, platformName: WINDOWS, proxy: Proxy(), setWindowRect: true, strictFileInteractability: false, timeouts: {implicit: 0, pageLoad: 300000, script: 30000}, unhandledPromptBehavior: dismiss and notify, webauthn:extension:credBlob: true, webauthn:extension:largeBlob: true, webauthn:virtualAuthenticators: true}
Session ID: c36537487c1a35ad8a07067f2a8c2932
	at org.openqa.selenium.remote.http.W3CHttpResponseCodec.createException(W3CHttpResponseCodec.java:187)
	at org.openqa.selenium.remote.http.W3CHttpResponseCodec.decode(W3CHttpResponseCodec.java:122)
	at org.openqa.selenium.remote.http.W3CHttpResponseCodec.decode(W3CHttpResponseCodec.java:49)
	at org.openqa.selenium.remote.HttpCommandExecutor.execute(HttpCommandExecutor.java:158)
	at org.openqa.selenium.remote.service.DriverCommandExecutor.execute(DriverCommandExecutor.java:83)
	at org.openqa.selenium.remote.RemoteWebDriver.execute(RemoteWebDriver.java:552)
	at com.kms.katalon.selenium.driver.CChromeDriver.execute(CChromeDriver.java:19)
	at org.openqa.selenium.remote.RemoteWebDriver.get(RemoteWebDriver.java:277)
	at org.openqa.selenium.remote.RemoteWebDriver$RemoteNavigation.to(RemoteWebDriver.java:857)
	at org.openqa.selenium.support.events.EventFiringWebDriver$EventFiringNavigation.to(EventFiringWebDriver.java:569)
	at com.kms.katalon.core.webui.keyword.builtin.NavigateToUrlKeyword$_navigateToUrl_closure1.doCall(NavigateToUrlKeyword.groovy:81)
	at com.kms.katalon.core.webui.keyword.builtin.NavigateToUrlKeyword$_navigateToUrl_closure1.call(NavigateToUrlKeyword.groovy)
	at com.kms.katalon.core.webui.keyword.internal.WebUIKeywordMain.runKeyword(WebUIKeywordMain.groovy:20)
	at com.kms.katalon.core.webui.keyword.builtin.NavigateToUrlKeyword.navigateToUrl(NavigateToUrlKeyword.groovy:83)
	at com.kms.katalon.core.webui.keyword.builtin.NavigateToUrlKeyword.execute(NavigateToUrlKeyword.groovy:67)
	at com.kms.katalon.core.keyword.internal.KeywordExecutor.executeKeywordForPlatform(KeywordExecutor.groovy:74)
	at com.kms.katalon.core.webui.keyword.WebUiBuiltInKeywords.navigateToUrl(WebUiBuiltInKeywords.groovy:187)
	at com.kms.katalon.core.webui.keyword.WebUiBuiltInKeywords$navigateToUrl$0.call(Unknown Source)
	at Script1642340806154.run(Script1642340806154.groovy:22)
	... 13 more
)
[[ATTACHMENT|C:\\Users\\User\\Katalon Studio\\Bonus SE\\Test-Automation-SE-Bonus\\Reports\\20220117_162537\\Run all test case\\20220117_162537\\1642417772485.png]]]]></system-out>
         <system-err><![CDATA[2022-01-17 18:09:20 - [TEST_CASE][FAILED] - Test Cases/Sign in manually/Sign in with wrong username: Test Cases/Sign in manually/Sign in with wrong username FAILED.
Reason:
com.kms.katalon.core.exception.StepFailedException: Unable to navigate to 'http://localhost:8080/'
	at com.kms.katalon.core.webui.keyword.internal.WebUIKeywordMain.stepFailed(WebUIKeywordMain.groovy:64)
	at com.kms.katalon.core.webui.keyword.internal.WebUIKeywordMain.runKeyword(WebUIKeywordMain.groovy:26)
	at com.kms.katalon.core.webui.keyword.builtin.NavigateToUrlKeyword.navigateToUrl(NavigateToUrlKeyword.groovy:83)
	at com.kms.katalon.core.webui.keyword.builtin.NavigateToUrlKeyword.execute(NavigateToUrlKeyword.groovy:67)
	at com.kms.katalon.core.keyword.internal.KeywordExecutor.executeKeywordForPlatform(KeywordExecutor.groovy:74)
	at com.kms.katalon.core.webui.keyword.WebUiBuiltInKeywords.navigateToUrl(WebUiBuiltInKeywords.groovy:187)
	at com.kms.katalon.core.webui.keyword.WebUiBuiltInKeywords$navigateToUrl$0.call(Unknown Source)
	at Sign in with wrong username.run(Sign in with wrong username:22)
	at com.kms.katalon.core.main.ScriptEngine.run(ScriptEngine.java:194)
	at com.kms.katalon.core.main.ScriptEngine.runScriptAsRawText(ScriptEngine.java:119)
	at com.kms.katalon.core.main.TestCaseExecutor.runScript(TestCaseExecutor.java:442)
	at com.kms.katalon.core.main.TestCaseExecutor.doExecute(TestCaseExecutor.java:433)
	at com.kms.katalon.core.main.TestCaseExecutor.processExecutionPhase(TestCaseExecutor.java:412)
	at com.kms.katalon.core.main.TestCaseExecutor.accessMainPhase(TestCaseExecutor.java:404)
	at com.kms.katalon.core.main.TestCaseExecutor.execute(TestCaseExecutor.java:281)
	at com.kms.katalon.core.main.TestSuiteExecutor.accessTestCaseMainPhase(TestSuiteExecutor.java:202)
	at com.kms.katalon.core.main.TestSuiteExecutor.accessTestSuiteMainPhase(TestSuiteExecutor.java:164)
	at com.kms.katalon.core.main.TestSuiteExecutor.execute(TestSuiteExecutor.java:105)
	at com.kms.katalon.core.main.TestCaseMain.startTestSuite(TestCaseMain.java:181)
	at com.kms.katalon.core.main.TestCaseMain$startTestSuite$0.call(Unknown Source)
	at TempTestSuite1642411537017.run(TempTestSuite1642411537017.groovy:36)
Caused by: org.openqa.selenium.WebDriverException: unknown error: net::ERR_CONNECTION_REFUSED
  (Session info: chrome=97.0.4692.71)
Build info: version: '3.141.59', revision: 'e82be7d358', time: '2018-11-14T08:25:53'
System info: host: 'DESKTOP-A3NO6EJ', ip: '172.23.64.1', os.name: 'Windows 10', os.arch: 'amd64', os.version: '10.0', java.version: '1.8.0_282'
Driver info: com.kms.katalon.selenium.driver.CChromeDriver
Capabilities {acceptInsecureCerts: false, browserName: chrome, browserVersion: 97.0.4692.71, chrome: {chromedriverVersion: 97.0.4692.71 (adefa7837d02a..., userDataDir: C:\Users\User\AppData\Local...}, goog:chromeOptions: {debuggerAddress: localhost:59847}, javascriptEnabled: true, networkConnectionEnabled: false, pageLoadStrategy: normal, platform: WINDOWS, platformName: WINDOWS, proxy: Proxy(), setWindowRect: true, strictFileInteractability: false, timeouts: {implicit: 0, pageLoad: 300000, script: 30000}, unhandledPromptBehavior: dismiss and notify, webauthn:extension:credBlob: true, webauthn:extension:largeBlob: true, webauthn:virtualAuthenticators: true}
Session ID: c36537487c1a35ad8a07067f2a8c2932
	at org.openqa.selenium.remote.http.W3CHttpResponseCodec.createException(W3CHttpResponseCodec.java:187)
	at org.openqa.selenium.remote.http.W3CHttpResponseCodec.decode(W3CHttpResponseCodec.java:122)
	at org.openqa.selenium.remote.http.W3CHttpResponseCodec.decode(W3CHttpResponseCodec.java:49)
	at org.openqa.selenium.remote.HttpCommandExecutor.execute(HttpCommandExecutor.java:158)
	at org.openqa.selenium.remote.service.DriverCommandExecutor.execute(DriverCommandExecutor.java:83)
	at org.openqa.selenium.remote.RemoteWebDriver.execute(RemoteWebDriver.java:552)
	at com.kms.katalon.selenium.driver.CChromeDriver.execute(CChromeDriver.java:19)
	at org.openqa.selenium.remote.RemoteWebDriver.get(RemoteWebDriver.java:277)
	at org.openqa.selenium.remote.RemoteWebDriver$RemoteNavigation.to(RemoteWebDriver.java:857)
	at org.openqa.selenium.support.events.EventFiringWebDriver$EventFiringNavigation.to(EventFiringWebDriver.java:569)
	at com.kms.katalon.core.webui.keyword.builtin.NavigateToUrlKeyword$_navigateToUrl_closure1.doCall(NavigateToUrlKeyword.groovy:81)
	at com.kms.katalon.core.webui.keyword.builtin.NavigateToUrlKeyword$_navigateToUrl_closure1.call(NavigateToUrlKeyword.groovy)
	at com.kms.katalon.core.webui.keyword.internal.WebUIKeywordMain.runKeyword(WebUIKeywordMain.groovy:20)
	... 19 more]]></system-err>
      </testcase>
      <testcase name="Test Cases/Sign in manually/Sign in without inputting username and password" time="11.981" classname="Test Cases/Sign in manually/Sign in without inputting username and password" status="FAILED">
         <failure type="FAILED" message="Test Cases/Sign in manually/Sign in without inputting username and password FAILED.
Reason:
com.kms.katalon.core.exception.StepFailedException: Unable to navigate to 'http://localhost:8080/'
	at com.kms.katalon.core.webui.keyword.internal.WebUIKeywordMain.stepFailed(WebUIKeywordMain.groovy:64)
	at com.kms.katalon.core.webui.keyword.internal.WebUIKeywordMain.runKeyword(WebUIKeywordMain.groovy:26)
	at com.kms.katalon.core.webui.keyword.builtin.NavigateToUrlKeyword.navigateToUrl(NavigateToUrlKeyword.groovy:83)
	at com.kms.katalon.core.webui.keyword.builtin.NavigateToUrlKeyword.execute(NavigateToUrlKeyword.groovy:67)
	at com.kms.katalon.core.keyword.internal.KeywordExecutor.executeKeywordForPlatform(KeywordExecutor.groovy:74)
	at com.kms.katalon.core.webui.keyword.WebUiBuiltInKeywords.navigateToUrl(WebUiBuiltInKeywords.groovy:187)
	at com.kms.katalon.core.webui.keyword.WebUiBuiltInKeywords$navigateToUrl$0.call(Unknown Source)
	at Sign in without inputting username and password.run(Sign in without inputting username and password:22)
	at com.kms.katalon.core.main.ScriptEngine.run(ScriptEngine.java:194)
	at com.kms.katalon.core.main.ScriptEngine.runScriptAsRawText(ScriptEngine.java:119)
	at com.kms.katalon.core.main.TestCaseExecutor.runScript(TestCaseExecutor.java:442)
	at com.kms.katalon.core.main.TestCaseExecutor.doExecute(TestCaseExecutor.java:433)
	at com.kms.katalon.core.main.TestCaseExecutor.processExecutionPhase(TestCaseExecutor.java:412)
	at com.kms.katalon.core.main.TestCaseExecutor.accessMainPhase(TestCaseExecutor.java:404)
	at com.kms.katalon.core.main.TestCaseExecutor.execute(TestCaseExecutor.java:281)
	at com.kms.katalon.core.main.TestSuiteExecutor.accessTestCaseMainPhase(TestSuiteExecutor.java:202)
	at com.kms.katalon.core.main.TestSuiteExecutor.accessTestSuiteMainPhase(TestSuiteExecutor.java:164)
	at com.kms.katalon.core.main.TestSuiteExecutor.execute(TestSuiteExecutor.java:105)
	at com.kms.katalon.core.main.TestCaseMain.startTestSuite(TestCaseMain.java:181)
	at com.kms.katalon.core.main.TestCaseMain$startTestSuite$0.call(Unknown Source)
	at TempTestSuite1642411537017.run(TempTestSuite1642411537017.groovy:36)
Caused by: org.openqa.selenium.WebDriverException: unknown error: net::ERR_CONNECTION_REFUSED
  (Session info: chrome=97.0.4692.71)
Build info: version: '3.141.59', revision: 'e82be7d358', time: '2018-11-14T08:25:53'
System info: host: 'DESKTOP-A3NO6EJ', ip: '172.23.64.1', os.name: 'Windows 10', os.arch: 'amd64', os.version: '10.0', java.version: '1.8.0_282'
Driver info: com.kms.katalon.selenium.driver.CChromeDriver
Capabilities {acceptInsecureCerts: false, browserName: chrome, browserVersion: 97.0.4692.71, chrome: {chromedriverVersion: 97.0.4692.71 (adefa7837d02a..., userDataDir: C:\Users\User\AppData\Local...}, goog:chromeOptions: {debuggerAddress: localhost:59915}, javascriptEnabled: true, networkConnectionEnabled: false, pageLoadStrategy: normal, platform: WINDOWS, platformName: WINDOWS, proxy: Proxy(), setWindowRect: true, strictFileInteractability: false, timeouts: {implicit: 0, pageLoad: 300000, script: 30000}, unhandledPromptBehavior: dismiss and notify, webauthn:extension:credBlob: true, webauthn:extension:largeBlob: true, webauthn:virtualAuthenticators: true}
Session ID: 3b5ce5985db70e6ded7dc41096eb9fbd
	at org.openqa.selenium.remote.http.W3CHttpResponseCodec.createException(W3CHttpResponseCodec.java:187)
	at org.openqa.selenium.remote.http.W3CHttpResponseCodec.decode(W3CHttpResponseCodec.java:122)
	at org.openqa.selenium.remote.http.W3CHttpResponseCodec.decode(W3CHttpResponseCodec.java:49)
	at org.openqa.selenium.remote.HttpCommandExecutor.execute(HttpCommandExecutor.java:158)
	at org.openqa.selenium.remote.service.DriverCommandExecutor.execute(DriverCommandExecutor.java:83)
	at org.openqa.selenium.remote.RemoteWebDriver.execute(RemoteWebDriver.java:552)
	at com.kms.katalon.selenium.driver.CChromeDriver.execute(CChromeDriver.java:19)
	at org.openqa.selenium.remote.RemoteWebDriver.get(RemoteWebDriver.java:277)
	at org.openqa.selenium.remote.RemoteWebDriver$RemoteNavigation.to(RemoteWebDriver.java:857)
	at org.openqa.selenium.support.events.EventFiringWebDriver$EventFiringNavigation.to(EventFiringWebDriver.java:569)
	at com.kms.katalon.core.webui.keyword.builtin.NavigateToUrlKeyword$_navigateToUrl_closure1.doCall(NavigateToUrlKeyword.groovy:81)
	at com.kms.katalon.core.webui.keyword.builtin.NavigateToUrlKeyword$_navigateToUrl_closure1.call(NavigateToUrlKeyword.groovy)
	at com.kms.katalon.core.webui.keyword.internal.WebUIKeywordMain.runKeyword(WebUIKeywordMain.groovy:20)
	... 19 more
"/>
         <system-out><![CDATA[2022-01-17 18:09:33 - [TEST_CASE][FAILED] - Test Cases/Sign in manually/Sign in without inputting username and password: Test Cases/Sign in manually/Sign in without inputting username and password FAILED.
Reason:
com.kms.katalon.core.exception.StepFailedException: Unable to navigate to 'http://localhost:8080/'
	at com.kms.katalon.core.webui.keyword.internal.WebUIKeywordMain.stepFailed(WebUIKeywordMain.groovy:64)
	at com.kms.katalon.core.webui.keyword.internal.WebUIKeywordMain.runKeyword(WebUIKeywordMain.groovy:26)
	at com.kms.katalon.core.webui.keyword.builtin.NavigateToUrlKeyword.navigateToUrl(NavigateToUrlKeyword.groovy:83)
	at com.kms.katalon.core.webui.keyword.builtin.NavigateToUrlKeyword.execute(NavigateToUrlKeyword.groovy:67)
	at com.kms.katalon.core.keyword.internal.KeywordExecutor.executeKeywordForPlatform(KeywordExecutor.groovy:74)
	at com.kms.katalon.core.webui.keyword.WebUiBuiltInKeywords.navigateToUrl(WebUiBuiltInKeywords.groovy:187)
	at com.kms.katalon.core.webui.keyword.WebUiBuiltInKeywords$navigateToUrl$0.call(Unknown Source)
	at Sign in without inputting username and password.run(Sign in without inputting username and password:22)
	at com.kms.katalon.core.main.ScriptEngine.run(ScriptEngine.java:194)
	at com.kms.katalon.core.main.ScriptEngine.runScriptAsRawText(ScriptEngine.java:119)
	at com.kms.katalon.core.main.TestCaseExecutor.runScript(TestCaseExecutor.java:442)
	at com.kms.katalon.core.main.TestCaseExecutor.doExecute(TestCaseExecutor.java:433)
	at com.kms.katalon.core.main.TestCaseExecutor.processExecutionPhase(TestCaseExecutor.java:412)
	at com.kms.katalon.core.main.TestCaseExecutor.accessMainPhase(TestCaseExecutor.java:404)
	at com.kms.katalon.core.main.TestCaseExecutor.execute(TestCaseExecutor.java:281)
	at com.kms.katalon.core.main.TestSuiteExecutor.accessTestCaseMainPhase(TestSuiteExecutor.java:202)
	at com.kms.katalon.core.main.TestSuiteExecutor.accessTestSuiteMainPhase(TestSuiteExecutor.java:164)
	at com.kms.katalon.core.main.TestSuiteExecutor.execute(TestSuiteExecutor.java:105)
	at com.kms.katalon.core.main.TestCaseMain.startTestSuite(TestCaseMain.java:181)
	at com.kms.katalon.core.main.TestCaseMain$startTestSuite$0.call(Unknown Source)
	at TempTestSuite1642411537017.run(TempTestSuite1642411537017.groovy:36)
Caused by: org.openqa.selenium.WebDriverException: unknown error: net::ERR_CONNECTION_REFUSED
  (Session info: chrome=97.0.4692.71)
Build info: version: '3.141.59', revision: 'e82be7d358', time: '2018-11-14T08:25:53'
System info: host: 'DESKTOP-A3NO6EJ', ip: '172.23.64.1', os.name: 'Windows 10', os.arch: 'amd64', os.version: '10.0', java.version: '1.8.0_282'
Driver info: com.kms.katalon.selenium.driver.CChromeDriver
Capabilities {acceptInsecureCerts: false, browserName: chrome, browserVersion: 97.0.4692.71, chrome: {chromedriverVersion: 97.0.4692.71 (adefa7837d02a..., userDataDir: C:\Users\User\AppData\Local...}, goog:chromeOptions: {debuggerAddress: localhost:59915}, javascriptEnabled: true, networkConnectionEnabled: false, pageLoadStrategy: normal, platform: WINDOWS, platformName: WINDOWS, proxy: Proxy(), setWindowRect: true, strictFileInteractability: false, timeouts: {implicit: 0, pageLoad: 300000, script: 30000}, unhandledPromptBehavior: dismiss and notify, webauthn:extension:credBlob: true, webauthn:extension:largeBlob: true, webauthn:virtualAuthenticators: true}
Session ID: 3b5ce5985db70e6ded7dc41096eb9fbd
	at org.openqa.selenium.remote.http.W3CHttpResponseCodec.createException(W3CHttpResponseCodec.java:187)
	at org.openqa.selenium.remote.http.W3CHttpResponseCodec.decode(W3CHttpResponseCodec.java:122)
	at org.openqa.selenium.remote.http.W3CHttpResponseCodec.decode(W3CHttpResponseCodec.java:49)
	at org.openqa.selenium.remote.HttpCommandExecutor.execute(HttpCommandExecutor.java:158)
	at org.openqa.selenium.remote.service.DriverCommandExecutor.execute(DriverCommandExecutor.java:83)
	at org.openqa.selenium.remote.RemoteWebDriver.execute(RemoteWebDriver.java:552)
	at com.kms.katalon.selenium.driver.CChromeDriver.execute(CChromeDriver.java:19)
	at org.openqa.selenium.remote.RemoteWebDriver.get(RemoteWebDriver.java:277)
	at org.openqa.selenium.remote.RemoteWebDriver$RemoteNavigation.to(RemoteWebDriver.java:857)
	at org.openqa.selenium.support.events.EventFiringWebDriver$EventFiringNavigation.to(EventFiringWebDriver.java:569)
	at com.kms.katalon.core.webui.keyword.builtin.NavigateToUrlKeyword$_navigateToUrl_closure1.doCall(NavigateToUrlKeyword.groovy:81)
	at com.kms.katalon.core.webui.keyword.builtin.NavigateToUrlKeyword$_navigateToUrl_closure1.call(NavigateToUrlKeyword.groovy)
	at com.kms.katalon.core.webui.keyword.internal.WebUIKeywordMain.runKeyword(WebUIKeywordMain.groovy:20)
	... 19 more


2022-01-17 18:09:33 - [TEST_STEP][PASSED] - openBrowser(""): Browser is opened with url: ''

2022-01-17 18:09:33 - [MESSAGE][WARNING] - A browser is already opened. Closing browser and opening a new one

2022-01-17 18:09:34 - [MESSAGE][INFO] - Starting 'Chrome' driver

2022-01-17 18:09:34 - [MESSAGE][INFO] - Action delay is set to 0 milliseconds

2022-01-17 18:09:35 - [MESSAGE][PASSED] - Browser is opened with url: ''

2022-01-17 18:09:35 - [TEST_STEP][FAILED] - navigateToUrl("http://localhost:8080/"): Unable to navigate to 'http://localhost:8080/' (Root cause: com.kms.katalon.core.exception.StepFailedException: Unable to navigate to 'http://localhost:8080/'
	at com.kms.katalon.core.webui.keyword.internal.WebUIKeywordMain.stepFailed(WebUIKeywordMain.groovy:64)
	at com.kms.katalon.core.webui.keyword.internal.WebUIKeywordMain.runKeyword(WebUIKeywordMain.groovy:26)
	at com.kms.katalon.core.webui.keyword.builtin.NavigateToUrlKeyword.navigateToUrl(NavigateToUrlKeyword.groovy:83)
	at com.kms.katalon.core.webui.keyword.builtin.NavigateToUrlKeyword.execute(NavigateToUrlKeyword.groovy:67)
	at com.kms.katalon.core.keyword.internal.KeywordExecutor.executeKeywordForPlatform(KeywordExecutor.groovy:74)
	at com.kms.katalon.core.webui.keyword.WebUiBuiltInKeywords.navigateToUrl(WebUiBuiltInKeywords.groovy:187)
	at com.kms.katalon.core.webui.keyword.WebUiBuiltInKeywords$navigateToUrl$0.call(Unknown Source)
	at Sign in without inputting username and password.run(Sign in without inputting username and password:22)
	at com.kms.katalon.core.main.ScriptEngine.run(ScriptEngine.java:194)
	at com.kms.katalon.core.main.ScriptEngine.runScriptAsRawText(ScriptEngine.java:119)
	at com.kms.katalon.core.main.TestCaseExecutor.runScript(TestCaseExecutor.java:442)
	at com.kms.katalon.core.main.TestCaseExecutor.doExecute(TestCaseExecutor.java:433)
	at com.kms.katalon.core.main.TestCaseExecutor.processExecutionPhase(TestCaseExecutor.java:412)
	at com.kms.katalon.core.main.TestCaseExecutor.accessMainPhase(TestCaseExecutor.java:404)
	at com.kms.katalon.core.main.TestCaseExecutor.execute(TestCaseExecutor.java:281)
	at com.kms.katalon.core.main.TestSuiteExecutor.accessTestCaseMainPhase(TestSuiteExecutor.java:202)
	at com.kms.katalon.core.main.TestSuiteExecutor.accessTestSuiteMainPhase(TestSuiteExecutor.java:164)
	at com.kms.katalon.core.main.TestSuiteExecutor.execute(TestSuiteExecutor.java:105)
	at com.kms.katalon.core.main.TestCaseMain.startTestSuite(TestCaseMain.java:181)
	at com.kms.katalon.core.main.TestCaseMain$startTestSuite$0.call(Unknown Source)
	at TempTestSuite1642411537017.run(TempTestSuite1642411537017.groovy:36)
Caused by: org.openqa.selenium.WebDriverException: unknown error: net::ERR_CONNECTION_REFUSED
  (Session info: chrome=97.0.4692.71)
Build info: version: '3.141.59', revision: 'e82be7d358', time: '2018-11-14T08:25:53'
System info: host: 'DESKTOP-A3NO6EJ', ip: '172.23.64.1', os.name: 'Windows 10', os.arch: 'amd64', os.version: '10.0', java.version: '1.8.0_282'
Driver info: com.kms.katalon.selenium.driver.CChromeDriver
Capabilities {acceptInsecureCerts: false, browserName: chrome, browserVersion: 97.0.4692.71, chrome: {chromedriverVersion: 97.0.4692.71 (adefa7837d02a..., userDataDir: C:\Users\User\AppData\Local...}, goog:chromeOptions: {debuggerAddress: localhost:59915}, javascriptEnabled: true, networkConnectionEnabled: false, pageLoadStrategy: normal, platform: WINDOWS, platformName: WINDOWS, proxy: Proxy(), setWindowRect: true, strictFileInteractability: false, timeouts: {implicit: 0, pageLoad: 300000, script: 30000}, unhandledPromptBehavior: dismiss and notify, webauthn:extension:credBlob: true, webauthn:extension:largeBlob: true, webauthn:virtualAuthenticators: true}
Session ID: 3b5ce5985db70e6ded7dc41096eb9fbd
	at org.openqa.selenium.remote.http.W3CHttpResponseCodec.createException(W3CHttpResponseCodec.java:187)
	at org.openqa.selenium.remote.http.W3CHttpResponseCodec.decode(W3CHttpResponseCodec.java:122)
	at org.openqa.selenium.remote.http.W3CHttpResponseCodec.decode(W3CHttpResponseCodec.java:49)
	at org.openqa.selenium.remote.HttpCommandExecutor.execute(HttpCommandExecutor.java:158)
	at org.openqa.selenium.remote.service.DriverCommandExecutor.execute(DriverCommandExecutor.java:83)
	at org.openqa.selenium.remote.RemoteWebDriver.execute(RemoteWebDriver.java:552)
	at com.kms.katalon.selenium.driver.CChromeDriver.execute(CChromeDriver.java:19)
	at org.openqa.selenium.remote.RemoteWebDriver.get(RemoteWebDriver.java:277)
	at org.openqa.selenium.remote.RemoteWebDriver$RemoteNavigation.to(RemoteWebDriver.java:857)
	at org.openqa.selenium.support.events.EventFiringWebDriver$EventFiringNavigation.to(EventFiringWebDriver.java:569)
	at com.kms.katalon.core.webui.keyword.builtin.NavigateToUrlKeyword$_navigateToUrl_closure1.doCall(NavigateToUrlKeyword.groovy:81)
	at com.kms.katalon.core.webui.keyword.builtin.NavigateToUrlKeyword$_navigateToUrl_closure1.call(NavigateToUrlKeyword.groovy)
	at com.kms.katalon.core.webui.keyword.internal.WebUIKeywordMain.runKeyword(WebUIKeywordMain.groovy:20)
	at com.kms.katalon.core.webui.keyword.builtin.NavigateToUrlKeyword.navigateToUrl(NavigateToUrlKeyword.groovy:83)
	at com.kms.katalon.core.webui.keyword.builtin.NavigateToUrlKeyword.execute(NavigateToUrlKeyword.groovy:67)
	at com.kms.katalon.core.keyword.internal.KeywordExecutor.executeKeywordForPlatform(KeywordExecutor.groovy:74)
	at com.kms.katalon.core.webui.keyword.WebUiBuiltInKeywords.navigateToUrl(WebUiBuiltInKeywords.groovy:187)
	at com.kms.katalon.core.webui.keyword.WebUiBuiltInKeywords$navigateToUrl$0.call(Unknown Source)
	at Script1642339999724.run(Script1642339999724.groovy:22)
	... 13 more
)

2022-01-17 18:09:45 - [MESSAGE][FAILED] - Unable to navigate to 'http://localhost:8080/' (Root cause: com.kms.katalon.core.exception.StepFailedException: Unable to navigate to 'http://localhost:8080/'
	at com.kms.katalon.core.webui.keyword.internal.WebUIKeywordMain.stepFailed(WebUIKeywordMain.groovy:64)
	at com.kms.katalon.core.webui.keyword.internal.WebUIKeywordMain.runKeyword(WebUIKeywordMain.groovy:26)
	at com.kms.katalon.core.webui.keyword.builtin.NavigateToUrlKeyword.navigateToUrl(NavigateToUrlKeyword.groovy:83)
	at com.kms.katalon.core.webui.keyword.builtin.NavigateToUrlKeyword.execute(NavigateToUrlKeyword.groovy:67)
	at com.kms.katalon.core.keyword.internal.KeywordExecutor.executeKeywordForPlatform(KeywordExecutor.groovy:74)
	at com.kms.katalon.core.webui.keyword.WebUiBuiltInKeywords.navigateToUrl(WebUiBuiltInKeywords.groovy:187)
	at com.kms.katalon.core.webui.keyword.WebUiBuiltInKeywords$navigateToUrl$0.call(Unknown Source)
	at Sign in without inputting username and password.run(Sign in without inputting username and password:22)
	at com.kms.katalon.core.main.ScriptEngine.run(ScriptEngine.java:194)
	at com.kms.katalon.core.main.ScriptEngine.runScriptAsRawText(ScriptEngine.java:119)
	at com.kms.katalon.core.main.TestCaseExecutor.runScript(TestCaseExecutor.java:442)
	at com.kms.katalon.core.main.TestCaseExecutor.doExecute(TestCaseExecutor.java:433)
	at com.kms.katalon.core.main.TestCaseExecutor.processExecutionPhase(TestCaseExecutor.java:412)
	at com.kms.katalon.core.main.TestCaseExecutor.accessMainPhase(TestCaseExecutor.java:404)
	at com.kms.katalon.core.main.TestCaseExecutor.execute(TestCaseExecutor.java:281)
	at com.kms.katalon.core.main.TestSuiteExecutor.accessTestCaseMainPhase(TestSuiteExecutor.java:202)
	at com.kms.katalon.core.main.TestSuiteExecutor.accessTestSuiteMainPhase(TestSuiteExecutor.java:164)
	at com.kms.katalon.core.main.TestSuiteExecutor.execute(TestSuiteExecutor.java:105)
	at com.kms.katalon.core.main.TestCaseMain.startTestSuite(TestCaseMain.java:181)
	at com.kms.katalon.core.main.TestCaseMain$startTestSuite$0.call(Unknown Source)
	at TempTestSuite1642411537017.run(TempTestSuite1642411537017.groovy:36)
Caused by: org.openqa.selenium.WebDriverException: unknown error: net::ERR_CONNECTION_REFUSED
  (Session info: chrome=97.0.4692.71)
Build info: version: '3.141.59', revision: 'e82be7d358', time: '2018-11-14T08:25:53'
System info: host: 'DESKTOP-A3NO6EJ', ip: '172.23.64.1', os.name: 'Windows 10', os.arch: 'amd64', os.version: '10.0', java.version: '1.8.0_282'
Driver info: com.kms.katalon.selenium.driver.CChromeDriver
Capabilities {acceptInsecureCerts: false, browserName: chrome, browserVersion: 97.0.4692.71, chrome: {chromedriverVersion: 97.0.4692.71 (adefa7837d02a..., userDataDir: C:\Users\User\AppData\Local...}, goog:chromeOptions: {debuggerAddress: localhost:59915}, javascriptEnabled: true, networkConnectionEnabled: false, pageLoadStrategy: normal, platform: WINDOWS, platformName: WINDOWS, proxy: Proxy(), setWindowRect: true, strictFileInteractability: false, timeouts: {implicit: 0, pageLoad: 300000, script: 30000}, unhandledPromptBehavior: dismiss and notify, webauthn:extension:credBlob: true, webauthn:extension:largeBlob: true, webauthn:virtualAuthenticators: true}
Session ID: 3b5ce5985db70e6ded7dc41096eb9fbd
	at org.openqa.selenium.remote.http.W3CHttpResponseCodec.createException(W3CHttpResponseCodec.java:187)
	at org.openqa.selenium.remote.http.W3CHttpResponseCodec.decode(W3CHttpResponseCodec.java:122)
	at org.openqa.selenium.remote.http.W3CHttpResponseCodec.decode(W3CHttpResponseCodec.java:49)
	at org.openqa.selenium.remote.HttpCommandExecutor.execute(HttpCommandExecutor.java:158)
	at org.openqa.selenium.remote.service.DriverCommandExecutor.execute(DriverCommandExecutor.java:83)
	at org.openqa.selenium.remote.RemoteWebDriver.execute(RemoteWebDriver.java:552)
	at com.kms.katalon.selenium.driver.CChromeDriver.execute(CChromeDriver.java:19)
	at org.openqa.selenium.remote.RemoteWebDriver.get(RemoteWebDriver.java:277)
	at org.openqa.selenium.remote.RemoteWebDriver$RemoteNavigation.to(RemoteWebDriver.java:857)
	at org.openqa.selenium.support.events.EventFiringWebDriver$EventFiringNavigation.to(EventFiringWebDriver.java:569)
	at com.kms.katalon.core.webui.keyword.builtin.NavigateToUrlKeyword$_navigateToUrl_closure1.doCall(NavigateToUrlKeyword.groovy:81)
	at com.kms.katalon.core.webui.keyword.builtin.NavigateToUrlKeyword$_navigateToUrl_closure1.call(NavigateToUrlKeyword.groovy)
	at com.kms.katalon.core.webui.keyword.internal.WebUIKeywordMain.runKeyword(WebUIKeywordMain.groovy:20)
	at com.kms.katalon.core.webui.keyword.builtin.NavigateToUrlKeyword.navigateToUrl(NavigateToUrlKeyword.groovy:83)
	at com.kms.katalon.core.webui.keyword.builtin.NavigateToUrlKeyword.execute(NavigateToUrlKeyword.groovy:67)
	at com.kms.katalon.core.keyword.internal.KeywordExecutor.executeKeywordForPlatform(KeywordExecutor.groovy:74)
	at com.kms.katalon.core.webui.keyword.WebUiBuiltInKeywords.navigateToUrl(WebUiBuiltInKeywords.groovy:187)
	at com.kms.katalon.core.webui.keyword.WebUiBuiltInKeywords$navigateToUrl$0.call(Unknown Source)
	at Script1642339999724.run(Script1642339999724.groovy:22)
	... 13 more
)
[[ATTACHMENT|C:\\Users\\User\\Katalon Studio\\Bonus SE\\Test-Automation-SE-Bonus\\Reports\\20220117_162537\\Run all test case\\20220117_162537\\1642417784853.png]]]]></system-out>
         <system-err><![CDATA[2022-01-17 18:09:33 - [TEST_CASE][FAILED] - Test Cases/Sign in manually/Sign in without inputting username and password: Test Cases/Sign in manually/Sign in without inputting username and password FAILED.
Reason:
com.kms.katalon.core.exception.StepFailedException: Unable to navigate to 'http://localhost:8080/'
	at com.kms.katalon.core.webui.keyword.internal.WebUIKeywordMain.stepFailed(WebUIKeywordMain.groovy:64)
	at com.kms.katalon.core.webui.keyword.internal.WebUIKeywordMain.runKeyword(WebUIKeywordMain.groovy:26)
	at com.kms.katalon.core.webui.keyword.builtin.NavigateToUrlKeyword.navigateToUrl(NavigateToUrlKeyword.groovy:83)
	at com.kms.katalon.core.webui.keyword.builtin.NavigateToUrlKeyword.execute(NavigateToUrlKeyword.groovy:67)
	at com.kms.katalon.core.keyword.internal.KeywordExecutor.executeKeywordForPlatform(KeywordExecutor.groovy:74)
	at com.kms.katalon.core.webui.keyword.WebUiBuiltInKeywords.navigateToUrl(WebUiBuiltInKeywords.groovy:187)
	at com.kms.katalon.core.webui.keyword.WebUiBuiltInKeywords$navigateToUrl$0.call(Unknown Source)
	at Sign in without inputting username and password.run(Sign in without inputting username and password:22)
	at com.kms.katalon.core.main.ScriptEngine.run(ScriptEngine.java:194)
	at com.kms.katalon.core.main.ScriptEngine.runScriptAsRawText(ScriptEngine.java:119)
	at com.kms.katalon.core.main.TestCaseExecutor.runScript(TestCaseExecutor.java:442)
	at com.kms.katalon.core.main.TestCaseExecutor.doExecute(TestCaseExecutor.java:433)
	at com.kms.katalon.core.main.TestCaseExecutor.processExecutionPhase(TestCaseExecutor.java:412)
	at com.kms.katalon.core.main.TestCaseExecutor.accessMainPhase(TestCaseExecutor.java:404)
	at com.kms.katalon.core.main.TestCaseExecutor.execute(TestCaseExecutor.java:281)
	at com.kms.katalon.core.main.TestSuiteExecutor.accessTestCaseMainPhase(TestSuiteExecutor.java:202)
	at com.kms.katalon.core.main.TestSuiteExecutor.accessTestSuiteMainPhase(TestSuiteExecutor.java:164)
	at com.kms.katalon.core.main.TestSuiteExecutor.execute(TestSuiteExecutor.java:105)
	at com.kms.katalon.core.main.TestCaseMain.startTestSuite(TestCaseMain.java:181)
	at com.kms.katalon.core.main.TestCaseMain$startTestSuite$0.call(Unknown Source)
	at TempTestSuite1642411537017.run(TempTestSuite1642411537017.groovy:36)
Caused by: org.openqa.selenium.WebDriverException: unknown error: net::ERR_CONNECTION_REFUSED
  (Session info: chrome=97.0.4692.71)
Build info: version: '3.141.59', revision: 'e82be7d358', time: '2018-11-14T08:25:53'
System info: host: 'DESKTOP-A3NO6EJ', ip: '172.23.64.1', os.name: 'Windows 10', os.arch: 'amd64', os.version: '10.0', java.version: '1.8.0_282'
Driver info: com.kms.katalon.selenium.driver.CChromeDriver
Capabilities {acceptInsecureCerts: false, browserName: chrome, browserVersion: 97.0.4692.71, chrome: {chromedriverVersion: 97.0.4692.71 (adefa7837d02a..., userDataDir: C:\Users\User\AppData\Local...}, goog:chromeOptions: {debuggerAddress: localhost:59915}, javascriptEnabled: true, networkConnectionEnabled: false, pageLoadStrategy: normal, platform: WINDOWS, platformName: WINDOWS, proxy: Proxy(), setWindowRect: true, strictFileInteractability: false, timeouts: {implicit: 0, pageLoad: 300000, script: 30000}, unhandledPromptBehavior: dismiss and notify, webauthn:extension:credBlob: true, webauthn:extension:largeBlob: true, webauthn:virtualAuthenticators: true}
Session ID: 3b5ce5985db70e6ded7dc41096eb9fbd
	at org.openqa.selenium.remote.http.W3CHttpResponseCodec.createException(W3CHttpResponseCodec.java:187)
	at org.openqa.selenium.remote.http.W3CHttpResponseCodec.decode(W3CHttpResponseCodec.java:122)
	at org.openqa.selenium.remote.http.W3CHttpResponseCodec.decode(W3CHttpResponseCodec.java:49)
	at org.openqa.selenium.remote.HttpCommandExecutor.execute(HttpCommandExecutor.java:158)
	at org.openqa.selenium.remote.service.DriverCommandExecutor.execute(DriverCommandExecutor.java:83)
	at org.openqa.selenium.remote.RemoteWebDriver.execute(RemoteWebDriver.java:552)
	at com.kms.katalon.selenium.driver.CChromeDriver.execute(CChromeDriver.java:19)
	at org.openqa.selenium.remote.RemoteWebDriver.get(RemoteWebDriver.java:277)
	at org.openqa.selenium.remote.RemoteWebDriver$RemoteNavigation.to(RemoteWebDriver.java:857)
	at org.openqa.selenium.support.events.EventFiringWebDriver$EventFiringNavigation.to(EventFiringWebDriver.java:569)
	at com.kms.katalon.core.webui.keyword.builtin.NavigateToUrlKeyword$_navigateToUrl_closure1.doCall(NavigateToUrlKeyword.groovy:81)
	at com.kms.katalon.core.webui.keyword.builtin.NavigateToUrlKeyword$_navigateToUrl_closure1.call(NavigateToUrlKeyword.groovy)
	at com.kms.katalon.core.webui.keyword.internal.WebUIKeywordMain.runKeyword(WebUIKeywordMain.groovy:20)
	... 19 more]]></system-err>
      </testcase>
      <testcase name="Test Cases/Chat in private room/Search in chatbox" time="11.183" classname="Test Cases/Chat in private room/Search in chatbox" status="FAILED">
         <failure type="FAILED" message="Test Cases/Chat in private room/Search in chatbox FAILED.
Reason:
com.kms.katalon.core.exception.StepFailedException: Unable to navigate to 'http://localhost:8080/'
	at com.kms.katalon.core.webui.keyword.internal.WebUIKeywordMain.stepFailed(WebUIKeywordMain.groovy:64)
	at com.kms.katalon.core.webui.keyword.internal.WebUIKeywordMain.runKeyword(WebUIKeywordMain.groovy:26)
	at com.kms.katalon.core.webui.keyword.builtin.NavigateToUrlKeyword.navigateToUrl(NavigateToUrlKeyword.groovy:83)
	at com.kms.katalon.core.webui.keyword.builtin.NavigateToUrlKeyword.execute(NavigateToUrlKeyword.groovy:67)
	at com.kms.katalon.core.keyword.internal.KeywordExecutor.executeKeywordForPlatform(KeywordExecutor.groovy:74)
	at com.kms.katalon.core.webui.keyword.WebUiBuiltInKeywords.navigateToUrl(WebUiBuiltInKeywords.groovy:187)
	at com.kms.katalon.core.webui.keyword.WebUiBuiltInKeywords$navigateToUrl$0.call(Unknown Source)
	at Search in chatbox.run(Search in chatbox:22)
	at com.kms.katalon.core.main.ScriptEngine.run(ScriptEngine.java:194)
	at com.kms.katalon.core.main.ScriptEngine.runScriptAsRawText(ScriptEngine.java:119)
	at com.kms.katalon.core.main.TestCaseExecutor.runScript(TestCaseExecutor.java:442)
	at com.kms.katalon.core.main.TestCaseExecutor.doExecute(TestCaseExecutor.java:433)
	at com.kms.katalon.core.main.TestCaseExecutor.processExecutionPhase(TestCaseExecutor.java:412)
	at com.kms.katalon.core.main.TestCaseExecutor.accessMainPhase(TestCaseExecutor.java:404)
	at com.kms.katalon.core.main.TestCaseExecutor.execute(TestCaseExecutor.java:281)
	at com.kms.katalon.core.main.TestSuiteExecutor.accessTestCaseMainPhase(TestSuiteExecutor.java:202)
	at com.kms.katalon.core.main.TestSuiteExecutor.accessTestSuiteMainPhase(TestSuiteExecutor.java:164)
	at com.kms.katalon.core.main.TestSuiteExecutor.execute(TestSuiteExecutor.java:105)
	at com.kms.katalon.core.main.TestCaseMain.startTestSuite(TestCaseMain.java:181)
	at com.kms.katalon.core.main.TestCaseMain$startTestSuite$0.call(Unknown Source)
	at TempTestSuite1642411537017.run(TempTestSuite1642411537017.groovy:36)
Caused by: org.openqa.selenium.WebDriverException: unknown error: net::ERR_CONNECTION_REFUSED
  (Session info: chrome=97.0.4692.71)
Build info: version: '3.141.59', revision: 'e82be7d358', time: '2018-11-14T08:25:53'
System info: host: 'DESKTOP-A3NO6EJ', ip: '172.23.64.1', os.name: 'Windows 10', os.arch: 'amd64', os.version: '10.0', java.version: '1.8.0_282'
Driver info: com.kms.katalon.selenium.driver.CChromeDriver
Capabilities {acceptInsecureCerts: false, browserName: chrome, browserVersion: 97.0.4692.71, chrome: {chromedriverVersion: 97.0.4692.71 (adefa7837d02a..., userDataDir: C:\Users\User\AppData\Local...}, goog:chromeOptions: {debuggerAddress: localhost:60007}, javascriptEnabled: true, networkConnectionEnabled: false, pageLoadStrategy: normal, platform: WINDOWS, platformName: WINDOWS, proxy: Proxy(), setWindowRect: true, strictFileInteractability: false, timeouts: {implicit: 0, pageLoad: 300000, script: 30000}, unhandledPromptBehavior: dismiss and notify, webauthn:extension:credBlob: true, webauthn:extension:largeBlob: true, webauthn:virtualAuthenticators: true}
Session ID: a1b7c08a1c63e4809da542cc3bccf7ee
	at org.openqa.selenium.remote.http.W3CHttpResponseCodec.createException(W3CHttpResponseCodec.java:187)
	at org.openqa.selenium.remote.http.W3CHttpResponseCodec.decode(W3CHttpResponseCodec.java:122)
	at org.openqa.selenium.remote.http.W3CHttpResponseCodec.decode(W3CHttpResponseCodec.java:49)
	at org.openqa.selenium.remote.HttpCommandExecutor.execute(HttpCommandExecutor.java:158)
	at org.openqa.selenium.remote.service.DriverCommandExecutor.execute(DriverCommandExecutor.java:83)
	at org.openqa.selenium.remote.RemoteWebDriver.execute(RemoteWebDriver.java:552)
	at com.kms.katalon.selenium.driver.CChromeDriver.execute(CChromeDriver.java:19)
	at org.openqa.selenium.remote.RemoteWebDriver.get(RemoteWebDriver.java:277)
	at org.openqa.selenium.remote.RemoteWebDriver$RemoteNavigation.to(RemoteWebDriver.java:857)
	at org.openqa.selenium.support.events.EventFiringWebDriver$EventFiringNavigation.to(EventFiringWebDriver.java:569)
	at com.kms.katalon.core.webui.keyword.builtin.NavigateToUrlKeyword$_navigateToUrl_closure1.doCall(NavigateToUrlKeyword.groovy:81)
	at com.kms.katalon.core.webui.keyword.builtin.NavigateToUrlKeyword$_navigateToUrl_closure1.call(NavigateToUrlKeyword.groovy)
	at com.kms.katalon.core.webui.keyword.internal.WebUIKeywordMain.runKeyword(WebUIKeywordMain.groovy:20)
	... 19 more
"/>
         <system-out><![CDATA[2022-01-17 18:09:45 - [TEST_CASE][FAILED] - Test Cases/Chat in private room/Search in chatbox: Test Cases/Chat in private room/Search in chatbox FAILED.
Reason:
com.kms.katalon.core.exception.StepFailedException: Unable to navigate to 'http://localhost:8080/'
	at com.kms.katalon.core.webui.keyword.internal.WebUIKeywordMain.stepFailed(WebUIKeywordMain.groovy:64)
	at com.kms.katalon.core.webui.keyword.internal.WebUIKeywordMain.runKeyword(WebUIKeywordMain.groovy:26)
	at com.kms.katalon.core.webui.keyword.builtin.NavigateToUrlKeyword.navigateToUrl(NavigateToUrlKeyword.groovy:83)
	at com.kms.katalon.core.webui.keyword.builtin.NavigateToUrlKeyword.execute(NavigateToUrlKeyword.groovy:67)
	at com.kms.katalon.core.keyword.internal.KeywordExecutor.executeKeywordForPlatform(KeywordExecutor.groovy:74)
	at com.kms.katalon.core.webui.keyword.WebUiBuiltInKeywords.navigateToUrl(WebUiBuiltInKeywords.groovy:187)
	at com.kms.katalon.core.webui.keyword.WebUiBuiltInKeywords$navigateToUrl$0.call(Unknown Source)
	at Search in chatbox.run(Search in chatbox:22)
	at com.kms.katalon.core.main.ScriptEngine.run(ScriptEngine.java:194)
	at com.kms.katalon.core.main.ScriptEngine.runScriptAsRawText(ScriptEngine.java:119)
	at com.kms.katalon.core.main.TestCaseExecutor.runScript(TestCaseExecutor.java:442)
	at com.kms.katalon.core.main.TestCaseExecutor.doExecute(TestCaseExecutor.java:433)
	at com.kms.katalon.core.main.TestCaseExecutor.processExecutionPhase(TestCaseExecutor.java:412)
	at com.kms.katalon.core.main.TestCaseExecutor.accessMainPhase(TestCaseExecutor.java:404)
	at com.kms.katalon.core.main.TestCaseExecutor.execute(TestCaseExecutor.java:281)
	at com.kms.katalon.core.main.TestSuiteExecutor.accessTestCaseMainPhase(TestSuiteExecutor.java:202)
	at com.kms.katalon.core.main.TestSuiteExecutor.accessTestSuiteMainPhase(TestSuiteExecutor.java:164)
	at com.kms.katalon.core.main.TestSuiteExecutor.execute(TestSuiteExecutor.java:105)
	at com.kms.katalon.core.main.TestCaseMain.startTestSuite(TestCaseMain.java:181)
	at com.kms.katalon.core.main.TestCaseMain$startTestSuite$0.call(Unknown Source)
	at TempTestSuite1642411537017.run(TempTestSuite1642411537017.groovy:36)
Caused by: org.openqa.selenium.WebDriverException: unknown error: net::ERR_CONNECTION_REFUSED
  (Session info: chrome=97.0.4692.71)
Build info: version: '3.141.59', revision: 'e82be7d358', time: '2018-11-14T08:25:53'
System info: host: 'DESKTOP-A3NO6EJ', ip: '172.23.64.1', os.name: 'Windows 10', os.arch: 'amd64', os.version: '10.0', java.version: '1.8.0_282'
Driver info: com.kms.katalon.selenium.driver.CChromeDriver
Capabilities {acceptInsecureCerts: false, browserName: chrome, browserVersion: 97.0.4692.71, chrome: {chromedriverVersion: 97.0.4692.71 (adefa7837d02a..., userDataDir: C:\Users\User\AppData\Local...}, goog:chromeOptions: {debuggerAddress: localhost:60007}, javascriptEnabled: true, networkConnectionEnabled: false, pageLoadStrategy: normal, platform: WINDOWS, platformName: WINDOWS, proxy: Proxy(), setWindowRect: true, strictFileInteractability: false, timeouts: {implicit: 0, pageLoad: 300000, script: 30000}, unhandledPromptBehavior: dismiss and notify, webauthn:extension:credBlob: true, webauthn:extension:largeBlob: true, webauthn:virtualAuthenticators: true}
Session ID: a1b7c08a1c63e4809da542cc3bccf7ee
	at org.openqa.selenium.remote.http.W3CHttpResponseCodec.createException(W3CHttpResponseCodec.java:187)
	at org.openqa.selenium.remote.http.W3CHttpResponseCodec.decode(W3CHttpResponseCodec.java:122)
	at org.openqa.selenium.remote.http.W3CHttpResponseCodec.decode(W3CHttpResponseCodec.java:49)
	at org.openqa.selenium.remote.HttpCommandExecutor.execute(HttpCommandExecutor.java:158)
	at org.openqa.selenium.remote.service.DriverCommandExecutor.execute(DriverCommandExecutor.java:83)
	at org.openqa.selenium.remote.RemoteWebDriver.execute(RemoteWebDriver.java:552)
	at com.kms.katalon.selenium.driver.CChromeDriver.execute(CChromeDriver.java:19)
	at org.openqa.selenium.remote.RemoteWebDriver.get(RemoteWebDriver.java:277)
	at org.openqa.selenium.remote.RemoteWebDriver$RemoteNavigation.to(RemoteWebDriver.java:857)
	at org.openqa.selenium.support.events.EventFiringWebDriver$EventFiringNavigation.to(EventFiringWebDriver.java:569)
	at com.kms.katalon.core.webui.keyword.builtin.NavigateToUrlKeyword$_navigateToUrl_closure1.doCall(NavigateToUrlKeyword.groovy:81)
	at com.kms.katalon.core.webui.keyword.builtin.NavigateToUrlKeyword$_navigateToUrl_closure1.call(NavigateToUrlKeyword.groovy)
	at com.kms.katalon.core.webui.keyword.internal.WebUIKeywordMain.runKeyword(WebUIKeywordMain.groovy:20)
	... 19 more


2022-01-17 18:09:45 - [TEST_STEP][PASSED] - openBrowser(""): Browser is opened with url: ''

2022-01-17 18:09:45 - [MESSAGE][WARNING] - A browser is already opened. Closing browser and opening a new one

2022-01-17 18:09:46 - [MESSAGE][INFO] - Starting 'Chrome' driver

2022-01-17 18:09:46 - [MESSAGE][INFO] - Action delay is set to 0 milliseconds

2022-01-17 18:09:47 - [MESSAGE][PASSED] - Browser is opened with url: ''

2022-01-17 18:09:47 - [TEST_STEP][FAILED] - navigateToUrl("http://localhost:8080/"): Unable to navigate to 'http://localhost:8080/' (Root cause: com.kms.katalon.core.exception.StepFailedException: Unable to navigate to 'http://localhost:8080/'
	at com.kms.katalon.core.webui.keyword.internal.WebUIKeywordMain.stepFailed(WebUIKeywordMain.groovy:64)
	at com.kms.katalon.core.webui.keyword.internal.WebUIKeywordMain.runKeyword(WebUIKeywordMain.groovy:26)
	at com.kms.katalon.core.webui.keyword.builtin.NavigateToUrlKeyword.navigateToUrl(NavigateToUrlKeyword.groovy:83)
	at com.kms.katalon.core.webui.keyword.builtin.NavigateToUrlKeyword.execute(NavigateToUrlKeyword.groovy:67)
	at com.kms.katalon.core.keyword.internal.KeywordExecutor.executeKeywordForPlatform(KeywordExecutor.groovy:74)
	at com.kms.katalon.core.webui.keyword.WebUiBuiltInKeywords.navigateToUrl(WebUiBuiltInKeywords.groovy:187)
	at com.kms.katalon.core.webui.keyword.WebUiBuiltInKeywords$navigateToUrl$0.call(Unknown Source)
	at Search in chatbox.run(Search in chatbox:22)
	at com.kms.katalon.core.main.ScriptEngine.run(ScriptEngine.java:194)
	at com.kms.katalon.core.main.ScriptEngine.runScriptAsRawText(ScriptEngine.java:119)
	at com.kms.katalon.core.main.TestCaseExecutor.runScript(TestCaseExecutor.java:442)
	at com.kms.katalon.core.main.TestCaseExecutor.doExecute(TestCaseExecutor.java:433)
	at com.kms.katalon.core.main.TestCaseExecutor.processExecutionPhase(TestCaseExecutor.java:412)
	at com.kms.katalon.core.main.TestCaseExecutor.accessMainPhase(TestCaseExecutor.java:404)
	at com.kms.katalon.core.main.TestCaseExecutor.execute(TestCaseExecutor.java:281)
	at com.kms.katalon.core.main.TestSuiteExecutor.accessTestCaseMainPhase(TestSuiteExecutor.java:202)
	at com.kms.katalon.core.main.TestSuiteExecutor.accessTestSuiteMainPhase(TestSuiteExecutor.java:164)
	at com.kms.katalon.core.main.TestSuiteExecutor.execute(TestSuiteExecutor.java:105)
	at com.kms.katalon.core.main.TestCaseMain.startTestSuite(TestCaseMain.java:181)
	at com.kms.katalon.core.main.TestCaseMain$startTestSuite$0.call(Unknown Source)
	at TempTestSuite1642411537017.run(TempTestSuite1642411537017.groovy:36)
Caused by: org.openqa.selenium.WebDriverException: unknown error: net::ERR_CONNECTION_REFUSED
  (Session info: chrome=97.0.4692.71)
Build info: version: '3.141.59', revision: 'e82be7d358', time: '2018-11-14T08:25:53'
System info: host: 'DESKTOP-A3NO6EJ', ip: '172.23.64.1', os.name: 'Windows 10', os.arch: 'amd64', os.version: '10.0', java.version: '1.8.0_282'
Driver info: com.kms.katalon.selenium.driver.CChromeDriver
Capabilities {acceptInsecureCerts: false, browserName: chrome, browserVersion: 97.0.4692.71, chrome: {chromedriverVersion: 97.0.4692.71 (adefa7837d02a..., userDataDir: C:\Users\User\AppData\Local...}, goog:chromeOptions: {debuggerAddress: localhost:60007}, javascriptEnabled: true, networkConnectionEnabled: false, pageLoadStrategy: normal, platform: WINDOWS, platformName: WINDOWS, proxy: Proxy(), setWindowRect: true, strictFileInteractability: false, timeouts: {implicit: 0, pageLoad: 300000, script: 30000}, unhandledPromptBehavior: dismiss and notify, webauthn:extension:credBlob: true, webauthn:extension:largeBlob: true, webauthn:virtualAuthenticators: true}
Session ID: a1b7c08a1c63e4809da542cc3bccf7ee
	at org.openqa.selenium.remote.http.W3CHttpResponseCodec.createException(W3CHttpResponseCodec.java:187)
	at org.openqa.selenium.remote.http.W3CHttpResponseCodec.decode(W3CHttpResponseCodec.java:122)
	at org.openqa.selenium.remote.http.W3CHttpResponseCodec.decode(W3CHttpResponseCodec.java:49)
	at org.openqa.selenium.remote.HttpCommandExecutor.execute(HttpCommandExecutor.java:158)
	at org.openqa.selenium.remote.service.DriverCommandExecutor.execute(DriverCommandExecutor.java:83)
	at org.openqa.selenium.remote.RemoteWebDriver.execute(RemoteWebDriver.java:552)
	at com.kms.katalon.selenium.driver.CChromeDriver.execute(CChromeDriver.java:19)
	at org.openqa.selenium.remote.RemoteWebDriver.get(RemoteWebDriver.java:277)
	at org.openqa.selenium.remote.RemoteWebDriver$RemoteNavigation.to(RemoteWebDriver.java:857)
	at org.openqa.selenium.support.events.EventFiringWebDriver$EventFiringNavigation.to(EventFiringWebDriver.java:569)
	at com.kms.katalon.core.webui.keyword.builtin.NavigateToUrlKeyword$_navigateToUrl_closure1.doCall(NavigateToUrlKeyword.groovy:81)
	at com.kms.katalon.core.webui.keyword.builtin.NavigateToUrlKeyword$_navigateToUrl_closure1.call(NavigateToUrlKeyword.groovy)
	at com.kms.katalon.core.webui.keyword.internal.WebUIKeywordMain.runKeyword(WebUIKeywordMain.groovy:20)
	at com.kms.katalon.core.webui.keyword.builtin.NavigateToUrlKeyword.navigateToUrl(NavigateToUrlKeyword.groovy:83)
	at com.kms.katalon.core.webui.keyword.builtin.NavigateToUrlKeyword.execute(NavigateToUrlKeyword.groovy:67)
	at com.kms.katalon.core.keyword.internal.KeywordExecutor.executeKeywordForPlatform(KeywordExecutor.groovy:74)
	at com.kms.katalon.core.webui.keyword.WebUiBuiltInKeywords.navigateToUrl(WebUiBuiltInKeywords.groovy:187)
	at com.kms.katalon.core.webui.keyword.WebUiBuiltInKeywords$navigateToUrl$0.call(Unknown Source)
	at Script1642391483227.run(Script1642391483227.groovy:22)
	... 13 more
)

2022-01-17 18:09:56 - [MESSAGE][FAILED] - Unable to navigate to 'http://localhost:8080/' (Root cause: com.kms.katalon.core.exception.StepFailedException: Unable to navigate to 'http://localhost:8080/'
	at com.kms.katalon.core.webui.keyword.internal.WebUIKeywordMain.stepFailed(WebUIKeywordMain.groovy:64)
	at com.kms.katalon.core.webui.keyword.internal.WebUIKeywordMain.runKeyword(WebUIKeywordMain.groovy:26)
	at com.kms.katalon.core.webui.keyword.builtin.NavigateToUrlKeyword.navigateToUrl(NavigateToUrlKeyword.groovy:83)
	at com.kms.katalon.core.webui.keyword.builtin.NavigateToUrlKeyword.execute(NavigateToUrlKeyword.groovy:67)
	at com.kms.katalon.core.keyword.internal.KeywordExecutor.executeKeywordForPlatform(KeywordExecutor.groovy:74)
	at com.kms.katalon.core.webui.keyword.WebUiBuiltInKeywords.navigateToUrl(WebUiBuiltInKeywords.groovy:187)
	at com.kms.katalon.core.webui.keyword.WebUiBuiltInKeywords$navigateToUrl$0.call(Unknown Source)
	at Search in chatbox.run(Search in chatbox:22)
	at com.kms.katalon.core.main.ScriptEngine.run(ScriptEngine.java:194)
	at com.kms.katalon.core.main.ScriptEngine.runScriptAsRawText(ScriptEngine.java:119)
	at com.kms.katalon.core.main.TestCaseExecutor.runScript(TestCaseExecutor.java:442)
	at com.kms.katalon.core.main.TestCaseExecutor.doExecute(TestCaseExecutor.java:433)
	at com.kms.katalon.core.main.TestCaseExecutor.processExecutionPhase(TestCaseExecutor.java:412)
	at com.kms.katalon.core.main.TestCaseExecutor.accessMainPhase(TestCaseExecutor.java:404)
	at com.kms.katalon.core.main.TestCaseExecutor.execute(TestCaseExecutor.java:281)
	at com.kms.katalon.core.main.TestSuiteExecutor.accessTestCaseMainPhase(TestSuiteExecutor.java:202)
	at com.kms.katalon.core.main.TestSuiteExecutor.accessTestSuiteMainPhase(TestSuiteExecutor.java:164)
	at com.kms.katalon.core.main.TestSuiteExecutor.execute(TestSuiteExecutor.java:105)
	at com.kms.katalon.core.main.TestCaseMain.startTestSuite(TestCaseMain.java:181)
	at com.kms.katalon.core.main.TestCaseMain$startTestSuite$0.call(Unknown Source)
	at TempTestSuite1642411537017.run(TempTestSuite1642411537017.groovy:36)
Caused by: org.openqa.selenium.WebDriverException: unknown error: net::ERR_CONNECTION_REFUSED
  (Session info: chrome=97.0.4692.71)
Build info: version: '3.141.59', revision: 'e82be7d358', time: '2018-11-14T08:25:53'
System info: host: 'DESKTOP-A3NO6EJ', ip: '172.23.64.1', os.name: 'Windows 10', os.arch: 'amd64', os.version: '10.0', java.version: '1.8.0_282'
Driver info: com.kms.katalon.selenium.driver.CChromeDriver
Capabilities {acceptInsecureCerts: false, browserName: chrome, browserVersion: 97.0.4692.71, chrome: {chromedriverVersion: 97.0.4692.71 (adefa7837d02a..., userDataDir: C:\Users\User\AppData\Local...}, goog:chromeOptions: {debuggerAddress: localhost:60007}, javascriptEnabled: true, networkConnectionEnabled: false, pageLoadStrategy: normal, platform: WINDOWS, platformName: WINDOWS, proxy: Proxy(), setWindowRect: true, strictFileInteractability: false, timeouts: {implicit: 0, pageLoad: 300000, script: 30000}, unhandledPromptBehavior: dismiss and notify, webauthn:extension:credBlob: true, webauthn:extension:largeBlob: true, webauthn:virtualAuthenticators: true}
Session ID: a1b7c08a1c63e4809da542cc3bccf7ee
	at org.openqa.selenium.remote.http.W3CHttpResponseCodec.createException(W3CHttpResponseCodec.java:187)
	at org.openqa.selenium.remote.http.W3CHttpResponseCodec.decode(W3CHttpResponseCodec.java:122)
	at org.openqa.selenium.remote.http.W3CHttpResponseCodec.decode(W3CHttpResponseCodec.java:49)
	at org.openqa.selenium.remote.HttpCommandExecutor.execute(HttpCommandExecutor.java:158)
	at org.openqa.selenium.remote.service.DriverCommandExecutor.execute(DriverCommandExecutor.java:83)
	at org.openqa.selenium.remote.RemoteWebDriver.execute(RemoteWebDriver.java:552)
	at com.kms.katalon.selenium.driver.CChromeDriver.execute(CChromeDriver.java:19)
	at org.openqa.selenium.remote.RemoteWebDriver.get(RemoteWebDriver.java:277)
	at org.openqa.selenium.remote.RemoteWebDriver$RemoteNavigation.to(RemoteWebDriver.java:857)
	at org.openqa.selenium.support.events.EventFiringWebDriver$EventFiringNavigation.to(EventFiringWebDriver.java:569)
	at com.kms.katalon.core.webui.keyword.builtin.NavigateToUrlKeyword$_navigateToUrl_closure1.doCall(NavigateToUrlKeyword.groovy:81)
	at com.kms.katalon.core.webui.keyword.builtin.NavigateToUrlKeyword$_navigateToUrl_closure1.call(NavigateToUrlKeyword.groovy)
	at com.kms.katalon.core.webui.keyword.internal.WebUIKeywordMain.runKeyword(WebUIKeywordMain.groovy:20)
	at com.kms.katalon.core.webui.keyword.builtin.NavigateToUrlKeyword.navigateToUrl(NavigateToUrlKeyword.groovy:83)
	at com.kms.katalon.core.webui.keyword.builtin.NavigateToUrlKeyword.execute(NavigateToUrlKeyword.groovy:67)
	at com.kms.katalon.core.keyword.internal.KeywordExecutor.executeKeywordForPlatform(KeywordExecutor.groovy:74)
	at com.kms.katalon.core.webui.keyword.WebUiBuiltInKeywords.navigateToUrl(WebUiBuiltInKeywords.groovy:187)
	at com.kms.katalon.core.webui.keyword.WebUiBuiltInKeywords$navigateToUrl$0.call(Unknown Source)
	at Script1642391483227.run(Script1642391483227.groovy:22)
	... 13 more
)
[[ATTACHMENT|C:\\Users\\User\\Katalon Studio\\Bonus SE\\Test-Automation-SE-Bonus\\Reports\\20220117_162537\\Run all test case\\20220117_162537\\1642417796022.png]]]]></system-out>
         <system-err><![CDATA[2022-01-17 18:09:45 - [TEST_CASE][FAILED] - Test Cases/Chat in private room/Search in chatbox: Test Cases/Chat in private room/Search in chatbox FAILED.
Reason:
com.kms.katalon.core.exception.StepFailedException: Unable to navigate to 'http://localhost:8080/'
	at com.kms.katalon.core.webui.keyword.internal.WebUIKeywordMain.stepFailed(WebUIKeywordMain.groovy:64)
	at com.kms.katalon.core.webui.keyword.internal.WebUIKeywordMain.runKeyword(WebUIKeywordMain.groovy:26)
	at com.kms.katalon.core.webui.keyword.builtin.NavigateToUrlKeyword.navigateToUrl(NavigateToUrlKeyword.groovy:83)
	at com.kms.katalon.core.webui.keyword.builtin.NavigateToUrlKeyword.execute(NavigateToUrlKeyword.groovy:67)
	at com.kms.katalon.core.keyword.internal.KeywordExecutor.executeKeywordForPlatform(KeywordExecutor.groovy:74)
	at com.kms.katalon.core.webui.keyword.WebUiBuiltInKeywords.navigateToUrl(WebUiBuiltInKeywords.groovy:187)
	at com.kms.katalon.core.webui.keyword.WebUiBuiltInKeywords$navigateToUrl$0.call(Unknown Source)
	at Search in chatbox.run(Search in chatbox:22)
	at com.kms.katalon.core.main.ScriptEngine.run(ScriptEngine.java:194)
	at com.kms.katalon.core.main.ScriptEngine.runScriptAsRawText(ScriptEngine.java:119)
	at com.kms.katalon.core.main.TestCaseExecutor.runScript(TestCaseExecutor.java:442)
	at com.kms.katalon.core.main.TestCaseExecutor.doExecute(TestCaseExecutor.java:433)
	at com.kms.katalon.core.main.TestCaseExecutor.processExecutionPhase(TestCaseExecutor.java:412)
	at com.kms.katalon.core.main.TestCaseExecutor.accessMainPhase(TestCaseExecutor.java:404)
	at com.kms.katalon.core.main.TestCaseExecutor.execute(TestCaseExecutor.java:281)
	at com.kms.katalon.core.main.TestSuiteExecutor.accessTestCaseMainPhase(TestSuiteExecutor.java:202)
	at com.kms.katalon.core.main.TestSuiteExecutor.accessTestSuiteMainPhase(TestSuiteExecutor.java:164)
	at com.kms.katalon.core.main.TestSuiteExecutor.execute(TestSuiteExecutor.java:105)
	at com.kms.katalon.core.main.TestCaseMain.startTestSuite(TestCaseMain.java:181)
	at com.kms.katalon.core.main.TestCaseMain$startTestSuite$0.call(Unknown Source)
	at TempTestSuite1642411537017.run(TempTestSuite1642411537017.groovy:36)
Caused by: org.openqa.selenium.WebDriverException: unknown error: net::ERR_CONNECTION_REFUSED
  (Session info: chrome=97.0.4692.71)
Build info: version: '3.141.59', revision: 'e82be7d358', time: '2018-11-14T08:25:53'
System info: host: 'DESKTOP-A3NO6EJ', ip: '172.23.64.1', os.name: 'Windows 10', os.arch: 'amd64', os.version: '10.0', java.version: '1.8.0_282'
Driver info: com.kms.katalon.selenium.driver.CChromeDriver
Capabilities {acceptInsecureCerts: false, browserName: chrome, browserVersion: 97.0.4692.71, chrome: {chromedriverVersion: 97.0.4692.71 (adefa7837d02a..., userDataDir: C:\Users\User\AppData\Local...}, goog:chromeOptions: {debuggerAddress: localhost:60007}, javascriptEnabled: true, networkConnectionEnabled: false, pageLoadStrategy: normal, platform: WINDOWS, platformName: WINDOWS, proxy: Proxy(), setWindowRect: true, strictFileInteractability: false, timeouts: {implicit: 0, pageLoad: 300000, script: 30000}, unhandledPromptBehavior: dismiss and notify, webauthn:extension:credBlob: true, webauthn:extension:largeBlob: true, webauthn:virtualAuthenticators: true}
Session ID: a1b7c08a1c63e4809da542cc3bccf7ee
	at org.openqa.selenium.remote.http.W3CHttpResponseCodec.createException(W3CHttpResponseCodec.java:187)
	at org.openqa.selenium.remote.http.W3CHttpResponseCodec.decode(W3CHttpResponseCodec.java:122)
	at org.openqa.selenium.remote.http.W3CHttpResponseCodec.decode(W3CHttpResponseCodec.java:49)
	at org.openqa.selenium.remote.HttpCommandExecutor.execute(HttpCommandExecutor.java:158)
	at org.openqa.selenium.remote.service.DriverCommandExecutor.execute(DriverCommandExecutor.java:83)
	at org.openqa.selenium.remote.RemoteWebDriver.execute(RemoteWebDriver.java:552)
	at com.kms.katalon.selenium.driver.CChromeDriver.execute(CChromeDriver.java:19)
	at org.openqa.selenium.remote.RemoteWebDriver.get(RemoteWebDriver.java:277)
	at org.openqa.selenium.remote.RemoteWebDriver$RemoteNavigation.to(RemoteWebDriver.java:857)
	at org.openqa.selenium.support.events.EventFiringWebDriver$EventFiringNavigation.to(EventFiringWebDriver.java:569)
	at com.kms.katalon.core.webui.keyword.builtin.NavigateToUrlKeyword$_navigateToUrl_closure1.doCall(NavigateToUrlKeyword.groovy:81)
	at com.kms.katalon.core.webui.keyword.builtin.NavigateToUrlKeyword$_navigateToUrl_closure1.call(NavigateToUrlKeyword.groovy)
	at com.kms.katalon.core.webui.keyword.internal.WebUIKeywordMain.runKeyword(WebUIKeywordMain.groovy:20)
	... 19 more]]></system-err>
      </testcase>
      <testcase name="Test Cases/Chat in private room/Send a message with emojis" time="11.133" classname="Test Cases/Chat in private room/Send a message with emojis" status="FAILED">
         <failure type="FAILED" message="Test Cases/Chat in private room/Send a message with emojis FAILED.
Reason:
com.kms.katalon.core.exception.StepFailedException: Unable to navigate to 'http://localhost:8080/'
	at com.kms.katalon.core.webui.keyword.internal.WebUIKeywordMain.stepFailed(WebUIKeywordMain.groovy:64)
	at com.kms.katalon.core.webui.keyword.internal.WebUIKeywordMain.runKeyword(WebUIKeywordMain.groovy:26)
	at com.kms.katalon.core.webui.keyword.builtin.NavigateToUrlKeyword.navigateToUrl(NavigateToUrlKeyword.groovy:83)
	at com.kms.katalon.core.webui.keyword.builtin.NavigateToUrlKeyword.execute(NavigateToUrlKeyword.groovy:67)
	at com.kms.katalon.core.keyword.internal.KeywordExecutor.executeKeywordForPlatform(KeywordExecutor.groovy:74)
	at com.kms.katalon.core.webui.keyword.WebUiBuiltInKeywords.navigateToUrl(WebUiBuiltInKeywords.groovy:187)
	at com.kms.katalon.core.webui.keyword.WebUiBuiltInKeywords$navigateToUrl$0.call(Unknown Source)
	at Send a message with emojis.run(Send a message with emojis:22)
	at com.kms.katalon.core.main.ScriptEngine.run(ScriptEngine.java:194)
	at com.kms.katalon.core.main.ScriptEngine.runScriptAsRawText(ScriptEngine.java:119)
	at com.kms.katalon.core.main.TestCaseExecutor.runScript(TestCaseExecutor.java:442)
	at com.kms.katalon.core.main.TestCaseExecutor.doExecute(TestCaseExecutor.java:433)
	at com.kms.katalon.core.main.TestCaseExecutor.processExecutionPhase(TestCaseExecutor.java:412)
	at com.kms.katalon.core.main.TestCaseExecutor.accessMainPhase(TestCaseExecutor.java:404)
	at com.kms.katalon.core.main.TestCaseExecutor.execute(TestCaseExecutor.java:281)
	at com.kms.katalon.core.main.TestSuiteExecutor.accessTestCaseMainPhase(TestSuiteExecutor.java:202)
	at com.kms.katalon.core.main.TestSuiteExecutor.accessTestSuiteMainPhase(TestSuiteExecutor.java:164)
	at com.kms.katalon.core.main.TestSuiteExecutor.execute(TestSuiteExecutor.java:105)
	at com.kms.katalon.core.main.TestCaseMain.startTestSuite(TestCaseMain.java:181)
	at com.kms.katalon.core.main.TestCaseMain$startTestSuite$0.call(Unknown Source)
	at TempTestSuite1642411537017.run(TempTestSuite1642411537017.groovy:36)
Caused by: org.openqa.selenium.WebDriverException: unknown error: net::ERR_CONNECTION_REFUSED
  (Session info: chrome=97.0.4692.71)
Build info: version: '3.141.59', revision: 'e82be7d358', time: '2018-11-14T08:25:53'
System info: host: 'DESKTOP-A3NO6EJ', ip: '172.23.64.1', os.name: 'Windows 10', os.arch: 'amd64', os.version: '10.0', java.version: '1.8.0_282'
Driver info: com.kms.katalon.selenium.driver.CChromeDriver
Capabilities {acceptInsecureCerts: false, browserName: chrome, browserVersion: 97.0.4692.71, chrome: {chromedriverVersion: 97.0.4692.71 (adefa7837d02a..., userDataDir: C:\Users\User\AppData\Local...}, goog:chromeOptions: {debuggerAddress: localhost:60088}, javascriptEnabled: true, networkConnectionEnabled: false, pageLoadStrategy: normal, platform: WINDOWS, platformName: WINDOWS, proxy: Proxy(), setWindowRect: true, strictFileInteractability: false, timeouts: {implicit: 0, pageLoad: 300000, script: 30000}, unhandledPromptBehavior: dismiss and notify, webauthn:extension:credBlob: true, webauthn:extension:largeBlob: true, webauthn:virtualAuthenticators: true}
Session ID: 8c2245b65ffac84fb4c151095840336b
	at org.openqa.selenium.remote.http.W3CHttpResponseCodec.createException(W3CHttpResponseCodec.java:187)
	at org.openqa.selenium.remote.http.W3CHttpResponseCodec.decode(W3CHttpResponseCodec.java:122)
	at org.openqa.selenium.remote.http.W3CHttpResponseCodec.decode(W3CHttpResponseCodec.java:49)
	at org.openqa.selenium.remote.HttpCommandExecutor.execute(HttpCommandExecutor.java:158)
	at org.openqa.selenium.remote.service.DriverCommandExecutor.execute(DriverCommandExecutor.java:83)
	at org.openqa.selenium.remote.RemoteWebDriver.execute(RemoteWebDriver.java:552)
	at com.kms.katalon.selenium.driver.CChromeDriver.execute(CChromeDriver.java:19)
	at org.openqa.selenium.remote.RemoteWebDriver.get(RemoteWebDriver.java:277)
	at org.openqa.selenium.remote.RemoteWebDriver$RemoteNavigation.to(RemoteWebDriver.java:857)
	at org.openqa.selenium.support.events.EventFiringWebDriver$EventFiringNavigation.to(EventFiringWebDriver.java:569)
	at com.kms.katalon.core.webui.keyword.builtin.NavigateToUrlKeyword$_navigateToUrl_closure1.doCall(NavigateToUrlKeyword.groovy:81)
	at com.kms.katalon.core.webui.keyword.builtin.NavigateToUrlKeyword$_navigateToUrl_closure1.call(NavigateToUrlKeyword.groovy)
	at com.kms.katalon.core.webui.keyword.internal.WebUIKeywordMain.runKeyword(WebUIKeywordMain.groovy:20)
	... 19 more
"/>
         <system-out><![CDATA[2022-01-17 18:09:56 - [TEST_CASE][FAILED] - Test Cases/Chat in private room/Send a message with emojis: Test Cases/Chat in private room/Send a message with emojis FAILED.
Reason:
com.kms.katalon.core.exception.StepFailedException: Unable to navigate to 'http://localhost:8080/'
	at com.kms.katalon.core.webui.keyword.internal.WebUIKeywordMain.stepFailed(WebUIKeywordMain.groovy:64)
	at com.kms.katalon.core.webui.keyword.internal.WebUIKeywordMain.runKeyword(WebUIKeywordMain.groovy:26)
	at com.kms.katalon.core.webui.keyword.builtin.NavigateToUrlKeyword.navigateToUrl(NavigateToUrlKeyword.groovy:83)
	at com.kms.katalon.core.webui.keyword.builtin.NavigateToUrlKeyword.execute(NavigateToUrlKeyword.groovy:67)
	at com.kms.katalon.core.keyword.internal.KeywordExecutor.executeKeywordForPlatform(KeywordExecutor.groovy:74)
	at com.kms.katalon.core.webui.keyword.WebUiBuiltInKeywords.navigateToUrl(WebUiBuiltInKeywords.groovy:187)
	at com.kms.katalon.core.webui.keyword.WebUiBuiltInKeywords$navigateToUrl$0.call(Unknown Source)
	at Send a message with emojis.run(Send a message with emojis:22)
	at com.kms.katalon.core.main.ScriptEngine.run(ScriptEngine.java:194)
	at com.kms.katalon.core.main.ScriptEngine.runScriptAsRawText(ScriptEngine.java:119)
	at com.kms.katalon.core.main.TestCaseExecutor.runScript(TestCaseExecutor.java:442)
	at com.kms.katalon.core.main.TestCaseExecutor.doExecute(TestCaseExecutor.java:433)
	at com.kms.katalon.core.main.TestCaseExecutor.processExecutionPhase(TestCaseExecutor.java:412)
	at com.kms.katalon.core.main.TestCaseExecutor.accessMainPhase(TestCaseExecutor.java:404)
	at com.kms.katalon.core.main.TestCaseExecutor.execute(TestCaseExecutor.java:281)
	at com.kms.katalon.core.main.TestSuiteExecutor.accessTestCaseMainPhase(TestSuiteExecutor.java:202)
	at com.kms.katalon.core.main.TestSuiteExecutor.accessTestSuiteMainPhase(TestSuiteExecutor.java:164)
	at com.kms.katalon.core.main.TestSuiteExecutor.execute(TestSuiteExecutor.java:105)
	at com.kms.katalon.core.main.TestCaseMain.startTestSuite(TestCaseMain.java:181)
	at com.kms.katalon.core.main.TestCaseMain$startTestSuite$0.call(Unknown Source)
	at TempTestSuite1642411537017.run(TempTestSuite1642411537017.groovy:36)
Caused by: org.openqa.selenium.WebDriverException: unknown error: net::ERR_CONNECTION_REFUSED
  (Session info: chrome=97.0.4692.71)
Build info: version: '3.141.59', revision: 'e82be7d358', time: '2018-11-14T08:25:53'
System info: host: 'DESKTOP-A3NO6EJ', ip: '172.23.64.1', os.name: 'Windows 10', os.arch: 'amd64', os.version: '10.0', java.version: '1.8.0_282'
Driver info: com.kms.katalon.selenium.driver.CChromeDriver
Capabilities {acceptInsecureCerts: false, browserName: chrome, browserVersion: 97.0.4692.71, chrome: {chromedriverVersion: 97.0.4692.71 (adefa7837d02a..., userDataDir: C:\Users\User\AppData\Local...}, goog:chromeOptions: {debuggerAddress: localhost:60088}, javascriptEnabled: true, networkConnectionEnabled: false, pageLoadStrategy: normal, platform: WINDOWS, platformName: WINDOWS, proxy: Proxy(), setWindowRect: true, strictFileInteractability: false, timeouts: {implicit: 0, pageLoad: 300000, script: 30000}, unhandledPromptBehavior: dismiss and notify, webauthn:extension:credBlob: true, webauthn:extension:largeBlob: true, webauthn:virtualAuthenticators: true}
Session ID: 8c2245b65ffac84fb4c151095840336b
	at org.openqa.selenium.remote.http.W3CHttpResponseCodec.createException(W3CHttpResponseCodec.java:187)
	at org.openqa.selenium.remote.http.W3CHttpResponseCodec.decode(W3CHttpResponseCodec.java:122)
	at org.openqa.selenium.remote.http.W3CHttpResponseCodec.decode(W3CHttpResponseCodec.java:49)
	at org.openqa.selenium.remote.HttpCommandExecutor.execute(HttpCommandExecutor.java:158)
	at org.openqa.selenium.remote.service.DriverCommandExecutor.execute(DriverCommandExecutor.java:83)
	at org.openqa.selenium.remote.RemoteWebDriver.execute(RemoteWebDriver.java:552)
	at com.kms.katalon.selenium.driver.CChromeDriver.execute(CChromeDriver.java:19)
	at org.openqa.selenium.remote.RemoteWebDriver.get(RemoteWebDriver.java:277)
	at org.openqa.selenium.remote.RemoteWebDriver$RemoteNavigation.to(RemoteWebDriver.java:857)
	at org.openqa.selenium.support.events.EventFiringWebDriver$EventFiringNavigation.to(EventFiringWebDriver.java:569)
	at com.kms.katalon.core.webui.keyword.builtin.NavigateToUrlKeyword$_navigateToUrl_closure1.doCall(NavigateToUrlKeyword.groovy:81)
	at com.kms.katalon.core.webui.keyword.builtin.NavigateToUrlKeyword$_navigateToUrl_closure1.call(NavigateToUrlKeyword.groovy)
	at com.kms.katalon.core.webui.keyword.internal.WebUIKeywordMain.runKeyword(WebUIKeywordMain.groovy:20)
	... 19 more


2022-01-17 18:09:56 - [TEST_STEP][PASSED] - openBrowser(""): Browser is opened with url: ''

2022-01-17 18:09:56 - [MESSAGE][WARNING] - A browser is already opened. Closing browser and opening a new one

2022-01-17 18:09:57 - [MESSAGE][INFO] - Starting 'Chrome' driver

2022-01-17 18:09:57 - [MESSAGE][INFO] - Action delay is set to 0 milliseconds

2022-01-17 18:09:58 - [MESSAGE][PASSED] - Browser is opened with url: ''

2022-01-17 18:09:58 - [TEST_STEP][FAILED] - navigateToUrl("http://localhost:8080/"): Unable to navigate to 'http://localhost:8080/' (Root cause: com.kms.katalon.core.exception.StepFailedException: Unable to navigate to 'http://localhost:8080/'
	at com.kms.katalon.core.webui.keyword.internal.WebUIKeywordMain.stepFailed(WebUIKeywordMain.groovy:64)
	at com.kms.katalon.core.webui.keyword.internal.WebUIKeywordMain.runKeyword(WebUIKeywordMain.groovy:26)
	at com.kms.katalon.core.webui.keyword.builtin.NavigateToUrlKeyword.navigateToUrl(NavigateToUrlKeyword.groovy:83)
	at com.kms.katalon.core.webui.keyword.builtin.NavigateToUrlKeyword.execute(NavigateToUrlKeyword.groovy:67)
	at com.kms.katalon.core.keyword.internal.KeywordExecutor.executeKeywordForPlatform(KeywordExecutor.groovy:74)
	at com.kms.katalon.core.webui.keyword.WebUiBuiltInKeywords.navigateToUrl(WebUiBuiltInKeywords.groovy:187)
	at com.kms.katalon.core.webui.keyword.WebUiBuiltInKeywords$navigateToUrl$0.call(Unknown Source)
	at Send a message with emojis.run(Send a message with emojis:22)
	at com.kms.katalon.core.main.ScriptEngine.run(ScriptEngine.java:194)
	at com.kms.katalon.core.main.ScriptEngine.runScriptAsRawText(ScriptEngine.java:119)
	at com.kms.katalon.core.main.TestCaseExecutor.runScript(TestCaseExecutor.java:442)
	at com.kms.katalon.core.main.TestCaseExecutor.doExecute(TestCaseExecutor.java:433)
	at com.kms.katalon.core.main.TestCaseExecutor.processExecutionPhase(TestCaseExecutor.java:412)
	at com.kms.katalon.core.main.TestCaseExecutor.accessMainPhase(TestCaseExecutor.java:404)
	at com.kms.katalon.core.main.TestCaseExecutor.execute(TestCaseExecutor.java:281)
	at com.kms.katalon.core.main.TestSuiteExecutor.accessTestCaseMainPhase(TestSuiteExecutor.java:202)
	at com.kms.katalon.core.main.TestSuiteExecutor.accessTestSuiteMainPhase(TestSuiteExecutor.java:164)
	at com.kms.katalon.core.main.TestSuiteExecutor.execute(TestSuiteExecutor.java:105)
	at com.kms.katalon.core.main.TestCaseMain.startTestSuite(TestCaseMain.java:181)
	at com.kms.katalon.core.main.TestCaseMain$startTestSuite$0.call(Unknown Source)
	at TempTestSuite1642411537017.run(TempTestSuite1642411537017.groovy:36)
Caused by: org.openqa.selenium.WebDriverException: unknown error: net::ERR_CONNECTION_REFUSED
  (Session info: chrome=97.0.4692.71)
Build info: version: '3.141.59', revision: 'e82be7d358', time: '2018-11-14T08:25:53'
System info: host: 'DESKTOP-A3NO6EJ', ip: '172.23.64.1', os.name: 'Windows 10', os.arch: 'amd64', os.version: '10.0', java.version: '1.8.0_282'
Driver info: com.kms.katalon.selenium.driver.CChromeDriver
Capabilities {acceptInsecureCerts: false, browserName: chrome, browserVersion: 97.0.4692.71, chrome: {chromedriverVersion: 97.0.4692.71 (adefa7837d02a..., userDataDir: C:\Users\User\AppData\Local...}, goog:chromeOptions: {debuggerAddress: localhost:60088}, javascriptEnabled: true, networkConnectionEnabled: false, pageLoadStrategy: normal, platform: WINDOWS, platformName: WINDOWS, proxy: Proxy(), setWindowRect: true, strictFileInteractability: false, timeouts: {implicit: 0, pageLoad: 300000, script: 30000}, unhandledPromptBehavior: dismiss and notify, webauthn:extension:credBlob: true, webauthn:extension:largeBlob: true, webauthn:virtualAuthenticators: true}
Session ID: 8c2245b65ffac84fb4c151095840336b
	at org.openqa.selenium.remote.http.W3CHttpResponseCodec.createException(W3CHttpResponseCodec.java:187)
	at org.openqa.selenium.remote.http.W3CHttpResponseCodec.decode(W3CHttpResponseCodec.java:122)
	at org.openqa.selenium.remote.http.W3CHttpResponseCodec.decode(W3CHttpResponseCodec.java:49)
	at org.openqa.selenium.remote.HttpCommandExecutor.execute(HttpCommandExecutor.java:158)
	at org.openqa.selenium.remote.service.DriverCommandExecutor.execute(DriverCommandExecutor.java:83)
	at org.openqa.selenium.remote.RemoteWebDriver.execute(RemoteWebDriver.java:552)
	at com.kms.katalon.selenium.driver.CChromeDriver.execute(CChromeDriver.java:19)
	at org.openqa.selenium.remote.RemoteWebDriver.get(RemoteWebDriver.java:277)
	at org.openqa.selenium.remote.RemoteWebDriver$RemoteNavigation.to(RemoteWebDriver.java:857)
	at org.openqa.selenium.support.events.EventFiringWebDriver$EventFiringNavigation.to(EventFiringWebDriver.java:569)
	at com.kms.katalon.core.webui.keyword.builtin.NavigateToUrlKeyword$_navigateToUrl_closure1.doCall(NavigateToUrlKeyword.groovy:81)
	at com.kms.katalon.core.webui.keyword.builtin.NavigateToUrlKeyword$_navigateToUrl_closure1.call(NavigateToUrlKeyword.groovy)
	at com.kms.katalon.core.webui.keyword.internal.WebUIKeywordMain.runKeyword(WebUIKeywordMain.groovy:20)
	at com.kms.katalon.core.webui.keyword.builtin.NavigateToUrlKeyword.navigateToUrl(NavigateToUrlKeyword.groovy:83)
	at com.kms.katalon.core.webui.keyword.builtin.NavigateToUrlKeyword.execute(NavigateToUrlKeyword.groovy:67)
	at com.kms.katalon.core.keyword.internal.KeywordExecutor.executeKeywordForPlatform(KeywordExecutor.groovy:74)
	at com.kms.katalon.core.webui.keyword.WebUiBuiltInKeywords.navigateToUrl(WebUiBuiltInKeywords.groovy:187)
	at com.kms.katalon.core.webui.keyword.WebUiBuiltInKeywords$navigateToUrl$0.call(Unknown Source)
	at Script1642391483232.run(Script1642391483232.groovy:22)
	... 13 more
)

2022-01-17 18:10:07 - [MESSAGE][FAILED] - Unable to navigate to 'http://localhost:8080/' (Root cause: com.kms.katalon.core.exception.StepFailedException: Unable to navigate to 'http://localhost:8080/'
	at com.kms.katalon.core.webui.keyword.internal.WebUIKeywordMain.stepFailed(WebUIKeywordMain.groovy:64)
	at com.kms.katalon.core.webui.keyword.internal.WebUIKeywordMain.runKeyword(WebUIKeywordMain.groovy:26)
	at com.kms.katalon.core.webui.keyword.builtin.NavigateToUrlKeyword.navigateToUrl(NavigateToUrlKeyword.groovy:83)
	at com.kms.katalon.core.webui.keyword.builtin.NavigateToUrlKeyword.execute(NavigateToUrlKeyword.groovy:67)
	at com.kms.katalon.core.keyword.internal.KeywordExecutor.executeKeywordForPlatform(KeywordExecutor.groovy:74)
	at com.kms.katalon.core.webui.keyword.WebUiBuiltInKeywords.navigateToUrl(WebUiBuiltInKeywords.groovy:187)
	at com.kms.katalon.core.webui.keyword.WebUiBuiltInKeywords$navigateToUrl$0.call(Unknown Source)
	at Send a message with emojis.run(Send a message with emojis:22)
	at com.kms.katalon.core.main.ScriptEngine.run(ScriptEngine.java:194)
	at com.kms.katalon.core.main.ScriptEngine.runScriptAsRawText(ScriptEngine.java:119)
	at com.kms.katalon.core.main.TestCaseExecutor.runScript(TestCaseExecutor.java:442)
	at com.kms.katalon.core.main.TestCaseExecutor.doExecute(TestCaseExecutor.java:433)
	at com.kms.katalon.core.main.TestCaseExecutor.processExecutionPhase(TestCaseExecutor.java:412)
	at com.kms.katalon.core.main.TestCaseExecutor.accessMainPhase(TestCaseExecutor.java:404)
	at com.kms.katalon.core.main.TestCaseExecutor.execute(TestCaseExecutor.java:281)
	at com.kms.katalon.core.main.TestSuiteExecutor.accessTestCaseMainPhase(TestSuiteExecutor.java:202)
	at com.kms.katalon.core.main.TestSuiteExecutor.accessTestSuiteMainPhase(TestSuiteExecutor.java:164)
	at com.kms.katalon.core.main.TestSuiteExecutor.execute(TestSuiteExecutor.java:105)
	at com.kms.katalon.core.main.TestCaseMain.startTestSuite(TestCaseMain.java:181)
	at com.kms.katalon.core.main.TestCaseMain$startTestSuite$0.call(Unknown Source)
	at TempTestSuite1642411537017.run(TempTestSuite1642411537017.groovy:36)
Caused by: org.openqa.selenium.WebDriverException: unknown error: net::ERR_CONNECTION_REFUSED
  (Session info: chrome=97.0.4692.71)
Build info: version: '3.141.59', revision: 'e82be7d358', time: '2018-11-14T08:25:53'
System info: host: 'DESKTOP-A3NO6EJ', ip: '172.23.64.1', os.name: 'Windows 10', os.arch: 'amd64', os.version: '10.0', java.version: '1.8.0_282'
Driver info: com.kms.katalon.selenium.driver.CChromeDriver
Capabilities {acceptInsecureCerts: false, browserName: chrome, browserVersion: 97.0.4692.71, chrome: {chromedriverVersion: 97.0.4692.71 (adefa7837d02a..., userDataDir: C:\Users\User\AppData\Local...}, goog:chromeOptions: {debuggerAddress: localhost:60088}, javascriptEnabled: true, networkConnectionEnabled: false, pageLoadStrategy: normal, platform: WINDOWS, platformName: WINDOWS, proxy: Proxy(), setWindowRect: true, strictFileInteractability: false, timeouts: {implicit: 0, pageLoad: 300000, script: 30000}, unhandledPromptBehavior: dismiss and notify, webauthn:extension:credBlob: true, webauthn:extension:largeBlob: true, webauthn:virtualAuthenticators: true}
Session ID: 8c2245b65ffac84fb4c151095840336b
	at org.openqa.selenium.remote.http.W3CHttpResponseCodec.createException(W3CHttpResponseCodec.java:187)
	at org.openqa.selenium.remote.http.W3CHttpResponseCodec.decode(W3CHttpResponseCodec.java:122)
	at org.openqa.selenium.remote.http.W3CHttpResponseCodec.decode(W3CHttpResponseCodec.java:49)
	at org.openqa.selenium.remote.HttpCommandExecutor.execute(HttpCommandExecutor.java:158)
	at org.openqa.selenium.remote.service.DriverCommandExecutor.execute(DriverCommandExecutor.java:83)
	at org.openqa.selenium.remote.RemoteWebDriver.execute(RemoteWebDriver.java:552)
	at com.kms.katalon.selenium.driver.CChromeDriver.execute(CChromeDriver.java:19)
	at org.openqa.selenium.remote.RemoteWebDriver.get(RemoteWebDriver.java:277)
	at org.openqa.selenium.remote.RemoteWebDriver$RemoteNavigation.to(RemoteWebDriver.java:857)
	at org.openqa.selenium.support.events.EventFiringWebDriver$EventFiringNavigation.to(EventFiringWebDriver.java:569)
	at com.kms.katalon.core.webui.keyword.builtin.NavigateToUrlKeyword$_navigateToUrl_closure1.doCall(NavigateToUrlKeyword.groovy:81)
	at com.kms.katalon.core.webui.keyword.builtin.NavigateToUrlKeyword$_navigateToUrl_closure1.call(NavigateToUrlKeyword.groovy)
	at com.kms.katalon.core.webui.keyword.internal.WebUIKeywordMain.runKeyword(WebUIKeywordMain.groovy:20)
	at com.kms.katalon.core.webui.keyword.builtin.NavigateToUrlKeyword.navigateToUrl(NavigateToUrlKeyword.groovy:83)
	at com.kms.katalon.core.webui.keyword.builtin.NavigateToUrlKeyword.execute(NavigateToUrlKeyword.groovy:67)
	at com.kms.katalon.core.keyword.internal.KeywordExecutor.executeKeywordForPlatform(KeywordExecutor.groovy:74)
	at com.kms.katalon.core.webui.keyword.WebUiBuiltInKeywords.navigateToUrl(WebUiBuiltInKeywords.groovy:187)
	at com.kms.katalon.core.webui.keyword.WebUiBuiltInKeywords$navigateToUrl$0.call(Unknown Source)
	at Script1642391483232.run(Script1642391483232.groovy:22)
	... 13 more
)
[[ATTACHMENT|C:\\Users\\User\\Katalon Studio\\Bonus SE\\Test-Automation-SE-Bonus\\Reports\\20220117_162537\\Run all test case\\20220117_162537\\1642417807170.png]]]]></system-out>
         <system-err><![CDATA[2022-01-17 18:09:56 - [TEST_CASE][FAILED] - Test Cases/Chat in private room/Send a message with emojis: Test Cases/Chat in private room/Send a message with emojis FAILED.
Reason:
com.kms.katalon.core.exception.StepFailedException: Unable to navigate to 'http://localhost:8080/'
	at com.kms.katalon.core.webui.keyword.internal.WebUIKeywordMain.stepFailed(WebUIKeywordMain.groovy:64)
	at com.kms.katalon.core.webui.keyword.internal.WebUIKeywordMain.runKeyword(WebUIKeywordMain.groovy:26)
	at com.kms.katalon.core.webui.keyword.builtin.NavigateToUrlKeyword.navigateToUrl(NavigateToUrlKeyword.groovy:83)
	at com.kms.katalon.core.webui.keyword.builtin.NavigateToUrlKeyword.execute(NavigateToUrlKeyword.groovy:67)
	at com.kms.katalon.core.keyword.internal.KeywordExecutor.executeKeywordForPlatform(KeywordExecutor.groovy:74)
	at com.kms.katalon.core.webui.keyword.WebUiBuiltInKeywords.navigateToUrl(WebUiBuiltInKeywords.groovy:187)
	at com.kms.katalon.core.webui.keyword.WebUiBuiltInKeywords$navigateToUrl$0.call(Unknown Source)
	at Send a message with emojis.run(Send a message with emojis:22)
	at com.kms.katalon.core.main.ScriptEngine.run(ScriptEngine.java:194)
	at com.kms.katalon.core.main.ScriptEngine.runScriptAsRawText(ScriptEngine.java:119)
	at com.kms.katalon.core.main.TestCaseExecutor.runScript(TestCaseExecutor.java:442)
	at com.kms.katalon.core.main.TestCaseExecutor.doExecute(TestCaseExecutor.java:433)
	at com.kms.katalon.core.main.TestCaseExecutor.processExecutionPhase(TestCaseExecutor.java:412)
	at com.kms.katalon.core.main.TestCaseExecutor.accessMainPhase(TestCaseExecutor.java:404)
	at com.kms.katalon.core.main.TestCaseExecutor.execute(TestCaseExecutor.java:281)
	at com.kms.katalon.core.main.TestSuiteExecutor.accessTestCaseMainPhase(TestSuiteExecutor.java:202)
	at com.kms.katalon.core.main.TestSuiteExecutor.accessTestSuiteMainPhase(TestSuiteExecutor.java:164)
	at com.kms.katalon.core.main.TestSuiteExecutor.execute(TestSuiteExecutor.java:105)
	at com.kms.katalon.core.main.TestCaseMain.startTestSuite(TestCaseMain.java:181)
	at com.kms.katalon.core.main.TestCaseMain$startTestSuite$0.call(Unknown Source)
	at TempTestSuite1642411537017.run(TempTestSuite1642411537017.groovy:36)
Caused by: org.openqa.selenium.WebDriverException: unknown error: net::ERR_CONNECTION_REFUSED
  (Session info: chrome=97.0.4692.71)
Build info: version: '3.141.59', revision: 'e82be7d358', time: '2018-11-14T08:25:53'
System info: host: 'DESKTOP-A3NO6EJ', ip: '172.23.64.1', os.name: 'Windows 10', os.arch: 'amd64', os.version: '10.0', java.version: '1.8.0_282'
Driver info: com.kms.katalon.selenium.driver.CChromeDriver
Capabilities {acceptInsecureCerts: false, browserName: chrome, browserVersion: 97.0.4692.71, chrome: {chromedriverVersion: 97.0.4692.71 (adefa7837d02a..., userDataDir: C:\Users\User\AppData\Local...}, goog:chromeOptions: {debuggerAddress: localhost:60088}, javascriptEnabled: true, networkConnectionEnabled: false, pageLoadStrategy: normal, platform: WINDOWS, platformName: WINDOWS, proxy: Proxy(), setWindowRect: true, strictFileInteractability: false, timeouts: {implicit: 0, pageLoad: 300000, script: 30000}, unhandledPromptBehavior: dismiss and notify, webauthn:extension:credBlob: true, webauthn:extension:largeBlob: true, webauthn:virtualAuthenticators: true}
Session ID: 8c2245b65ffac84fb4c151095840336b
	at org.openqa.selenium.remote.http.W3CHttpResponseCodec.createException(W3CHttpResponseCodec.java:187)
	at org.openqa.selenium.remote.http.W3CHttpResponseCodec.decode(W3CHttpResponseCodec.java:122)
	at org.openqa.selenium.remote.http.W3CHttpResponseCodec.decode(W3CHttpResponseCodec.java:49)
	at org.openqa.selenium.remote.HttpCommandExecutor.execute(HttpCommandExecutor.java:158)
	at org.openqa.selenium.remote.service.DriverCommandExecutor.execute(DriverCommandExecutor.java:83)
	at org.openqa.selenium.remote.RemoteWebDriver.execute(RemoteWebDriver.java:552)
	at com.kms.katalon.selenium.driver.CChromeDriver.execute(CChromeDriver.java:19)
	at org.openqa.selenium.remote.RemoteWebDriver.get(RemoteWebDriver.java:277)
	at org.openqa.selenium.remote.RemoteWebDriver$RemoteNavigation.to(RemoteWebDriver.java:857)
	at org.openqa.selenium.support.events.EventFiringWebDriver$EventFiringNavigation.to(EventFiringWebDriver.java:569)
	at com.kms.katalon.core.webui.keyword.builtin.NavigateToUrlKeyword$_navigateToUrl_closure1.doCall(NavigateToUrlKeyword.groovy:81)
	at com.kms.katalon.core.webui.keyword.builtin.NavigateToUrlKeyword$_navigateToUrl_closure1.call(NavigateToUrlKeyword.groovy)
	at com.kms.katalon.core.webui.keyword.internal.WebUIKeywordMain.runKeyword(WebUIKeywordMain.groovy:20)
	... 19 more]]></system-err>
      </testcase>
      <testcase name="Test Cases/Chat in private room/Change name of room" time="11.336" classname="Test Cases/Chat in private room/Change name of room" status="FAILED">
         <failure type="FAILED" message="Test Cases/Chat in private room/Change name of room FAILED.
Reason:
com.kms.katalon.core.exception.StepFailedException: Unable to navigate to 'http://localhost:8080/'
	at com.kms.katalon.core.webui.keyword.internal.WebUIKeywordMain.stepFailed(WebUIKeywordMain.groovy:64)
	at com.kms.katalon.core.webui.keyword.internal.WebUIKeywordMain.runKeyword(WebUIKeywordMain.groovy:26)
	at com.kms.katalon.core.webui.keyword.builtin.NavigateToUrlKeyword.navigateToUrl(NavigateToUrlKeyword.groovy:83)
	at com.kms.katalon.core.webui.keyword.builtin.NavigateToUrlKeyword.execute(NavigateToUrlKeyword.groovy:67)
	at com.kms.katalon.core.keyword.internal.KeywordExecutor.executeKeywordForPlatform(KeywordExecutor.groovy:74)
	at com.kms.katalon.core.webui.keyword.WebUiBuiltInKeywords.navigateToUrl(WebUiBuiltInKeywords.groovy:187)
	at com.kms.katalon.core.webui.keyword.WebUiBuiltInKeywords$navigateToUrl$0.call(Unknown Source)
	at Change name of room.run(Change name of room:22)
	at com.kms.katalon.core.main.ScriptEngine.run(ScriptEngine.java:194)
	at com.kms.katalon.core.main.ScriptEngine.runScriptAsRawText(ScriptEngine.java:119)
	at com.kms.katalon.core.main.TestCaseExecutor.runScript(TestCaseExecutor.java:442)
	at com.kms.katalon.core.main.TestCaseExecutor.doExecute(TestCaseExecutor.java:433)
	at com.kms.katalon.core.main.TestCaseExecutor.processExecutionPhase(TestCaseExecutor.java:412)
	at com.kms.katalon.core.main.TestCaseExecutor.accessMainPhase(TestCaseExecutor.java:404)
	at com.kms.katalon.core.main.TestCaseExecutor.execute(TestCaseExecutor.java:281)
	at com.kms.katalon.core.main.TestSuiteExecutor.accessTestCaseMainPhase(TestSuiteExecutor.java:202)
	at com.kms.katalon.core.main.TestSuiteExecutor.accessTestSuiteMainPhase(TestSuiteExecutor.java:164)
	at com.kms.katalon.core.main.TestSuiteExecutor.execute(TestSuiteExecutor.java:105)
	at com.kms.katalon.core.main.TestCaseMain.startTestSuite(TestCaseMain.java:181)
	at com.kms.katalon.core.main.TestCaseMain$startTestSuite$0.call(Unknown Source)
	at TempTestSuite1642411537017.run(TempTestSuite1642411537017.groovy:36)
Caused by: org.openqa.selenium.WebDriverException: unknown error: net::ERR_CONNECTION_REFUSED
  (Session info: chrome=97.0.4692.71)
Build info: version: '3.141.59', revision: 'e82be7d358', time: '2018-11-14T08:25:53'
System info: host: 'DESKTOP-A3NO6EJ', ip: '172.23.64.1', os.name: 'Windows 10', os.arch: 'amd64', os.version: '10.0', java.version: '1.8.0_282'
Driver info: com.kms.katalon.selenium.driver.CChromeDriver
Capabilities {acceptInsecureCerts: false, browserName: chrome, browserVersion: 97.0.4692.71, chrome: {chromedriverVersion: 97.0.4692.71 (adefa7837d02a..., userDataDir: C:\Users\User\AppData\Local...}, goog:chromeOptions: {debuggerAddress: localhost:60167}, javascriptEnabled: true, networkConnectionEnabled: false, pageLoadStrategy: normal, platform: WINDOWS, platformName: WINDOWS, proxy: Proxy(), setWindowRect: true, strictFileInteractability: false, timeouts: {implicit: 0, pageLoad: 300000, script: 30000}, unhandledPromptBehavior: dismiss and notify, webauthn:extension:credBlob: true, webauthn:extension:largeBlob: true, webauthn:virtualAuthenticators: true}
Session ID: ea536cc657469ffc2a8e6e306c464e5d
	at org.openqa.selenium.remote.http.W3CHttpResponseCodec.createException(W3CHttpResponseCodec.java:187)
	at org.openqa.selenium.remote.http.W3CHttpResponseCodec.decode(W3CHttpResponseCodec.java:122)
	at org.openqa.selenium.remote.http.W3CHttpResponseCodec.decode(W3CHttpResponseCodec.java:49)
	at org.openqa.selenium.remote.HttpCommandExecutor.execute(HttpCommandExecutor.java:158)
	at org.openqa.selenium.remote.service.DriverCommandExecutor.execute(DriverCommandExecutor.java:83)
	at org.openqa.selenium.remote.RemoteWebDriver.execute(RemoteWebDriver.java:552)
	at com.kms.katalon.selenium.driver.CChromeDriver.execute(CChromeDriver.java:19)
	at org.openqa.selenium.remote.RemoteWebDriver.get(RemoteWebDriver.java:277)
	at org.openqa.selenium.remote.RemoteWebDriver$RemoteNavigation.to(RemoteWebDriver.java:857)
	at org.openqa.selenium.support.events.EventFiringWebDriver$EventFiringNavigation.to(EventFiringWebDriver.java:569)
	at com.kms.katalon.core.webui.keyword.builtin.NavigateToUrlKeyword$_navigateToUrl_closure1.doCall(NavigateToUrlKeyword.groovy:81)
	at com.kms.katalon.core.webui.keyword.builtin.NavigateToUrlKeyword$_navigateToUrl_closure1.call(NavigateToUrlKeyword.groovy)
	at com.kms.katalon.core.webui.keyword.internal.WebUIKeywordMain.runKeyword(WebUIKeywordMain.groovy:20)
	... 19 more
"/>
         <system-out><![CDATA[2022-01-17 18:10:07 - [TEST_CASE][FAILED] - Test Cases/Chat in private room/Change name of room: Test Cases/Chat in private room/Change name of room FAILED.
Reason:
com.kms.katalon.core.exception.StepFailedException: Unable to navigate to 'http://localhost:8080/'
	at com.kms.katalon.core.webui.keyword.internal.WebUIKeywordMain.stepFailed(WebUIKeywordMain.groovy:64)
	at com.kms.katalon.core.webui.keyword.internal.WebUIKeywordMain.runKeyword(WebUIKeywordMain.groovy:26)
	at com.kms.katalon.core.webui.keyword.builtin.NavigateToUrlKeyword.navigateToUrl(NavigateToUrlKeyword.groovy:83)
	at com.kms.katalon.core.webui.keyword.builtin.NavigateToUrlKeyword.execute(NavigateToUrlKeyword.groovy:67)
	at com.kms.katalon.core.keyword.internal.KeywordExecutor.executeKeywordForPlatform(KeywordExecutor.groovy:74)
	at com.kms.katalon.core.webui.keyword.WebUiBuiltInKeywords.navigateToUrl(WebUiBuiltInKeywords.groovy:187)
	at com.kms.katalon.core.webui.keyword.WebUiBuiltInKeywords$navigateToUrl$0.call(Unknown Source)
	at Change name of room.run(Change name of room:22)
	at com.kms.katalon.core.main.ScriptEngine.run(ScriptEngine.java:194)
	at com.kms.katalon.core.main.ScriptEngine.runScriptAsRawText(ScriptEngine.java:119)
	at com.kms.katalon.core.main.TestCaseExecutor.runScript(TestCaseExecutor.java:442)
	at com.kms.katalon.core.main.TestCaseExecutor.doExecute(TestCaseExecutor.java:433)
	at com.kms.katalon.core.main.TestCaseExecutor.processExecutionPhase(TestCaseExecutor.java:412)
	at com.kms.katalon.core.main.TestCaseExecutor.accessMainPhase(TestCaseExecutor.java:404)
	at com.kms.katalon.core.main.TestCaseExecutor.execute(TestCaseExecutor.java:281)
	at com.kms.katalon.core.main.TestSuiteExecutor.accessTestCaseMainPhase(TestSuiteExecutor.java:202)
	at com.kms.katalon.core.main.TestSuiteExecutor.accessTestSuiteMainPhase(TestSuiteExecutor.java:164)
	at com.kms.katalon.core.main.TestSuiteExecutor.execute(TestSuiteExecutor.java:105)
	at com.kms.katalon.core.main.TestCaseMain.startTestSuite(TestCaseMain.java:181)
	at com.kms.katalon.core.main.TestCaseMain$startTestSuite$0.call(Unknown Source)
	at TempTestSuite1642411537017.run(TempTestSuite1642411537017.groovy:36)
Caused by: org.openqa.selenium.WebDriverException: unknown error: net::ERR_CONNECTION_REFUSED
  (Session info: chrome=97.0.4692.71)
Build info: version: '3.141.59', revision: 'e82be7d358', time: '2018-11-14T08:25:53'
System info: host: 'DESKTOP-A3NO6EJ', ip: '172.23.64.1', os.name: 'Windows 10', os.arch: 'amd64', os.version: '10.0', java.version: '1.8.0_282'
Driver info: com.kms.katalon.selenium.driver.CChromeDriver
Capabilities {acceptInsecureCerts: false, browserName: chrome, browserVersion: 97.0.4692.71, chrome: {chromedriverVersion: 97.0.4692.71 (adefa7837d02a..., userDataDir: C:\Users\User\AppData\Local...}, goog:chromeOptions: {debuggerAddress: localhost:60167}, javascriptEnabled: true, networkConnectionEnabled: false, pageLoadStrategy: normal, platform: WINDOWS, platformName: WINDOWS, proxy: Proxy(), setWindowRect: true, strictFileInteractability: false, timeouts: {implicit: 0, pageLoad: 300000, script: 30000}, unhandledPromptBehavior: dismiss and notify, webauthn:extension:credBlob: true, webauthn:extension:largeBlob: true, webauthn:virtualAuthenticators: true}
Session ID: ea536cc657469ffc2a8e6e306c464e5d
	at org.openqa.selenium.remote.http.W3CHttpResponseCodec.createException(W3CHttpResponseCodec.java:187)
	at org.openqa.selenium.remote.http.W3CHttpResponseCodec.decode(W3CHttpResponseCodec.java:122)
	at org.openqa.selenium.remote.http.W3CHttpResponseCodec.decode(W3CHttpResponseCodec.java:49)
	at org.openqa.selenium.remote.HttpCommandExecutor.execute(HttpCommandExecutor.java:158)
	at org.openqa.selenium.remote.service.DriverCommandExecutor.execute(DriverCommandExecutor.java:83)
	at org.openqa.selenium.remote.RemoteWebDriver.execute(RemoteWebDriver.java:552)
	at com.kms.katalon.selenium.driver.CChromeDriver.execute(CChromeDriver.java:19)
	at org.openqa.selenium.remote.RemoteWebDriver.get(RemoteWebDriver.java:277)
	at org.openqa.selenium.remote.RemoteWebDriver$RemoteNavigation.to(RemoteWebDriver.java:857)
	at org.openqa.selenium.support.events.EventFiringWebDriver$EventFiringNavigation.to(EventFiringWebDriver.java:569)
	at com.kms.katalon.core.webui.keyword.builtin.NavigateToUrlKeyword$_navigateToUrl_closure1.doCall(NavigateToUrlKeyword.groovy:81)
	at com.kms.katalon.core.webui.keyword.builtin.NavigateToUrlKeyword$_navigateToUrl_closure1.call(NavigateToUrlKeyword.groovy)
	at com.kms.katalon.core.webui.keyword.internal.WebUIKeywordMain.runKeyword(WebUIKeywordMain.groovy:20)
	... 19 more


2022-01-17 18:10:07 - [TEST_STEP][PASSED] - openBrowser(""): Browser is opened with url: ''

2022-01-17 18:10:07 - [MESSAGE][WARNING] - A browser is already opened. Closing browser and opening a new one

2022-01-17 18:10:08 - [MESSAGE][INFO] - Starting 'Chrome' driver

2022-01-17 18:10:08 - [MESSAGE][INFO] - Action delay is set to 0 milliseconds

2022-01-17 18:10:09 - [MESSAGE][PASSED] - Browser is opened with url: ''

2022-01-17 18:10:09 - [TEST_STEP][FAILED] - navigateToUrl("http://localhost:8080/"): Unable to navigate to 'http://localhost:8080/' (Root cause: com.kms.katalon.core.exception.StepFailedException: Unable to navigate to 'http://localhost:8080/'
	at com.kms.katalon.core.webui.keyword.internal.WebUIKeywordMain.stepFailed(WebUIKeywordMain.groovy:64)
	at com.kms.katalon.core.webui.keyword.internal.WebUIKeywordMain.runKeyword(WebUIKeywordMain.groovy:26)
	at com.kms.katalon.core.webui.keyword.builtin.NavigateToUrlKeyword.navigateToUrl(NavigateToUrlKeyword.groovy:83)
	at com.kms.katalon.core.webui.keyword.builtin.NavigateToUrlKeyword.execute(NavigateToUrlKeyword.groovy:67)
	at com.kms.katalon.core.keyword.internal.KeywordExecutor.executeKeywordForPlatform(KeywordExecutor.groovy:74)
	at com.kms.katalon.core.webui.keyword.WebUiBuiltInKeywords.navigateToUrl(WebUiBuiltInKeywords.groovy:187)
	at com.kms.katalon.core.webui.keyword.WebUiBuiltInKeywords$navigateToUrl$0.call(Unknown Source)
	at Change name of room.run(Change name of room:22)
	at com.kms.katalon.core.main.ScriptEngine.run(ScriptEngine.java:194)
	at com.kms.katalon.core.main.ScriptEngine.runScriptAsRawText(ScriptEngine.java:119)
	at com.kms.katalon.core.main.TestCaseExecutor.runScript(TestCaseExecutor.java:442)
	at com.kms.katalon.core.main.TestCaseExecutor.doExecute(TestCaseExecutor.java:433)
	at com.kms.katalon.core.main.TestCaseExecutor.processExecutionPhase(TestCaseExecutor.java:412)
	at com.kms.katalon.core.main.TestCaseExecutor.accessMainPhase(TestCaseExecutor.java:404)
	at com.kms.katalon.core.main.TestCaseExecutor.execute(TestCaseExecutor.java:281)
	at com.kms.katalon.core.main.TestSuiteExecutor.accessTestCaseMainPhase(TestSuiteExecutor.java:202)
	at com.kms.katalon.core.main.TestSuiteExecutor.accessTestSuiteMainPhase(TestSuiteExecutor.java:164)
	at com.kms.katalon.core.main.TestSuiteExecutor.execute(TestSuiteExecutor.java:105)
	at com.kms.katalon.core.main.TestCaseMain.startTestSuite(TestCaseMain.java:181)
	at com.kms.katalon.core.main.TestCaseMain$startTestSuite$0.call(Unknown Source)
	at TempTestSuite1642411537017.run(TempTestSuite1642411537017.groovy:36)
Caused by: org.openqa.selenium.WebDriverException: unknown error: net::ERR_CONNECTION_REFUSED
  (Session info: chrome=97.0.4692.71)
Build info: version: '3.141.59', revision: 'e82be7d358', time: '2018-11-14T08:25:53'
System info: host: 'DESKTOP-A3NO6EJ', ip: '172.23.64.1', os.name: 'Windows 10', os.arch: 'amd64', os.version: '10.0', java.version: '1.8.0_282'
Driver info: com.kms.katalon.selenium.driver.CChromeDriver
Capabilities {acceptInsecureCerts: false, browserName: chrome, browserVersion: 97.0.4692.71, chrome: {chromedriverVersion: 97.0.4692.71 (adefa7837d02a..., userDataDir: C:\Users\User\AppData\Local...}, goog:chromeOptions: {debuggerAddress: localhost:60167}, javascriptEnabled: true, networkConnectionEnabled: false, pageLoadStrategy: normal, platform: WINDOWS, platformName: WINDOWS, proxy: Proxy(), setWindowRect: true, strictFileInteractability: false, timeouts: {implicit: 0, pageLoad: 300000, script: 30000}, unhandledPromptBehavior: dismiss and notify, webauthn:extension:credBlob: true, webauthn:extension:largeBlob: true, webauthn:virtualAuthenticators: true}
Session ID: ea536cc657469ffc2a8e6e306c464e5d
	at org.openqa.selenium.remote.http.W3CHttpResponseCodec.createException(W3CHttpResponseCodec.java:187)
	at org.openqa.selenium.remote.http.W3CHttpResponseCodec.decode(W3CHttpResponseCodec.java:122)
	at org.openqa.selenium.remote.http.W3CHttpResponseCodec.decode(W3CHttpResponseCodec.java:49)
	at org.openqa.selenium.remote.HttpCommandExecutor.execute(HttpCommandExecutor.java:158)
	at org.openqa.selenium.remote.service.DriverCommandExecutor.execute(DriverCommandExecutor.java:83)
	at org.openqa.selenium.remote.RemoteWebDriver.execute(RemoteWebDriver.java:552)
	at com.kms.katalon.selenium.driver.CChromeDriver.execute(CChromeDriver.java:19)
	at org.openqa.selenium.remote.RemoteWebDriver.get(RemoteWebDriver.java:277)
	at org.openqa.selenium.remote.RemoteWebDriver$RemoteNavigation.to(RemoteWebDriver.java:857)
	at org.openqa.selenium.support.events.EventFiringWebDriver$EventFiringNavigation.to(EventFiringWebDriver.java:569)
	at com.kms.katalon.core.webui.keyword.builtin.NavigateToUrlKeyword$_navigateToUrl_closure1.doCall(NavigateToUrlKeyword.groovy:81)
	at com.kms.katalon.core.webui.keyword.builtin.NavigateToUrlKeyword$_navigateToUrl_closure1.call(NavigateToUrlKeyword.groovy)
	at com.kms.katalon.core.webui.keyword.internal.WebUIKeywordMain.runKeyword(WebUIKeywordMain.groovy:20)
	at com.kms.katalon.core.webui.keyword.builtin.NavigateToUrlKeyword.navigateToUrl(NavigateToUrlKeyword.groovy:83)
	at com.kms.katalon.core.webui.keyword.builtin.NavigateToUrlKeyword.execute(NavigateToUrlKeyword.groovy:67)
	at com.kms.katalon.core.keyword.internal.KeywordExecutor.executeKeywordForPlatform(KeywordExecutor.groovy:74)
	at com.kms.katalon.core.webui.keyword.WebUiBuiltInKeywords.navigateToUrl(WebUiBuiltInKeywords.groovy:187)
	at com.kms.katalon.core.webui.keyword.WebUiBuiltInKeywords$navigateToUrl$0.call(Unknown Source)
	at Script1642391483218.run(Script1642391483218.groovy:22)
	... 13 more
)

2022-01-17 18:10:18 - [MESSAGE][FAILED] - Unable to navigate to 'http://localhost:8080/' (Root cause: com.kms.katalon.core.exception.StepFailedException: Unable to navigate to 'http://localhost:8080/'
	at com.kms.katalon.core.webui.keyword.internal.WebUIKeywordMain.stepFailed(WebUIKeywordMain.groovy:64)
	at com.kms.katalon.core.webui.keyword.internal.WebUIKeywordMain.runKeyword(WebUIKeywordMain.groovy:26)
	at com.kms.katalon.core.webui.keyword.builtin.NavigateToUrlKeyword.navigateToUrl(NavigateToUrlKeyword.groovy:83)
	at com.kms.katalon.core.webui.keyword.builtin.NavigateToUrlKeyword.execute(NavigateToUrlKeyword.groovy:67)
	at com.kms.katalon.core.keyword.internal.KeywordExecutor.executeKeywordForPlatform(KeywordExecutor.groovy:74)
	at com.kms.katalon.core.webui.keyword.WebUiBuiltInKeywords.navigateToUrl(WebUiBuiltInKeywords.groovy:187)
	at com.kms.katalon.core.webui.keyword.WebUiBuiltInKeywords$navigateToUrl$0.call(Unknown Source)
	at Change name of room.run(Change name of room:22)
	at com.kms.katalon.core.main.ScriptEngine.run(ScriptEngine.java:194)
	at com.kms.katalon.core.main.ScriptEngine.runScriptAsRawText(ScriptEngine.java:119)
	at com.kms.katalon.core.main.TestCaseExecutor.runScript(TestCaseExecutor.java:442)
	at com.kms.katalon.core.main.TestCaseExecutor.doExecute(TestCaseExecutor.java:433)
	at com.kms.katalon.core.main.TestCaseExecutor.processExecutionPhase(TestCaseExecutor.java:412)
	at com.kms.katalon.core.main.TestCaseExecutor.accessMainPhase(TestCaseExecutor.java:404)
	at com.kms.katalon.core.main.TestCaseExecutor.execute(TestCaseExecutor.java:281)
	at com.kms.katalon.core.main.TestSuiteExecutor.accessTestCaseMainPhase(TestSuiteExecutor.java:202)
	at com.kms.katalon.core.main.TestSuiteExecutor.accessTestSuiteMainPhase(TestSuiteExecutor.java:164)
	at com.kms.katalon.core.main.TestSuiteExecutor.execute(TestSuiteExecutor.java:105)
	at com.kms.katalon.core.main.TestCaseMain.startTestSuite(TestCaseMain.java:181)
	at com.kms.katalon.core.main.TestCaseMain$startTestSuite$0.call(Unknown Source)
	at TempTestSuite1642411537017.run(TempTestSuite1642411537017.groovy:36)
Caused by: org.openqa.selenium.WebDriverException: unknown error: net::ERR_CONNECTION_REFUSED
  (Session info: chrome=97.0.4692.71)
Build info: version: '3.141.59', revision: 'e82be7d358', time: '2018-11-14T08:25:53'
System info: host: 'DESKTOP-A3NO6EJ', ip: '172.23.64.1', os.name: 'Windows 10', os.arch: 'amd64', os.version: '10.0', java.version: '1.8.0_282'
Driver info: com.kms.katalon.selenium.driver.CChromeDriver
Capabilities {acceptInsecureCerts: false, browserName: chrome, browserVersion: 97.0.4692.71, chrome: {chromedriverVersion: 97.0.4692.71 (adefa7837d02a..., userDataDir: C:\Users\User\AppData\Local...}, goog:chromeOptions: {debuggerAddress: localhost:60167}, javascriptEnabled: true, networkConnectionEnabled: false, pageLoadStrategy: normal, platform: WINDOWS, platformName: WINDOWS, proxy: Proxy(), setWindowRect: true, strictFileInteractability: false, timeouts: {implicit: 0, pageLoad: 300000, script: 30000}, unhandledPromptBehavior: dismiss and notify, webauthn:extension:credBlob: true, webauthn:extension:largeBlob: true, webauthn:virtualAuthenticators: true}
Session ID: ea536cc657469ffc2a8e6e306c464e5d
	at org.openqa.selenium.remote.http.W3CHttpResponseCodec.createException(W3CHttpResponseCodec.java:187)
	at org.openqa.selenium.remote.http.W3CHttpResponseCodec.decode(W3CHttpResponseCodec.java:122)
	at org.openqa.selenium.remote.http.W3CHttpResponseCodec.decode(W3CHttpResponseCodec.java:49)
	at org.openqa.selenium.remote.HttpCommandExecutor.execute(HttpCommandExecutor.java:158)
	at org.openqa.selenium.remote.service.DriverCommandExecutor.execute(DriverCommandExecutor.java:83)
	at org.openqa.selenium.remote.RemoteWebDriver.execute(RemoteWebDriver.java:552)
	at com.kms.katalon.selenium.driver.CChromeDriver.execute(CChromeDriver.java:19)
	at org.openqa.selenium.remote.RemoteWebDriver.get(RemoteWebDriver.java:277)
	at org.openqa.selenium.remote.RemoteWebDriver$RemoteNavigation.to(RemoteWebDriver.java:857)
	at org.openqa.selenium.support.events.EventFiringWebDriver$EventFiringNavigation.to(EventFiringWebDriver.java:569)
	at com.kms.katalon.core.webui.keyword.builtin.NavigateToUrlKeyword$_navigateToUrl_closure1.doCall(NavigateToUrlKeyword.groovy:81)
	at com.kms.katalon.core.webui.keyword.builtin.NavigateToUrlKeyword$_navigateToUrl_closure1.call(NavigateToUrlKeyword.groovy)
	at com.kms.katalon.core.webui.keyword.internal.WebUIKeywordMain.runKeyword(WebUIKeywordMain.groovy:20)
	at com.kms.katalon.core.webui.keyword.builtin.NavigateToUrlKeyword.navigateToUrl(NavigateToUrlKeyword.groovy:83)
	at com.kms.katalon.core.webui.keyword.builtin.NavigateToUrlKeyword.execute(NavigateToUrlKeyword.groovy:67)
	at com.kms.katalon.core.keyword.internal.KeywordExecutor.executeKeywordForPlatform(KeywordExecutor.groovy:74)
	at com.kms.katalon.core.webui.keyword.WebUiBuiltInKeywords.navigateToUrl(WebUiBuiltInKeywords.groovy:187)
	at com.kms.katalon.core.webui.keyword.WebUiBuiltInKeywords$navigateToUrl$0.call(Unknown Source)
	at Script1642391483218.run(Script1642391483218.groovy:22)
	... 13 more
)
[[ATTACHMENT|C:\\Users\\User\\Katalon Studio\\Bonus SE\\Test-Automation-SE-Bonus\\Reports\\20220117_162537\\Run all test case\\20220117_162537\\1642417818414.png]]]]></system-out>
         <system-err><![CDATA[2022-01-17 18:10:07 - [TEST_CASE][FAILED] - Test Cases/Chat in private room/Change name of room: Test Cases/Chat in private room/Change name of room FAILED.
Reason:
com.kms.katalon.core.exception.StepFailedException: Unable to navigate to 'http://localhost:8080/'
	at com.kms.katalon.core.webui.keyword.internal.WebUIKeywordMain.stepFailed(WebUIKeywordMain.groovy:64)
	at com.kms.katalon.core.webui.keyword.internal.WebUIKeywordMain.runKeyword(WebUIKeywordMain.groovy:26)
	at com.kms.katalon.core.webui.keyword.builtin.NavigateToUrlKeyword.navigateToUrl(NavigateToUrlKeyword.groovy:83)
	at com.kms.katalon.core.webui.keyword.builtin.NavigateToUrlKeyword.execute(NavigateToUrlKeyword.groovy:67)
	at com.kms.katalon.core.keyword.internal.KeywordExecutor.executeKeywordForPlatform(KeywordExecutor.groovy:74)
	at com.kms.katalon.core.webui.keyword.WebUiBuiltInKeywords.navigateToUrl(WebUiBuiltInKeywords.groovy:187)
	at com.kms.katalon.core.webui.keyword.WebUiBuiltInKeywords$navigateToUrl$0.call(Unknown Source)
	at Change name of room.run(Change name of room:22)
	at com.kms.katalon.core.main.ScriptEngine.run(ScriptEngine.java:194)
	at com.kms.katalon.core.main.ScriptEngine.runScriptAsRawText(ScriptEngine.java:119)
	at com.kms.katalon.core.main.TestCaseExecutor.runScript(TestCaseExecutor.java:442)
	at com.kms.katalon.core.main.TestCaseExecutor.doExecute(TestCaseExecutor.java:433)
	at com.kms.katalon.core.main.TestCaseExecutor.processExecutionPhase(TestCaseExecutor.java:412)
	at com.kms.katalon.core.main.TestCaseExecutor.accessMainPhase(TestCaseExecutor.java:404)
	at com.kms.katalon.core.main.TestCaseExecutor.execute(TestCaseExecutor.java:281)
	at com.kms.katalon.core.main.TestSuiteExecutor.accessTestCaseMainPhase(TestSuiteExecutor.java:202)
	at com.kms.katalon.core.main.TestSuiteExecutor.accessTestSuiteMainPhase(TestSuiteExecutor.java:164)
	at com.kms.katalon.core.main.TestSuiteExecutor.execute(TestSuiteExecutor.java:105)
	at com.kms.katalon.core.main.TestCaseMain.startTestSuite(TestCaseMain.java:181)
	at com.kms.katalon.core.main.TestCaseMain$startTestSuite$0.call(Unknown Source)
	at TempTestSuite1642411537017.run(TempTestSuite1642411537017.groovy:36)
Caused by: org.openqa.selenium.WebDriverException: unknown error: net::ERR_CONNECTION_REFUSED
  (Session info: chrome=97.0.4692.71)
Build info: version: '3.141.59', revision: 'e82be7d358', time: '2018-11-14T08:25:53'
System info: host: 'DESKTOP-A3NO6EJ', ip: '172.23.64.1', os.name: 'Windows 10', os.arch: 'amd64', os.version: '10.0', java.version: '1.8.0_282'
Driver info: com.kms.katalon.selenium.driver.CChromeDriver
Capabilities {acceptInsecureCerts: false, browserName: chrome, browserVersion: 97.0.4692.71, chrome: {chromedriverVersion: 97.0.4692.71 (adefa7837d02a..., userDataDir: C:\Users\User\AppData\Local...}, goog:chromeOptions: {debuggerAddress: localhost:60167}, javascriptEnabled: true, networkConnectionEnabled: false, pageLoadStrategy: normal, platform: WINDOWS, platformName: WINDOWS, proxy: Proxy(), setWindowRect: true, strictFileInteractability: false, timeouts: {implicit: 0, pageLoad: 300000, script: 30000}, unhandledPromptBehavior: dismiss and notify, webauthn:extension:credBlob: true, webauthn:extension:largeBlob: true, webauthn:virtualAuthenticators: true}
Session ID: ea536cc657469ffc2a8e6e306c464e5d
	at org.openqa.selenium.remote.http.W3CHttpResponseCodec.createException(W3CHttpResponseCodec.java:187)
	at org.openqa.selenium.remote.http.W3CHttpResponseCodec.decode(W3CHttpResponseCodec.java:122)
	at org.openqa.selenium.remote.http.W3CHttpResponseCodec.decode(W3CHttpResponseCodec.java:49)
	at org.openqa.selenium.remote.HttpCommandExecutor.execute(HttpCommandExecutor.java:158)
	at org.openqa.selenium.remote.service.DriverCommandExecutor.execute(DriverCommandExecutor.java:83)
	at org.openqa.selenium.remote.RemoteWebDriver.execute(RemoteWebDriver.java:552)
	at com.kms.katalon.selenium.driver.CChromeDriver.execute(CChromeDriver.java:19)
	at org.openqa.selenium.remote.RemoteWebDriver.get(RemoteWebDriver.java:277)
	at org.openqa.selenium.remote.RemoteWebDriver$RemoteNavigation.to(RemoteWebDriver.java:857)
	at org.openqa.selenium.support.events.EventFiringWebDriver$EventFiringNavigation.to(EventFiringWebDriver.java:569)
	at com.kms.katalon.core.webui.keyword.builtin.NavigateToUrlKeyword$_navigateToUrl_closure1.doCall(NavigateToUrlKeyword.groovy:81)
	at com.kms.katalon.core.webui.keyword.builtin.NavigateToUrlKeyword$_navigateToUrl_closure1.call(NavigateToUrlKeyword.groovy)
	at com.kms.katalon.core.webui.keyword.internal.WebUIKeywordMain.runKeyword(WebUIKeywordMain.groovy:20)
	... 19 more]]></system-err>
      </testcase>
      <testcase name="Test Cases/Chat in private room/Send message Hi" time="303.983" classname="Test Cases/Chat in private room/Send message Hi" status="FAILED">
         <failure type="FAILED" message="Test Cases/Chat in private room/Send message Hi FAILED.
Reason:
com.kms.katalon.core.exception.StepFailedException: Unable to navigate to 'http://localhost:8080/'
	at com.kms.katalon.core.webui.keyword.internal.WebUIKeywordMain.stepFailed(WebUIKeywordMain.groovy:64)
	at com.kms.katalon.core.webui.keyword.internal.WebUIKeywordMain.runKeyword(WebUIKeywordMain.groovy:26)
	at com.kms.katalon.core.webui.keyword.builtin.NavigateToUrlKeyword.navigateToUrl(NavigateToUrlKeyword.groovy:83)
	at com.kms.katalon.core.webui.keyword.builtin.NavigateToUrlKeyword.execute(NavigateToUrlKeyword.groovy:67)
	at com.kms.katalon.core.keyword.internal.KeywordExecutor.executeKeywordForPlatform(KeywordExecutor.groovy:74)
	at com.kms.katalon.core.webui.keyword.WebUiBuiltInKeywords.navigateToUrl(WebUiBuiltInKeywords.groovy:187)
	at com.kms.katalon.core.webui.keyword.WebUiBuiltInKeywords$navigateToUrl$0.call(Unknown Source)
	at Send message Hi.run(Send message Hi:22)
	at com.kms.katalon.core.main.ScriptEngine.run(ScriptEngine.java:194)
	at com.kms.katalon.core.main.ScriptEngine.runScriptAsRawText(ScriptEngine.java:119)
	at com.kms.katalon.core.main.TestCaseExecutor.runScript(TestCaseExecutor.java:442)
	at com.kms.katalon.core.main.TestCaseExecutor.doExecute(TestCaseExecutor.java:433)
	at com.kms.katalon.core.main.TestCaseExecutor.processExecutionPhase(TestCaseExecutor.java:412)
	at com.kms.katalon.core.main.TestCaseExecutor.accessMainPhase(TestCaseExecutor.java:404)
	at com.kms.katalon.core.main.TestCaseExecutor.execute(TestCaseExecutor.java:281)
	at com.kms.katalon.core.main.TestSuiteExecutor.accessTestCaseMainPhase(TestSuiteExecutor.java:202)
	at com.kms.katalon.core.main.TestSuiteExecutor.accessTestSuiteMainPhase(TestSuiteExecutor.java:164)
	at com.kms.katalon.core.main.TestSuiteExecutor.execute(TestSuiteExecutor.java:105)
	at com.kms.katalon.core.main.TestCaseMain.startTestSuite(TestCaseMain.java:181)
	at com.kms.katalon.core.main.TestCaseMain$startTestSuite$0.call(Unknown Source)
	at TempTestSuite1642411537017.run(TempTestSuite1642411537017.groovy:36)
Caused by: org.openqa.selenium.TimeoutException: timeout: Timed out receiving message from renderer: 185.235
  (Session info: chrome=97.0.4692.71)
Build info: version: '3.141.59', revision: 'e82be7d358', time: '2018-11-14T08:25:53'
System info: host: 'DESKTOP-A3NO6EJ', ip: '172.23.64.1', os.name: 'Windows 10', os.arch: 'amd64', os.version: '10.0', java.version: '1.8.0_282'
Driver info: com.kms.katalon.selenium.driver.CChromeDriver
Capabilities {acceptInsecureCerts: false, browserName: chrome, browserVersion: 97.0.4692.71, chrome: {chromedriverVersion: 97.0.4692.71 (adefa7837d02a..., userDataDir: C:\Users\User\AppData\Local...}, goog:chromeOptions: {debuggerAddress: localhost:60246}, javascriptEnabled: true, networkConnectionEnabled: false, pageLoadStrategy: normal, platform: WINDOWS, platformName: WINDOWS, proxy: Proxy(), setWindowRect: true, strictFileInteractability: false, timeouts: {implicit: 0, pageLoad: 300000, script: 30000}, unhandledPromptBehavior: dismiss and notify, webauthn:extension:credBlob: true, webauthn:extension:largeBlob: true, webauthn:virtualAuthenticators: true}
Session ID: 42e6daafc894df8bd0ed1dcdb7f2f817
	at org.openqa.selenium.remote.http.W3CHttpResponseCodec.createException(W3CHttpResponseCodec.java:187)
	at org.openqa.selenium.remote.http.W3CHttpResponseCodec.decode(W3CHttpResponseCodec.java:122)
	at org.openqa.selenium.remote.http.W3CHttpResponseCodec.decode(W3CHttpResponseCodec.java:49)
	at org.openqa.selenium.remote.HttpCommandExecutor.execute(HttpCommandExecutor.java:158)
	at org.openqa.selenium.remote.service.DriverCommandExecutor.execute(DriverCommandExecutor.java:83)
	at org.openqa.selenium.remote.RemoteWebDriver.execute(RemoteWebDriver.java:552)
	at com.kms.katalon.selenium.driver.CChromeDriver.execute(CChromeDriver.java:19)
	at org.openqa.selenium.remote.RemoteWebDriver.get(RemoteWebDriver.java:277)
	at org.openqa.selenium.remote.RemoteWebDriver$RemoteNavigation.to(RemoteWebDriver.java:857)
	at org.openqa.selenium.support.events.EventFiringWebDriver$EventFiringNavigation.to(EventFiringWebDriver.java:569)
	at com.kms.katalon.core.webui.keyword.builtin.NavigateToUrlKeyword$_navigateToUrl_closure1.doCall(NavigateToUrlKeyword.groovy:81)
	at com.kms.katalon.core.webui.keyword.builtin.NavigateToUrlKeyword$_navigateToUrl_closure1.call(NavigateToUrlKeyword.groovy)
	at com.kms.katalon.core.webui.keyword.internal.WebUIKeywordMain.runKeyword(WebUIKeywordMain.groovy:20)
	... 19 more
"/>
         <system-out><![CDATA[2022-01-17 18:10:18 - [TEST_CASE][FAILED] - Test Cases/Chat in private room/Send message Hi: Test Cases/Chat in private room/Send message Hi FAILED.
Reason:
com.kms.katalon.core.exception.StepFailedException: Unable to navigate to 'http://localhost:8080/'
	at com.kms.katalon.core.webui.keyword.internal.WebUIKeywordMain.stepFailed(WebUIKeywordMain.groovy:64)
	at com.kms.katalon.core.webui.keyword.internal.WebUIKeywordMain.runKeyword(WebUIKeywordMain.groovy:26)
	at com.kms.katalon.core.webui.keyword.builtin.NavigateToUrlKeyword.navigateToUrl(NavigateToUrlKeyword.groovy:83)
	at com.kms.katalon.core.webui.keyword.builtin.NavigateToUrlKeyword.execute(NavigateToUrlKeyword.groovy:67)
	at com.kms.katalon.core.keyword.internal.KeywordExecutor.executeKeywordForPlatform(KeywordExecutor.groovy:74)
	at com.kms.katalon.core.webui.keyword.WebUiBuiltInKeywords.navigateToUrl(WebUiBuiltInKeywords.groovy:187)
	at com.kms.katalon.core.webui.keyword.WebUiBuiltInKeywords$navigateToUrl$0.call(Unknown Source)
	at Send message Hi.run(Send message Hi:22)
	at com.kms.katalon.core.main.ScriptEngine.run(ScriptEngine.java:194)
	at com.kms.katalon.core.main.ScriptEngine.runScriptAsRawText(ScriptEngine.java:119)
	at com.kms.katalon.core.main.TestCaseExecutor.runScript(TestCaseExecutor.java:442)
	at com.kms.katalon.core.main.TestCaseExecutor.doExecute(TestCaseExecutor.java:433)
	at com.kms.katalon.core.main.TestCaseExecutor.processExecutionPhase(TestCaseExecutor.java:412)
	at com.kms.katalon.core.main.TestCaseExecutor.accessMainPhase(TestCaseExecutor.java:404)
	at com.kms.katalon.core.main.TestCaseExecutor.execute(TestCaseExecutor.java:281)
	at com.kms.katalon.core.main.TestSuiteExecutor.accessTestCaseMainPhase(TestSuiteExecutor.java:202)
	at com.kms.katalon.core.main.TestSuiteExecutor.accessTestSuiteMainPhase(TestSuiteExecutor.java:164)
	at com.kms.katalon.core.main.TestSuiteExecutor.execute(TestSuiteExecutor.java:105)
	at com.kms.katalon.core.main.TestCaseMain.startTestSuite(TestCaseMain.java:181)
	at com.kms.katalon.core.main.TestCaseMain$startTestSuite$0.call(Unknown Source)
	at TempTestSuite1642411537017.run(TempTestSuite1642411537017.groovy:36)
Caused by: org.openqa.selenium.TimeoutException: timeout: Timed out receiving message from renderer: 185.235
  (Session info: chrome=97.0.4692.71)
Build info: version: '3.141.59', revision: 'e82be7d358', time: '2018-11-14T08:25:53'
System info: host: 'DESKTOP-A3NO6EJ', ip: '172.23.64.1', os.name: 'Windows 10', os.arch: 'amd64', os.version: '10.0', java.version: '1.8.0_282'
Driver info: com.kms.katalon.selenium.driver.CChromeDriver
Capabilities {acceptInsecureCerts: false, browserName: chrome, browserVersion: 97.0.4692.71, chrome: {chromedriverVersion: 97.0.4692.71 (adefa7837d02a..., userDataDir: C:\Users\User\AppData\Local...}, goog:chromeOptions: {debuggerAddress: localhost:60246}, javascriptEnabled: true, networkConnectionEnabled: false, pageLoadStrategy: normal, platform: WINDOWS, platformName: WINDOWS, proxy: Proxy(), setWindowRect: true, strictFileInteractability: false, timeouts: {implicit: 0, pageLoad: 300000, script: 30000}, unhandledPromptBehavior: dismiss and notify, webauthn:extension:credBlob: true, webauthn:extension:largeBlob: true, webauthn:virtualAuthenticators: true}
Session ID: 42e6daafc894df8bd0ed1dcdb7f2f817
	at org.openqa.selenium.remote.http.W3CHttpResponseCodec.createException(W3CHttpResponseCodec.java:187)
	at org.openqa.selenium.remote.http.W3CHttpResponseCodec.decode(W3CHttpResponseCodec.java:122)
	at org.openqa.selenium.remote.http.W3CHttpResponseCodec.decode(W3CHttpResponseCodec.java:49)
	at org.openqa.selenium.remote.HttpCommandExecutor.execute(HttpCommandExecutor.java:158)
	at org.openqa.selenium.remote.service.DriverCommandExecutor.execute(DriverCommandExecutor.java:83)
	at org.openqa.selenium.remote.RemoteWebDriver.execute(RemoteWebDriver.java:552)
	at com.kms.katalon.selenium.driver.CChromeDriver.execute(CChromeDriver.java:19)
	at org.openqa.selenium.remote.RemoteWebDriver.get(RemoteWebDriver.java:277)
	at org.openqa.selenium.remote.RemoteWebDriver$RemoteNavigation.to(RemoteWebDriver.java:857)
	at org.openqa.selenium.support.events.EventFiringWebDriver$EventFiringNavigation.to(EventFiringWebDriver.java:569)
	at com.kms.katalon.core.webui.keyword.builtin.NavigateToUrlKeyword$_navigateToUrl_closure1.doCall(NavigateToUrlKeyword.groovy:81)
	at com.kms.katalon.core.webui.keyword.builtin.NavigateToUrlKeyword$_navigateToUrl_closure1.call(NavigateToUrlKeyword.groovy)
	at com.kms.katalon.core.webui.keyword.internal.WebUIKeywordMain.runKeyword(WebUIKeywordMain.groovy:20)
	... 19 more


2022-01-17 18:10:19 - [TEST_STEP][PASSED] - openBrowser(""): Browser is opened with url: ''

2022-01-17 18:10:19 - [MESSAGE][WARNING] - A browser is already opened. Closing browser and opening a new one

2022-01-17 18:10:20 - [MESSAGE][INFO] - Starting 'Chrome' driver

2022-01-17 18:10:20 - [MESSAGE][INFO] - Action delay is set to 0 milliseconds

2022-01-17 18:10:22 - [MESSAGE][PASSED] - Browser is opened with url: ''

2022-01-17 18:10:22 - [TEST_STEP][FAILED] - navigateToUrl("http://localhost:8080/"): Unable to navigate to 'http://localhost:8080/' (Root cause: com.kms.katalon.core.exception.StepFailedException: Unable to navigate to 'http://localhost:8080/'
	at com.kms.katalon.core.webui.keyword.internal.WebUIKeywordMain.stepFailed(WebUIKeywordMain.groovy:64)
	at com.kms.katalon.core.webui.keyword.internal.WebUIKeywordMain.runKeyword(WebUIKeywordMain.groovy:26)
	at com.kms.katalon.core.webui.keyword.builtin.NavigateToUrlKeyword.navigateToUrl(NavigateToUrlKeyword.groovy:83)
	at com.kms.katalon.core.webui.keyword.builtin.NavigateToUrlKeyword.execute(NavigateToUrlKeyword.groovy:67)
	at com.kms.katalon.core.keyword.internal.KeywordExecutor.executeKeywordForPlatform(KeywordExecutor.groovy:74)
	at com.kms.katalon.core.webui.keyword.WebUiBuiltInKeywords.navigateToUrl(WebUiBuiltInKeywords.groovy:187)
	at com.kms.katalon.core.webui.keyword.WebUiBuiltInKeywords$navigateToUrl$0.call(Unknown Source)
	at Send message Hi.run(Send message Hi:22)
	at com.kms.katalon.core.main.ScriptEngine.run(ScriptEngine.java:194)
	at com.kms.katalon.core.main.ScriptEngine.runScriptAsRawText(ScriptEngine.java:119)
	at com.kms.katalon.core.main.TestCaseExecutor.runScript(TestCaseExecutor.java:442)
	at com.kms.katalon.core.main.TestCaseExecutor.doExecute(TestCaseExecutor.java:433)
	at com.kms.katalon.core.main.TestCaseExecutor.processExecutionPhase(TestCaseExecutor.java:412)
	at com.kms.katalon.core.main.TestCaseExecutor.accessMainPhase(TestCaseExecutor.java:404)
	at com.kms.katalon.core.main.TestCaseExecutor.execute(TestCaseExecutor.java:281)
	at com.kms.katalon.core.main.TestSuiteExecutor.accessTestCaseMainPhase(TestSuiteExecutor.java:202)
	at com.kms.katalon.core.main.TestSuiteExecutor.accessTestSuiteMainPhase(TestSuiteExecutor.java:164)
	at com.kms.katalon.core.main.TestSuiteExecutor.execute(TestSuiteExecutor.java:105)
	at com.kms.katalon.core.main.TestCaseMain.startTestSuite(TestCaseMain.java:181)
	at com.kms.katalon.core.main.TestCaseMain$startTestSuite$0.call(Unknown Source)
	at TempTestSuite1642411537017.run(TempTestSuite1642411537017.groovy:36)
Caused by: org.openqa.selenium.TimeoutException: timeout: Timed out receiving message from renderer: 185.235
  (Session info: chrome=97.0.4692.71)
Build info: version: '3.141.59', revision: 'e82be7d358', time: '2018-11-14T08:25:53'
System info: host: 'DESKTOP-A3NO6EJ', ip: '172.23.64.1', os.name: 'Windows 10', os.arch: 'amd64', os.version: '10.0', java.version: '1.8.0_282'
Driver info: com.kms.katalon.selenium.driver.CChromeDriver
Capabilities {acceptInsecureCerts: false, browserName: chrome, browserVersion: 97.0.4692.71, chrome: {chromedriverVersion: 97.0.4692.71 (adefa7837d02a..., userDataDir: C:\Users\User\AppData\Local...}, goog:chromeOptions: {debuggerAddress: localhost:60246}, javascriptEnabled: true, networkConnectionEnabled: false, pageLoadStrategy: normal, platform: WINDOWS, platformName: WINDOWS, proxy: Proxy(), setWindowRect: true, strictFileInteractability: false, timeouts: {implicit: 0, pageLoad: 300000, script: 30000}, unhandledPromptBehavior: dismiss and notify, webauthn:extension:credBlob: true, webauthn:extension:largeBlob: true, webauthn:virtualAuthenticators: true}
Session ID: 42e6daafc894df8bd0ed1dcdb7f2f817
	at org.openqa.selenium.remote.http.W3CHttpResponseCodec.createException(W3CHttpResponseCodec.java:187)
	at org.openqa.selenium.remote.http.W3CHttpResponseCodec.decode(W3CHttpResponseCodec.java:122)
	at org.openqa.selenium.remote.http.W3CHttpResponseCodec.decode(W3CHttpResponseCodec.java:49)
	at org.openqa.selenium.remote.HttpCommandExecutor.execute(HttpCommandExecutor.java:158)
	at org.openqa.selenium.remote.service.DriverCommandExecutor.execute(DriverCommandExecutor.java:83)
	at org.openqa.selenium.remote.RemoteWebDriver.execute(RemoteWebDriver.java:552)
	at com.kms.katalon.selenium.driver.CChromeDriver.execute(CChromeDriver.java:19)
	at org.openqa.selenium.remote.RemoteWebDriver.get(RemoteWebDriver.java:277)
	at org.openqa.selenium.remote.RemoteWebDriver$RemoteNavigation.to(RemoteWebDriver.java:857)
	at org.openqa.selenium.support.events.EventFiringWebDriver$EventFiringNavigation.to(EventFiringWebDriver.java:569)
	at com.kms.katalon.core.webui.keyword.builtin.NavigateToUrlKeyword$_navigateToUrl_closure1.doCall(NavigateToUrlKeyword.groovy:81)
	at com.kms.katalon.core.webui.keyword.builtin.NavigateToUrlKeyword$_navigateToUrl_closure1.call(NavigateToUrlKeyword.groovy)
	at com.kms.katalon.core.webui.keyword.internal.WebUIKeywordMain.runKeyword(WebUIKeywordMain.groovy:20)
	at com.kms.katalon.core.webui.keyword.builtin.NavigateToUrlKeyword.navigateToUrl(NavigateToUrlKeyword.groovy:83)
	at com.kms.katalon.core.webui.keyword.builtin.NavigateToUrlKeyword.execute(NavigateToUrlKeyword.groovy:67)
	at com.kms.katalon.core.keyword.internal.KeywordExecutor.executeKeywordForPlatform(KeywordExecutor.groovy:74)
	at com.kms.katalon.core.webui.keyword.WebUiBuiltInKeywords.navigateToUrl(WebUiBuiltInKeywords.groovy:187)
	at com.kms.katalon.core.webui.keyword.WebUiBuiltInKeywords$navigateToUrl$0.call(Unknown Source)
	at Script1642391483246.run(Script1642391483246.groovy:22)
	... 13 more
)

2022-01-17 18:15:22 - [MESSAGE][FAILED] - Unable to navigate to 'http://localhost:8080/' (Root cause: com.kms.katalon.core.exception.StepFailedException: Unable to navigate to 'http://localhost:8080/'
	at com.kms.katalon.core.webui.keyword.internal.WebUIKeywordMain.stepFailed(WebUIKeywordMain.groovy:64)
	at com.kms.katalon.core.webui.keyword.internal.WebUIKeywordMain.runKeyword(WebUIKeywordMain.groovy:26)
	at com.kms.katalon.core.webui.keyword.builtin.NavigateToUrlKeyword.navigateToUrl(NavigateToUrlKeyword.groovy:83)
	at com.kms.katalon.core.webui.keyword.builtin.NavigateToUrlKeyword.execute(NavigateToUrlKeyword.groovy:67)
	at com.kms.katalon.core.keyword.internal.KeywordExecutor.executeKeywordForPlatform(KeywordExecutor.groovy:74)
	at com.kms.katalon.core.webui.keyword.WebUiBuiltInKeywords.navigateToUrl(WebUiBuiltInKeywords.groovy:187)
	at com.kms.katalon.core.webui.keyword.WebUiBuiltInKeywords$navigateToUrl$0.call(Unknown Source)
	at Send message Hi.run(Send message Hi:22)
	at com.kms.katalon.core.main.ScriptEngine.run(ScriptEngine.java:194)
	at com.kms.katalon.core.main.ScriptEngine.runScriptAsRawText(ScriptEngine.java:119)
	at com.kms.katalon.core.main.TestCaseExecutor.runScript(TestCaseExecutor.java:442)
	at com.kms.katalon.core.main.TestCaseExecutor.doExecute(TestCaseExecutor.java:433)
	at com.kms.katalon.core.main.TestCaseExecutor.processExecutionPhase(TestCaseExecutor.java:412)
	at com.kms.katalon.core.main.TestCaseExecutor.accessMainPhase(TestCaseExecutor.java:404)
	at com.kms.katalon.core.main.TestCaseExecutor.execute(TestCaseExecutor.java:281)
	at com.kms.katalon.core.main.TestSuiteExecutor.accessTestCaseMainPhase(TestSuiteExecutor.java:202)
	at com.kms.katalon.core.main.TestSuiteExecutor.accessTestSuiteMainPhase(TestSuiteExecutor.java:164)
	at com.kms.katalon.core.main.TestSuiteExecutor.execute(TestSuiteExecutor.java:105)
	at com.kms.katalon.core.main.TestCaseMain.startTestSuite(TestCaseMain.java:181)
	at com.kms.katalon.core.main.TestCaseMain$startTestSuite$0.call(Unknown Source)
	at TempTestSuite1642411537017.run(TempTestSuite1642411537017.groovy:36)
Caused by: org.openqa.selenium.TimeoutException: timeout: Timed out receiving message from renderer: 185.235
  (Session info: chrome=97.0.4692.71)
Build info: version: '3.141.59', revision: 'e82be7d358', time: '2018-11-14T08:25:53'
System info: host: 'DESKTOP-A3NO6EJ', ip: '172.23.64.1', os.name: 'Windows 10', os.arch: 'amd64', os.version: '10.0', java.version: '1.8.0_282'
Driver info: com.kms.katalon.selenium.driver.CChromeDriver
Capabilities {acceptInsecureCerts: false, browserName: chrome, browserVersion: 97.0.4692.71, chrome: {chromedriverVersion: 97.0.4692.71 (adefa7837d02a..., userDataDir: C:\Users\User\AppData\Local...}, goog:chromeOptions: {debuggerAddress: localhost:60246}, javascriptEnabled: true, networkConnectionEnabled: false, pageLoadStrategy: normal, platform: WINDOWS, platformName: WINDOWS, proxy: Proxy(), setWindowRect: true, strictFileInteractability: false, timeouts: {implicit: 0, pageLoad: 300000, script: 30000}, unhandledPromptBehavior: dismiss and notify, webauthn:extension:credBlob: true, webauthn:extension:largeBlob: true, webauthn:virtualAuthenticators: true}
Session ID: 42e6daafc894df8bd0ed1dcdb7f2f817
	at org.openqa.selenium.remote.http.W3CHttpResponseCodec.createException(W3CHttpResponseCodec.java:187)
	at org.openqa.selenium.remote.http.W3CHttpResponseCodec.decode(W3CHttpResponseCodec.java:122)
	at org.openqa.selenium.remote.http.W3CHttpResponseCodec.decode(W3CHttpResponseCodec.java:49)
	at org.openqa.selenium.remote.HttpCommandExecutor.execute(HttpCommandExecutor.java:158)
	at org.openqa.selenium.remote.service.DriverCommandExecutor.execute(DriverCommandExecutor.java:83)
	at org.openqa.selenium.remote.RemoteWebDriver.execute(RemoteWebDriver.java:552)
	at com.kms.katalon.selenium.driver.CChromeDriver.execute(CChromeDriver.java:19)
	at org.openqa.selenium.remote.RemoteWebDriver.get(RemoteWebDriver.java:277)
	at org.openqa.selenium.remote.RemoteWebDriver$RemoteNavigation.to(RemoteWebDriver.java:857)
	at org.openqa.selenium.support.events.EventFiringWebDriver$EventFiringNavigation.to(EventFiringWebDriver.java:569)
	at com.kms.katalon.core.webui.keyword.builtin.NavigateToUrlKeyword$_navigateToUrl_closure1.doCall(NavigateToUrlKeyword.groovy:81)
	at com.kms.katalon.core.webui.keyword.builtin.NavigateToUrlKeyword$_navigateToUrl_closure1.call(NavigateToUrlKeyword.groovy)
	at com.kms.katalon.core.webui.keyword.internal.WebUIKeywordMain.runKeyword(WebUIKeywordMain.groovy:20)
	at com.kms.katalon.core.webui.keyword.builtin.NavigateToUrlKeyword.navigateToUrl(NavigateToUrlKeyword.groovy:83)
	at com.kms.katalon.core.webui.keyword.builtin.NavigateToUrlKeyword.execute(NavigateToUrlKeyword.groovy:67)
	at com.kms.katalon.core.keyword.internal.KeywordExecutor.executeKeywordForPlatform(KeywordExecutor.groovy:74)
	at com.kms.katalon.core.webui.keyword.WebUiBuiltInKeywords.navigateToUrl(WebUiBuiltInKeywords.groovy:187)
	at com.kms.katalon.core.webui.keyword.WebUiBuiltInKeywords$navigateToUrl$0.call(Unknown Source)
	at Script1642391483246.run(Script1642391483246.groovy:22)
	... 13 more
)
[[ATTACHMENT|C:\\Users\\User\\Katalon Studio\\Bonus SE\\Test-Automation-SE-Bonus\\Reports\\20220117_162537\\Run all test case\\20220117_162537\\1642418122107.png]]]]></system-out>
         <system-err><![CDATA[2022-01-17 18:10:18 - [TEST_CASE][FAILED] - Test Cases/Chat in private room/Send message Hi: Test Cases/Chat in private room/Send message Hi FAILED.
Reason:
com.kms.katalon.core.exception.StepFailedException: Unable to navigate to 'http://localhost:8080/'
	at com.kms.katalon.core.webui.keyword.internal.WebUIKeywordMain.stepFailed(WebUIKeywordMain.groovy:64)
	at com.kms.katalon.core.webui.keyword.internal.WebUIKeywordMain.runKeyword(WebUIKeywordMain.groovy:26)
	at com.kms.katalon.core.webui.keyword.builtin.NavigateToUrlKeyword.navigateToUrl(NavigateToUrlKeyword.groovy:83)
	at com.kms.katalon.core.webui.keyword.builtin.NavigateToUrlKeyword.execute(NavigateToUrlKeyword.groovy:67)
	at com.kms.katalon.core.keyword.internal.KeywordExecutor.executeKeywordForPlatform(KeywordExecutor.groovy:74)
	at com.kms.katalon.core.webui.keyword.WebUiBuiltInKeywords.navigateToUrl(WebUiBuiltInKeywords.groovy:187)
	at com.kms.katalon.core.webui.keyword.WebUiBuiltInKeywords$navigateToUrl$0.call(Unknown Source)
	at Send message Hi.run(Send message Hi:22)
	at com.kms.katalon.core.main.ScriptEngine.run(ScriptEngine.java:194)
	at com.kms.katalon.core.main.ScriptEngine.runScriptAsRawText(ScriptEngine.java:119)
	at com.kms.katalon.core.main.TestCaseExecutor.runScript(TestCaseExecutor.java:442)
	at com.kms.katalon.core.main.TestCaseExecutor.doExecute(TestCaseExecutor.java:433)
	at com.kms.katalon.core.main.TestCaseExecutor.processExecutionPhase(TestCaseExecutor.java:412)
	at com.kms.katalon.core.main.TestCaseExecutor.accessMainPhase(TestCaseExecutor.java:404)
	at com.kms.katalon.core.main.TestCaseExecutor.execute(TestCaseExecutor.java:281)
	at com.kms.katalon.core.main.TestSuiteExecutor.accessTestCaseMainPhase(TestSuiteExecutor.java:202)
	at com.kms.katalon.core.main.TestSuiteExecutor.accessTestSuiteMainPhase(TestSuiteExecutor.java:164)
	at com.kms.katalon.core.main.TestSuiteExecutor.execute(TestSuiteExecutor.java:105)
	at com.kms.katalon.core.main.TestCaseMain.startTestSuite(TestCaseMain.java:181)
	at com.kms.katalon.core.main.TestCaseMain$startTestSuite$0.call(Unknown Source)
	at TempTestSuite1642411537017.run(TempTestSuite1642411537017.groovy:36)
Caused by: org.openqa.selenium.TimeoutException: timeout: Timed out receiving message from renderer: 185.235
  (Session info: chrome=97.0.4692.71)
Build info: version: '3.141.59', revision: 'e82be7d358', time: '2018-11-14T08:25:53'
System info: host: 'DESKTOP-A3NO6EJ', ip: '172.23.64.1', os.name: 'Windows 10', os.arch: 'amd64', os.version: '10.0', java.version: '1.8.0_282'
Driver info: com.kms.katalon.selenium.driver.CChromeDriver
Capabilities {acceptInsecureCerts: false, browserName: chrome, browserVersion: 97.0.4692.71, chrome: {chromedriverVersion: 97.0.4692.71 (adefa7837d02a..., userDataDir: C:\Users\User\AppData\Local...}, goog:chromeOptions: {debuggerAddress: localhost:60246}, javascriptEnabled: true, networkConnectionEnabled: false, pageLoadStrategy: normal, platform: WINDOWS, platformName: WINDOWS, proxy: Proxy(), setWindowRect: true, strictFileInteractability: false, timeouts: {implicit: 0, pageLoad: 300000, script: 30000}, unhandledPromptBehavior: dismiss and notify, webauthn:extension:credBlob: true, webauthn:extension:largeBlob: true, webauthn:virtualAuthenticators: true}
Session ID: 42e6daafc894df8bd0ed1dcdb7f2f817
	at org.openqa.selenium.remote.http.W3CHttpResponseCodec.createException(W3CHttpResponseCodec.java:187)
	at org.openqa.selenium.remote.http.W3CHttpResponseCodec.decode(W3CHttpResponseCodec.java:122)
	at org.openqa.selenium.remote.http.W3CHttpResponseCodec.decode(W3CHttpResponseCodec.java:49)
	at org.openqa.selenium.remote.HttpCommandExecutor.execute(HttpCommandExecutor.java:158)
	at org.openqa.selenium.remote.service.DriverCommandExecutor.execute(DriverCommandExecutor.java:83)
	at org.openqa.selenium.remote.RemoteWebDriver.execute(RemoteWebDriver.java:552)
	at com.kms.katalon.selenium.driver.CChromeDriver.execute(CChromeDriver.java:19)
	at org.openqa.selenium.remote.RemoteWebDriver.get(RemoteWebDriver.java:277)
	at org.openqa.selenium.remote.RemoteWebDriver$RemoteNavigation.to(RemoteWebDriver.java:857)
	at org.openqa.selenium.support.events.EventFiringWebDriver$EventFiringNavigation.to(EventFiringWebDriver.java:569)
	at com.kms.katalon.core.webui.keyword.builtin.NavigateToUrlKeyword$_navigateToUrl_closure1.doCall(NavigateToUrlKeyword.groovy:81)
	at com.kms.katalon.core.webui.keyword.builtin.NavigateToUrlKeyword$_navigateToUrl_closure1.call(NavigateToUrlKeyword.groovy)
	at com.kms.katalon.core.webui.keyword.internal.WebUIKeywordMain.runKeyword(WebUIKeywordMain.groovy:20)
	... 19 more]]></system-err>
      </testcase>
      <testcase name="Test Cases/Chat in private room/Send voice message" time="350.813" classname="Test Cases/Chat in private room/Send voice message" status="PASSED">
         <system-out><![CDATA[2022-01-17 18:15:22 - [TEST_CASE][PASSED] - Test Cases/Chat in private room/Send voice message: Test Cases/Chat in private room/Send voice message

2022-01-17 18:15:23 - [TEST_STEP][PASSED] - openBrowser(""): Browser is opened with url: ''

2022-01-17 18:15:23 - [MESSAGE][WARNING] - A browser is already opened. Closing browser and opening a new one

2022-01-17 18:15:24 - [MESSAGE][INFO] - Starting 'Chrome' driver

2022-01-17 18:15:24 - [MESSAGE][INFO] - Action delay is set to 0 milliseconds

2022-01-17 18:15:25 - [MESSAGE][PASSED] - Browser is opened with url: ''

2022-01-17 18:15:25 - [TEST_STEP][PASSED] - openBrowser(""): Browser is opened with url: ''

2022-01-17 18:15:25 - [MESSAGE][WARNING] - A browser is already opened. Closing browser and opening a new one

2022-01-17 18:15:26 - [MESSAGE][INFO] - Starting 'Chrome' driver

2022-01-17 18:15:26 - [MESSAGE][INFO] - Action delay is set to 0 milliseconds

2022-01-17 18:15:27 - [MESSAGE][PASSED] - Browser is opened with url: ''

2022-01-17 18:15:27 - [TEST_STEP][PASSED] - navigateToUrl("http://localhost:8080/"): Navigate to 'http://localhost:8080/' successfully

2022-01-17 18:15:29 - [MESSAGE][PASSED] - Navigate to 'http://localhost:8080/' successfully

2022-01-17 18:15:29 - [TEST_STEP][PASSED] - closeBrowser(): Browser is closed

2022-01-17 18:15:30 - [MESSAGE][PASSED] - Browser is closed

2022-01-17 18:15:30 - [TEST_STEP][PASSED] - openBrowser(""): Browser is opened with url: ''

2022-01-17 18:15:30 - [MESSAGE][INFO] - Starting 'Chrome' driver

2022-01-17 18:15:30 - [MESSAGE][INFO] - Action delay is set to 0 milliseconds

2022-01-17 18:15:31 - [MESSAGE][PASSED] - Browser is opened with url: ''

2022-01-17 18:15:31 - [TEST_STEP][PASSED] - navigateToUrl("http://localhost:8080/"): Navigate to 'http://localhost:8080/' successfully

2022-01-17 18:15:34 - [MESSAGE][PASSED] - Navigate to 'http://localhost:8080/' successfully

2022-01-17 18:15:34 - [TEST_STEP][PASSED] - click(findTestObject("Object Repository/Page_Element/a_Sign In")): Object: 'Object Repository/Page_Element/a_Sign In' is clicked on

2022-01-17 18:15:40 - [MESSAGE][PASSED] - Object: 'Object Repository/Page_Element/a_Sign In' is clicked on

2022-01-17 18:15:40 - [TEST_STEP][PASSED] - setText(findTestObject("Object Repository/Page_Element/input_Sign in with_username"), "quanghuyne"): Text 'quanghuyne' is set on object 'Object Repository/Page_Element/input_Sign in with_username'

2022-01-17 18:16:40 - [MESSAGE][PASSED] - Text 'quanghuyne' is set on object 'Object Repository/Page_Element/input_Sign in with_username'

2022-01-17 18:16:40 - [TEST_STEP][PASSED] - setEncryptedText(findTestObject("Object Repository/Page_Element/input_Username_password"), "hk4lGgMz64DUYAH1jDReqA=="): Text ****** has been set on object 'Object Repository/Page_Element/input_Username_password'

2022-01-17 18:17:11 - [MESSAGE][PASSED] - Text ****** has been set on object 'Object Repository/Page_Element/input_Username_password'

2022-01-17 18:17:11 - [TEST_STEP][PASSED] - sendKeys(findTestObject("Object Repository/Page_Element/input_Username_password"), Keys.chord(ENTER)): Keys 'ENTER + ' sent to object: 'Object Repository/Page_Element/input_Username_password'

2022-01-17 18:17:41 - [MESSAGE][PASSED] - Keys 'ENTER + ' sent to object: 'Object Repository/Page_Element/input_Username_password'

2022-01-17 18:17:41 - [TEST_STEP][PASSED] - click(findTestObject("Object Repository/Page_Element 1/div_Verify with Security Key")): Object: 'Object Repository/Page_Element 1/div_Verify with Security Key' is clicked on

2022-01-17 18:18:11 - [MESSAGE][PASSED] - Object: 'Object Repository/Page_Element 1/div_Verify with Security Key' is clicked on

2022-01-17 18:18:11 - [TEST_STEP][PASSED] - setEncryptedText(findTestObject("Object Repository/Page_Element 1/input_Security Key_mx_securityKey"), "AM89fC/Z2L+0kQrgUJMoihakSLfqExGqqEDegROy7UCQVs01BySrESr2vAK0g5sjPD354BYtGaX7vGUm05HO7A=="): Text ****** has been set on object 'Object Repository/Page_Element 1/input_Security Key_mx_securityKey'

2022-01-17 18:18:42 - [MESSAGE][PASSED] - Text ****** has been set on object 'Object Repository/Page_Element 1/input_Security Key_mx_securityKey'

2022-01-17 18:18:42 - [TEST_STEP][PASSED] - click(findTestObject("Object Repository/Page_Element 1/button_Continue")): Object: 'Object Repository/Page_Element 1/button_Continue' is clicked on

2022-01-17 18:19:12 - [MESSAGE][PASSED] - Object: 'Object Repository/Page_Element 1/button_Continue' is clicked on

2022-01-17 18:19:12 - [TEST_STEP][PASSED] - click(findTestObject("Object Repository/Page_Element 1/div_Done")): Object: 'Object Repository/Page_Element 1/div_Done' is clicked on

2022-01-17 18:19:42 - [MESSAGE][PASSED] - Object: 'Object Repository/Page_Element 1/div_Done' is clicked on

2022-01-17 18:19:42 - [TEST_STEP][PASSED] - click(findTestObject("Object Repository/Page_Element 1/div_Chat roomChat room")): Object: 'Object Repository/Page_Element 1/div_Chat roomChat room' is clicked on

2022-01-17 18:20:13 - [MESSAGE][PASSED] - Object: 'Object Repository/Page_Element 1/div_Chat roomChat room' is clicked on

2022-01-17 18:20:13 - [TEST_STEP][PASSED] - click(findTestObject("Object Repository/Page_Element 1  Chat roomChat room/div_Error processing voice message_mx_Acces_8433cb")): Object: 'Object Repository/Page_Element 1  Chat roomChat room/div_Error processing voice message_mx_Acces_8433cb' is clicked on

2022-01-17 18:20:43 - [MESSAGE][PASSED] - Object: 'Object Repository/Page_Element 1  Chat roomChat room/div_Error processing voice message_mx_Acces_8433cb' is clicked on

2022-01-17 18:20:43 - [TEST_STEP][PASSED] - click(findTestObject("Object Repository/Page_Element 1  Chat roomChat room/div_Error processing voice message_mx_Acces_a7d166")): Object: 'Object Repository/Page_Element 1  Chat roomChat room/div_Error processing voice message_mx_Acces_a7d166' is clicked on

2022-01-17 18:21:13 - [MESSAGE][PASSED] - Object: 'Object Repository/Page_Element 1  Chat roomChat room/div_Error processing voice message_mx_Acces_a7d166' is clicked on]]></system-out>
         <system-err><![CDATA[]]></system-err>
      </testcase>
      <testcase name="Test Cases/Chat in private room/Video call in an empty room" time="258.125" classname="Test Cases/Chat in private room/Video call in an empty room" status="PASSED">
         <system-out><![CDATA[2022-01-17 18:21:13 - [TEST_CASE][PASSED] - Test Cases/Chat in private room/Video call in an empty room: Test Cases/Chat in private room/Video call in an empty room

2022-01-17 18:21:14 - [TEST_STEP][PASSED] - openBrowser(""): Browser is opened with url: ''

2022-01-17 18:21:14 - [MESSAGE][WARNING] - A browser is already opened. Closing browser and opening a new one

2022-01-17 18:21:14 - [MESSAGE][INFO] - Starting 'Chrome' driver

2022-01-17 18:21:14 - [MESSAGE][INFO] - Action delay is set to 0 milliseconds

2022-01-17 18:21:16 - [MESSAGE][PASSED] - Browser is opened with url: ''

2022-01-17 18:21:16 - [TEST_STEP][PASSED] - navigateToUrl("http://localhost:8080/"): Navigate to 'http://localhost:8080/' successfully

2022-01-17 18:21:18 - [MESSAGE][PASSED] - Navigate to 'http://localhost:8080/' successfully

2022-01-17 18:21:18 - [TEST_STEP][PASSED] - click(findTestObject("Object Repository/Page_Element/a_Sign In")): Object: 'Object Repository/Page_Element/a_Sign In' is clicked on

2022-01-17 18:21:49 - [MESSAGE][PASSED] - Object: 'Object Repository/Page_Element/a_Sign In' is clicked on

2022-01-17 18:21:49 - [TEST_STEP][PASSED] - setText(findTestObject("Object Repository/Page_Element/input_Sign in with_username"), "quanghuyne"): Text 'quanghuyne' is set on object 'Object Repository/Page_Element/input_Sign in with_username'

2022-01-17 18:22:49 - [MESSAGE][PASSED] - Text 'quanghuyne' is set on object 'Object Repository/Page_Element/input_Sign in with_username'

2022-01-17 18:22:49 - [TEST_STEP][PASSED] - setEncryptedText(findTestObject("Object Repository/Page_Element/input_Username_password"), "hk4lGgMz64DUYAH1jDReqA=="): Text ****** has been set on object 'Object Repository/Page_Element/input_Username_password'

2022-01-17 18:23:20 - [MESSAGE][PASSED] - Text ****** has been set on object 'Object Repository/Page_Element/input_Username_password'

2022-01-17 18:23:20 - [TEST_STEP][PASSED] - sendKeys(findTestObject("Object Repository/Page_Element/input_Username_password"), Keys.chord(ENTER)): Keys 'ENTER + ' sent to object: 'Object Repository/Page_Element/input_Username_password'

2022-01-17 18:23:50 - [MESSAGE][PASSED] - Keys 'ENTER + ' sent to object: 'Object Repository/Page_Element/input_Username_password'

2022-01-17 18:23:50 - [TEST_STEP][PASSED] - click(findTestObject("Object Repository/Page_Element/div_Verify with Security Key")): Object: 'Object Repository/Page_Element/div_Verify with Security Key' is clicked on

2022-01-17 18:23:55 - [MESSAGE][PASSED] - Object: 'Object Repository/Page_Element/div_Verify with Security Key' is clicked on

2022-01-17 18:23:55 - [TEST_STEP][PASSED] - setEncryptedText(findTestObject("Object Repository/Page_Element/input_Security Key_mx_securityKey"), "AM89fC/Z2L+0kQrgUJMoihakSLfqExGqqEDegROy7UCQVs01BySrESr2vAK0g5sjPD354BYtGaX7vGUm05HO7A=="): Text ****** has been set on object 'Object Repository/Page_Element/input_Security Key_mx_securityKey'

2022-01-17 18:23:58 - [MESSAGE][PASSED] - Text ****** has been set on object 'Object Repository/Page_Element/input_Security Key_mx_securityKey'

2022-01-17 18:23:58 - [TEST_STEP][PASSED] - click(findTestObject("Object Repository/Page_Element/button_Continue")): Object: 'Object Repository/Page_Element/button_Continue' is clicked on

2022-01-17 18:24:28 - [MESSAGE][PASSED] - Object: 'Object Repository/Page_Element/button_Continue' is clicked on

2022-01-17 18:24:28 - [TEST_STEP][PASSED] - click(findTestObject("Object Repository/Page_Element/div_Done")): Object: 'Object Repository/Page_Element/div_Done' is clicked on

2022-01-17 18:24:59 - [MESSAGE][PASSED] - Object: 'Object Repository/Page_Element/div_Done' is clicked on

2022-01-17 18:24:59 - [TEST_STEP][PASSED] - click(findTestObject("Object Repository/Page_Element/div_Chat room")): Object: 'Object Repository/Page_Element/div_Chat room' is clicked on

2022-01-17 18:25:29 - [MESSAGE][PASSED] - Object: 'Object Repository/Page_Element/div_Chat room' is clicked on

2022-01-17 18:25:29 - [TEST_STEP][PASSED] - click(findTestObject("Object Repository/Page_Element  Chat room/div_Chat room_mx_AccessibleButton mx_RoomHe_45c6d9")): Object: 'Object Repository/Page_Element  Chat room/div_Chat room_mx_AccessibleButton mx_RoomHe_45c6d9' is clicked on

2022-01-17 18:25:31 - [MESSAGE][PASSED] - Object: 'Object Repository/Page_Element  Chat room/div_Chat room_mx_AccessibleButton mx_RoomHe_45c6d9' is clicked on]]></system-out>
         <system-err><![CDATA[]]></system-err>
      </testcase>
      <testcase name="Test Cases/Chat in private room/View notification" time="298.188" classname="Test Cases/Chat in private room/View notification" status="PASSED">
         <system-out><![CDATA[2022-01-17 18:25:31 - [TEST_CASE][PASSED] - Test Cases/Chat in private room/View notification: Test Cases/Chat in private room/View notification

2022-01-17 18:25:32 - [TEST_STEP][PASSED] - openBrowser(""): Browser is opened with url: ''

2022-01-17 18:25:32 - [MESSAGE][WARNING] - A browser is already opened. Closing browser and opening a new one

2022-01-17 18:25:33 - [MESSAGE][INFO] - Starting 'Chrome' driver

2022-01-17 18:25:33 - [MESSAGE][INFO] - Action delay is set to 0 milliseconds

2022-01-17 18:25:34 - [MESSAGE][PASSED] - Browser is opened with url: ''

2022-01-17 18:25:34 - [TEST_STEP][PASSED] - navigateToUrl("http://localhost:8080/"): Navigate to 'http://localhost:8080/' successfully

2022-01-17 18:25:37 - [MESSAGE][PASSED] - Navigate to 'http://localhost:8080/' successfully

2022-01-17 18:25:37 - [TEST_STEP][PASSED] - click(findTestObject("Object Repository/Page_Element/a_Sign In")): Object: 'Object Repository/Page_Element/a_Sign In' is clicked on

2022-01-17 18:25:40 - [MESSAGE][PASSED] - Object: 'Object Repository/Page_Element/a_Sign In' is clicked on

2022-01-17 18:25:40 - [TEST_STEP][PASSED] - setText(findTestObject("Object Repository/Page_Element/input_Sign in with_username"), "quanghuyne"): Text 'quanghuyne' is set on object 'Object Repository/Page_Element/input_Sign in with_username'

2022-01-17 18:26:41 - [MESSAGE][PASSED] - Text 'quanghuyne' is set on object 'Object Repository/Page_Element/input_Sign in with_username'

2022-01-17 18:26:41 - [TEST_STEP][PASSED] - setEncryptedText(findTestObject("Object Repository/Page_Element/input_Username_password"), "hk4lGgMz64DUYAH1jDReqA=="): Text ****** has been set on object 'Object Repository/Page_Element/input_Username_password'

2022-01-17 18:27:11 - [MESSAGE][PASSED] - Text ****** has been set on object 'Object Repository/Page_Element/input_Username_password'

2022-01-17 18:27:11 - [TEST_STEP][PASSED] - click(findTestObject("Object Repository/Page_Element/input_Forgot password_mx_Login_submit")): Object: 'Object Repository/Page_Element/input_Forgot password_mx_Login_submit' is clicked on

2022-01-17 18:27:41 - [MESSAGE][PASSED] - Object: 'Object Repository/Page_Element/input_Forgot password_mx_Login_submit' is clicked on

2022-01-17 18:27:41 - [TEST_STEP][PASSED] - click(findTestObject("Object Repository/Page_Element/div_Verify with Security Key")): Object: 'Object Repository/Page_Element/div_Verify with Security Key' is clicked on

2022-01-17 18:27:46 - [MESSAGE][PASSED] - Object: 'Object Repository/Page_Element/div_Verify with Security Key' is clicked on

2022-01-17 18:27:46 - [TEST_STEP][PASSED] - setEncryptedText(findTestObject("Object Repository/Page_Element/input_Security Key_mx_securityKey"), "AM89fC/Z2L+0kQrgUJMoihakSLfqExGqqEDegROy7UCQVs01BySrESr2vAK0g5sjPD354BYtGaX7vGUm05HO7A=="): Text ****** has been set on object 'Object Repository/Page_Element/input_Security Key_mx_securityKey'

2022-01-17 18:28:17 - [MESSAGE][PASSED] - Text ****** has been set on object 'Object Repository/Page_Element/input_Security Key_mx_securityKey'

2022-01-17 18:28:17 - [TEST_STEP][PASSED] - click(findTestObject("Object Repository/Page_Element/button_Continue")): Object: 'Object Repository/Page_Element/button_Continue' is clicked on

2022-01-17 18:28:47 - [MESSAGE][PASSED] - Object: 'Object Repository/Page_Element/button_Continue' is clicked on

2022-01-17 18:28:47 - [TEST_STEP][PASSED] - click(findTestObject("Object Repository/Page_Element/div_Done")): Object: 'Object Repository/Page_Element/div_Done' is clicked on

2022-01-17 18:29:17 - [MESSAGE][PASSED] - Object: 'Object Repository/Page_Element/div_Done' is clicked on

2022-01-17 18:29:17 - [TEST_STEP][PASSED] - click(findTestObject("Object Repository/Page_Element/div_Chat room")): Object: 'Object Repository/Page_Element/div_Chat room' is clicked on

2022-01-17 18:29:29 - [MESSAGE][PASSED] - Object: 'Object Repository/Page_Element/div_Chat room' is clicked on

2022-01-17 18:29:29 - [TEST_STEP][PASSED] - click(findTestObject("Object Repository/Page_Element  Chat room/div_Chat room_mx_AccessibleButton mx_RightP_1eab42")): Object: 'Object Repository/Page_Element  Chat room/div_Chat room_mx_AccessibleButton mx_RightP_1eab42' is clicked on

2022-01-17 18:29:59 - [MESSAGE][PASSED] - Object: 'Object Repository/Page_Element  Chat room/div_Chat room_mx_AccessibleButton mx_RightP_1eab42' is clicked on

2022-01-17 18:29:59 - [TEST_STEP][PASSED] - click(findTestObject("Object Repository/Page_Element  Chat room/div_ok_mx_AccessibleButton mx_BaseCard_close")): Object: 'Object Repository/Page_Element  Chat room/div_ok_mx_AccessibleButton mx_BaseCard_close' is clicked on

2022-01-17 18:30:29 - [MESSAGE][PASSED] - Object: 'Object Repository/Page_Element  Chat room/div_ok_mx_AccessibleButton mx_BaseCard_close' is clicked on]]></system-out>
         <system-err><![CDATA[]]></system-err>
      </testcase>
      <testcase name="Test Cases/Chat in private room/View room info" time="321.761" classname="Test Cases/Chat in private room/View room info" status="PASSED">
         <system-out><![CDATA[2022-01-17 18:30:29 - [TEST_CASE][PASSED] - Test Cases/Chat in private room/View room info: Test Cases/Chat in private room/View room info

2022-01-17 18:30:30 - [TEST_STEP][PASSED] - openBrowser(""): Browser is opened with url: ''

2022-01-17 18:30:30 - [MESSAGE][WARNING] - A browser is already opened. Closing browser and opening a new one

2022-01-17 18:30:31 - [MESSAGE][INFO] - Starting 'Chrome' driver

2022-01-17 18:30:31 - [MESSAGE][INFO] - Action delay is set to 0 milliseconds

2022-01-17 18:30:32 - [MESSAGE][PASSED] - Browser is opened with url: ''

2022-01-17 18:30:32 - [TEST_STEP][PASSED] - navigateToUrl("http://localhost:8080/"): Navigate to 'http://localhost:8080/' successfully

2022-01-17 18:30:34 - [MESSAGE][PASSED] - Navigate to 'http://localhost:8080/' successfully

2022-01-17 18:30:34 - [TEST_STEP][PASSED] - click(findTestObject("Object Repository/Page_Element/a_Sign In")): Object: 'Object Repository/Page_Element/a_Sign In' is clicked on

2022-01-17 18:31:07 - [MESSAGE][PASSED] - Object: 'Object Repository/Page_Element/a_Sign In' is clicked on

2022-01-17 18:31:07 - [TEST_STEP][PASSED] - setText(findTestObject("Object Repository/Page_Element/input_Sign in with_username"), "quanghuyne"): Text 'quanghuyne' is set on object 'Object Repository/Page_Element/input_Sign in with_username'

2022-01-17 18:32:07 - [MESSAGE][PASSED] - Text 'quanghuyne' is set on object 'Object Repository/Page_Element/input_Sign in with_username'

2022-01-17 18:32:07 - [TEST_STEP][PASSED] - setEncryptedText(findTestObject("Object Repository/Page_Element/input_Username_password"), "hk4lGgMz64DUYAH1jDReqA=="): Text ****** has been set on object 'Object Repository/Page_Element/input_Username_password'

2022-01-17 18:32:37 - [MESSAGE][PASSED] - Text ****** has been set on object 'Object Repository/Page_Element/input_Username_password'

2022-01-17 18:32:37 - [TEST_STEP][PASSED] - sendKeys(findTestObject("Object Repository/Page_Element/input_Username_password"), Keys.chord(ENTER)): Keys 'ENTER + ' sent to object: 'Object Repository/Page_Element/input_Username_password'

2022-01-17 18:33:07 - [MESSAGE][PASSED] - Keys 'ENTER + ' sent to object: 'Object Repository/Page_Element/input_Username_password'

2022-01-17 18:33:07 - [TEST_STEP][PASSED] - click(findTestObject("Object Repository/Page_Element/div_Verify your identity to access encrypte_310102")): Object: 'Object Repository/Page_Element/div_Verify your identity to access encrypte_310102' is clicked on

2022-01-17 18:33:08 - [MESSAGE][PASSED] - Object: 'Object Repository/Page_Element/div_Verify your identity to access encrypte_310102' is clicked on

2022-01-17 18:33:08 - [TEST_STEP][PASSED] - click(findTestObject("Object Repository/Page_Element/div_Verify with Security Key")): Object: 'Object Repository/Page_Element/div_Verify with Security Key' is clicked on

2022-01-17 18:33:11 - [MESSAGE][PASSED] - Object: 'Object Repository/Page_Element/div_Verify with Security Key' is clicked on

2022-01-17 18:33:11 - [TEST_STEP][PASSED] - setEncryptedText(findTestObject("Object Repository/Page_Element/input_Security Key_mx_securityKey"), "AM89fC/Z2L+0kQrgUJMoihakSLfqExGqqEDegROy7UCQVs01BySrESr2vAK0g5sjPD354BYtGaX7vGUm05HO7A=="): Text ****** has been set on object 'Object Repository/Page_Element/input_Security Key_mx_securityKey'

2022-01-17 18:33:42 - [MESSAGE][PASSED] - Text ****** has been set on object 'Object Repository/Page_Element/input_Security Key_mx_securityKey'

2022-01-17 18:33:42 - [TEST_STEP][PASSED] - click(findTestObject("Object Repository/Page_Element/button_Continue")): Object: 'Object Repository/Page_Element/button_Continue' is clicked on

2022-01-17 18:34:12 - [MESSAGE][PASSED] - Object: 'Object Repository/Page_Element/button_Continue' is clicked on

2022-01-17 18:34:12 - [TEST_STEP][PASSED] - click(findTestObject("Object Repository/Page_Element/div_Done")): Object: 'Object Repository/Page_Element/div_Done' is clicked on

2022-01-17 18:34:42 - [MESSAGE][PASSED] - Object: 'Object Repository/Page_Element/div_Done' is clicked on

2022-01-17 18:34:42 - [TEST_STEP][PASSED] - click(findTestObject("Object Repository/Page_Element/div_Chat room")): Object: 'Object Repository/Page_Element/div_Chat room' is clicked on

2022-01-17 18:34:50 - [MESSAGE][PASSED] - Object: 'Object Repository/Page_Element/div_Chat room' is clicked on

2022-01-17 18:34:50 - [TEST_STEP][PASSED] - click(findTestObject("Object Repository/Page_Element  Chat room/div_Chat room_mx_AccessibleButton mx_RightP_44bbd4")): Object: 'Object Repository/Page_Element  Chat room/div_Chat room_mx_AccessibleButton mx_RightP_44bbd4' is clicked on

2022-01-17 18:35:21 - [MESSAGE][PASSED] - Object: 'Object Repository/Page_Element  Chat room/div_Chat room_mx_AccessibleButton mx_RightP_44bbd4' is clicked on

2022-01-17 18:35:21 - [TEST_STEP][PASSED] - click(findTestObject("Object Repository/Page_Element  Chat room/div_ok_mx_AccessibleButton mx_BaseCard_close")): Object: 'Object Repository/Page_Element  Chat room/div_ok_mx_AccessibleButton mx_BaseCard_close' is clicked on

2022-01-17 18:35:51 - [MESSAGE][PASSED] - Object: 'Object Repository/Page_Element  Chat room/div_ok_mx_AccessibleButton mx_BaseCard_close' is clicked on]]></system-out>
         <system-err><![CDATA[]]></system-err>
      </testcase>
      <testcase name="Test Cases/Chat in private room/Voice call in an empty room" time="289.032" classname="Test Cases/Chat in private room/Voice call in an empty room" status="PASSED">
         <system-out><![CDATA[2022-01-17 18:35:51 - [TEST_CASE][PASSED] - Test Cases/Chat in private room/Voice call in an empty room: Test Cases/Chat in private room/Voice call in an empty room

2022-01-17 18:35:52 - [TEST_STEP][PASSED] - openBrowser(""): Browser is opened with url: ''

2022-01-17 18:35:52 - [MESSAGE][WARNING] - A browser is already opened. Closing browser and opening a new one

2022-01-17 18:35:52 - [MESSAGE][INFO] - Starting 'Chrome' driver

2022-01-17 18:35:52 - [MESSAGE][INFO] - Action delay is set to 0 milliseconds

2022-01-17 18:35:54 - [MESSAGE][PASSED] - Browser is opened with url: ''

2022-01-17 18:35:54 - [TEST_STEP][PASSED] - navigateToUrl("http://localhost:8080/"): Navigate to 'http://localhost:8080/' successfully

2022-01-17 18:35:56 - [MESSAGE][PASSED] - Navigate to 'http://localhost:8080/' successfully

2022-01-17 18:35:56 - [TEST_STEP][PASSED] - click(findTestObject("Object Repository/Page_Element/a_Sign In")): Object: 'Object Repository/Page_Element/a_Sign In' is clicked on

2022-01-17 18:36:00 - [MESSAGE][PASSED] - Object: 'Object Repository/Page_Element/a_Sign In' is clicked on

2022-01-17 18:36:00 - [TEST_STEP][PASSED] - setText(findTestObject("Object Repository/Page_Element/input_Sign in with_username"), "quanghuyne"): Text 'quanghuyne' is set on object 'Object Repository/Page_Element/input_Sign in with_username'

2022-01-17 18:37:00 - [MESSAGE][PASSED] - Text 'quanghuyne' is set on object 'Object Repository/Page_Element/input_Sign in with_username'

2022-01-17 18:37:00 - [TEST_STEP][PASSED] - setEncryptedText(findTestObject("Object Repository/Page_Element/input_Username_password"), "hk4lGgMz64DUYAH1jDReqA=="): Text ****** has been set on object 'Object Repository/Page_Element/input_Username_password'

2022-01-17 18:37:31 - [MESSAGE][PASSED] - Text ****** has been set on object 'Object Repository/Page_Element/input_Username_password'

2022-01-17 18:37:31 - [TEST_STEP][PASSED] - sendKeys(findTestObject("Object Repository/Page_Element/input_Username_password"), Keys.chord(ENTER)): Keys 'ENTER + ' sent to object: 'Object Repository/Page_Element/input_Username_password'

2022-01-17 18:38:01 - [MESSAGE][PASSED] - Keys 'ENTER + ' sent to object: 'Object Repository/Page_Element/input_Username_password'

2022-01-17 18:38:01 - [TEST_STEP][PASSED] - click(findTestObject("Object Repository/Page_Element/div_Verify with Security Key")): Object: 'Object Repository/Page_Element/div_Verify with Security Key' is clicked on

2022-01-17 18:38:08 - [MESSAGE][PASSED] - Object: 'Object Repository/Page_Element/div_Verify with Security Key' is clicked on

2022-01-17 18:38:08 - [TEST_STEP][PASSED] - setEncryptedText(findTestObject("Object Repository/Page_Element/input_Security Key_mx_securityKey"), "AM89fC/Z2L+0kQrgUJMoihakSLfqExGqqEDegROy7UCQVs01BySrESr2vAK0g5sjPD354BYtGaX7vGUm05HO7A=="): Text ****** has been set on object 'Object Repository/Page_Element/input_Security Key_mx_securityKey'

2022-01-17 18:38:38 - [MESSAGE][PASSED] - Text ****** has been set on object 'Object Repository/Page_Element/input_Security Key_mx_securityKey'

2022-01-17 18:38:38 - [TEST_STEP][PASSED] - click(findTestObject("Object Repository/Page_Element/button_Continue")): Object: 'Object Repository/Page_Element/button_Continue' is clicked on

2022-01-17 18:39:09 - [MESSAGE][PASSED] - Object: 'Object Repository/Page_Element/button_Continue' is clicked on

2022-01-17 18:39:09 - [TEST_STEP][PASSED] - click(findTestObject("Object Repository/Page_Element/div_Done")): Object: 'Object Repository/Page_Element/div_Done' is clicked on

2022-01-17 18:39:39 - [MESSAGE][PASSED] - Object: 'Object Repository/Page_Element/div_Done' is clicked on

2022-01-17 18:39:39 - [TEST_STEP][PASSED] - click(findTestObject("Object Repository/Page_Element/div_Chat room")): Object: 'Object Repository/Page_Element/div_Chat room' is clicked on

2022-01-17 18:40:10 - [MESSAGE][PASSED] - Object: 'Object Repository/Page_Element/div_Chat room' is clicked on

2022-01-17 18:40:10 - [TEST_STEP][PASSED] - click(findTestObject("Object Repository/Page_Element  Chat room/div_Chat room_mx_AccessibleButton mx_RoomHe_3a54bc")): Object: 'Object Repository/Page_Element  Chat room/div_Chat room_mx_AccessibleButton mx_RoomHe_3a54bc' is clicked on

2022-01-17 18:40:40 - [MESSAGE][PASSED] - Object: 'Object Repository/Page_Element  Chat room/div_Chat room_mx_AccessibleButton mx_RoomHe_3a54bc' is clicked on]]></system-out>
         <system-err><![CDATA[]]></system-err>
      </testcase>
      <testcase name="Test Cases/Chat in public room/Change the room name" time="550.495" classname="Test Cases/Chat in public room/Change the room name" status="PASSED">
         <system-out><![CDATA[2022-01-17 18:40:40 - [TEST_CASE][PASSED] - Test Cases/Chat in public room/Change the room name: Test Cases/Chat in public room/Change the room name

2022-01-17 18:40:41 - [TEST_STEP][PASSED] - openBrowser(""): Browser is opened with url: ''

2022-01-17 18:40:41 - [MESSAGE][WARNING] - A browser is already opened. Closing browser and opening a new one

2022-01-17 18:40:42 - [MESSAGE][INFO] - Starting 'Chrome' driver

2022-01-17 18:40:42 - [MESSAGE][INFO] - Action delay is set to 0 milliseconds

2022-01-17 18:40:43 - [MESSAGE][PASSED] - Browser is opened with url: ''

2022-01-17 18:40:43 - [TEST_STEP][PASSED] - navigateToUrl("http://localhost:8080/"): Navigate to 'http://localhost:8080/' successfully

2022-01-17 18:40:45 - [MESSAGE][PASSED] - Navigate to 'http://localhost:8080/' successfully

2022-01-17 18:40:45 - [TEST_STEP][PASSED] - click(findTestObject("Object Repository/Page_Element/a_Sign In")): Object: 'Object Repository/Page_Element/a_Sign In' is clicked on

2022-01-17 18:40:48 - [MESSAGE][PASSED] - Object: 'Object Repository/Page_Element/a_Sign In' is clicked on

2022-01-17 18:40:48 - [TEST_STEP][PASSED] - setText(findTestObject("Object Repository/Page_Element/input_Sign in with_username"), "quanghuyne"): Text 'quanghuyne' is set on object 'Object Repository/Page_Element/input_Sign in with_username'

2022-01-17 18:41:48 - [MESSAGE][PASSED] - Text 'quanghuyne' is set on object 'Object Repository/Page_Element/input_Sign in with_username'

2022-01-17 18:41:48 - [TEST_STEP][PASSED] - setEncryptedText(findTestObject("Object Repository/Page_Element/input_Username_password"), "hk4lGgMz64DUYAH1jDReqA=="): Text ****** has been set on object 'Object Repository/Page_Element/input_Username_password'

2022-01-17 18:42:18 - [MESSAGE][PASSED] - Text ****** has been set on object 'Object Repository/Page_Element/input_Username_password'

2022-01-17 18:42:18 - [TEST_STEP][PASSED] - sendKeys(findTestObject("Object Repository/Page_Element/input_Username_password"), Keys.chord(ENTER)): Keys 'ENTER + ' sent to object: 'Object Repository/Page_Element/input_Username_password'

2022-01-17 18:42:49 - [MESSAGE][PASSED] - Keys 'ENTER + ' sent to object: 'Object Repository/Page_Element/input_Username_password'

2022-01-17 18:42:49 - [TEST_STEP][PASSED] - click(findTestObject("Object Repository/Page_Element/div_Verify with Security Key")): Object: 'Object Repository/Page_Element/div_Verify with Security Key' is clicked on

2022-01-17 18:43:23 - [MESSAGE][PASSED] - Object: 'Object Repository/Page_Element/div_Verify with Security Key' is clicked on

2022-01-17 18:43:23 - [TEST_STEP][PASSED] - setEncryptedText(findTestObject("Object Repository/Page_Element/input_Security Key_mx_securityKey"), "AM89fC/Z2L+0kQrgUJMoihakSLfqExGqqEDegROy7UCQVs01BySrESr2vAK0g5sjPD354BYtGaX7vGUm05HO7A=="): Text ****** has been set on object 'Object Repository/Page_Element/input_Security Key_mx_securityKey'

2022-01-17 18:43:53 - [MESSAGE][PASSED] - Text ****** has been set on object 'Object Repository/Page_Element/input_Security Key_mx_securityKey'

2022-01-17 18:43:53 - [TEST_STEP][PASSED] - click(findTestObject("Object Repository/Page_Element/button_Continue")): Object: 'Object Repository/Page_Element/button_Continue' is clicked on

2022-01-17 18:44:18 - [MESSAGE][PASSED] - Object: 'Object Repository/Page_Element/button_Continue' is clicked on

2022-01-17 18:44:18 - [TEST_STEP][PASSED] - click(findTestObject("Object Repository/Page_Element/div_Done")): Object: 'Object Repository/Page_Element/div_Done' is clicked on

2022-01-17 18:44:48 - [MESSAGE][PASSED] - Object: 'Object Repository/Page_Element/div_Done' is clicked on

2022-01-17 18:44:48 - [TEST_STEP][PASSED] - click(findTestObject("Object Repository/Page_Element/div_quanghuybui93")): Object: 'Object Repository/Page_Element/div_quanghuybui93' is clicked on

2022-01-17 18:45:19 - [MESSAGE][PASSED] - Object: 'Object Repository/Page_Element/div_quanghuybui93' is clicked on

2022-01-17 18:45:19 - [TEST_STEP][PASSED] - click(findTestObject("Object Repository/Page_Element  quanghuybui93/div_Qquanghuybui93")): Object: 'Object Repository/Page_Element  quanghuybui93/div_Qquanghuybui93' is clicked on

2022-01-17 18:45:49 - [MESSAGE][PASSED] - Object: 'Object Repository/Page_Element  quanghuybui93/div_Qquanghuybui93' is clicked on

2022-01-17 18:45:49 - [TEST_STEP][PASSED] - click(findTestObject("Object Repository/Page_Element  quanghuybui93/div_quanghuybui93_mx_AccessibleButton mx_Ro_1b9c9b")): Object: 'Object Repository/Page_Element  quanghuybui93/div_quanghuybui93_mx_AccessibleButton mx_Ro_1b9c9b' is clicked on

2022-01-17 18:46:19 - [MESSAGE][PASSED] - Object: 'Object Repository/Page_Element  quanghuybui93/div_quanghuybui93_mx_AccessibleButton mx_Ro_1b9c9b' is clicked on

2022-01-17 18:46:19 - [TEST_STEP][PASSED] - click(findTestObject("Object Repository/Page_Element  quanghuybui93/span_Settings")): Object: 'Object Repository/Page_Element  quanghuybui93/span_Settings' is clicked on

2022-01-17 18:46:50 - [MESSAGE][PASSED] - Object: 'Object Repository/Page_Element  quanghuybui93/span_Settings' is clicked on

2022-01-17 18:46:50 - [TEST_STEP][PASSED] - setText(findTestObject("Object Repository/Page_Element  quanghuybui93/input_General_mx_Field_4"), "quanghuybui934"): Text 'quanghuybui934' is set on object 'Object Repository/Page_Element  quanghuybui93/input_General_mx_Field_4'

2022-01-17 18:47:50 - [MESSAGE][PASSED] - Text 'quanghuybui934' is set on object 'Object Repository/Page_Element  quanghuybui93/input_General_mx_Field_4'

2022-01-17 18:47:50 - [TEST_STEP][PASSED] - click(findTestObject("Object Repository/Page_Element  quanghuybui93/div_GeneralSecurity  PrivacyRoles  Permissi_f2bebd")): Object: 'Object Repository/Page_Element  quanghuybui93/div_GeneralSecurity  PrivacyRoles  Permissi_f2bebd' is clicked on

2022-01-17 18:48:20 - [MESSAGE][PASSED] - Object: 'Object Repository/Page_Element  quanghuybui93/div_GeneralSecurity  PrivacyRoles  Permissi_f2bebd' is clicked on

2022-01-17 18:48:20 - [TEST_STEP][PASSED] - setText(findTestObject("Object Repository/Page_Element  quanghuybui93/input_General_mx_Field_4"), "quanghuy93"): Text 'quanghuy93' is set on object 'Object Repository/Page_Element  quanghuybui93/input_General_mx_Field_4'

2022-01-17 18:49:20 - [MESSAGE][PASSED] - Text 'quanghuy93' is set on object 'Object Repository/Page_Element  quanghuybui93/input_General_mx_Field_4'

2022-01-17 18:49:20 - [TEST_STEP][PASSED] - click(findTestObject("Object Repository/Page_Element  quanghuybui93/div_Save")): Object: 'Object Repository/Page_Element  quanghuybui93/div_Save' is clicked on

2022-01-17 18:49:51 - [MESSAGE][PASSED] - Object: 'Object Repository/Page_Element  quanghuybui93/div_Save' is clicked on]]></system-out>
         <system-err><![CDATA[]]></system-err>
      </testcase>
      <testcase name="Test Cases/Chat in public room/Double click button send" time="354.309" classname="Test Cases/Chat in public room/Double click button send" status="PASSED">
         <system-out><![CDATA[2022-01-17 18:49:51 - [TEST_CASE][PASSED] - Test Cases/Chat in public room/Double click button send: Test Cases/Chat in public room/Double click button send

2022-01-17 18:49:51 - [TEST_STEP][PASSED] - openBrowser(""): Browser is opened with url: ''

2022-01-17 18:49:51 - [MESSAGE][WARNING] - A browser is already opened. Closing browser and opening a new one

2022-01-17 18:49:52 - [MESSAGE][INFO] - Starting 'Chrome' driver

2022-01-17 18:49:52 - [MESSAGE][INFO] - Action delay is set to 0 milliseconds

2022-01-17 18:49:54 - [MESSAGE][PASSED] - Browser is opened with url: ''

2022-01-17 18:49:54 - [TEST_STEP][PASSED] - navigateToUrl("http://localhost:8080/"): Navigate to 'http://localhost:8080/' successfully

2022-01-17 18:49:56 - [MESSAGE][PASSED] - Navigate to 'http://localhost:8080/' successfully

2022-01-17 18:49:56 - [TEST_STEP][PASSED] - click(findTestObject("Object Repository/Page_Element/a_Sign In")): Object: 'Object Repository/Page_Element/a_Sign In' is clicked on

2022-01-17 18:50:00 - [MESSAGE][PASSED] - Object: 'Object Repository/Page_Element/a_Sign In' is clicked on

2022-01-17 18:50:00 - [TEST_STEP][PASSED] - setText(findTestObject("Object Repository/Page_Element/input_Sign in with_username"), "quanghuyne"): Text 'quanghuyne' is set on object 'Object Repository/Page_Element/input_Sign in with_username'

2022-01-17 18:51:00 - [MESSAGE][PASSED] - Text 'quanghuyne' is set on object 'Object Repository/Page_Element/input_Sign in with_username'

2022-01-17 18:51:00 - [TEST_STEP][PASSED] - setEncryptedText(findTestObject("Object Repository/Page_Element/input_Username_password"), "hk4lGgMz64DUYAH1jDReqA=="): Text ****** has been set on object 'Object Repository/Page_Element/input_Username_password'

2022-01-17 18:51:30 - [MESSAGE][PASSED] - Text ****** has been set on object 'Object Repository/Page_Element/input_Username_password'

2022-01-17 18:51:30 - [TEST_STEP][PASSED] - sendKeys(findTestObject("Object Repository/Page_Element/input_Username_password"), Keys.chord(ENTER)): Keys 'ENTER + ' sent to object: 'Object Repository/Page_Element/input_Username_password'

2022-01-17 18:52:01 - [MESSAGE][PASSED] - Keys 'ENTER + ' sent to object: 'Object Repository/Page_Element/input_Username_password'

2022-01-17 18:52:01 - [TEST_STEP][PASSED] - click(findTestObject("Object Repository/Page_Element/div_Verify with Security Key")): Object: 'Object Repository/Page_Element/div_Verify with Security Key' is clicked on

2022-01-17 18:52:05 - [MESSAGE][PASSED] - Object: 'Object Repository/Page_Element/div_Verify with Security Key' is clicked on

2022-01-17 18:52:05 - [TEST_STEP][PASSED] - setEncryptedText(findTestObject("Object Repository/Page_Element/input_Security Key_mx_securityKey"), "AM89fC/Z2L+0kQrgUJMoihakSLfqExGqqEDegROy7UCQVs01BySrESr2vAK0g5sjPD354BYtGaX7vGUm05HO7A=="): Text ****** has been set on object 'Object Repository/Page_Element/input_Security Key_mx_securityKey'

2022-01-17 18:52:36 - [MESSAGE][PASSED] - Text ****** has been set on object 'Object Repository/Page_Element/input_Security Key_mx_securityKey'

2022-01-17 18:52:36 - [TEST_STEP][PASSED] - click(findTestObject("Object Repository/Page_Element/button_Continue")): Object: 'Object Repository/Page_Element/button_Continue' is clicked on

2022-01-17 18:53:06 - [MESSAGE][PASSED] - Object: 'Object Repository/Page_Element/button_Continue' is clicked on

2022-01-17 18:53:06 - [TEST_STEP][PASSED] - click(findTestObject("Object Repository/Page_Element/div_Device verifiedYour new device is now v_681f4b")): Object: 'Object Repository/Page_Element/div_Device verifiedYour new device is now v_681f4b' is clicked on

2022-01-17 18:53:36 - [MESSAGE][PASSED] - Object: 'Object Repository/Page_Element/div_Device verifiedYour new device is now v_681f4b' is clicked on

2022-01-17 18:53:36 - [TEST_STEP][PASSED] - click(findTestObject("Object Repository/Page_Element/div_Done")): Object: 'Object Repository/Page_Element/div_Done' is clicked on

2022-01-17 18:54:06 - [MESSAGE][PASSED] - Object: 'Object Repository/Page_Element/div_Done' is clicked on

2022-01-17 18:54:06 - [TEST_STEP][PASSED] - click(findTestObject("Object Repository/Page_Element/div_quanghuy93")): Object: 'Object Repository/Page_Element/div_quanghuy93' is clicked on

2022-01-17 18:54:37 - [MESSAGE][PASSED] - Object: 'Object Repository/Page_Element/div_quanghuy93' is clicked on

2022-01-17 18:54:37 - [TEST_STEP][PASSED] - click(findTestObject("Object Repository/Page_Element  quanghuy93/div")): Object: 'Object Repository/Page_Element  quanghuy93/div' is clicked on

2022-01-17 18:54:39 - [MESSAGE][PASSED] - Object: 'Object Repository/Page_Element  quanghuy93/div' is clicked on

2022-01-17 18:54:39 - [TEST_STEP][PASSED] - setText(findTestObject("Object Repository/Page_Element  quanghuy93/div_aa"), "<div style="">aa</div>"): Text '<div style="">aa</div>' is set on object 'Object Repository/Page_Element  quanghuy93/div_aa'

2022-01-17 18:55:15 - [MESSAGE][PASSED] - Text '<div style="">aa</div>' is set on object 'Object Repository/Page_Element  quanghuy93/div_aa'

2022-01-17 18:55:15 - [TEST_STEP][PASSED] - doubleClick(findTestObject("Object Repository/Page_Element  quanghuy93/div_aa_mx_AccessibleButton mx_MessageCompos_233a33")): Object: 'Object Repository/Page_Element  quanghuy93/div_aa_mx_AccessibleButton mx_MessageCompos_233a33' is double clicked on

2022-01-17 18:55:45 - [MESSAGE][PASSED] - Object: 'Object Repository/Page_Element  quanghuy93/div_aa_mx_AccessibleButton mx_MessageCompos_233a33' is double clicked on]]></system-out>
         <system-err><![CDATA[]]></system-err>
      </testcase>
      <testcase name="Test Cases/Chat in public room/Search in chatbox" time="373.851" classname="Test Cases/Chat in public room/Search in chatbox" status="PASSED">
         <system-out><![CDATA[2022-01-17 18:55:45 - [TEST_CASE][PASSED] - Test Cases/Chat in public room/Search in chatbox: Test Cases/Chat in public room/Search in chatbox

2022-01-17 18:55:46 - [TEST_STEP][PASSED] - openBrowser(""): Browser is opened with url: ''

2022-01-17 18:55:46 - [MESSAGE][WARNING] - A browser is already opened. Closing browser and opening a new one

2022-01-17 18:55:47 - [MESSAGE][INFO] - Starting 'Chrome' driver

2022-01-17 18:55:47 - [MESSAGE][INFO] - Action delay is set to 0 milliseconds

2022-01-17 18:55:48 - [MESSAGE][PASSED] - Browser is opened with url: ''

2022-01-17 18:55:48 - [TEST_STEP][PASSED] - navigateToUrl("http://localhost:8080/"): Navigate to 'http://localhost:8080/' successfully

2022-01-17 18:55:51 - [MESSAGE][PASSED] - Navigate to 'http://localhost:8080/' successfully

2022-01-17 18:55:51 - [TEST_STEP][PASSED] - click(findTestObject("Object Repository/Page_Element/a_Sign In")): Object: 'Object Repository/Page_Element/a_Sign In' is clicked on

2022-01-17 18:55:54 - [MESSAGE][PASSED] - Object: 'Object Repository/Page_Element/a_Sign In' is clicked on

2022-01-17 18:55:54 - [TEST_STEP][PASSED] - setText(findTestObject("Object Repository/Page_Element/input_Sign in with_username"), "quanghuyne"): Text 'quanghuyne' is set on object 'Object Repository/Page_Element/input_Sign in with_username'

2022-01-17 18:56:54 - [MESSAGE][PASSED] - Text 'quanghuyne' is set on object 'Object Repository/Page_Element/input_Sign in with_username'

2022-01-17 18:56:54 - [TEST_STEP][PASSED] - setEncryptedText(findTestObject("Object Repository/Page_Element/input_Username_password"), "hk4lGgMz64DUYAH1jDReqA=="): Text ****** has been set on object 'Object Repository/Page_Element/input_Username_password'

2022-01-17 18:57:24 - [MESSAGE][PASSED] - Text ****** has been set on object 'Object Repository/Page_Element/input_Username_password'

2022-01-17 18:57:24 - [TEST_STEP][PASSED] - sendKeys(findTestObject("Object Repository/Page_Element/input_Username_password"), Keys.chord(ENTER)): Keys 'ENTER + ' sent to object: 'Object Repository/Page_Element/input_Username_password'

2022-01-17 18:57:55 - [MESSAGE][PASSED] - Keys 'ENTER + ' sent to object: 'Object Repository/Page_Element/input_Username_password'

2022-01-17 18:57:55 - [TEST_STEP][PASSED] - click(findTestObject("Object Repository/Page_Element/div_Verify with Security Key")): Object: 'Object Repository/Page_Element/div_Verify with Security Key' is clicked on

2022-01-17 18:58:00 - [MESSAGE][PASSED] - Object: 'Object Repository/Page_Element/div_Verify with Security Key' is clicked on

2022-01-17 18:58:00 - [TEST_STEP][PASSED] - setEncryptedText(findTestObject("Object Repository/Page_Element/input_Security Key_mx_securityKey"), "AM89fC/Z2L+0kQrgUJMoihakSLfqExGqqEDegROy7UCQVs01BySrESr2vAK0g5sjPD354BYtGaX7vGUm05HO7A=="): Text ****** has been set on object 'Object Repository/Page_Element/input_Security Key_mx_securityKey'

2022-01-17 18:58:27 - [MESSAGE][PASSED] - Text ****** has been set on object 'Object Repository/Page_Element/input_Security Key_mx_securityKey'

2022-01-17 18:58:27 - [TEST_STEP][PASSED] - sendKeys(findTestObject("Object Repository/Page_Element/input_Security Key_mx_securityKey"), Keys.chord(ENTER)): Keys 'ENTER + ' sent to object: 'Object Repository/Page_Element/input_Security Key_mx_securityKey'

2022-01-17 18:58:57 - [MESSAGE][PASSED] - Keys 'ENTER + ' sent to object: 'Object Repository/Page_Element/input_Security Key_mx_securityKey'

2022-01-17 18:58:57 - [TEST_STEP][PASSED] - click(findTestObject("Object Repository/Page_Element/div_Done")): Object: 'Object Repository/Page_Element/div_Done' is clicked on

2022-01-17 18:59:27 - [MESSAGE][PASSED] - Object: 'Object Repository/Page_Element/div_Done' is clicked on

2022-01-17 18:59:27 - [TEST_STEP][PASSED] - click(findTestObject("Object Repository/Page_Element/div_quanghuy93")): Object: 'Object Repository/Page_Element/div_quanghuy93' is clicked on

2022-01-17 18:59:58 - [MESSAGE][PASSED] - Object: 'Object Repository/Page_Element/div_quanghuy93' is clicked on

2022-01-17 18:59:58 - [TEST_STEP][PASSED] - click(findTestObject("Object Repository/Page_Element  quanghuy93/div_quanghuy93_mx_AccessibleButton mx_RoomH_029a7a")): Object: 'Object Repository/Page_Element  quanghuy93/div_quanghuy93_mx_AccessibleButton mx_RoomH_029a7a' is clicked on

2022-01-17 19:00:28 - [MESSAGE][PASSED] - Object: 'Object Repository/Page_Element  quanghuy93/div_quanghuy93_mx_AccessibleButton mx_RoomH_029a7a' is clicked on

2022-01-17 19:00:28 - [TEST_STEP][PASSED] - setText(findTestObject("Object Repository/Page_Element  quanghuy93/input_All Rooms_focus-visible"), "a"): Text 'a' is set on object 'Object Repository/Page_Element  quanghuy93/input_All Rooms_focus-visible'

2022-01-17 19:01:29 - [MESSAGE][PASSED] - Text 'a' is set on object 'Object Repository/Page_Element  quanghuy93/input_All Rooms_focus-visible'

2022-01-17 19:01:29 - [TEST_STEP][PASSED] - sendKeys(findTestObject("Object Repository/Page_Element  quanghuy93/input_All Rooms_focus-visible"), Keys.chord(ENTER)): Keys 'ENTER + ' sent to object: 'Object Repository/Page_Element  quanghuy93/input_All Rooms_focus-visible'

2022-01-17 19:01:59 - [MESSAGE][PASSED] - Keys 'ENTER + ' sent to object: 'Object Repository/Page_Element  quanghuy93/input_All Rooms_focus-visible']]></system-out>
         <system-err><![CDATA[]]></system-err>
      </testcase>
      <testcase name="Test Cases/Chat in public room/Send a message" time="420.591" classname="Test Cases/Chat in public room/Send a message" status="PASSED">
         <system-out><![CDATA[2022-01-17 19:01:59 - [TEST_CASE][PASSED] - Test Cases/Chat in public room/Send a message: Test Cases/Chat in public room/Send a message

2022-01-17 19:01:59 - [TEST_STEP][PASSED] - openBrowser(""): Browser is opened with url: ''

2022-01-17 19:01:59 - [MESSAGE][WARNING] - A browser is already opened. Closing browser and opening a new one

2022-01-17 19:02:00 - [MESSAGE][INFO] - Starting 'Chrome' driver

2022-01-17 19:02:00 - [MESSAGE][INFO] - Action delay is set to 0 milliseconds

2022-01-17 19:02:01 - [MESSAGE][PASSED] - Browser is opened with url: ''

2022-01-17 19:02:01 - [TEST_STEP][PASSED] - navigateToUrl("http://localhost:8080/"): Navigate to 'http://localhost:8080/' successfully

2022-01-17 19:02:03 - [MESSAGE][PASSED] - Navigate to 'http://localhost:8080/' successfully

2022-01-17 19:02:03 - [TEST_STEP][PASSED] - click(findTestObject("Object Repository/Page_Element/div_Sign In")): Object: 'Object Repository/Page_Element/div_Sign In' is clicked on

2022-01-17 19:02:34 - [MESSAGE][PASSED] - Object: 'Object Repository/Page_Element/div_Sign In' is clicked on

2022-01-17 19:02:34 - [TEST_STEP][PASSED] - setText(findTestObject("Object Repository/Page_Element/input_Sign in with_username"), "quanghuyne"): Text 'quanghuyne' is set on object 'Object Repository/Page_Element/input_Sign in with_username'

2022-01-17 19:03:35 - [MESSAGE][PASSED] - Text 'quanghuyne' is set on object 'Object Repository/Page_Element/input_Sign in with_username'

2022-01-17 19:03:35 - [TEST_STEP][PASSED] - setEncryptedText(findTestObject("Object Repository/Page_Element/input_Username_password"), "hk4lGgMz64DUYAH1jDReqA=="): Text ****** has been set on object 'Object Repository/Page_Element/input_Username_password'

2022-01-17 19:04:05 - [MESSAGE][PASSED] - Text ****** has been set on object 'Object Repository/Page_Element/input_Username_password'

2022-01-17 19:04:05 - [TEST_STEP][PASSED] - click(findTestObject("Object Repository/Page_Element/input_Forgot password_mx_Login_submit")): Object: 'Object Repository/Page_Element/input_Forgot password_mx_Login_submit' is clicked on

2022-01-17 19:04:35 - [MESSAGE][PASSED] - Object: 'Object Repository/Page_Element/input_Forgot password_mx_Login_submit' is clicked on

2022-01-17 19:04:35 - [TEST_STEP][PASSED] - click(findTestObject("Object Repository/Page_Element/div_Verify with Security Key")): Object: 'Object Repository/Page_Element/div_Verify with Security Key' is clicked on

2022-01-17 19:04:57 - [MESSAGE][PASSED] - Object: 'Object Repository/Page_Element/div_Verify with Security Key' is clicked on

2022-01-17 19:04:57 - [TEST_STEP][PASSED] - setEncryptedText(findTestObject("Object Repository/Page_Element/input_Security Key_mx_securityKey"), "AM89fC/Z2L+0kQrgUJMoihakSLfqExGqqEDegROy7UCQVs01BySrESr2vAK0g5sjPD354BYtGaX7vGUm05HO7A=="): Text ****** has been set on object 'Object Repository/Page_Element/input_Security Key_mx_securityKey'

2022-01-17 19:05:28 - [MESSAGE][PASSED] - Text ****** has been set on object 'Object Repository/Page_Element/input_Security Key_mx_securityKey'

2022-01-17 19:05:28 - [TEST_STEP][PASSED] - click(findTestObject("Object Repository/Page_Element/div_Forgotten or lost all recovery methods _efef16")): Object: 'Object Repository/Page_Element/div_Forgotten or lost all recovery methods _efef16' is clicked on

2022-01-17 19:05:58 - [MESSAGE][PASSED] - Object: 'Object Repository/Page_Element/div_Forgotten or lost all recovery methods _efef16' is clicked on

2022-01-17 19:05:58 - [TEST_STEP][PASSED] - click(findTestObject("Object Repository/Page_Element/button_Continue")): Object: 'Object Repository/Page_Element/button_Continue' is clicked on

2022-01-17 19:06:28 - [MESSAGE][PASSED] - Object: 'Object Repository/Page_Element/button_Continue' is clicked on

2022-01-17 19:06:28 - [TEST_STEP][PASSED] - click(findTestObject("Object Repository/Page_Element/div_Done")): Object: 'Object Repository/Page_Element/div_Done' is clicked on

2022-01-17 19:06:58 - [MESSAGE][PASSED] - Object: 'Object Repository/Page_Element/div_Done' is clicked on

2022-01-17 19:06:58 - [TEST_STEP][PASSED] - click(findTestObject("Object Repository/Page_Element/div_quanghuy93")): Object: 'Object Repository/Page_Element/div_quanghuy93' is clicked on

2022-01-17 19:07:29 - [MESSAGE][PASSED] - Object: 'Object Repository/Page_Element/div_quanghuy93' is clicked on

2022-01-17 19:07:29 - [TEST_STEP][PASSED] - setText(findTestObject("Object Repository/Page_Element  quanghuy93/div_hi"), "<div>hi</div>"): Text '<div>hi</div>' is set on object 'Object Repository/Page_Element  quanghuy93/div_hi'

2022-01-17 19:08:29 - [MESSAGE][PASSED] - Text '<div>hi</div>' is set on object 'Object Repository/Page_Element  quanghuy93/div_hi'

2022-01-17 19:08:29 - [TEST_STEP][PASSED] - click(findTestObject("Object Repository/Page_Element  quanghuy93/div_hi_mx_AccessibleButton mx_MessageCompos_cccf2b")): Object: 'Object Repository/Page_Element  quanghuy93/div_hi_mx_AccessibleButton mx_MessageCompos_cccf2b' is clicked on

2022-01-17 19:08:59 - [MESSAGE][PASSED] - Object: 'Object Repository/Page_Element  quanghuy93/div_hi_mx_AccessibleButton mx_MessageCompos_cccf2b' is clicked on]]></system-out>
         <system-err><![CDATA[]]></system-err>
      </testcase>
      <testcase name="Test Cases/Chat in public room/Send a message with emoji" time="436.867" classname="Test Cases/Chat in public room/Send a message with emoji" status="PASSED">
         <system-out><![CDATA[2022-01-17 19:08:59 - [TEST_CASE][PASSED] - Test Cases/Chat in public room/Send a message with emoji: Test Cases/Chat in public room/Send a message with emoji

2022-01-17 19:09:00 - [TEST_STEP][PASSED] - openBrowser(""): Browser is opened with url: ''

2022-01-17 19:09:00 - [MESSAGE][WARNING] - A browser is already opened. Closing browser and opening a new one

2022-01-17 19:09:01 - [MESSAGE][INFO] - Starting 'Chrome' driver

2022-01-17 19:09:01 - [MESSAGE][INFO] - Action delay is set to 0 milliseconds

2022-01-17 19:09:02 - [MESSAGE][PASSED] - Browser is opened with url: ''

2022-01-17 19:09:02 - [TEST_STEP][PASSED] - navigateToUrl("http://localhost:8080/"): Navigate to 'http://localhost:8080/' successfully

2022-01-17 19:09:06 - [MESSAGE][PASSED] - Navigate to 'http://localhost:8080/' successfully

2022-01-17 19:09:06 - [TEST_STEP][PASSED] - click(findTestObject("Object Repository/Page_Element/a_Sign In")): Object: 'Object Repository/Page_Element/a_Sign In' is clicked on

2022-01-17 19:09:37 - [MESSAGE][PASSED] - Object: 'Object Repository/Page_Element/a_Sign In' is clicked on

2022-01-17 19:09:37 - [TEST_STEP][PASSED] - setText(findTestObject("Object Repository/Page_Element/input_Sign in with_username"), "quanghuyne"): Text 'quanghuyne' is set on object 'Object Repository/Page_Element/input_Sign in with_username'

2022-01-17 19:10:37 - [MESSAGE][PASSED] - Text 'quanghuyne' is set on object 'Object Repository/Page_Element/input_Sign in with_username'

2022-01-17 19:10:37 - [TEST_STEP][PASSED] - setEncryptedText(findTestObject("Object Repository/Page_Element/input_Username_password"), "hk4lGgMz64DUYAH1jDReqA=="): Text ****** has been set on object 'Object Repository/Page_Element/input_Username_password'

2022-01-17 19:11:08 - [MESSAGE][PASSED] - Text ****** has been set on object 'Object Repository/Page_Element/input_Username_password'

2022-01-17 19:11:08 - [TEST_STEP][PASSED] - click(findTestObject("Object Repository/Page_Element/input_Forgot password_mx_Login_submit")): Object: 'Object Repository/Page_Element/input_Forgot password_mx_Login_submit' is clicked on

2022-01-17 19:11:38 - [MESSAGE][PASSED] - Object: 'Object Repository/Page_Element/input_Forgot password_mx_Login_submit' is clicked on

2022-01-17 19:11:38 - [TEST_STEP][PASSED] - click(findTestObject("Object Repository/Page_Element/div_Verify your identity to access encrypte_310102")): Object: 'Object Repository/Page_Element/div_Verify your identity to access encrypte_310102' is clicked on

2022-01-17 19:11:40 - [MESSAGE][PASSED] - Object: 'Object Repository/Page_Element/div_Verify your identity to access encrypte_310102' is clicked on

2022-01-17 19:11:40 - [TEST_STEP][PASSED] - click(findTestObject("Object Repository/Page_Element/div_Verify with Security Key")): Object: 'Object Repository/Page_Element/div_Verify with Security Key' is clicked on

2022-01-17 19:11:42 - [MESSAGE][PASSED] - Object: 'Object Repository/Page_Element/div_Verify with Security Key' is clicked on

2022-01-17 19:11:42 - [TEST_STEP][PASSED] - setEncryptedText(findTestObject("Object Repository/Page_Element/input_Security Key_mx_securityKey"), "AM89fC/Z2L+0kQrgUJMoihakSLfqExGqqEDegROy7UCQVs01BySrESr2vAK0g5sjPD354BYtGaX7vGUm05HO7A=="): Text ****** has been set on object 'Object Repository/Page_Element/input_Security Key_mx_securityKey'

2022-01-17 19:12:12 - [MESSAGE][PASSED] - Text ****** has been set on object 'Object Repository/Page_Element/input_Security Key_mx_securityKey'

2022-01-17 19:12:12 - [TEST_STEP][PASSED] - click(findTestObject("Object Repository/Page_Element/button_Continue")): Object: 'Object Repository/Page_Element/button_Continue' is clicked on

2022-01-17 19:12:42 - [MESSAGE][PASSED] - Object: 'Object Repository/Page_Element/button_Continue' is clicked on

2022-01-17 19:12:42 - [TEST_STEP][PASSED] - click(findTestObject("Object Repository/Page_Element/div_Done")): Object: 'Object Repository/Page_Element/div_Done' is clicked on

2022-01-17 19:13:13 - [MESSAGE][PASSED] - Object: 'Object Repository/Page_Element/div_Done' is clicked on

2022-01-17 19:13:13 - [TEST_STEP][PASSED] - click(findTestObject("Object Repository/Page_Element/div_quanghuy93")): Object: 'Object Repository/Page_Element/div_quanghuy93' is clicked on

2022-01-17 19:13:43 - [MESSAGE][PASSED] - Object: 'Object Repository/Page_Element/div_quanghuy93' is clicked on

2022-01-17 19:13:43 - [TEST_STEP][PASSED] - setText(findTestObject("Object Repository/Page_Element  quanghuy93/div_hi"), "<div style="">hi</div>"): Text '<div style="">hi</div>' is set on object 'Object Repository/Page_Element  quanghuy93/div_hi'

2022-01-17 19:14:15 - [MESSAGE][PASSED] - Text '<div style="">hi</div>' is set on object 'Object Repository/Page_Element  quanghuy93/div_hi'

2022-01-17 19:14:15 - [TEST_STEP][PASSED] - click(findTestObject("Object Repository/Page_Element  quanghuy93/div_hi_mx_AccessibleButton mx_MessageCompos_a1b40b")): Object: 'Object Repository/Page_Element  quanghuy93/div_hi_mx_AccessibleButton mx_MessageCompos_a1b40b' is clicked on

2022-01-17 19:14:46 - [MESSAGE][PASSED] - Object: 'Object Repository/Page_Element  quanghuy93/div_hi_mx_AccessibleButton mx_MessageCompos_a1b40b' is clicked on

2022-01-17 19:14:46 - [TEST_STEP][PASSED] - click(findTestObject("Object Repository/Page_Element  quanghuy93/div_")): Object: 'Object Repository/Page_Element  quanghuy93/div_' is clicked on

2022-01-17 19:15:16 - [MESSAGE][PASSED] - Object: 'Object Repository/Page_Element  quanghuy93/div_' is clicked on

2022-01-17 19:15:16 - [TEST_STEP][PASSED] - click(findTestObject("Object Repository/Page_Element  quanghuy93/div_This room is public_mx_ContextualMenu_b_fc4f75")): Object: 'Object Repository/Page_Element  quanghuy93/div_This room is public_mx_ContextualMenu_b_fc4f75' is clicked on

2022-01-17 19:15:46 - [MESSAGE][PASSED] - Object: 'Object Repository/Page_Element  quanghuy93/div_This room is public_mx_ContextualMenu_b_fc4f75' is clicked on

2022-01-17 19:15:46 - [TEST_STEP][PASSED] - click(findTestObject("Object Repository/Page_Element  quanghuy93/div_hi_mx_AccessibleButton mx_MessageCompos_cccf2b")): Object: 'Object Repository/Page_Element  quanghuy93/div_hi_mx_AccessibleButton mx_MessageCompos_cccf2b' is clicked on

2022-01-17 19:16:16 - [MESSAGE][PASSED] - Object: 'Object Repository/Page_Element  quanghuy93/div_hi_mx_AccessibleButton mx_MessageCompos_cccf2b' is clicked on]]></system-out>
         <system-err><![CDATA[]]></system-err>
      </testcase>
      <testcase name="Test Cases/Chat in private room/Send a message with special characters" time="311.059" classname="Test Cases/Chat in private room/Send a message with special characters" status="PASSED">
         <system-out><![CDATA[2022-01-17 19:16:16 - [TEST_CASE][PASSED] - Test Cases/Chat in private room/Send a message with special characters: Test Cases/Chat in private room/Send a message with special characters

2022-01-17 19:16:17 - [TEST_STEP][PASSED] - openBrowser(""): Browser is opened with url: ''

2022-01-17 19:16:17 - [MESSAGE][WARNING] - A browser is already opened. Closing browser and opening a new one

2022-01-17 19:16:18 - [MESSAGE][INFO] - Starting 'Chrome' driver

2022-01-17 19:16:18 - [MESSAGE][INFO] - Action delay is set to 0 milliseconds

2022-01-17 19:16:19 - [MESSAGE][PASSED] - Browser is opened with url: ''

2022-01-17 19:16:19 - [TEST_STEP][PASSED] - navigateToUrl("http://localhost:8080/"): Navigate to 'http://localhost:8080/' successfully

2022-01-17 19:16:22 - [MESSAGE][PASSED] - Navigate to 'http://localhost:8080/' successfully

2022-01-17 19:16:22 - [TEST_STEP][PASSED] - click(findTestObject("Object Repository/Page_Element/div_Sign In")): Object: 'Object Repository/Page_Element/div_Sign In' is clicked on

2022-01-17 19:16:52 - [MESSAGE][PASSED] - Object: 'Object Repository/Page_Element/div_Sign In' is clicked on

2022-01-17 19:16:52 - [TEST_STEP][PASSED] - setText(findTestObject("Object Repository/Page_Element/input_Sign in with_username"), "quanghuyne"): Text 'quanghuyne' is set on object 'Object Repository/Page_Element/input_Sign in with_username'

2022-01-17 19:17:53 - [MESSAGE][PASSED] - Text 'quanghuyne' is set on object 'Object Repository/Page_Element/input_Sign in with_username'

2022-01-17 19:17:53 - [TEST_STEP][PASSED] - setEncryptedText(findTestObject("Object Repository/Page_Element/input_Username_password"), "hk4lGgMz64DUYAH1jDReqA=="): Text ****** has been set on object 'Object Repository/Page_Element/input_Username_password'

2022-01-17 19:18:23 - [MESSAGE][PASSED] - Text ****** has been set on object 'Object Repository/Page_Element/input_Username_password'

2022-01-17 19:18:23 - [TEST_STEP][PASSED] - sendKeys(findTestObject("Object Repository/Page_Element/input_Username_password"), Keys.chord(ENTER)): Keys 'ENTER + ' sent to object: 'Object Repository/Page_Element/input_Username_password'

2022-01-17 19:18:53 - [MESSAGE][PASSED] - Keys 'ENTER + ' sent to object: 'Object Repository/Page_Element/input_Username_password'

2022-01-17 19:18:53 - [TEST_STEP][PASSED] - click(findTestObject("Object Repository/Page_Element/button_Reset all")): Object: 'Object Repository/Page_Element/button_Reset all' is clicked on

2022-01-17 19:19:25 - [MESSAGE][PASSED] - Object: 'Object Repository/Page_Element/button_Reset all' is clicked on

2022-01-17 19:19:25 - [TEST_STEP][PASSED] - click(findTestObject("Object Repository/Page_Element/div_Proceed with reset")): Object: 'Object Repository/Page_Element/div_Proceed with reset' is clicked on

2022-01-17 19:19:56 - [MESSAGE][PASSED] - Object: 'Object Repository/Page_Element/div_Proceed with reset' is clicked on

2022-01-17 19:19:56 - [TEST_STEP][PASSED] - click(findTestObject("Object Repository/Page_Element/button_Cancel")): Object: 'Object Repository/Page_Element/button_Cancel' is clicked on

2022-01-17 19:20:27 - [MESSAGE][PASSED] - Object: 'Object Repository/Page_Element/button_Cancel' is clicked on

2022-01-17 19:20:27 - [TEST_STEP][PASSED] - click(findTestObject("Object Repository/Page_Element/button_Cancel")): Object: 'Object Repository/Page_Element/button_Cancel' is clicked on

2022-01-17 19:20:57 - [MESSAGE][PASSED] - Object: 'Object Repository/Page_Element/button_Cancel' is clicked on

2022-01-17 19:20:57 - [TEST_STEP][PASSED] - click(findTestObject("Object Repository/Page_Element/div_CChat room")): Object: 'Object Repository/Page_Element/div_CChat room' is clicked on

2022-01-17 19:21:27 - [MESSAGE][PASSED] - Object: 'Object Repository/Page_Element/div_CChat room' is clicked on]]></system-out>
         <system-err><![CDATA[]]></system-err>
      </testcase>
      <testcase name="Test Cases/Chat in public room/Send voice message" time="288.172" classname="Test Cases/Chat in public room/Send voice message" status="PASSED">
         <system-out><![CDATA[2022-01-17 19:21:27 - [TEST_CASE][PASSED] - Test Cases/Chat in public room/Send voice message: Test Cases/Chat in public room/Send voice message

2022-01-17 19:21:28 - [TEST_STEP][PASSED] - openBrowser(""): Browser is opened with url: ''

2022-01-17 19:21:28 - [MESSAGE][WARNING] - A browser is already opened. Closing browser and opening a new one

2022-01-17 19:21:29 - [MESSAGE][INFO] - Starting 'Chrome' driver

2022-01-17 19:21:29 - [MESSAGE][INFO] - Action delay is set to 0 milliseconds

2022-01-17 19:21:30 - [MESSAGE][PASSED] - Browser is opened with url: ''

2022-01-17 19:21:30 - [TEST_STEP][PASSED] - navigateToUrl("http://localhost:8080/"): Navigate to 'http://localhost:8080/' successfully

2022-01-17 19:21:32 - [MESSAGE][PASSED] - Navigate to 'http://localhost:8080/' successfully

2022-01-17 19:21:32 - [TEST_STEP][PASSED] - click(findTestObject("Object Repository/Page_Element/a_Sign In")): Object: 'Object Repository/Page_Element/a_Sign In' is clicked on

2022-01-17 19:21:36 - [MESSAGE][PASSED] - Object: 'Object Repository/Page_Element/a_Sign In' is clicked on

2022-01-17 19:21:36 - [TEST_STEP][PASSED] - setText(findTestObject("Object Repository/Page_Element/input_Sign in with_username"), "quanghuyne"): Text 'quanghuyne' is set on object 'Object Repository/Page_Element/input_Sign in with_username'

2022-01-17 19:22:37 - [MESSAGE][PASSED] - Text 'quanghuyne' is set on object 'Object Repository/Page_Element/input_Sign in with_username'

2022-01-17 19:22:37 - [TEST_STEP][PASSED] - setEncryptedText(findTestObject("Object Repository/Page_Element/input_Username_password"), "hk4lGgMz64DUYAH1jDReqA=="): Text ****** has been set on object 'Object Repository/Page_Element/input_Username_password'

2022-01-17 19:23:07 - [MESSAGE][PASSED] - Text ****** has been set on object 'Object Repository/Page_Element/input_Username_password'

2022-01-17 19:23:07 - [TEST_STEP][PASSED] - click(findTestObject("Object Repository/Page_Element/input_Forgot password_mx_Login_submit")): Object: 'Object Repository/Page_Element/input_Forgot password_mx_Login_submit' is clicked on

2022-01-17 19:23:37 - [MESSAGE][PASSED] - Object: 'Object Repository/Page_Element/input_Forgot password_mx_Login_submit' is clicked on

2022-01-17 19:23:37 - [TEST_STEP][PASSED] - click(findTestObject("Object Repository/Page_Element/div_Verify with Security Key")): Object: 'Object Repository/Page_Element/div_Verify with Security Key' is clicked on

2022-01-17 19:24:11 - [MESSAGE][PASSED] - Object: 'Object Repository/Page_Element/div_Verify with Security Key' is clicked on

2022-01-17 19:24:11 - [TEST_STEP][PASSED] - setEncryptedText(findTestObject("Object Repository/Page_Element/input_Security Key_mx_securityKey"), "AM89fC/Z2L+0kQrgUJMoihakSLfqExGqqEDegROy7UCQVs01BySrESr2vAK0g5sjPD354BYtGaX7vGUm05HO7A=="): Text ****** has been set on object 'Object Repository/Page_Element/input_Security Key_mx_securityKey'

2022-01-17 19:24:41 - [MESSAGE][PASSED] - Text ****** has been set on object 'Object Repository/Page_Element/input_Security Key_mx_securityKey'

2022-01-17 19:24:41 - [TEST_STEP][PASSED] - click(findTestObject("Object Repository/Page_Element/button_Continue")): Object: 'Object Repository/Page_Element/button_Continue' is clicked on

2022-01-17 19:24:42 - [MESSAGE][PASSED] - Object: 'Object Repository/Page_Element/button_Continue' is clicked on

2022-01-17 19:24:42 - [TEST_STEP][PASSED] - click(findTestObject("Object Repository/Page_Element/div_Done")): Object: 'Object Repository/Page_Element/div_Done' is clicked on

2022-01-17 19:25:13 - [MESSAGE][PASSED] - Object: 'Object Repository/Page_Element/div_Done' is clicked on

2022-01-17 19:25:13 - [TEST_STEP][PASSED] - click(findTestObject("Object Repository/Page_Element/div_quanghuy93quanghuybui934quanghuy93")): Object: 'Object Repository/Page_Element/div_quanghuy93quanghuybui934quanghuy93' is clicked on

2022-01-17 19:25:43 - [MESSAGE][PASSED] - Object: 'Object Repository/Page_Element/div_quanghuy93quanghuybui934quanghuy93' is clicked on

2022-01-17 19:25:43 - [TEST_STEP][PASSED] - click(findTestObject("Object Repository/Page_Element  quanghuy93quanghuybui934quanghuy93/div_Quang Huy changed the room name from qu_cd57d1")): Object: 'Object Repository/Page_Element  quanghuy93quanghuybui934quanghuy93/div_Quang Huy changed the room name from qu_cd57d1' is clicked on

2022-01-17 19:26:14 - [MESSAGE][PASSED] - Object: 'Object Repository/Page_Element  quanghuy93quanghuybui934quanghuy93/div_Quang Huy changed the room name from qu_cd57d1' is clicked on

2022-01-17 19:26:14 - [TEST_STEP][PASSED] - click(findTestObject("Object Repository/Page_Element  quanghuy93quanghuybui934quanghuy93/div_Quang Huy changed the room name from qu_4c2d40")): Object: 'Object Repository/Page_Element  quanghuy93quanghuybui934quanghuy93/div_Quang Huy changed the room name from qu_4c2d40' is clicked on

2022-01-17 19:26:16 - [MESSAGE][PASSED] - Object: 'Object Repository/Page_Element  quanghuy93quanghuybui934quanghuy93/div_Quang Huy changed the room name from qu_4c2d40' is clicked on]]></system-out>
         <system-err><![CDATA[]]></system-err>
      </testcase>
      <testcase name="Test Cases/Chat in public room/View room info" time="298.01" classname="Test Cases/Chat in public room/View room info" status="PASSED">
         <system-out><![CDATA[2022-01-17 19:26:16 - [TEST_CASE][PASSED] - Test Cases/Chat in public room/View room info: Test Cases/Chat in public room/View room info

2022-01-17 19:26:16 - [TEST_STEP][PASSED] - openBrowser(""): Browser is opened with url: ''

2022-01-17 19:26:16 - [MESSAGE][WARNING] - A browser is already opened. Closing browser and opening a new one

2022-01-17 19:26:17 - [MESSAGE][INFO] - Starting 'Chrome' driver

2022-01-17 19:26:17 - [MESSAGE][INFO] - Action delay is set to 0 milliseconds

2022-01-17 19:26:18 - [MESSAGE][PASSED] - Browser is opened with url: ''

2022-01-17 19:26:18 - [TEST_STEP][PASSED] - navigateToUrl("http://localhost:8080/"): Navigate to 'http://localhost:8080/' successfully

2022-01-17 19:26:21 - [MESSAGE][PASSED] - Navigate to 'http://localhost:8080/' successfully

2022-01-17 19:26:21 - [TEST_STEP][PASSED] - click(findTestObject("Object Repository/Page_Element/a_Sign In")): Object: 'Object Repository/Page_Element/a_Sign In' is clicked on

2022-01-17 19:26:24 - [MESSAGE][PASSED] - Object: 'Object Repository/Page_Element/a_Sign In' is clicked on

2022-01-17 19:26:24 - [TEST_STEP][PASSED] - setText(findTestObject("Object Repository/Page_Element/input_Sign in with_username"), "quanghuyne"): Text 'quanghuyne' is set on object 'Object Repository/Page_Element/input_Sign in with_username'

2022-01-17 19:27:25 - [MESSAGE][PASSED] - Text 'quanghuyne' is set on object 'Object Repository/Page_Element/input_Sign in with_username'

2022-01-17 19:27:25 - [TEST_STEP][PASSED] - setEncryptedText(findTestObject("Object Repository/Page_Element/input_Username_password"), "hk4lGgMz64DUYAH1jDReqA=="): Text ****** has been set on object 'Object Repository/Page_Element/input_Username_password'

2022-01-17 19:27:55 - [MESSAGE][PASSED] - Text ****** has been set on object 'Object Repository/Page_Element/input_Username_password'

2022-01-17 19:27:55 - [TEST_STEP][PASSED] - sendKeys(findTestObject("Object Repository/Page_Element/input_Username_password"), Keys.chord(ENTER)): Keys 'ENTER + ' sent to object: 'Object Repository/Page_Element/input_Username_password'

2022-01-17 19:28:25 - [MESSAGE][PASSED] - Keys 'ENTER + ' sent to object: 'Object Repository/Page_Element/input_Username_password'

2022-01-17 19:28:25 - [TEST_STEP][PASSED] - click(findTestObject("Object Repository/Page_Element/div_Verify with Security Key")): Object: 'Object Repository/Page_Element/div_Verify with Security Key' is clicked on

2022-01-17 19:28:59 - [MESSAGE][PASSED] - Object: 'Object Repository/Page_Element/div_Verify with Security Key' is clicked on

2022-01-17 19:28:59 - [TEST_STEP][PASSED] - setEncryptedText(findTestObject("Object Repository/Page_Element/input_Security Key_mx_securityKey"), "AM89fC/Z2L+0kQrgUJMoihakSLfqExGqqEDegROy7UCQVs01BySrESr2vAK0g5sjPD354BYtGaX7vGUm05HO7A=="): Text ****** has been set on object 'Object Repository/Page_Element/input_Security Key_mx_securityKey'

2022-01-17 19:29:29 - [MESSAGE][PASSED] - Text ****** has been set on object 'Object Repository/Page_Element/input_Security Key_mx_securityKey'

2022-01-17 19:29:29 - [TEST_STEP][PASSED] - click(findTestObject("Object Repository/Page_Element/button_Continue")): Object: 'Object Repository/Page_Element/button_Continue' is clicked on

2022-01-17 19:29:59 - [MESSAGE][PASSED] - Object: 'Object Repository/Page_Element/button_Continue' is clicked on

2022-01-17 19:29:59 - [TEST_STEP][PASSED] - click(findTestObject("Object Repository/Page_Element/div_Done")): Object: 'Object Repository/Page_Element/div_Done' is clicked on

2022-01-17 19:30:30 - [MESSAGE][PASSED] - Object: 'Object Repository/Page_Element/div_Done' is clicked on

2022-01-17 19:30:30 - [TEST_STEP][PASSED] - click(findTestObject("Object Repository/Page_Element/div_quanghuy93quanghuybui934quanghuy93")): Object: 'Object Repository/Page_Element/div_quanghuy93quanghuybui934quanghuy93' is clicked on

2022-01-17 19:31:00 - [MESSAGE][PASSED] - Object: 'Object Repository/Page_Element/div_quanghuy93quanghuybui934quanghuy93' is clicked on

2022-01-17 19:31:00 - [TEST_STEP][PASSED] - click(findTestObject("Object Repository/Page_Element  quanghuy93quanghuybui934quanghuy93/div_quanghuy93quanghuybui934quanghuy93_mx_A_3e7fde")): Object: 'Object Repository/Page_Element  quanghuy93quanghuybui934quanghuy93/div_quanghuy93quanghuybui934quanghuy93_mx_A_3e7fde' is clicked on

2022-01-17 19:31:14 - [MESSAGE][PASSED] - Object: 'Object Repository/Page_Element  quanghuy93quanghuybui934quanghuy93/div_quanghuy93quanghuybui934quanghuy93_mx_A_3e7fde' is clicked on]]></system-out>
         <system-err><![CDATA[]]></system-err>
      </testcase>
      <testcase name="Test Cases/Chat with other account/Send a message" time="191.874" classname="Test Cases/Chat with other account/Send a message" status="PASSED">
         <system-out><![CDATA[2022-01-17 19:31:14 - [TEST_CASE][PASSED] - Test Cases/Chat with other account/Send a message: Test Cases/Chat with other account/Send a message

2022-01-17 19:31:14 - [TEST_STEP][PASSED] - openBrowser(""): Browser is opened with url: ''

2022-01-17 19:31:14 - [MESSAGE][WARNING] - A browser is already opened. Closing browser and opening a new one

2022-01-17 19:31:15 - [MESSAGE][INFO] - Starting 'Chrome' driver

2022-01-17 19:31:15 - [MESSAGE][INFO] - Action delay is set to 0 milliseconds

2022-01-17 19:31:16 - [MESSAGE][PASSED] - Browser is opened with url: ''

2022-01-17 19:31:16 - [TEST_STEP][PASSED] - navigateToUrl("http://localhost:8080/"): Navigate to 'http://localhost:8080/' successfully

2022-01-17 19:31:18 - [MESSAGE][PASSED] - Navigate to 'http://localhost:8080/' successfully

2022-01-17 19:31:18 - [TEST_STEP][PASSED] - click(findTestObject("Object Repository/Page_Element/a_Sign In")): Object: 'Object Repository/Page_Element/a_Sign In' is clicked on

2022-01-17 19:31:21 - [MESSAGE][PASSED] - Object: 'Object Repository/Page_Element/a_Sign In' is clicked on

2022-01-17 19:31:21 - [TEST_STEP][PASSED] - setText(findTestObject("Object Repository/Page_Element/input_Sign in with_username"), "quanghuyne"): Text 'quanghuyne' is set on object 'Object Repository/Page_Element/input_Sign in with_username'

2022-01-17 19:31:54 - [MESSAGE][PASSED] - Text 'quanghuyne' is set on object 'Object Repository/Page_Element/input_Sign in with_username'

2022-01-17 19:31:54 - [TEST_STEP][PASSED] - setEncryptedText(findTestObject("Object Repository/Page_Element/input_Username_password"), "hk4lGgMz64DUYAH1jDReqA=="): Text ****** has been set on object 'Object Repository/Page_Element/input_Username_password'

2022-01-17 19:32:25 - [MESSAGE][PASSED] - Text ****** has been set on object 'Object Repository/Page_Element/input_Username_password'

2022-01-17 19:32:25 - [TEST_STEP][PASSED] - click(findTestObject("Object Repository/Page_Element/input_Forgot password_mx_Login_submit")): Object: 'Object Repository/Page_Element/input_Forgot password_mx_Login_submit' is clicked on

2022-01-17 19:32:55 - [MESSAGE][PASSED] - Object: 'Object Repository/Page_Element/input_Forgot password_mx_Login_submit' is clicked on

2022-01-17 19:32:55 - [TEST_STEP][PASSED] - click(findTestObject("Object Repository/Page_Element/div_Verify with Security Key")): Object: 'Object Repository/Page_Element/div_Verify with Security Key' is clicked on

2022-01-17 19:32:59 - [MESSAGE][PASSED] - Object: 'Object Repository/Page_Element/div_Verify with Security Key' is clicked on

2022-01-17 19:32:59 - [TEST_STEP][PASSED] - setEncryptedText(findTestObject("Object Repository/Page_Element/input_Security Key_mx_securityKey"), "AM89fC/Z2L+0kQrgUJMoihakSLfqExGqqEDegROy7UCQVs01BySrESr2vAK0g5sjPD354BYtGaX7vGUm05HO7A=="): Text ****** has been set on object 'Object Repository/Page_Element/input_Security Key_mx_securityKey'

2022-01-17 19:33:07 - [MESSAGE][PASSED] - Text ****** has been set on object 'Object Repository/Page_Element/input_Security Key_mx_securityKey'

2022-01-17 19:33:07 - [TEST_STEP][PASSED] - click(findTestObject("Object Repository/Page_Element/button_Continue")): Object: 'Object Repository/Page_Element/button_Continue' is clicked on

2022-01-17 19:33:38 - [MESSAGE][PASSED] - Object: 'Object Repository/Page_Element/button_Continue' is clicked on

2022-01-17 19:33:38 - [TEST_STEP][PASSED] - click(findTestObject("Object Repository/Page_Element/div_Device verifiedYour new device is now v_681f4b")): Object: 'Object Repository/Page_Element/div_Device verifiedYour new device is now v_681f4b' is clicked on

2022-01-17 19:34:08 - [MESSAGE][PASSED] - Object: 'Object Repository/Page_Element/div_Device verifiedYour new device is now v_681f4b' is clicked on

2022-01-17 19:34:08 - [TEST_STEP][PASSED] - click(findTestObject("Object Repository/Page_Element/div_Done")): Object: 'Object Repository/Page_Element/div_Done' is clicked on

2022-01-17 19:34:25 - [MESSAGE][PASSED] - Object: 'Object Repository/Page_Element/div_Done' is clicked on

2022-01-17 19:34:25 - [TEST_STEP][PASSED] - click(findTestObject("Object Repository/Page_Element/div_nchhuy19")): Object: 'Object Repository/Page_Element/div_nchhuy19' is clicked on

2022-01-17 19:34:25 - [MESSAGE][PASSED] - Object: 'Object Repository/Page_Element/div_nchhuy19' is clicked on]]></system-out>
         <system-err><![CDATA[]]></system-err>
      </testcase>
      <testcase name="Test Cases/Chat with other account/Send a message with emoji" time="457.514" classname="Test Cases/Chat with other account/Send a message with emoji" status="PASSED">
         <system-out><![CDATA[2022-01-17 19:34:25 - [TEST_CASE][PASSED] - Test Cases/Chat with other account/Send a message with emoji: Test Cases/Chat with other account/Send a message with emoji

2022-01-17 19:34:26 - [TEST_STEP][PASSED] - openBrowser(""): Browser is opened with url: ''

2022-01-17 19:34:26 - [MESSAGE][WARNING] - A browser is already opened. Closing browser and opening a new one

2022-01-17 19:34:27 - [MESSAGE][INFO] - Starting 'Chrome' driver

2022-01-17 19:34:27 - [MESSAGE][INFO] - Action delay is set to 0 milliseconds

2022-01-17 19:34:28 - [MESSAGE][PASSED] - Browser is opened with url: ''

2022-01-17 19:34:28 - [TEST_STEP][PASSED] - navigateToUrl("http://localhost:8080/"): Navigate to 'http://localhost:8080/' successfully

2022-01-17 19:34:30 - [MESSAGE][PASSED] - Navigate to 'http://localhost:8080/' successfully

2022-01-17 19:34:30 - [TEST_STEP][PASSED] - openBrowser(""): Browser is opened with url: ''

2022-01-17 19:34:30 - [MESSAGE][WARNING] - A browser is already opened. Closing browser and opening a new one

2022-01-17 19:34:32 - [MESSAGE][INFO] - Starting 'Chrome' driver

2022-01-17 19:34:32 - [MESSAGE][INFO] - Action delay is set to 0 milliseconds

2022-01-17 19:34:33 - [MESSAGE][PASSED] - Browser is opened with url: ''

2022-01-17 19:34:33 - [TEST_STEP][PASSED] - closeBrowser(): Browser is closed

2022-01-17 19:34:34 - [MESSAGE][PASSED] - Browser is closed

2022-01-17 19:34:34 - [TEST_STEP][PASSED] - openBrowser(""): Browser is opened with url: ''

2022-01-17 19:34:34 - [MESSAGE][INFO] - Starting 'Chrome' driver

2022-01-17 19:34:34 - [MESSAGE][INFO] - Action delay is set to 0 milliseconds

2022-01-17 19:34:35 - [MESSAGE][PASSED] - Browser is opened with url: ''

2022-01-17 19:34:35 - [TEST_STEP][PASSED] - navigateToUrl("http://localhost:8080/"): Navigate to 'http://localhost:8080/' successfully

2022-01-17 19:34:37 - [MESSAGE][PASSED] - Navigate to 'http://localhost:8080/' successfully

2022-01-17 19:34:37 - [TEST_STEP][PASSED] - click(findTestObject("Object Repository/Page_Element/a_Sign In")): Object: 'Object Repository/Page_Element/a_Sign In' is clicked on

2022-01-17 19:35:09 - [MESSAGE][PASSED] - Object: 'Object Repository/Page_Element/a_Sign In' is clicked on

2022-01-17 19:35:09 - [TEST_STEP][PASSED] - setText(findTestObject("Object Repository/Page_Element/input_Sign in with_username"), "quanghuyne"): Text 'quanghuyne' is set on object 'Object Repository/Page_Element/input_Sign in with_username'

2022-01-17 19:36:10 - [MESSAGE][PASSED] - Text 'quanghuyne' is set on object 'Object Repository/Page_Element/input_Sign in with_username'

2022-01-17 19:36:10 - [TEST_STEP][PASSED] - setEncryptedText(findTestObject("Object Repository/Page_Element/input_Username_password"), "hk4lGgMz64DUYAH1jDReqA=="): Text ****** has been set on object 'Object Repository/Page_Element/input_Username_password'

2022-01-17 19:36:40 - [MESSAGE][PASSED] - Text ****** has been set on object 'Object Repository/Page_Element/input_Username_password'

2022-01-17 19:36:40 - [TEST_STEP][PASSED] - click(findTestObject("Object Repository/Page_Element/input_Forgot password_mx_Login_submit")): Object: 'Object Repository/Page_Element/input_Forgot password_mx_Login_submit' is clicked on

2022-01-17 19:37:10 - [MESSAGE][PASSED] - Object: 'Object Repository/Page_Element/input_Forgot password_mx_Login_submit' is clicked on

2022-01-17 19:37:10 - [TEST_STEP][PASSED] - click(findTestObject("Object Repository/Page_Element/div_Verify with Security Key")): Object: 'Object Repository/Page_Element/div_Verify with Security Key' is clicked on

2022-01-17 19:37:44 - [MESSAGE][PASSED] - Object: 'Object Repository/Page_Element/div_Verify with Security Key' is clicked on

2022-01-17 19:37:44 - [TEST_STEP][PASSED] - setEncryptedText(findTestObject("Object Repository/Page_Element/input_Security Key_mx_securityKey"), "AM89fC/Z2L+0kQrgUJMoihakSLfqExGqqEDegROy7UCQVs01BySrESr2vAK0g5sjPD354BYtGaX7vGUm05HO7A=="): Text ****** has been set on object 'Object Repository/Page_Element/input_Security Key_mx_securityKey'

2022-01-17 19:38:14 - [MESSAGE][PASSED] - Text ****** has been set on object 'Object Repository/Page_Element/input_Security Key_mx_securityKey'

2022-01-17 19:38:14 - [TEST_STEP][PASSED] - click(findTestObject("Object Repository/Page_Element/button_Continue")): Object: 'Object Repository/Page_Element/button_Continue' is clicked on

2022-01-17 19:38:44 - [MESSAGE][PASSED] - Object: 'Object Repository/Page_Element/button_Continue' is clicked on

2022-01-17 19:38:44 - [TEST_STEP][PASSED] - click(findTestObject("Object Repository/Page_Element/div_Done")): Object: 'Object Repository/Page_Element/div_Done' is clicked on

2022-01-17 19:38:57 - [MESSAGE][PASSED] - Object: 'Object Repository/Page_Element/div_Done' is clicked on

2022-01-17 19:38:57 - [TEST_STEP][PASSED] - click(findTestObject("Object Repository/Page_Element/div_nchhuy19")): Object: 'Object Repository/Page_Element/div_nchhuy19' is clicked on

2022-01-17 19:39:27 - [MESSAGE][PASSED] - Object: 'Object Repository/Page_Element/div_nchhuy19' is clicked on

2022-01-17 19:39:27 - [TEST_STEP][PASSED] - click(findTestObject("Object Repository/Page_Element  nchhuy19/div")): Object: 'Object Repository/Page_Element  nchhuy19/div' is clicked on

2022-01-17 19:39:58 - [MESSAGE][PASSED] - Object: 'Object Repository/Page_Element  nchhuy19/div' is clicked on

2022-01-17 19:39:58 - [TEST_STEP][PASSED] - setText(findTestObject("Object Repository/Page_Element  nchhuy19/div_hi"), "<div style="">hi </div>"): Text '<div style="">hi </div>' is set on object 'Object Repository/Page_Element  nchhuy19/div_hi'

2022-01-17 19:40:58 - [MESSAGE][PASSED] - Text '<div style="">hi </div>' is set on object 'Object Repository/Page_Element  nchhuy19/div_hi'

2022-01-17 19:40:58 - [TEST_STEP][PASSED] - click(findTestObject("Object Repository/Page_Element  nchhuy19/div_hi_mx_AccessibleButton mx_MessageCompos_a1b40b")): Object: 'Object Repository/Page_Element  nchhuy19/div_hi_mx_AccessibleButton mx_MessageCompos_a1b40b' is clicked on

2022-01-17 19:41:29 - [MESSAGE][PASSED] - Object: 'Object Repository/Page_Element  nchhuy19/div_hi_mx_AccessibleButton mx_MessageCompos_a1b40b' is clicked on

2022-01-17 19:41:29 - [TEST_STEP][PASSED] - click(findTestObject("Object Repository/Page_Element  nchhuy19/div_")): Object: 'Object Repository/Page_Element  nchhuy19/div_' is clicked on

2022-01-17 19:41:32 - [MESSAGE][PASSED] - Object: 'Object Repository/Page_Element  nchhuy19/div_' is clicked on

2022-01-17 19:41:32 - [TEST_STEP][PASSED] - click(findTestObject("Object Repository/Page_Element  nchhuy19/div_This room is public_mx_ContextualMenu_b_fc4f75")): Object: 'Object Repository/Page_Element  nchhuy19/div_This room is public_mx_ContextualMenu_b_fc4f75' is clicked on

2022-01-17 19:41:33 - [MESSAGE][PASSED] - Object: 'Object Repository/Page_Element  nchhuy19/div_This room is public_mx_ContextualMenu_b_fc4f75' is clicked on

2022-01-17 19:41:33 - [TEST_STEP][PASSED] - click(findTestObject("Object Repository/Page_Element  nchhuy19/div_hi_mx_AccessibleButton mx_MessageCompos_cccf2b")): Object: 'Object Repository/Page_Element  nchhuy19/div_hi_mx_AccessibleButton mx_MessageCompos_cccf2b' is clicked on

2022-01-17 19:42:03 - [MESSAGE][PASSED] - Object: 'Object Repository/Page_Element  nchhuy19/div_hi_mx_AccessibleButton mx_MessageCompos_cccf2b' is clicked on]]></system-out>
         <system-err><![CDATA[]]></system-err>
      </testcase>
      <testcase name="Test Cases/Chat with other account/Send message with special characters" time="314.218" classname="Test Cases/Chat with other account/Send message with special characters" status="PASSED">
         <system-out><![CDATA[2022-01-17 19:42:03 - [TEST_CASE][PASSED] - Test Cases/Chat with other account/Send message with special characters: Test Cases/Chat with other account/Send message with special characters

2022-01-17 19:42:04 - [TEST_STEP][PASSED] - openBrowser(""): Browser is opened with url: ''

2022-01-17 19:42:04 - [MESSAGE][WARNING] - A browser is already opened. Closing browser and opening a new one

2022-01-17 19:42:04 - [MESSAGE][INFO] - Starting 'Chrome' driver

2022-01-17 19:42:04 - [MESSAGE][INFO] - Action delay is set to 0 milliseconds

2022-01-17 19:42:06 - [MESSAGE][PASSED] - Browser is opened with url: ''

2022-01-17 19:42:06 - [TEST_STEP][PASSED] - navigateToUrl("http://localhost:8080/"): Navigate to 'http://localhost:8080/' successfully

2022-01-17 19:42:08 - [MESSAGE][PASSED] - Navigate to 'http://localhost:8080/' successfully

2022-01-17 19:42:08 - [TEST_STEP][PASSED] - click(findTestObject("Object Repository/Page_Element/a_Sign In")): Object: 'Object Repository/Page_Element/a_Sign In' is clicked on

2022-01-17 19:42:12 - [MESSAGE][PASSED] - Object: 'Object Repository/Page_Element/a_Sign In' is clicked on

2022-01-17 19:42:12 - [TEST_STEP][PASSED] - setText(findTestObject("Object Repository/Page_Element/input_Sign in with_username"), "quanghuyne"): Text 'quanghuyne' is set on object 'Object Repository/Page_Element/input_Sign in with_username'

2022-01-17 19:43:12 - [MESSAGE][PASSED] - Text 'quanghuyne' is set on object 'Object Repository/Page_Element/input_Sign in with_username'

2022-01-17 19:43:12 - [TEST_STEP][PASSED] - setEncryptedText(findTestObject("Object Repository/Page_Element/input_Username_password"), "hk4lGgMz64DUYAH1jDReqA=="): Text ****** has been set on object 'Object Repository/Page_Element/input_Username_password'

2022-01-17 19:43:15 - [MESSAGE][PASSED] - Text ****** has been set on object 'Object Repository/Page_Element/input_Username_password'

2022-01-17 19:43:15 - [TEST_STEP][PASSED] - click(findTestObject("Object Repository/Page_Element/input_Forgot password_mx_Login_submit")): Object: 'Object Repository/Page_Element/input_Forgot password_mx_Login_submit' is clicked on

2022-01-17 19:43:45 - [MESSAGE][PASSED] - Object: 'Object Repository/Page_Element/input_Forgot password_mx_Login_submit' is clicked on

2022-01-17 19:43:45 - [TEST_STEP][PASSED] - click(findTestObject("Object Repository/Page_Element/div_Verify with Security Key")): Object: 'Object Repository/Page_Element/div_Verify with Security Key' is clicked on

2022-01-17 19:44:16 - [MESSAGE][PASSED] - Object: 'Object Repository/Page_Element/div_Verify with Security Key' is clicked on

2022-01-17 19:44:16 - [TEST_STEP][PASSED] - setEncryptedText(findTestObject("Object Repository/Page_Element/input_Security Key_mx_securityKey"), "AM89fC/Z2L+0kQrgUJMoihakSLfqExGqqEDegROy7UCQVs01BySrESr2vAK0g5sjPD354BYtGaX7vGUm05HO7A=="): Text ****** has been set on object 'Object Repository/Page_Element/input_Security Key_mx_securityKey'

2022-01-17 19:44:47 - [MESSAGE][PASSED] - Text ****** has been set on object 'Object Repository/Page_Element/input_Security Key_mx_securityKey'

2022-01-17 19:44:47 - [TEST_STEP][PASSED] - click(findTestObject("Object Repository/Page_Element/button_Continue")): Object: 'Object Repository/Page_Element/button_Continue' is clicked on

2022-01-17 19:45:17 - [MESSAGE][PASSED] - Object: 'Object Repository/Page_Element/button_Continue' is clicked on

2022-01-17 19:45:17 - [TEST_STEP][PASSED] - click(findTestObject("Object Repository/Page_Element/div_Done")): Object: 'Object Repository/Page_Element/div_Done' is clicked on

2022-01-17 19:45:47 - [MESSAGE][PASSED] - Object: 'Object Repository/Page_Element/div_Done' is clicked on

2022-01-17 19:45:47 - [TEST_STEP][PASSED] - click(findTestObject("Object Repository/Page_Element/div_nchhuy19")): Object: 'Object Repository/Page_Element/div_nchhuy19' is clicked on

2022-01-17 19:46:17 - [MESSAGE][PASSED] - Object: 'Object Repository/Page_Element/div_nchhuy19' is clicked on

2022-01-17 19:46:17 - [TEST_STEP][PASSED] - setText(findTestObject("Object Repository/Page_Element  nchhuy19/div_hi_mx_BasicMessageComposer_input mx_Bas_f1d640"), "<div style=""><br></div>"): Text '<div style=""><br></div>' is set on object 'Object Repository/Page_Element  nchhuy19/div_hi_mx_BasicMessageComposer_input mx_Bas_f1d640'

2022-01-17 19:47:17 - [MESSAGE][PASSED] - Text '<div style=""><br></div>' is set on object 'Object Repository/Page_Element  nchhuy19/div_hi_mx_BasicMessageComposer_input mx_Bas_f1d640']]></system-out>
         <system-err><![CDATA[]]></system-err>
      </testcase>
      <testcase name="Test Cases/Chat with other account/Send voice chat" time="245.516" classname="Test Cases/Chat with other account/Send voice chat" status="PASSED">
         <system-out><![CDATA[2022-01-17 19:47:17 - [TEST_CASE][PASSED] - Test Cases/Chat with other account/Send voice chat: Test Cases/Chat with other account/Send voice chat

2022-01-17 19:47:18 - [TEST_STEP][PASSED] - openBrowser(""): Browser is opened with url: ''

2022-01-17 19:47:18 - [MESSAGE][WARNING] - A browser is already opened. Closing browser and opening a new one

2022-01-17 19:47:19 - [MESSAGE][INFO] - Starting 'Chrome' driver

2022-01-17 19:47:19 - [MESSAGE][INFO] - Action delay is set to 0 milliseconds

2022-01-17 19:47:20 - [MESSAGE][PASSED] - Browser is opened with url: ''

2022-01-17 19:47:20 - [TEST_STEP][PASSED] - navigateToUrl("http://localhost:8080/"): Navigate to 'http://localhost:8080/' successfully

2022-01-17 19:47:23 - [MESSAGE][PASSED] - Navigate to 'http://localhost:8080/' successfully

2022-01-17 19:47:23 - [TEST_STEP][PASSED] - click(findTestObject("Object Repository/Page_Element/a_Sign In")): Object: 'Object Repository/Page_Element/a_Sign In' is clicked on

2022-01-17 19:47:26 - [MESSAGE][PASSED] - Object: 'Object Repository/Page_Element/a_Sign In' is clicked on

2022-01-17 19:47:26 - [TEST_STEP][PASSED] - setText(findTestObject("Object Repository/Page_Element/input_Sign in with_username"), "quanghuyne"): Text 'quanghuyne' is set on object 'Object Repository/Page_Element/input_Sign in with_username'

2022-01-17 19:48:26 - [MESSAGE][PASSED] - Text 'quanghuyne' is set on object 'Object Repository/Page_Element/input_Sign in with_username'

2022-01-17 19:48:26 - [TEST_STEP][PASSED] - setEncryptedText(findTestObject("Object Repository/Page_Element/input_Username_password"), "hk4lGgMz64DUYAH1jDReqA=="): Text ****** has been set on object 'Object Repository/Page_Element/input_Username_password'

2022-01-17 19:48:56 - [MESSAGE][PASSED] - Text ****** has been set on object 'Object Repository/Page_Element/input_Username_password'

2022-01-17 19:48:56 - [TEST_STEP][PASSED] - click(findTestObject("Object Repository/Page_Element/input_Forgot password_mx_Login_submit")): Object: 'Object Repository/Page_Element/input_Forgot password_mx_Login_submit' is clicked on

2022-01-17 19:49:27 - [MESSAGE][PASSED] - Object: 'Object Repository/Page_Element/input_Forgot password_mx_Login_submit' is clicked on

2022-01-17 19:49:27 - [TEST_STEP][PASSED] - click(findTestObject("Object Repository/Page_Element/div_Verify with Security Key")): Object: 'Object Repository/Page_Element/div_Verify with Security Key' is clicked on

2022-01-17 19:49:31 - [MESSAGE][PASSED] - Object: 'Object Repository/Page_Element/div_Verify with Security Key' is clicked on

2022-01-17 19:49:31 - [TEST_STEP][PASSED] - setEncryptedText(findTestObject("Object Repository/Page_Element/input_Security Key_mx_securityKey"), "AM89fC/Z2L+0kQrgUJMoihakSLfqExGqqEDegROy7UCQVs01BySrESr2vAK0g5sjPD354BYtGaX7vGUm05HO7A=="): Text ****** has been set on object 'Object Repository/Page_Element/input_Security Key_mx_securityKey'

2022-01-17 19:50:01 - [MESSAGE][PASSED] - Text ****** has been set on object 'Object Repository/Page_Element/input_Security Key_mx_securityKey'

2022-01-17 19:50:01 - [TEST_STEP][PASSED] - click(findTestObject("Object Repository/Page_Element/button_Continue")): Object: 'Object Repository/Page_Element/button_Continue' is clicked on

2022-01-17 19:50:32 - [MESSAGE][PASSED] - Object: 'Object Repository/Page_Element/button_Continue' is clicked on

2022-01-17 19:50:32 - [TEST_STEP][PASSED] - click(findTestObject("Object Repository/Page_Element/div_Done")): Object: 'Object Repository/Page_Element/div_Done' is clicked on

2022-01-17 19:50:51 - [MESSAGE][PASSED] - Object: 'Object Repository/Page_Element/div_Done' is clicked on

2022-01-17 19:50:51 - [TEST_STEP][PASSED] - click(findTestObject("Object Repository/Page_Element/div_nchhuy19")): Object: 'Object Repository/Page_Element/div_nchhuy19' is clicked on

2022-01-17 19:50:52 - [MESSAGE][PASSED] - Object: 'Object Repository/Page_Element/div_nchhuy19' is clicked on

2022-01-17 19:50:52 - [TEST_STEP][PASSED] - click(findTestObject("Object Repository/Page_Element  nchhuy19/div_hi_mx_AccessibleButton mx_MessageCompos_f98501")): Object: 'Object Repository/Page_Element  nchhuy19/div_hi_mx_AccessibleButton mx_MessageCompos_f98501' is clicked on

2022-01-17 19:51:23 - [MESSAGE][PASSED] - Object: 'Object Repository/Page_Element  nchhuy19/div_hi_mx_AccessibleButton mx_MessageCompos_f98501' is clicked on]]></system-out>
         <system-err><![CDATA[]]></system-err>
      </testcase>
      <testcase name="Test Cases/Chat with other account/Start a new chat" time="354.583" classname="Test Cases/Chat with other account/Start a new chat" status="PASSED">
         <system-out><![CDATA[2022-01-17 19:51:23 - [TEST_CASE][PASSED] - Test Cases/Chat with other account/Start a new chat: Test Cases/Chat with other account/Start a new chat

2022-01-17 19:51:23 - [TEST_STEP][PASSED] - openBrowser(""): Browser is opened with url: ''

2022-01-17 19:51:23 - [MESSAGE][WARNING] - A browser is already opened. Closing browser and opening a new one

2022-01-17 19:51:24 - [MESSAGE][INFO] - Starting 'Chrome' driver

2022-01-17 19:51:24 - [MESSAGE][INFO] - Action delay is set to 0 milliseconds

2022-01-17 19:51:26 - [MESSAGE][PASSED] - Browser is opened with url: ''

2022-01-17 19:51:26 - [TEST_STEP][PASSED] - navigateToUrl("http://localhost:8080/"): Navigate to 'http://localhost:8080/' successfully

2022-01-17 19:51:28 - [MESSAGE][PASSED] - Navigate to 'http://localhost:8080/' successfully

2022-01-17 19:51:28 - [TEST_STEP][PASSED] - click(findTestObject("Object Repository/Page_Element/a_Sign In")): Object: 'Object Repository/Page_Element/a_Sign In' is clicked on

2022-01-17 19:52:02 - [MESSAGE][PASSED] - Object: 'Object Repository/Page_Element/a_Sign In' is clicked on

2022-01-17 19:52:02 - [TEST_STEP][PASSED] - setText(findTestObject("Object Repository/Page_Element/input_Sign in with_username"), "quanghuyne"): Text 'quanghuyne' is set on object 'Object Repository/Page_Element/input_Sign in with_username'

2022-01-17 19:53:02 - [MESSAGE][PASSED] - Text 'quanghuyne' is set on object 'Object Repository/Page_Element/input_Sign in with_username'

2022-01-17 19:53:02 - [TEST_STEP][PASSED] - setEncryptedText(findTestObject("Object Repository/Page_Element/input_Username_password"), "hk4lGgMz64DUYAH1jDReqA=="): Text ****** has been set on object 'Object Repository/Page_Element/input_Username_password'

2022-01-17 19:53:32 - [MESSAGE][PASSED] - Text ****** has been set on object 'Object Repository/Page_Element/input_Username_password'

2022-01-17 19:53:32 - [TEST_STEP][PASSED] - click(findTestObject("Object Repository/Page_Element/input_Forgot password_mx_Login_submit")): Object: 'Object Repository/Page_Element/input_Forgot password_mx_Login_submit' is clicked on

2022-01-17 19:54:02 - [MESSAGE][PASSED] - Object: 'Object Repository/Page_Element/input_Forgot password_mx_Login_submit' is clicked on

2022-01-17 19:54:02 - [TEST_STEP][PASSED] - click(findTestObject("Object Repository/Page_Element/div_Verify with Security Key")): Object: 'Object Repository/Page_Element/div_Verify with Security Key' is clicked on

2022-01-17 19:54:36 - [MESSAGE][PASSED] - Object: 'Object Repository/Page_Element/div_Verify with Security Key' is clicked on

2022-01-17 19:54:36 - [TEST_STEP][PASSED] - setEncryptedText(findTestObject("Object Repository/Page_Element/input_Security Key_mx_securityKey"), "AM89fC/Z2L+0kQrgUJMoihakSLfqExGqqEDegROy7UCQVs01BySrESr2vAK0g5sjPD354BYtGaX7vGUm05HO7A=="): Text ****** has been set on object 'Object Repository/Page_Element/input_Security Key_mx_securityKey'

2022-01-17 19:54:46 - [MESSAGE][PASSED] - Text ****** has been set on object 'Object Repository/Page_Element/input_Security Key_mx_securityKey'

2022-01-17 19:54:46 - [TEST_STEP][PASSED] - click(findTestObject("Object Repository/Page_Element/button_Continue")): Object: 'Object Repository/Page_Element/button_Continue' is clicked on

2022-01-17 19:55:16 - [MESSAGE][PASSED] - Object: 'Object Repository/Page_Element/button_Continue' is clicked on

2022-01-17 19:55:16 - [TEST_STEP][PASSED] - click(findTestObject("Object Repository/Page_Element/div_Done")): Object: 'Object Repository/Page_Element/div_Done' is clicked on

2022-01-17 19:55:47 - [MESSAGE][PASSED] - Object: 'Object Repository/Page_Element/div_Done' is clicked on

2022-01-17 19:55:47 - [TEST_STEP][PASSED] - click(findTestObject("Object Repository/Page_Element/div_People_mx_AccessibleButton mx_RoomSubli_de75e7")): Object: 'Object Repository/Page_Element/div_People_mx_AccessibleButton mx_RoomSubli_de75e7' is clicked on

2022-01-17 19:56:17 - [MESSAGE][PASSED] - Object: 'Object Repository/Page_Element/div_People_mx_AccessibleButton mx_RoomSubli_de75e7' is clicked on

2022-01-17 19:56:17 - [TEST_STEP][PASSED] - click(findTestObject("Object Repository/Page_Element/div_Nnchhuy19nchhuy19matrix.org11 minutes ago")): Object: 'Object Repository/Page_Element/div_Nnchhuy19nchhuy19matrix.org11 minutes ago' is clicked on

2022-01-17 19:56:47 - [MESSAGE][PASSED] - Object: 'Object Repository/Page_Element/div_Nnchhuy19nchhuy19matrix.org11 minutes ago' is clicked on

2022-01-17 19:56:47 - [TEST_STEP][PASSED] - click(findTestObject("Object Repository/Page_Element/div_Go")): Object: 'Object Repository/Page_Element/div_Go' is clicked on

2022-01-17 19:57:17 - [MESSAGE][PASSED] - Object: 'Object Repository/Page_Element/div_Go' is clicked on]]></system-out>
         <system-err><![CDATA[]]></system-err>
      </testcase>
      <testcase name="Test Cases/Chat with other account/Video call" time="250.143" classname="Test Cases/Chat with other account/Video call" status="PASSED">
         <system-out><![CDATA[2022-01-17 19:57:17 - [TEST_CASE][PASSED] - Test Cases/Chat with other account/Video call: Test Cases/Chat with other account/Video call

2022-01-17 19:57:18 - [TEST_STEP][PASSED] - openBrowser(""): Browser is opened with url: ''

2022-01-17 19:57:18 - [MESSAGE][WARNING] - A browser is already opened. Closing browser and opening a new one

2022-01-17 19:57:19 - [MESSAGE][INFO] - Starting 'Chrome' driver

2022-01-17 19:57:19 - [MESSAGE][INFO] - Action delay is set to 0 milliseconds

2022-01-17 19:57:20 - [MESSAGE][PASSED] - Browser is opened with url: ''

2022-01-17 19:57:20 - [TEST_STEP][PASSED] - navigateToUrl("http://localhost:8080/"): Navigate to 'http://localhost:8080/' successfully

2022-01-17 19:57:22 - [MESSAGE][PASSED] - Navigate to 'http://localhost:8080/' successfully

2022-01-17 19:57:22 - [TEST_STEP][PASSED] - click(findTestObject("Object Repository/Page_Element/div_Sign In")): Object: 'Object Repository/Page_Element/div_Sign In' is clicked on

2022-01-17 19:57:25 - [MESSAGE][PASSED] - Object: 'Object Repository/Page_Element/div_Sign In' is clicked on

2022-01-17 19:57:25 - [TEST_STEP][PASSED] - setText(findTestObject("Object Repository/Page_Element/input_Sign in with_username"), "quanghuyne"): Text 'quanghuyne' is set on object 'Object Repository/Page_Element/input_Sign in with_username'

2022-01-17 19:57:57 - [MESSAGE][PASSED] - Text 'quanghuyne' is set on object 'Object Repository/Page_Element/input_Sign in with_username'

2022-01-17 19:57:57 - [TEST_STEP][PASSED] - setEncryptedText(findTestObject("Object Repository/Page_Element/input_Username_password"), "hk4lGgMz64DUYAH1jDReqA=="): Text ****** has been set on object 'Object Repository/Page_Element/input_Username_password'

2022-01-17 19:58:28 - [MESSAGE][PASSED] - Text ****** has been set on object 'Object Repository/Page_Element/input_Username_password'

2022-01-17 19:58:28 - [TEST_STEP][PASSED] - click(findTestObject("Object Repository/Page_Element/input_Forgot password_mx_Login_submit")): Object: 'Object Repository/Page_Element/input_Forgot password_mx_Login_submit' is clicked on

2022-01-17 19:58:58 - [MESSAGE][PASSED] - Object: 'Object Repository/Page_Element/input_Forgot password_mx_Login_submit' is clicked on

2022-01-17 19:58:58 - [TEST_STEP][PASSED] - click(findTestObject("Object Repository/Page_Element/div_Verify with Security Key")): Object: 'Object Repository/Page_Element/div_Verify with Security Key' is clicked on

2022-01-17 19:59:02 - [MESSAGE][PASSED] - Object: 'Object Repository/Page_Element/div_Verify with Security Key' is clicked on

2022-01-17 19:59:02 - [TEST_STEP][PASSED] - click(findTestObject("Object Repository/Page_Element/div_Security Key")): Object: 'Object Repository/Page_Element/div_Security Key' is clicked on

2022-01-17 19:59:33 - [MESSAGE][PASSED] - Object: 'Object Repository/Page_Element/div_Security Key' is clicked on

2022-01-17 19:59:33 - [TEST_STEP][PASSED] - setEncryptedText(findTestObject("Object Repository/Page_Element/input_Security Key_mx_securityKey"), "AM89fC/Z2L+0kQrgUJMoihakSLfqExGqqEDegROy7UCQVs01BySrESr2vAK0g5sjPD354BYtGaX7vGUm05HO7A=="): Text ****** has been set on object 'Object Repository/Page_Element/input_Security Key_mx_securityKey'

2022-01-17 20:00:03 - [MESSAGE][PASSED] - Text ****** has been set on object 'Object Repository/Page_Element/input_Security Key_mx_securityKey'

2022-01-17 20:00:03 - [TEST_STEP][PASSED] - click(findTestObject("Object Repository/Page_Element/button_Continue")): Object: 'Object Repository/Page_Element/button_Continue' is clicked on

2022-01-17 20:00:33 - [MESSAGE][PASSED] - Object: 'Object Repository/Page_Element/button_Continue' is clicked on

2022-01-17 20:00:33 - [TEST_STEP][PASSED] - click(findTestObject("Object Repository/Page_Element/div_Device verifiedYour new device is now v_681f4b")): Object: 'Object Repository/Page_Element/div_Device verifiedYour new device is now v_681f4b' is clicked on

2022-01-17 20:01:03 - [MESSAGE][PASSED] - Object: 'Object Repository/Page_Element/div_Device verifiedYour new device is now v_681f4b' is clicked on

2022-01-17 20:01:03 - [TEST_STEP][PASSED] - click(findTestObject("Object Repository/Page_Element/div_Done")): Object: 'Object Repository/Page_Element/div_Done' is clicked on

2022-01-17 20:01:22 - [MESSAGE][PASSED] - Object: 'Object Repository/Page_Element/div_Done' is clicked on

2022-01-17 20:01:22 - [TEST_STEP][PASSED] - click(findTestObject("Object Repository/Page_Element/div_nchhuy19")): Object: 'Object Repository/Page_Element/div_nchhuy19' is clicked on

2022-01-17 20:01:23 - [MESSAGE][PASSED] - Object: 'Object Repository/Page_Element/div_nchhuy19' is clicked on

2022-01-17 20:01:23 - [TEST_STEP][PASSED] - click(findTestObject("Object Repository/Page_Element  nchhuy19/div_nchhuy19_mx_AccessibleButton mx_RoomHea_fbe42d")): Object: 'Object Repository/Page_Element  nchhuy19/div_nchhuy19_mx_AccessibleButton mx_RoomHea_fbe42d' is clicked on

2022-01-17 20:01:27 - [MESSAGE][PASSED] - Object: 'Object Repository/Page_Element  nchhuy19/div_nchhuy19_mx_AccessibleButton mx_RoomHea_fbe42d' is clicked on]]></system-out>
         <system-err><![CDATA[]]></system-err>
      </testcase>
      <testcase name="Test Cases/Chat with other account/Voice call" time="289.491" classname="Test Cases/Chat with other account/Voice call" status="PASSED">
         <system-out><![CDATA[2022-01-17 20:01:27 - [TEST_CASE][PASSED] - Test Cases/Chat with other account/Voice call: Test Cases/Chat with other account/Voice call

2022-01-17 20:01:28 - [TEST_STEP][PASSED] - openBrowser(""): Browser is opened with url: ''

2022-01-17 20:01:28 - [MESSAGE][WARNING] - A browser is already opened. Closing browser and opening a new one

2022-01-17 20:01:29 - [MESSAGE][INFO] - Starting 'Chrome' driver

2022-01-17 20:01:29 - [MESSAGE][INFO] - Action delay is set to 0 milliseconds

2022-01-17 20:01:30 - [MESSAGE][PASSED] - Browser is opened with url: ''

2022-01-17 20:01:30 - [TEST_STEP][PASSED] - navigateToUrl("http://localhost:8080/"): Navigate to 'http://localhost:8080/' successfully

2022-01-17 20:01:32 - [MESSAGE][PASSED] - Navigate to 'http://localhost:8080/' successfully

2022-01-17 20:01:32 - [TEST_STEP][PASSED] - click(findTestObject("Object Repository/Page_Element/a_Sign In")): Object: 'Object Repository/Page_Element/a_Sign In' is clicked on

2022-01-17 20:01:36 - [MESSAGE][PASSED] - Object: 'Object Repository/Page_Element/a_Sign In' is clicked on

2022-01-17 20:01:36 - [TEST_STEP][PASSED] - setText(findTestObject("Object Repository/Page_Element/input_Sign in with_username"), "quanghuyne"): Text 'quanghuyne' is set on object 'Object Repository/Page_Element/input_Sign in with_username'

2022-01-17 20:02:36 - [MESSAGE][PASSED] - Text 'quanghuyne' is set on object 'Object Repository/Page_Element/input_Sign in with_username'

2022-01-17 20:02:36 - [TEST_STEP][PASSED] - setEncryptedText(findTestObject("Object Repository/Page_Element/input_Username_password"), "hk4lGgMz64DUYAH1jDReqA=="): Text ****** has been set on object 'Object Repository/Page_Element/input_Username_password'

2022-01-17 20:03:07 - [MESSAGE][PASSED] - Text ****** has been set on object 'Object Repository/Page_Element/input_Username_password'

2022-01-17 20:03:07 - [TEST_STEP][PASSED] - click(findTestObject("Object Repository/Page_Element/input_Forgot password_mx_Login_submit")): Object: 'Object Repository/Page_Element/input_Forgot password_mx_Login_submit' is clicked on

2022-01-17 20:03:37 - [MESSAGE][PASSED] - Object: 'Object Repository/Page_Element/input_Forgot password_mx_Login_submit' is clicked on

2022-01-17 20:03:37 - [TEST_STEP][PASSED] - click(findTestObject("Object Repository/Page_Element/div_Verify with Security Key")): Object: 'Object Repository/Page_Element/div_Verify with Security Key' is clicked on

2022-01-17 20:04:11 - [MESSAGE][PASSED] - Object: 'Object Repository/Page_Element/div_Verify with Security Key' is clicked on

2022-01-17 20:04:11 - [TEST_STEP][PASSED] - setEncryptedText(findTestObject("Object Repository/Page_Element/input_Security Key_mx_securityKey"), "AM89fC/Z2L+0kQrgUJMoihakSLfqExGqqEDegROy7UCQVs01BySrESr2vAK0g5sjPD354BYtGaX7vGUm05HO7A=="): Text ****** has been set on object 'Object Repository/Page_Element/input_Security Key_mx_securityKey'

2022-01-17 20:04:42 - [MESSAGE][PASSED] - Text ****** has been set on object 'Object Repository/Page_Element/input_Security Key_mx_securityKey'

2022-01-17 20:04:42 - [TEST_STEP][PASSED] - click(findTestObject("Object Repository/Page_Element/button_Continue")): Object: 'Object Repository/Page_Element/button_Continue' is clicked on

2022-01-17 20:04:46 - [MESSAGE][PASSED] - Object: 'Object Repository/Page_Element/button_Continue' is clicked on

2022-01-17 20:04:46 - [TEST_STEP][PASSED] - click(findTestObject("Object Repository/Page_Element/div_Done")): Object: 'Object Repository/Page_Element/div_Done' is clicked on

2022-01-17 20:05:16 - [MESSAGE][PASSED] - Object: 'Object Repository/Page_Element/div_Done' is clicked on

2022-01-17 20:05:16 - [TEST_STEP][PASSED] - click(findTestObject("Object Repository/Page_Element/div_nchhuy19")): Object: 'Object Repository/Page_Element/div_nchhuy19' is clicked on

2022-01-17 20:05:47 - [MESSAGE][PASSED] - Object: 'Object Repository/Page_Element/div_nchhuy19' is clicked on

2022-01-17 20:05:47 - [TEST_STEP][PASSED] - click(findTestObject("Object Repository/Page_Element  nchhuy19/div_nchhuy19_mx_AccessibleButton mx_RoomHea_ed8803")): Object: 'Object Repository/Page_Element  nchhuy19/div_nchhuy19_mx_AccessibleButton mx_RoomHea_ed8803' is clicked on

2022-01-17 20:06:17 - [MESSAGE][PASSED] - Object: 'Object Repository/Page_Element  nchhuy19/div_nchhuy19_mx_AccessibleButton mx_RoomHea_ed8803' is clicked on]]></system-out>
         <system-err><![CDATA[]]></system-err>
      </testcase>
      <testcase name="Test Cases/Create a new space/Create a private space with an empty name" time="358.1" classname="Test Cases/Create a new space/Create a private space with an empty name" status="PASSED">
         <system-out><![CDATA[2022-01-17 20:06:17 - [TEST_CASE][PASSED] - Test Cases/Create a new space/Create a private space with an empty name: Test Cases/Create a new space/Create a private space with an empty name

2022-01-17 20:06:17 - [TEST_STEP][PASSED] - openBrowser(""): Browser is opened with url: ''

2022-01-17 20:06:17 - [MESSAGE][WARNING] - A browser is already opened. Closing browser and opening a new one

2022-01-17 20:06:18 - [MESSAGE][INFO] - Starting 'Chrome' driver

2022-01-17 20:06:18 - [MESSAGE][INFO] - Action delay is set to 0 milliseconds

2022-01-17 20:06:20 - [MESSAGE][PASSED] - Browser is opened with url: ''

2022-01-17 20:06:20 - [TEST_STEP][PASSED] - navigateToUrl("http://localhost:8080/"): Navigate to 'http://localhost:8080/' successfully

2022-01-17 20:06:22 - [MESSAGE][PASSED] - Navigate to 'http://localhost:8080/' successfully

2022-01-17 20:06:22 - [TEST_STEP][PASSED] - click(findTestObject("Object Repository/Page_Element/a_Sign In")): Object: 'Object Repository/Page_Element/a_Sign In' is clicked on

2022-01-17 20:06:25 - [MESSAGE][PASSED] - Object: 'Object Repository/Page_Element/a_Sign In' is clicked on

2022-01-17 20:06:25 - [TEST_STEP][PASSED] - setText(findTestObject("Object Repository/Page_Element/input_Sign in with_username"), "quanghuyne"): Text 'quanghuyne' is set on object 'Object Repository/Page_Element/input_Sign in with_username'

2022-01-17 20:07:25 - [MESSAGE][PASSED] - Text 'quanghuyne' is set on object 'Object Repository/Page_Element/input_Sign in with_username'

2022-01-17 20:07:25 - [TEST_STEP][PASSED] - setEncryptedText(findTestObject("Object Repository/Page_Element/input_Username_password"), "hk4lGgMz64DUYAH1jDReqA=="): Text ****** has been set on object 'Object Repository/Page_Element/input_Username_password'

2022-01-17 20:07:55 - [MESSAGE][PASSED] - Text ****** has been set on object 'Object Repository/Page_Element/input_Username_password'

2022-01-17 20:07:55 - [TEST_STEP][PASSED] - click(findTestObject("Object Repository/Page_Element/input_Forgot password_mx_Login_submit")): Object: 'Object Repository/Page_Element/input_Forgot password_mx_Login_submit' is clicked on

2022-01-17 20:08:26 - [MESSAGE][PASSED] - Object: 'Object Repository/Page_Element/input_Forgot password_mx_Login_submit' is clicked on

2022-01-17 20:08:26 - [TEST_STEP][PASSED] - click(findTestObject("Object Repository/Page_Element/button_Reset all")): Object: 'Object Repository/Page_Element/button_Reset all' is clicked on

2022-01-17 20:08:40 - [MESSAGE][PASSED] - Object: 'Object Repository/Page_Element/button_Reset all' is clicked on

2022-01-17 20:08:40 - [TEST_STEP][PASSED] - click(findTestObject("Object Repository/Page_Element/div_Proceed with reset")): Object: 'Object Repository/Page_Element/div_Proceed with reset' is clicked on

2022-01-17 20:09:10 - [MESSAGE][PASSED] - Object: 'Object Repository/Page_Element/div_Proceed with reset' is clicked on

2022-01-17 20:09:10 - [TEST_STEP][PASSED] - click(findTestObject("Object Repository/Page_Element/button_Cancel")): Object: 'Object Repository/Page_Element/button_Cancel' is clicked on

2022-01-17 20:09:40 - [MESSAGE][PASSED] - Object: 'Object Repository/Page_Element/button_Cancel' is clicked on

2022-01-17 20:09:40 - [TEST_STEP][PASSED] - click(findTestObject("Object Repository/Page_Element/button_Cancel")): Object: 'Object Repository/Page_Element/button_Cancel' is clicked on

2022-01-17 20:10:10 - [MESSAGE][PASSED] - Object: 'Object Repository/Page_Element/button_Cancel' is clicked on

2022-01-17 20:10:10 - [TEST_STEP][PASSED] - click(findTestObject("Object Repository/Page_Element/div_Enable_mx_SpaceButton_icon")): Object: 'Object Repository/Page_Element/div_Enable_mx_SpaceButton_icon' is clicked on

2022-01-17 20:10:40 - [MESSAGE][PASSED] - Object: 'Object Repository/Page_Element/div_Enable_mx_SpaceButton_icon' is clicked on

2022-01-17 20:10:40 - [TEST_STEP][PASSED] - click(findTestObject("Object Repository/Page_Element/h3_Private")): Object: 'Object Repository/Page_Element/h3_Private' is clicked on

2022-01-17 20:11:11 - [MESSAGE][PASSED] - Object: 'Object Repository/Page_Element/h3_Private' is clicked on

2022-01-17 20:11:11 - [TEST_STEP][PASSED] - click(findTestObject("Object Repository/Page_Element/div_Create")): Object: 'Object Repository/Page_Element/div_Create' is clicked on

2022-01-17 20:11:41 - [MESSAGE][PASSED] - Object: 'Object Repository/Page_Element/div_Create' is clicked on

2022-01-17 20:11:41 - [TEST_STEP][PASSED] - click(findTestObject("Object Repository/Page_Element/div_Your private spaceAdd some details to h_395764")): Object: 'Object Repository/Page_Element/div_Your private spaceAdd some details to h_395764' is clicked on

2022-01-17 20:11:58 - [MESSAGE][PASSED] - Object: 'Object Repository/Page_Element/div_Your private spaceAdd some details to h_395764' is clicked on

2022-01-17 20:11:58 - [TEST_STEP][PASSED] - click(findTestObject("Object Repository/Page_Element/div_Create a Group Chat_mx_ContextualMenu_b_ec9165")): Object: 'Object Repository/Page_Element/div_Create a Group Chat_mx_ContextualMenu_b_ec9165' is clicked on

2022-01-17 20:12:15 - [MESSAGE][PASSED] - Object: 'Object Repository/Page_Element/div_Create a Group Chat_mx_ContextualMenu_b_ec9165' is clicked on]]></system-out>
         <system-err><![CDATA[]]></system-err>
      </testcase>
      <testcase name="Test Cases/Chat in public room/Send a message with special characters" time="256.013" classname="Test Cases/Chat in public room/Send a message with special characters" status="PASSED">
         <system-out><![CDATA[2022-01-17 20:12:15 - [TEST_CASE][PASSED] - Test Cases/Chat in public room/Send a message with special characters: Test Cases/Chat in public room/Send a message with special characters

2022-01-17 20:12:16 - [TEST_STEP][PASSED] - openBrowser(""): Browser is opened with url: ''

2022-01-17 20:12:16 - [MESSAGE][WARNING] - A browser is already opened. Closing browser and opening a new one

2022-01-17 20:12:16 - [MESSAGE][INFO] - Starting 'Chrome' driver

2022-01-17 20:12:16 - [MESSAGE][INFO] - Action delay is set to 0 milliseconds

2022-01-17 20:12:18 - [MESSAGE][PASSED] - Browser is opened with url: ''

2022-01-17 20:12:18 - [TEST_STEP][PASSED] - navigateToUrl("http://localhost:8080/"): Navigate to 'http://localhost:8080/' successfully

2022-01-17 20:12:21 - [MESSAGE][PASSED] - Navigate to 'http://localhost:8080/' successfully

2022-01-17 20:12:21 - [TEST_STEP][PASSED] - click(findTestObject("Object Repository/Page_Element/a_Sign In")): Object: 'Object Repository/Page_Element/a_Sign In' is clicked on

2022-01-17 20:12:24 - [MESSAGE][PASSED] - Object: 'Object Repository/Page_Element/a_Sign In' is clicked on

2022-01-17 20:12:24 - [TEST_STEP][PASSED] - setText(findTestObject("Object Repository/Page_Element/input_Sign in with_username"), "quanghuyne"): Text 'quanghuyne' is set on object 'Object Repository/Page_Element/input_Sign in with_username'

2022-01-17 20:13:24 - [MESSAGE][PASSED] - Text 'quanghuyne' is set on object 'Object Repository/Page_Element/input_Sign in with_username'

2022-01-17 20:13:24 - [TEST_STEP][PASSED] - setEncryptedText(findTestObject("Object Repository/Page_Element/input_Username_password"), "hk4lGgMz64DUYAH1jDReqA=="): Text ****** has been set on object 'Object Repository/Page_Element/input_Username_password'

2022-01-17 20:13:55 - [MESSAGE][PASSED] - Text ****** has been set on object 'Object Repository/Page_Element/input_Username_password'

2022-01-17 20:13:55 - [TEST_STEP][PASSED] - sendKeys(findTestObject("Object Repository/Page_Element/input_Username_password"), Keys.chord(ENTER)): Keys 'ENTER + ' sent to object: 'Object Repository/Page_Element/input_Username_password'

2022-01-17 20:14:25 - [MESSAGE][PASSED] - Keys 'ENTER + ' sent to object: 'Object Repository/Page_Element/input_Username_password'

2022-01-17 20:14:25 - [TEST_STEP][PASSED] - click(findTestObject("Object Repository/Page_Element/div_Verify with Security Key")): Object: 'Object Repository/Page_Element/div_Verify with Security Key' is clicked on

2022-01-17 20:14:30 - [MESSAGE][PASSED] - Object: 'Object Repository/Page_Element/div_Verify with Security Key' is clicked on

2022-01-17 20:14:30 - [TEST_STEP][PASSED] - setEncryptedText(findTestObject("Object Repository/Page_Element/input_Security Key_mx_securityKey"), "AM89fC/Z2L+0kQrgUJMoihakSLfqExGqqEDegROy7UCQVs01BySrESr2vAK0g5sjPD354BYtGaX7vGUm05HO7A=="): Text ****** has been set on object 'Object Repository/Page_Element/input_Security Key_mx_securityKey'

2022-01-17 20:15:00 - [MESSAGE][PASSED] - Text ****** has been set on object 'Object Repository/Page_Element/input_Security Key_mx_securityKey'

2022-01-17 20:15:00 - [TEST_STEP][PASSED] - click(findTestObject("Object Repository/Page_Element/button_Continue")): Object: 'Object Repository/Page_Element/button_Continue' is clicked on

2022-01-17 20:15:30 - [MESSAGE][PASSED] - Object: 'Object Repository/Page_Element/button_Continue' is clicked on

2022-01-17 20:15:30 - [TEST_STEP][PASSED] - click(findTestObject("Object Repository/Page_Element/div_Done")): Object: 'Object Repository/Page_Element/div_Done' is clicked on

2022-01-17 20:16:01 - [MESSAGE][PASSED] - Object: 'Object Repository/Page_Element/div_Done' is clicked on

2022-01-17 20:16:01 - [TEST_STEP][PASSED] - click(findTestObject("Object Repository/Page_Element/div_quanghuy93")): Object: 'Object Repository/Page_Element/div_quanghuy93' is clicked on

2022-01-17 20:16:31 - [MESSAGE][PASSED] - Object: 'Object Repository/Page_Element/div_quanghuy93' is clicked on]]></system-out>
         <system-err><![CDATA[]]></system-err>
      </testcase>
      <testcase name="Test Cases/Create a new space/Create a public space with all correct information" time="375.821" classname="Test Cases/Create a new space/Create a public space with all correct information" status="PASSED">
         <system-out><![CDATA[2022-01-17 20:16:31 - [TEST_CASE][PASSED] - Test Cases/Create a new space/Create a public space with all correct information: Test Cases/Create a new space/Create a public space with all correct information

2022-01-17 20:16:32 - [TEST_STEP][PASSED] - openBrowser(""): Browser is opened with url: ''

2022-01-17 20:16:32 - [MESSAGE][WARNING] - A browser is already opened. Closing browser and opening a new one

2022-01-17 20:16:33 - [MESSAGE][INFO] - Starting 'Chrome' driver

2022-01-17 20:16:33 - [MESSAGE][INFO] - Action delay is set to 0 milliseconds

2022-01-17 20:16:34 - [MESSAGE][PASSED] - Browser is opened with url: ''

2022-01-17 20:16:34 - [TEST_STEP][PASSED] - navigateToUrl("http://localhost:8080/"): Navigate to 'http://localhost:8080/' successfully

2022-01-17 20:16:37 - [MESSAGE][PASSED] - Navigate to 'http://localhost:8080/' successfully

2022-01-17 20:16:37 - [TEST_STEP][PASSED] - click(findTestObject("Object Repository/Page_Element/a_Sign In")): Object: 'Object Repository/Page_Element/a_Sign In' is clicked on

2022-01-17 20:16:40 - [MESSAGE][PASSED] - Object: 'Object Repository/Page_Element/a_Sign In' is clicked on

2022-01-17 20:16:40 - [TEST_STEP][PASSED] - setText(findTestObject("Object Repository/Page_Element/input_Sign in with_username"), "quanghuyne"): Text 'quanghuyne' is set on object 'Object Repository/Page_Element/input_Sign in with_username'

2022-01-17 20:17:41 - [MESSAGE][PASSED] - Text 'quanghuyne' is set on object 'Object Repository/Page_Element/input_Sign in with_username'

2022-01-17 20:17:41 - [TEST_STEP][PASSED] - setEncryptedText(findTestObject("Object Repository/Page_Element/input_Username_password"), "hk4lGgMz64DUYAH1jDReqA=="): Text ****** has been set on object 'Object Repository/Page_Element/input_Username_password'

2022-01-17 20:18:11 - [MESSAGE][PASSED] - Text ****** has been set on object 'Object Repository/Page_Element/input_Username_password'

2022-01-17 20:18:11 - [TEST_STEP][PASSED] - click(findTestObject("Object Repository/Page_Element/input_Forgot password_mx_Login_submit")): Object: 'Object Repository/Page_Element/input_Forgot password_mx_Login_submit' is clicked on

2022-01-17 20:18:41 - [MESSAGE][PASSED] - Object: 'Object Repository/Page_Element/input_Forgot password_mx_Login_submit' is clicked on

2022-01-17 20:18:41 - [TEST_STEP][PASSED] - click(findTestObject("Object Repository/Page_Element/button_Reset all")): Object: 'Object Repository/Page_Element/button_Reset all' is clicked on

2022-01-17 20:18:45 - [MESSAGE][PASSED] - Object: 'Object Repository/Page_Element/button_Reset all' is clicked on

2022-01-17 20:18:45 - [TEST_STEP][PASSED] - click(findTestObject("Object Repository/Page_Element/div_Proceed with reset")): Object: 'Object Repository/Page_Element/div_Proceed with reset' is clicked on

2022-01-17 20:19:15 - [MESSAGE][PASSED] - Object: 'Object Repository/Page_Element/div_Proceed with reset' is clicked on

2022-01-17 20:19:15 - [TEST_STEP][PASSED] - click(findTestObject("Object Repository/Page_Element/button_Cancel")): Object: 'Object Repository/Page_Element/button_Cancel' is clicked on

2022-01-17 20:19:45 - [MESSAGE][PASSED] - Object: 'Object Repository/Page_Element/button_Cancel' is clicked on

2022-01-17 20:19:45 - [TEST_STEP][PASSED] - click(findTestObject("Object Repository/Page_Element/button_Cancel")): Object: 'Object Repository/Page_Element/button_Cancel' is clicked on

2022-01-17 20:19:48 - [MESSAGE][PASSED] - Object: 'Object Repository/Page_Element/button_Cancel' is clicked on

2022-01-17 20:19:48 - [TEST_STEP][PASSED] - click(findTestObject("Object Repository/Page_Element/div_Enable_mx_SpaceButton_icon")): Object: 'Object Repository/Page_Element/div_Enable_mx_SpaceButton_icon' is clicked on

2022-01-17 20:19:54 - [MESSAGE][PASSED] - Object: 'Object Repository/Page_Element/div_Enable_mx_SpaceButton_icon' is clicked on

2022-01-17 20:19:54 - [TEST_STEP][PASSED] - click(findTestObject("Object Repository/Page_Element/div_PublicOpen space for anyone, best for c_08629a")): Object: 'Object Repository/Page_Element/div_PublicOpen space for anyone, best for c_08629a' is clicked on

2022-01-17 20:20:24 - [MESSAGE][PASSED] - Object: 'Object Repository/Page_Element/div_PublicOpen space for anyone, best for c_08629a' is clicked on

2022-01-17 20:20:24 - [TEST_STEP][PASSED] - setText(findTestObject("Object Repository/Page_Element/input_Upload_spaceName"), "Quang Huy space"): Text 'Quang Huy space' is set on object 'Object Repository/Page_Element/input_Upload_spaceName'

2022-01-17 20:21:24 - [MESSAGE][PASSED] - Text 'Quang Huy space' is set on object 'Object Repository/Page_Element/input_Upload_spaceName'

2022-01-17 20:21:24 - [TEST_STEP][PASSED] - setText(findTestObject("Object Repository/Page_Element/textarea_Quang Huy space"), "Quang Huy space"): Text 'Quang Huy space' is set on object 'Object Repository/Page_Element/textarea_Quang Huy space'

2022-01-17 20:22:02 - [MESSAGE][PASSED] - Text 'Quang Huy space' is set on object 'Object Repository/Page_Element/textarea_Quang Huy space'

2022-01-17 20:22:02 - [TEST_STEP][PASSED] - click(findTestObject("Object Repository/Page_Element/div_Create")): Object: 'Object Repository/Page_Element/div_Create' is clicked on

2022-01-17 20:22:07 - [MESSAGE][PASSED] - Object: 'Object Repository/Page_Element/div_Create' is clicked on

2022-01-17 20:22:07 - [TEST_STEP][PASSED] - click(findTestObject("Object Repository/Page_Element  Quang Huy space/div_Enable_mx_SpaceButton_icon")): Object: 'Object Repository/Page_Element  Quang Huy space/div_Enable_mx_SpaceButton_icon' is clicked on

2022-01-17 20:22:37 - [MESSAGE][PASSED] - Object: 'Object Repository/Page_Element  Quang Huy space/div_Enable_mx_SpaceButton_icon' is clicked on

2022-01-17 20:22:37 - [TEST_STEP][PASSED] - click(findTestObject("Object Repository/Page_Element/span_Q")): Object: 'Object Repository/Page_Element/span_Q' is clicked on

2022-01-17 20:22:47 - [MESSAGE][PASSED] - Object: 'Object Repository/Page_Element/span_Q' is clicked on]]></system-out>
         <system-err><![CDATA[]]></system-err>
      </testcase>
      <testcase name="Test Cases/Create a new space/Create a public space with an empty address" time="517.544" classname="Test Cases/Create a new space/Create a public space with an empty address" status="PASSED">
         <system-out><![CDATA[2022-01-17 20:22:47 - [TEST_CASE][PASSED] - Test Cases/Create a new space/Create a public space with an empty address: Test Cases/Create a new space/Create a public space with an empty address

2022-01-17 20:22:48 - [TEST_STEP][PASSED] - openBrowser(""): Browser is opened with url: ''

2022-01-17 20:22:48 - [MESSAGE][WARNING] - A browser is already opened. Closing browser and opening a new one

2022-01-17 20:22:49 - [MESSAGE][INFO] - Starting 'Chrome' driver

2022-01-17 20:22:49 - [MESSAGE][INFO] - Action delay is set to 0 milliseconds

2022-01-17 20:22:50 - [MESSAGE][PASSED] - Browser is opened with url: ''

2022-01-17 20:22:50 - [TEST_STEP][PASSED] - navigateToUrl("http://localhost:8080/"): Navigate to 'http://localhost:8080/' successfully

2022-01-17 20:22:52 - [MESSAGE][PASSED] - Navigate to 'http://localhost:8080/' successfully

2022-01-17 20:22:52 - [TEST_STEP][PASSED] - click(findTestObject("Object Repository/Page_Element/a_Sign In")): Object: 'Object Repository/Page_Element/a_Sign In' is clicked on

2022-01-17 20:23:23 - [MESSAGE][PASSED] - Object: 'Object Repository/Page_Element/a_Sign In' is clicked on

2022-01-17 20:23:23 - [TEST_STEP][PASSED] - setText(findTestObject("Object Repository/Page_Element/input_Sign in with_username"), "quanghuyne"): Text 'quanghuyne' is set on object 'Object Repository/Page_Element/input_Sign in with_username'

2022-01-17 20:24:23 - [MESSAGE][PASSED] - Text 'quanghuyne' is set on object 'Object Repository/Page_Element/input_Sign in with_username'

2022-01-17 20:24:23 - [TEST_STEP][PASSED] - setEncryptedText(findTestObject("Object Repository/Page_Element/input_Username_password"), "hk4lGgMz64DUYAH1jDReqA=="): Text ****** has been set on object 'Object Repository/Page_Element/input_Username_password'

2022-01-17 20:24:54 - [MESSAGE][PASSED] - Text ****** has been set on object 'Object Repository/Page_Element/input_Username_password'

2022-01-17 20:24:54 - [TEST_STEP][PASSED] - click(findTestObject("Object Repository/Page_Element/input_Forgot password_mx_Login_submit")): Object: 'Object Repository/Page_Element/input_Forgot password_mx_Login_submit' is clicked on

2022-01-17 20:25:24 - [MESSAGE][PASSED] - Object: 'Object Repository/Page_Element/input_Forgot password_mx_Login_submit' is clicked on

2022-01-17 20:25:24 - [TEST_STEP][PASSED] - click(findTestObject("Object Repository/Page_Element/button_Reset all")): Object: 'Object Repository/Page_Element/button_Reset all' is clicked on

2022-01-17 20:26:14 - [MESSAGE][PASSED] - Object: 'Object Repository/Page_Element/button_Reset all' is clicked on

2022-01-17 20:26:14 - [TEST_STEP][PASSED] - click(findTestObject("Object Repository/Page_Element/div_Proceed with reset")): Object: 'Object Repository/Page_Element/div_Proceed with reset' is clicked on

2022-01-17 20:26:44 - [MESSAGE][PASSED] - Object: 'Object Repository/Page_Element/div_Proceed with reset' is clicked on

2022-01-17 20:26:44 - [TEST_STEP][PASSED] - click(findTestObject("Object Repository/Page_Element/button_Cancel")): Object: 'Object Repository/Page_Element/button_Cancel' is clicked on

2022-01-17 20:26:53 - [MESSAGE][PASSED] - Object: 'Object Repository/Page_Element/button_Cancel' is clicked on

2022-01-17 20:26:53 - [TEST_STEP][PASSED] - click(findTestObject("Object Repository/Page_Element/button_Cancel")): Object: 'Object Repository/Page_Element/button_Cancel' is clicked on

2022-01-17 20:27:23 - [MESSAGE][PASSED] - Object: 'Object Repository/Page_Element/button_Cancel' is clicked on

2022-01-17 20:27:23 - [TEST_STEP][PASSED] - click(findTestObject("Object Repository/Page_Element/div_Enable_mx_SpaceButton_icon")): Object: 'Object Repository/Page_Element/div_Enable_mx_SpaceButton_icon' is clicked on

2022-01-17 20:27:53 - [MESSAGE][PASSED] - Object: 'Object Repository/Page_Element/div_Enable_mx_SpaceButton_icon' is clicked on

2022-01-17 20:27:53 - [TEST_STEP][PASSED] - click(findTestObject("Object Repository/Page_Element/h3_Public")): Object: 'Object Repository/Page_Element/h3_Public' is clicked on

2022-01-17 20:28:24 - [MESSAGE][PASSED] - Object: 'Object Repository/Page_Element/h3_Public' is clicked on

2022-01-17 20:28:24 - [TEST_STEP][PASSED] - setText(findTestObject("Object Repository/Page_Element/input_Upload_spaceName"), "quanghuy123"): Text 'quanghuy123' is set on object 'Object Repository/Page_Element/input_Upload_spaceName'

2022-01-17 20:29:24 - [MESSAGE][PASSED] - Text 'quanghuy123' is set on object 'Object Repository/Page_Element/input_Upload_spaceName'

2022-01-17 20:29:24 - [TEST_STEP][PASSED] - click(findTestObject("Object Repository/Page_Element/div_Your public spaceAdd some details to he_7d9a67")): Object: 'Object Repository/Page_Element/div_Your public spaceAdd some details to he_7d9a67' is clicked on

2022-01-17 20:29:54 - [MESSAGE][PASSED] - Object: 'Object Repository/Page_Element/div_Your public spaceAdd some details to he_7d9a67' is clicked on

2022-01-17 20:29:54 - [TEST_STEP][PASSED] - setText(findTestObject("Object Repository/Page_Element/input__mx_Field_5"), ""): Text '' is set on object 'Object Repository/Page_Element/input__mx_Field_5'

2022-01-17 20:30:54 - [MESSAGE][PASSED] - Text '' is set on object 'Object Repository/Page_Element/input__mx_Field_5'

2022-01-17 20:30:54 - [TEST_STEP][PASSED] - click(findTestObject("Object Repository/Page_Element/div_Create")): Object: 'Object Repository/Page_Element/div_Create' is clicked on

2022-01-17 20:31:24 - [MESSAGE][PASSED] - Object: 'Object Repository/Page_Element/div_Create' is clicked on]]></system-out>
         <system-err><![CDATA[]]></system-err>
      </testcase>
      <testcase name="Test Cases/Create a new space/Create a public space with an existed address" time="299.564" classname="Test Cases/Create a new space/Create a public space with an existed address" status="FAILED">
         <failure type="FAILED" message="Test Cases/Create a new space/Create a public space with an existed address FAILED.
Reason:
com.kms.katalon.core.exception.StepFailedException: Unable to click on object 'Object Repository/Page_Element/div_Enable_mx_SpaceButton_icon'
	at com.kms.katalon.core.webui.keyword.internal.WebUIKeywordMain.stepFailed(WebUIKeywordMain.groovy:64)
	at com.kms.katalon.core.webui.keyword.internal.WebUIKeywordMain.runKeyword(WebUIKeywordMain.groovy:26)
	at com.kms.katalon.core.webui.keyword.builtin.ClickKeyword.click(ClickKeyword.groovy:74)
	at com.kms.katalon.core.webui.keyword.builtin.ClickKeyword.execute(ClickKeyword.groovy:40)
	at com.kms.katalon.core.keyword.internal.KeywordExecutor.executeKeywordForPlatform(KeywordExecutor.groovy:74)
	at com.kms.katalon.core.webui.keyword.WebUiBuiltInKeywords.click(WebUiBuiltInKeywords.groovy:620)
	at com.kms.katalon.core.webui.keyword.WebUiBuiltInKeywords$click$1.call(Unknown Source)
	at Create a public space with an existed address.run(Create a public space with an existed address:40)
	at com.kms.katalon.core.main.ScriptEngine.run(ScriptEngine.java:194)
	at com.kms.katalon.core.main.ScriptEngine.runScriptAsRawText(ScriptEngine.java:119)
	at com.kms.katalon.core.main.TestCaseExecutor.runScript(TestCaseExecutor.java:442)
	at com.kms.katalon.core.main.TestCaseExecutor.doExecute(TestCaseExecutor.java:433)
	at com.kms.katalon.core.main.TestCaseExecutor.processExecutionPhase(TestCaseExecutor.java:412)
	at com.kms.katalon.core.main.TestCaseExecutor.accessMainPhase(TestCaseExecutor.java:404)
	at com.kms.katalon.core.main.TestCaseExecutor.execute(TestCaseExecutor.java:281)
	at com.kms.katalon.core.main.TestSuiteExecutor.accessTestCaseMainPhase(TestSuiteExecutor.java:202)
	at com.kms.katalon.core.main.TestSuiteExecutor.accessTestSuiteMainPhase(TestSuiteExecutor.java:164)
	at com.kms.katalon.core.main.TestSuiteExecutor.execute(TestSuiteExecutor.java:105)
	at com.kms.katalon.core.main.TestCaseMain.startTestSuite(TestCaseMain.java:181)
	at com.kms.katalon.core.main.TestCaseMain$startTestSuite$0.call(Unknown Source)
	at TempTestSuite1642411537017.run(TempTestSuite1642411537017.groovy:36)
Caused by: com.kms.katalon.core.webui.exception.WebElementNotFoundException: Web element with id: 'Object Repository/Page_Element/div_Enable_mx_SpaceButton_icon' located by '//section[@id='matrixchat']/div/div[2]/div/ul/div[2]/div/li[5]/div/div/div/div/div' not found
	at com.kms.katalon.core.webui.common.WebUiCommonHelper.findWebElement(WebUiCommonHelper.java:1368)
	at com.kms.katalon.core.webui.keyword.internal.WebUIAbstractKeyword.findWebElement(WebUIAbstractKeyword.groovy:27)
	at com.kms.katalon.core.webui.keyword.builtin.ClickKeyword$_click_closure1.doCall(ClickKeyword.groovy:65)
	at com.kms.katalon.core.webui.keyword.builtin.ClickKeyword$_click_closure1.call(ClickKeyword.groovy)
	at com.kms.katalon.core.webui.keyword.internal.WebUIKeywordMain.runKeyword(WebUIKeywordMain.groovy:20)
	... 19 more
"/>
         <system-out><![CDATA[2022-01-17 20:31:24 - [TEST_CASE][FAILED] - Test Cases/Create a new space/Create a public space with an existed address: Test Cases/Create a new space/Create a public space with an existed address FAILED.
Reason:
com.kms.katalon.core.exception.StepFailedException: Unable to click on object 'Object Repository/Page_Element/div_Enable_mx_SpaceButton_icon'
	at com.kms.katalon.core.webui.keyword.internal.WebUIKeywordMain.stepFailed(WebUIKeywordMain.groovy:64)
	at com.kms.katalon.core.webui.keyword.internal.WebUIKeywordMain.runKeyword(WebUIKeywordMain.groovy:26)
	at com.kms.katalon.core.webui.keyword.builtin.ClickKeyword.click(ClickKeyword.groovy:74)
	at com.kms.katalon.core.webui.keyword.builtin.ClickKeyword.execute(ClickKeyword.groovy:40)
	at com.kms.katalon.core.keyword.internal.KeywordExecutor.executeKeywordForPlatform(KeywordExecutor.groovy:74)
	at com.kms.katalon.core.webui.keyword.WebUiBuiltInKeywords.click(WebUiBuiltInKeywords.groovy:620)
	at com.kms.katalon.core.webui.keyword.WebUiBuiltInKeywords$click$1.call(Unknown Source)
	at Create a public space with an existed address.run(Create a public space with an existed address:40)
	at com.kms.katalon.core.main.ScriptEngine.run(ScriptEngine.java:194)
	at com.kms.katalon.core.main.ScriptEngine.runScriptAsRawText(ScriptEngine.java:119)
	at com.kms.katalon.core.main.TestCaseExecutor.runScript(TestCaseExecutor.java:442)
	at com.kms.katalon.core.main.TestCaseExecutor.doExecute(TestCaseExecutor.java:433)
	at com.kms.katalon.core.main.TestCaseExecutor.processExecutionPhase(TestCaseExecutor.java:412)
	at com.kms.katalon.core.main.TestCaseExecutor.accessMainPhase(TestCaseExecutor.java:404)
	at com.kms.katalon.core.main.TestCaseExecutor.execute(TestCaseExecutor.java:281)
	at com.kms.katalon.core.main.TestSuiteExecutor.accessTestCaseMainPhase(TestSuiteExecutor.java:202)
	at com.kms.katalon.core.main.TestSuiteExecutor.accessTestSuiteMainPhase(TestSuiteExecutor.java:164)
	at com.kms.katalon.core.main.TestSuiteExecutor.execute(TestSuiteExecutor.java:105)
	at com.kms.katalon.core.main.TestCaseMain.startTestSuite(TestCaseMain.java:181)
	at com.kms.katalon.core.main.TestCaseMain$startTestSuite$0.call(Unknown Source)
	at TempTestSuite1642411537017.run(TempTestSuite1642411537017.groovy:36)
Caused by: com.kms.katalon.core.webui.exception.WebElementNotFoundException: Web element with id: 'Object Repository/Page_Element/div_Enable_mx_SpaceButton_icon' located by '//section[@id='matrixchat']/div/div[2]/div/ul/div[2]/div/li[5]/div/div/div/div/div' not found
	at com.kms.katalon.core.webui.common.WebUiCommonHelper.findWebElement(WebUiCommonHelper.java:1368)
	at com.kms.katalon.core.webui.keyword.internal.WebUIAbstractKeyword.findWebElement(WebUIAbstractKeyword.groovy:27)
	at com.kms.katalon.core.webui.keyword.builtin.ClickKeyword$_click_closure1.doCall(ClickKeyword.groovy:65)
	at com.kms.katalon.core.webui.keyword.builtin.ClickKeyword$_click_closure1.call(ClickKeyword.groovy)
	at com.kms.katalon.core.webui.keyword.internal.WebUIKeywordMain.runKeyword(WebUIKeywordMain.groovy:20)
	... 19 more


2022-01-17 20:31:26 - [TEST_STEP][PASSED] - openBrowser(""): Browser is opened with url: ''

2022-01-17 20:31:26 - [MESSAGE][WARNING] - A browser is already opened. Closing browser and opening a new one

2022-01-17 20:31:27 - [MESSAGE][INFO] - Starting 'Chrome' driver

2022-01-17 20:31:27 - [MESSAGE][INFO] - Action delay is set to 0 milliseconds

2022-01-17 20:31:29 - [MESSAGE][PASSED] - Browser is opened with url: ''

2022-01-17 20:31:29 - [TEST_STEP][PASSED] - navigateToUrl("http://localhost:8080/"): Navigate to 'http://localhost:8080/' successfully

2022-01-17 20:31:33 - [MESSAGE][PASSED] - Navigate to 'http://localhost:8080/' successfully

2022-01-17 20:31:33 - [TEST_STEP][PASSED] - click(findTestObject("Object Repository/Page_Element/a_Sign In")): Object: 'Object Repository/Page_Element/a_Sign In' is clicked on

2022-01-17 20:31:41 - [MESSAGE][PASSED] - Object: 'Object Repository/Page_Element/a_Sign In' is clicked on

2022-01-17 20:31:41 - [TEST_STEP][PASSED] - setText(findTestObject("Object Repository/Page_Element/input_Sign in with_username"), "quanghuyne"): Text 'quanghuyne' is set on object 'Object Repository/Page_Element/input_Sign in with_username'

2022-01-17 20:32:41 - [MESSAGE][PASSED] - Text 'quanghuyne' is set on object 'Object Repository/Page_Element/input_Sign in with_username'

2022-01-17 20:32:41 - [TEST_STEP][PASSED] - setEncryptedText(findTestObject("Object Repository/Page_Element/input_Username_password"), "hk4lGgMz64DUYAH1jDReqA=="): Text ****** has been set on object 'Object Repository/Page_Element/input_Username_password'

2022-01-17 20:33:11 - [MESSAGE][PASSED] - Text ****** has been set on object 'Object Repository/Page_Element/input_Username_password'

2022-01-17 20:33:11 - [TEST_STEP][PASSED] - click(findTestObject("Object Repository/Page_Element/input_Forgot password_mx_Login_submit")): Object: 'Object Repository/Page_Element/input_Forgot password_mx_Login_submit' is clicked on

2022-01-17 20:33:42 - [MESSAGE][PASSED] - Object: 'Object Repository/Page_Element/input_Forgot password_mx_Login_submit' is clicked on

2022-01-17 20:33:42 - [TEST_STEP][PASSED] - click(findTestObject("Object Repository/Page_Element/button_Reset all")): Object: 'Object Repository/Page_Element/button_Reset all' is clicked on

2022-01-17 20:34:12 - [MESSAGE][PASSED] - Object: 'Object Repository/Page_Element/button_Reset all' is clicked on

2022-01-17 20:34:12 - [TEST_STEP][PASSED] - click(findTestObject("Object Repository/Page_Element/div_Proceed with reset")): Object: 'Object Repository/Page_Element/div_Proceed with reset' is clicked on

2022-01-17 20:34:42 - [MESSAGE][PASSED] - Object: 'Object Repository/Page_Element/div_Proceed with reset' is clicked on

2022-01-17 20:34:42 - [TEST_STEP][PASSED] - click(findTestObject("Object Repository/Page_Element/button_Cancel")): Object: 'Object Repository/Page_Element/button_Cancel' is clicked on

2022-01-17 20:35:12 - [MESSAGE][PASSED] - Object: 'Object Repository/Page_Element/button_Cancel' is clicked on

2022-01-17 20:35:12 - [TEST_STEP][PASSED] - click(findTestObject("Object Repository/Page_Element/button_Cancel")): Object: 'Object Repository/Page_Element/button_Cancel' is clicked on

2022-01-17 20:35:42 - [MESSAGE][PASSED] - Object: 'Object Repository/Page_Element/button_Cancel' is clicked on

2022-01-17 20:35:42 - [TEST_STEP][FAILED] - click(findTestObject("Object Repository/Page_Element/div_Enable_mx_SpaceButton_icon")): Unable to click on object 'Object Repository/Page_Element/div_Enable_mx_SpaceButton_icon' (Root cause: com.kms.katalon.core.exception.StepFailedException: Unable to click on object 'Object Repository/Page_Element/div_Enable_mx_SpaceButton_icon'
	at com.kms.katalon.core.webui.keyword.internal.WebUIKeywordMain.stepFailed(WebUIKeywordMain.groovy:64)
	at com.kms.katalon.core.webui.keyword.internal.WebUIKeywordMain.runKeyword(WebUIKeywordMain.groovy:26)
	at com.kms.katalon.core.webui.keyword.builtin.ClickKeyword.click(ClickKeyword.groovy:74)
	at com.kms.katalon.core.webui.keyword.builtin.ClickKeyword.execute(ClickKeyword.groovy:40)
	at com.kms.katalon.core.keyword.internal.KeywordExecutor.executeKeywordForPlatform(KeywordExecutor.groovy:74)
	at com.kms.katalon.core.webui.keyword.WebUiBuiltInKeywords.click(WebUiBuiltInKeywords.groovy:620)
	at com.kms.katalon.core.webui.keyword.WebUiBuiltInKeywords$click$1.call(Unknown Source)
	at Create a public space with an existed address.run(Create a public space with an existed address:40)
	at com.kms.katalon.core.main.ScriptEngine.run(ScriptEngine.java:194)
	at com.kms.katalon.core.main.ScriptEngine.runScriptAsRawText(ScriptEngine.java:119)
	at com.kms.katalon.core.main.TestCaseExecutor.runScript(TestCaseExecutor.java:442)
	at com.kms.katalon.core.main.TestCaseExecutor.doExecute(TestCaseExecutor.java:433)
	at com.kms.katalon.core.main.TestCaseExecutor.processExecutionPhase(TestCaseExecutor.java:412)
	at com.kms.katalon.core.main.TestCaseExecutor.accessMainPhase(TestCaseExecutor.java:404)
	at com.kms.katalon.core.main.TestCaseExecutor.execute(TestCaseExecutor.java:281)
	at com.kms.katalon.core.main.TestSuiteExecutor.accessTestCaseMainPhase(TestSuiteExecutor.java:202)
	at com.kms.katalon.core.main.TestSuiteExecutor.accessTestSuiteMainPhase(TestSuiteExecutor.java:164)
	at com.kms.katalon.core.main.TestSuiteExecutor.execute(TestSuiteExecutor.java:105)
	at com.kms.katalon.core.main.TestCaseMain.startTestSuite(TestCaseMain.java:181)
	at com.kms.katalon.core.main.TestCaseMain$startTestSuite$0.call(Unknown Source)
	at TempTestSuite1642411537017.run(TempTestSuite1642411537017.groovy:36)
Caused by: com.kms.katalon.core.webui.exception.WebElementNotFoundException: Web element with id: 'Object Repository/Page_Element/div_Enable_mx_SpaceButton_icon' located by '//section[@id='matrixchat']/div/div[2]/div/ul/div[2]/div/li[5]/div/div/div/div/div' not found
	at com.kms.katalon.core.webui.common.WebUiCommonHelper.findWebElement(WebUiCommonHelper.java:1368)
	at com.kms.katalon.core.webui.keyword.internal.WebUIAbstractKeyword.findWebElement(WebUIAbstractKeyword.groovy:27)
	at com.kms.katalon.core.webui.keyword.builtin.ClickKeyword$_click_closure1.doCall(ClickKeyword.groovy:65)
	at com.kms.katalon.core.webui.keyword.builtin.ClickKeyword$_click_closure1.call(ClickKeyword.groovy)
	at com.kms.katalon.core.webui.keyword.internal.WebUIKeywordMain.runKeyword(WebUIKeywordMain.groovy:20)
	at com.kms.katalon.core.webui.keyword.builtin.ClickKeyword.click(ClickKeyword.groovy:74)
	at com.kms.katalon.core.webui.keyword.builtin.ClickKeyword.execute(ClickKeyword.groovy:40)
	at com.kms.katalon.core.keyword.internal.KeywordExecutor.executeKeywordForPlatform(KeywordExecutor.groovy:74)
	at com.kms.katalon.core.webui.keyword.WebUiBuiltInKeywords.click(WebUiBuiltInKeywords.groovy:620)
	at com.kms.katalon.core.webui.keyword.WebUiBuiltInKeywords$click$1.call(Unknown Source)
	at Script1642341350790.run(Script1642341350790.groovy:40)
	... 13 more
)

2022-01-17 20:36:24 - [MESSAGE][INFO] - Unable to find the element located by 'By.xpath: //section[@id='matrixchat']/div/div[2]/div/ul/div[2]/div/li[5]/div/div/div/div/div'. Please recheck the objects properties to make sure the desired element is located. 

2022-01-17 20:36:24 - [MESSAGE][FAILED] - Unable to click on object 'Object Repository/Page_Element/div_Enable_mx_SpaceButton_icon' (Root cause: com.kms.katalon.core.exception.StepFailedException: Unable to click on object 'Object Repository/Page_Element/div_Enable_mx_SpaceButton_icon'
	at com.kms.katalon.core.webui.keyword.internal.WebUIKeywordMain.stepFailed(WebUIKeywordMain.groovy:64)
	at com.kms.katalon.core.webui.keyword.internal.WebUIKeywordMain.runKeyword(WebUIKeywordMain.groovy:26)
	at com.kms.katalon.core.webui.keyword.builtin.ClickKeyword.click(ClickKeyword.groovy:74)
	at com.kms.katalon.core.webui.keyword.builtin.ClickKeyword.execute(ClickKeyword.groovy:40)
	at com.kms.katalon.core.keyword.internal.KeywordExecutor.executeKeywordForPlatform(KeywordExecutor.groovy:74)
	at com.kms.katalon.core.webui.keyword.WebUiBuiltInKeywords.click(WebUiBuiltInKeywords.groovy:620)
	at com.kms.katalon.core.webui.keyword.WebUiBuiltInKeywords$click$1.call(Unknown Source)
	at Create a public space with an existed address.run(Create a public space with an existed address:40)
	at com.kms.katalon.core.main.ScriptEngine.run(ScriptEngine.java:194)
	at com.kms.katalon.core.main.ScriptEngine.runScriptAsRawText(ScriptEngine.java:119)
	at com.kms.katalon.core.main.TestCaseExecutor.runScript(TestCaseExecutor.java:442)
	at com.kms.katalon.core.main.TestCaseExecutor.doExecute(TestCaseExecutor.java:433)
	at com.kms.katalon.core.main.TestCaseExecutor.processExecutionPhase(TestCaseExecutor.java:412)
	at com.kms.katalon.core.main.TestCaseExecutor.accessMainPhase(TestCaseExecutor.java:404)
	at com.kms.katalon.core.main.TestCaseExecutor.execute(TestCaseExecutor.java:281)
	at com.kms.katalon.core.main.TestSuiteExecutor.accessTestCaseMainPhase(TestSuiteExecutor.java:202)
	at com.kms.katalon.core.main.TestSuiteExecutor.accessTestSuiteMainPhase(TestSuiteExecutor.java:164)
	at com.kms.katalon.core.main.TestSuiteExecutor.execute(TestSuiteExecutor.java:105)
	at com.kms.katalon.core.main.TestCaseMain.startTestSuite(TestCaseMain.java:181)
	at com.kms.katalon.core.main.TestCaseMain$startTestSuite$0.call(Unknown Source)
	at TempTestSuite1642411537017.run(TempTestSuite1642411537017.groovy:36)
Caused by: com.kms.katalon.core.webui.exception.WebElementNotFoundException: Web element with id: 'Object Repository/Page_Element/div_Enable_mx_SpaceButton_icon' located by '//section[@id='matrixchat']/div/div[2]/div/ul/div[2]/div/li[5]/div/div/div/div/div' not found
	at com.kms.katalon.core.webui.common.WebUiCommonHelper.findWebElement(WebUiCommonHelper.java:1368)
	at com.kms.katalon.core.webui.keyword.internal.WebUIAbstractKeyword.findWebElement(WebUIAbstractKeyword.groovy:27)
	at com.kms.katalon.core.webui.keyword.builtin.ClickKeyword$_click_closure1.doCall(ClickKeyword.groovy:65)
	at com.kms.katalon.core.webui.keyword.builtin.ClickKeyword$_click_closure1.call(ClickKeyword.groovy)
	at com.kms.katalon.core.webui.keyword.internal.WebUIKeywordMain.runKeyword(WebUIKeywordMain.groovy:20)
	at com.kms.katalon.core.webui.keyword.builtin.ClickKeyword.click(ClickKeyword.groovy:74)
	at com.kms.katalon.core.webui.keyword.builtin.ClickKeyword.execute(ClickKeyword.groovy:40)
	at com.kms.katalon.core.keyword.internal.KeywordExecutor.executeKeywordForPlatform(KeywordExecutor.groovy:74)
	at com.kms.katalon.core.webui.keyword.WebUiBuiltInKeywords.click(WebUiBuiltInKeywords.groovy:620)
	at com.kms.katalon.core.webui.keyword.WebUiBuiltInKeywords$click$1.call(Unknown Source)
	at Script1642341350790.run(Script1642341350790.groovy:40)
	... 13 more
)
[[ATTACHMENT|C:\\Users\\User\\Katalon Studio\\Bonus SE\\Test-Automation-SE-Bonus\\Reports\\20220117_162537\\Run all test case\\20220117_162537\\1642426584399.png]]]]></system-out>
         <system-err><![CDATA[2022-01-17 20:31:24 - [TEST_CASE][FAILED] - Test Cases/Create a new space/Create a public space with an existed address: Test Cases/Create a new space/Create a public space with an existed address FAILED.
Reason:
com.kms.katalon.core.exception.StepFailedException: Unable to click on object 'Object Repository/Page_Element/div_Enable_mx_SpaceButton_icon'
	at com.kms.katalon.core.webui.keyword.internal.WebUIKeywordMain.stepFailed(WebUIKeywordMain.groovy:64)
	at com.kms.katalon.core.webui.keyword.internal.WebUIKeywordMain.runKeyword(WebUIKeywordMain.groovy:26)
	at com.kms.katalon.core.webui.keyword.builtin.ClickKeyword.click(ClickKeyword.groovy:74)
	at com.kms.katalon.core.webui.keyword.builtin.ClickKeyword.execute(ClickKeyword.groovy:40)
	at com.kms.katalon.core.keyword.internal.KeywordExecutor.executeKeywordForPlatform(KeywordExecutor.groovy:74)
	at com.kms.katalon.core.webui.keyword.WebUiBuiltInKeywords.click(WebUiBuiltInKeywords.groovy:620)
	at com.kms.katalon.core.webui.keyword.WebUiBuiltInKeywords$click$1.call(Unknown Source)
	at Create a public space with an existed address.run(Create a public space with an existed address:40)
	at com.kms.katalon.core.main.ScriptEngine.run(ScriptEngine.java:194)
	at com.kms.katalon.core.main.ScriptEngine.runScriptAsRawText(ScriptEngine.java:119)
	at com.kms.katalon.core.main.TestCaseExecutor.runScript(TestCaseExecutor.java:442)
	at com.kms.katalon.core.main.TestCaseExecutor.doExecute(TestCaseExecutor.java:433)
	at com.kms.katalon.core.main.TestCaseExecutor.processExecutionPhase(TestCaseExecutor.java:412)
	at com.kms.katalon.core.main.TestCaseExecutor.accessMainPhase(TestCaseExecutor.java:404)
	at com.kms.katalon.core.main.TestCaseExecutor.execute(TestCaseExecutor.java:281)
	at com.kms.katalon.core.main.TestSuiteExecutor.accessTestCaseMainPhase(TestSuiteExecutor.java:202)
	at com.kms.katalon.core.main.TestSuiteExecutor.accessTestSuiteMainPhase(TestSuiteExecutor.java:164)
	at com.kms.katalon.core.main.TestSuiteExecutor.execute(TestSuiteExecutor.java:105)
	at com.kms.katalon.core.main.TestCaseMain.startTestSuite(TestCaseMain.java:181)
	at com.kms.katalon.core.main.TestCaseMain$startTestSuite$0.call(Unknown Source)
	at TempTestSuite1642411537017.run(TempTestSuite1642411537017.groovy:36)
Caused by: com.kms.katalon.core.webui.exception.WebElementNotFoundException: Web element with id: 'Object Repository/Page_Element/div_Enable_mx_SpaceButton_icon' located by '//section[@id='matrixchat']/div/div[2]/div/ul/div[2]/div/li[5]/div/div/div/div/div' not found
	at com.kms.katalon.core.webui.common.WebUiCommonHelper.findWebElement(WebUiCommonHelper.java:1368)
	at com.kms.katalon.core.webui.keyword.internal.WebUIAbstractKeyword.findWebElement(WebUIAbstractKeyword.groovy:27)
	at com.kms.katalon.core.webui.keyword.builtin.ClickKeyword$_click_closure1.doCall(ClickKeyword.groovy:65)
	at com.kms.katalon.core.webui.keyword.builtin.ClickKeyword$_click_closure1.call(ClickKeyword.groovy)
	at com.kms.katalon.core.webui.keyword.internal.WebUIKeywordMain.runKeyword(WebUIKeywordMain.groovy:20)
	... 19 more]]></system-err>
      </testcase>
      <testcase name="Test Cases/Preview message in public room/Copy room link" time="259.114" classname="Test Cases/Preview message in public room/Copy room link" status="FAILED">
         <failure type="FAILED" message="Test Cases/Preview message in public room/Copy room link FAILED.
Reason:
com.kms.katalon.core.exception.StepFailedException: Unable to click on object 'Object Repository/Page_Element/div_Ctrl K_mx_AccessibleButton mx_LeftPanel_88084c'
	at com.kms.katalon.core.webui.keyword.internal.WebUIKeywordMain.stepFailed(WebUIKeywordMain.groovy:64)
	at com.kms.katalon.core.webui.keyword.internal.WebUIKeywordMain.runKeyword(WebUIKeywordMain.groovy:26)
	at com.kms.katalon.core.webui.keyword.builtin.ClickKeyword.click(ClickKeyword.groovy:74)
	at com.kms.katalon.core.webui.keyword.builtin.ClickKeyword.execute(ClickKeyword.groovy:40)
	at com.kms.katalon.core.keyword.internal.KeywordExecutor.executeKeywordForPlatform(KeywordExecutor.groovy:74)
	at com.kms.katalon.core.webui.keyword.WebUiBuiltInKeywords.click(WebUiBuiltInKeywords.groovy:620)
	at com.kms.katalon.core.webui.keyword.WebUiBuiltInKeywords$click$1.call(Unknown Source)
	at Copy room link.run(Copy room link:40)
	at com.kms.katalon.core.main.ScriptEngine.run(ScriptEngine.java:194)
	at com.kms.katalon.core.main.ScriptEngine.runScriptAsRawText(ScriptEngine.java:119)
	at com.kms.katalon.core.main.TestCaseExecutor.runScript(TestCaseExecutor.java:442)
	at com.kms.katalon.core.main.TestCaseExecutor.doExecute(TestCaseExecutor.java:433)
	at com.kms.katalon.core.main.TestCaseExecutor.processExecutionPhase(TestCaseExecutor.java:412)
	at com.kms.katalon.core.main.TestCaseExecutor.accessMainPhase(TestCaseExecutor.java:404)
	at com.kms.katalon.core.main.TestCaseExecutor.execute(TestCaseExecutor.java:281)
	at com.kms.katalon.core.main.TestSuiteExecutor.accessTestCaseMainPhase(TestSuiteExecutor.java:202)
	at com.kms.katalon.core.main.TestSuiteExecutor.accessTestSuiteMainPhase(TestSuiteExecutor.java:164)
	at com.kms.katalon.core.main.TestSuiteExecutor.execute(TestSuiteExecutor.java:105)
	at com.kms.katalon.core.main.TestCaseMain.startTestSuite(TestCaseMain.java:181)
	at com.kms.katalon.core.main.TestCaseMain$startTestSuite$0.call(Unknown Source)
	at TempTestSuite1642411537017.run(TempTestSuite1642411537017.groovy:36)
Caused by: org.openqa.selenium.ElementClickInterceptedException: element click intercepted: Element &lt;div aria-label=&quot;Explore rooms&quot; role=&quot;button&quot; tabindex=&quot;0&quot; class=&quot;mx_AccessibleButton mx_LeftPanel_exploreButton&quot;>&lt;/div> is not clickable at point (390, 28). Other element would receive the click: &lt;div class=&quot;mx_Toast_toast mx_Toast_hasIcon mx_Toast_icon_verification_warning&quot;>...&lt;/div>
  (Session info: chrome=97.0.4692.71)
Build info: version: '3.141.59', revision: 'e82be7d358', time: '2018-11-14T08:25:53'
System info: host: 'DESKTOP-A3NO6EJ', ip: '172.23.64.1', os.name: 'Windows 10', os.arch: 'amd64', os.version: '10.0', java.version: '1.8.0_282'
Driver info: com.kms.katalon.selenium.driver.CChromeDriver
Capabilities {acceptInsecureCerts: false, browserName: chrome, browserVersion: 97.0.4692.71, chrome: {chromedriverVersion: 97.0.4692.71 (adefa7837d02a..., userDataDir: C:\Users\User\AppData\Local...}, goog:chromeOptions: {debuggerAddress: localhost:61205}, javascriptEnabled: true, networkConnectionEnabled: false, pageLoadStrategy: normal, platform: WINDOWS, platformName: WINDOWS, proxy: Proxy(), setWindowRect: true, strictFileInteractability: false, timeouts: {implicit: 0, pageLoad: 300000, script: 30000}, unhandledPromptBehavior: dismiss and notify, webauthn:extension:credBlob: true, webauthn:extension:largeBlob: true, webauthn:virtualAuthenticators: true}
Session ID: 9ddb78608593971b464c5214e142647b
	at org.openqa.selenium.remote.http.W3CHttpResponseCodec.createException(W3CHttpResponseCodec.java:187)
	at org.openqa.selenium.remote.http.W3CHttpResponseCodec.decode(W3CHttpResponseCodec.java:122)
	at org.openqa.selenium.remote.http.W3CHttpResponseCodec.decode(W3CHttpResponseCodec.java:49)
	at org.openqa.selenium.remote.HttpCommandExecutor.execute(HttpCommandExecutor.java:158)
	at org.openqa.selenium.remote.service.DriverCommandExecutor.execute(DriverCommandExecutor.java:83)
	at org.openqa.selenium.remote.RemoteWebDriver.execute(RemoteWebDriver.java:552)
	at com.kms.katalon.selenium.driver.CChromeDriver.execute(CChromeDriver.java:19)
	at org.openqa.selenium.remote.RemoteWebElement.execute(RemoteWebElement.java:285)
	at org.openqa.selenium.remote.RemoteWebElement.click(RemoteWebElement.java:84)
	at org.openqa.selenium.support.events.EventFiringWebDriver$EventFiringWebElement.lambda$new$0(EventFiringWebDriver.java:404)
	at com.sun.proxy.$Proxy11.click(Unknown Source)
	at org.openqa.selenium.support.events.EventFiringWebDriver$EventFiringWebElement.click(EventFiringWebDriver.java:417)
	at org.openqa.selenium.WebElement$click.call(Unknown Source)
	at com.kms.katalon.core.webui.keyword.builtin.ClickKeyword.clickUntilSuccessWithTimeout(ClickKeyword.groovy:81)
	at com.kms.katalon.core.webui.keyword.builtin.ClickKeyword.clickUntilSuccessWithTimeout(ClickKeyword.groovy)
	at com.kms.katalon.core.webui.keyword.builtin.ClickKeyword$_click_closure1.doCall(ClickKeyword.groovy:67)
	at com.kms.katalon.core.webui.keyword.builtin.ClickKeyword$_click_closure1.call(ClickKeyword.groovy)
	at com.kms.katalon.core.webui.keyword.internal.WebUIKeywordMain.runKeyword(WebUIKeywordMain.groovy:20)
	... 19 more
"/>
         <system-out><![CDATA[2022-01-17 20:36:24 - [TEST_CASE][FAILED] - Test Cases/Preview message in public room/Copy room link: Test Cases/Preview message in public room/Copy room link FAILED.
Reason:
com.kms.katalon.core.exception.StepFailedException: Unable to click on object 'Object Repository/Page_Element/div_Ctrl K_mx_AccessibleButton mx_LeftPanel_88084c'
	at com.kms.katalon.core.webui.keyword.internal.WebUIKeywordMain.stepFailed(WebUIKeywordMain.groovy:64)
	at com.kms.katalon.core.webui.keyword.internal.WebUIKeywordMain.runKeyword(WebUIKeywordMain.groovy:26)
	at com.kms.katalon.core.webui.keyword.builtin.ClickKeyword.click(ClickKeyword.groovy:74)
	at com.kms.katalon.core.webui.keyword.builtin.ClickKeyword.execute(ClickKeyword.groovy:40)
	at com.kms.katalon.core.keyword.internal.KeywordExecutor.executeKeywordForPlatform(KeywordExecutor.groovy:74)
	at com.kms.katalon.core.webui.keyword.WebUiBuiltInKeywords.click(WebUiBuiltInKeywords.groovy:620)
	at com.kms.katalon.core.webui.keyword.WebUiBuiltInKeywords$click$1.call(Unknown Source)
	at Copy room link.run(Copy room link:40)
	at com.kms.katalon.core.main.ScriptEngine.run(ScriptEngine.java:194)
	at com.kms.katalon.core.main.ScriptEngine.runScriptAsRawText(ScriptEngine.java:119)
	at com.kms.katalon.core.main.TestCaseExecutor.runScript(TestCaseExecutor.java:442)
	at com.kms.katalon.core.main.TestCaseExecutor.doExecute(TestCaseExecutor.java:433)
	at com.kms.katalon.core.main.TestCaseExecutor.processExecutionPhase(TestCaseExecutor.java:412)
	at com.kms.katalon.core.main.TestCaseExecutor.accessMainPhase(TestCaseExecutor.java:404)
	at com.kms.katalon.core.main.TestCaseExecutor.execute(TestCaseExecutor.java:281)
	at com.kms.katalon.core.main.TestSuiteExecutor.accessTestCaseMainPhase(TestSuiteExecutor.java:202)
	at com.kms.katalon.core.main.TestSuiteExecutor.accessTestSuiteMainPhase(TestSuiteExecutor.java:164)
	at com.kms.katalon.core.main.TestSuiteExecutor.execute(TestSuiteExecutor.java:105)
	at com.kms.katalon.core.main.TestCaseMain.startTestSuite(TestCaseMain.java:181)
	at com.kms.katalon.core.main.TestCaseMain$startTestSuite$0.call(Unknown Source)
	at TempTestSuite1642411537017.run(TempTestSuite1642411537017.groovy:36)
Caused by: org.openqa.selenium.ElementClickInterceptedException: element click intercepted: Element <div aria-label="Explore rooms" role="button" tabindex="0" class="mx_AccessibleButton mx_LeftPanel_exploreButton"></div> is not clickable at point (390, 28). Other element would receive the click: <div class="mx_Toast_toast mx_Toast_hasIcon mx_Toast_icon_verification_warning">...</div>
  (Session info: chrome=97.0.4692.71)
Build info: version: '3.141.59', revision: 'e82be7d358', time: '2018-11-14T08:25:53'
System info: host: 'DESKTOP-A3NO6EJ', ip: '172.23.64.1', os.name: 'Windows 10', os.arch: 'amd64', os.version: '10.0', java.version: '1.8.0_282'
Driver info: com.kms.katalon.selenium.driver.CChromeDriver
Capabilities {acceptInsecureCerts: false, browserName: chrome, browserVersion: 97.0.4692.71, chrome: {chromedriverVersion: 97.0.4692.71 (adefa7837d02a..., userDataDir: C:\Users\User\AppData\Local...}, goog:chromeOptions: {debuggerAddress: localhost:61205}, javascriptEnabled: true, networkConnectionEnabled: false, pageLoadStrategy: normal, platform: WINDOWS, platformName: WINDOWS, proxy: Proxy(), setWindowRect: true, strictFileInteractability: false, timeouts: {implicit: 0, pageLoad: 300000, script: 30000}, unhandledPromptBehavior: dismiss and notify, webauthn:extension:credBlob: true, webauthn:extension:largeBlob: true, webauthn:virtualAuthenticators: true}
Session ID: 9ddb78608593971b464c5214e142647b
	at org.openqa.selenium.remote.http.W3CHttpResponseCodec.createException(W3CHttpResponseCodec.java:187)
	at org.openqa.selenium.remote.http.W3CHttpResponseCodec.decode(W3CHttpResponseCodec.java:122)
	at org.openqa.selenium.remote.http.W3CHttpResponseCodec.decode(W3CHttpResponseCodec.java:49)
	at org.openqa.selenium.remote.HttpCommandExecutor.execute(HttpCommandExecutor.java:158)
	at org.openqa.selenium.remote.service.DriverCommandExecutor.execute(DriverCommandExecutor.java:83)
	at org.openqa.selenium.remote.RemoteWebDriver.execute(RemoteWebDriver.java:552)
	at com.kms.katalon.selenium.driver.CChromeDriver.execute(CChromeDriver.java:19)
	at org.openqa.selenium.remote.RemoteWebElement.execute(RemoteWebElement.java:285)
	at org.openqa.selenium.remote.RemoteWebElement.click(RemoteWebElement.java:84)
	at org.openqa.selenium.support.events.EventFiringWebDriver$EventFiringWebElement.lambda$new$0(EventFiringWebDriver.java:404)
	at com.sun.proxy.$Proxy11.click(Unknown Source)
	at org.openqa.selenium.support.events.EventFiringWebDriver$EventFiringWebElement.click(EventFiringWebDriver.java:417)
	at org.openqa.selenium.WebElement$click.call(Unknown Source)
	at com.kms.katalon.core.webui.keyword.builtin.ClickKeyword.clickUntilSuccessWithTimeout(ClickKeyword.groovy:81)
	at com.kms.katalon.core.webui.keyword.builtin.ClickKeyword.clickUntilSuccessWithTimeout(ClickKeyword.groovy)
	at com.kms.katalon.core.webui.keyword.builtin.ClickKeyword$_click_closure1.doCall(ClickKeyword.groovy:67)
	at com.kms.katalon.core.webui.keyword.builtin.ClickKeyword$_click_closure1.call(ClickKeyword.groovy)
	at com.kms.katalon.core.webui.keyword.internal.WebUIKeywordMain.runKeyword(WebUIKeywordMain.groovy:20)
	... 19 more


2022-01-17 20:36:25 - [TEST_STEP][PASSED] - openBrowser(""): Browser is opened with url: ''

2022-01-17 20:36:25 - [MESSAGE][WARNING] - A browser is already opened. Closing browser and opening a new one

2022-01-17 20:36:25 - [MESSAGE][INFO] - Starting 'Chrome' driver

2022-01-17 20:36:25 - [MESSAGE][INFO] - Action delay is set to 0 milliseconds

2022-01-17 20:36:27 - [MESSAGE][PASSED] - Browser is opened with url: ''

2022-01-17 20:36:27 - [TEST_STEP][PASSED] - navigateToUrl("http://localhost:8080/"): Navigate to 'http://localhost:8080/' successfully

2022-01-17 20:36:29 - [MESSAGE][PASSED] - Navigate to 'http://localhost:8080/' successfully

2022-01-17 20:36:29 - [TEST_STEP][PASSED] - click(findTestObject("Object Repository/Page_Element/a_Sign In")): Object: 'Object Repository/Page_Element/a_Sign In' is clicked on

2022-01-17 20:36:32 - [MESSAGE][PASSED] - Object: 'Object Repository/Page_Element/a_Sign In' is clicked on

2022-01-17 20:36:32 - [TEST_STEP][PASSED] - setText(findTestObject("Object Repository/Page_Element/input_Sign in with_username"), "quanghuyne"): Text 'quanghuyne' is set on object 'Object Repository/Page_Element/input_Sign in with_username'

2022-01-17 20:37:32 - [MESSAGE][PASSED] - Text 'quanghuyne' is set on object 'Object Repository/Page_Element/input_Sign in with_username'

2022-01-17 20:37:32 - [TEST_STEP][PASSED] - setEncryptedText(findTestObject("Object Repository/Page_Element/input_Username_password"), "hk4lGgMz64DUYAH1jDReqA=="): Text ****** has been set on object 'Object Repository/Page_Element/input_Username_password'

2022-01-17 20:38:02 - [MESSAGE][PASSED] - Text ****** has been set on object 'Object Repository/Page_Element/input_Username_password'

2022-01-17 20:38:02 - [TEST_STEP][PASSED] - click(findTestObject("Object Repository/Page_Element/input_Forgot password_mx_Login_submit")): Object: 'Object Repository/Page_Element/input_Forgot password_mx_Login_submit' is clicked on

2022-01-17 20:38:33 - [MESSAGE][PASSED] - Object: 'Object Repository/Page_Element/input_Forgot password_mx_Login_submit' is clicked on

2022-01-17 20:38:33 - [TEST_STEP][PASSED] - click(findTestObject("Object Repository/Page_Element/div_Verify with Security Key")): Object: 'Object Repository/Page_Element/div_Verify with Security Key' is clicked on

2022-01-17 20:38:37 - [MESSAGE][PASSED] - Object: 'Object Repository/Page_Element/div_Verify with Security Key' is clicked on

2022-01-17 20:38:37 - [TEST_STEP][PASSED] - setEncryptedText(findTestObject("Object Repository/Page_Element/input_Security Key_mx_securityKey"), "AM89fC/Z2L+0kQrgUJMoihakSLfqExGqqEDegROy7UCQVs01BySrESr2vAK0g5sjPD354BYtGaX7vGUm05HO7A=="): Text ****** has been set on object 'Object Repository/Page_Element/input_Security Key_mx_securityKey'

2022-01-17 20:39:07 - [MESSAGE][PASSED] - Text ****** has been set on object 'Object Repository/Page_Element/input_Security Key_mx_securityKey'

2022-01-17 20:39:07 - [TEST_STEP][PASSED] - click(findTestObject("Object Repository/Page_Element/button_Continue")): Object: 'Object Repository/Page_Element/button_Continue' is clicked on

2022-01-17 20:39:10 - [MESSAGE][PASSED] - Object: 'Object Repository/Page_Element/button_Continue' is clicked on

2022-01-17 20:39:10 - [TEST_STEP][PASSED] - click(findTestObject("Object Repository/Page_Element/div_Done")): Object: 'Object Repository/Page_Element/div_Done' is clicked on

2022-01-17 20:39:41 - [MESSAGE][PASSED] - Object: 'Object Repository/Page_Element/div_Done' is clicked on

2022-01-17 20:39:41 - [TEST_STEP][FAILED] - click(findTestObject("Object Repository/Page_Element/div_Ctrl K_mx_AccessibleButton mx_LeftPanel_88084c")): Unable to click on object 'Object Repository/Page_Element/div_Ctrl K_mx_AccessibleButton mx_LeftPanel_88084c' (Root cause: com.kms.katalon.core.exception.StepFailedException: Unable to click on object 'Object Repository/Page_Element/div_Ctrl K_mx_AccessibleButton mx_LeftPanel_88084c'
	at com.kms.katalon.core.webui.keyword.internal.WebUIKeywordMain.stepFailed(WebUIKeywordMain.groovy:64)
	at com.kms.katalon.core.webui.keyword.internal.WebUIKeywordMain.runKeyword(WebUIKeywordMain.groovy:26)
	at com.kms.katalon.core.webui.keyword.builtin.ClickKeyword.click(ClickKeyword.groovy:74)
	at com.kms.katalon.core.webui.keyword.builtin.ClickKeyword.execute(ClickKeyword.groovy:40)
	at com.kms.katalon.core.keyword.internal.KeywordExecutor.executeKeywordForPlatform(KeywordExecutor.groovy:74)
	at com.kms.katalon.core.webui.keyword.WebUiBuiltInKeywords.click(WebUiBuiltInKeywords.groovy:620)
	at com.kms.katalon.core.webui.keyword.WebUiBuiltInKeywords$click$1.call(Unknown Source)
	at Copy room link.run(Copy room link:40)
	at com.kms.katalon.core.main.ScriptEngine.run(ScriptEngine.java:194)
	at com.kms.katalon.core.main.ScriptEngine.runScriptAsRawText(ScriptEngine.java:119)
	at com.kms.katalon.core.main.TestCaseExecutor.runScript(TestCaseExecutor.java:442)
	at com.kms.katalon.core.main.TestCaseExecutor.doExecute(TestCaseExecutor.java:433)
	at com.kms.katalon.core.main.TestCaseExecutor.processExecutionPhase(TestCaseExecutor.java:412)
	at com.kms.katalon.core.main.TestCaseExecutor.accessMainPhase(TestCaseExecutor.java:404)
	at com.kms.katalon.core.main.TestCaseExecutor.execute(TestCaseExecutor.java:281)
	at com.kms.katalon.core.main.TestSuiteExecutor.accessTestCaseMainPhase(TestSuiteExecutor.java:202)
	at com.kms.katalon.core.main.TestSuiteExecutor.accessTestSuiteMainPhase(TestSuiteExecutor.java:164)
	at com.kms.katalon.core.main.TestSuiteExecutor.execute(TestSuiteExecutor.java:105)
	at com.kms.katalon.core.main.TestCaseMain.startTestSuite(TestCaseMain.java:181)
	at com.kms.katalon.core.main.TestCaseMain$startTestSuite$0.call(Unknown Source)
	at TempTestSuite1642411537017.run(TempTestSuite1642411537017.groovy:36)
Caused by: org.openqa.selenium.ElementClickInterceptedException: element click intercepted: Element <div aria-label="Explore rooms" role="button" tabindex="0" class="mx_AccessibleButton mx_LeftPanel_exploreButton"></div> is not clickable at point (390, 28). Other element would receive the click: <div class="mx_Toast_toast mx_Toast_hasIcon mx_Toast_icon_verification_warning">...</div>
  (Session info: chrome=97.0.4692.71)
Build info: version: '3.141.59', revision: 'e82be7d358', time: '2018-11-14T08:25:53'
System info: host: 'DESKTOP-A3NO6EJ', ip: '172.23.64.1', os.name: 'Windows 10', os.arch: 'amd64', os.version: '10.0', java.version: '1.8.0_282'
Driver info: com.kms.katalon.selenium.driver.CChromeDriver
Capabilities {acceptInsecureCerts: false, browserName: chrome, browserVersion: 97.0.4692.71, chrome: {chromedriverVersion: 97.0.4692.71 (adefa7837d02a..., userDataDir: C:\Users\User\AppData\Local...}, goog:chromeOptions: {debuggerAddress: localhost:61205}, javascriptEnabled: true, networkConnectionEnabled: false, pageLoadStrategy: normal, platform: WINDOWS, platformName: WINDOWS, proxy: Proxy(), setWindowRect: true, strictFileInteractability: false, timeouts: {implicit: 0, pageLoad: 300000, script: 30000}, unhandledPromptBehavior: dismiss and notify, webauthn:extension:credBlob: true, webauthn:extension:largeBlob: true, webauthn:virtualAuthenticators: true}
Session ID: 9ddb78608593971b464c5214e142647b
	at org.openqa.selenium.remote.http.W3CHttpResponseCodec.createException(W3CHttpResponseCodec.java:187)
	at org.openqa.selenium.remote.http.W3CHttpResponseCodec.decode(W3CHttpResponseCodec.java:122)
	at org.openqa.selenium.remote.http.W3CHttpResponseCodec.decode(W3CHttpResponseCodec.java:49)
	at org.openqa.selenium.remote.HttpCommandExecutor.execute(HttpCommandExecutor.java:158)
	at org.openqa.selenium.remote.service.DriverCommandExecutor.execute(DriverCommandExecutor.java:83)
	at org.openqa.selenium.remote.RemoteWebDriver.execute(RemoteWebDriver.java:552)
	at com.kms.katalon.selenium.driver.CChromeDriver.execute(CChromeDriver.java:19)
	at org.openqa.selenium.remote.RemoteWebElement.execute(RemoteWebElement.java:285)
	at org.openqa.selenium.remote.RemoteWebElement.click(RemoteWebElement.java:84)
	at org.openqa.selenium.support.events.EventFiringWebDriver$EventFiringWebElement.lambda$new$0(EventFiringWebDriver.java:404)
	at com.sun.proxy.$Proxy11.click(Unknown Source)
	at org.openqa.selenium.support.events.EventFiringWebDriver$EventFiringWebElement.click(EventFiringWebDriver.java:417)
	at org.openqa.selenium.WebElement$click.call(Unknown Source)
	at com.kms.katalon.core.webui.keyword.builtin.ClickKeyword.clickUntilSuccessWithTimeout(ClickKeyword.groovy:81)
	at com.kms.katalon.core.webui.keyword.builtin.ClickKeyword.clickUntilSuccessWithTimeout(ClickKeyword.groovy)
	at com.kms.katalon.core.webui.keyword.builtin.ClickKeyword$_click_closure1.doCall(ClickKeyword.groovy:67)
	at com.kms.katalon.core.webui.keyword.builtin.ClickKeyword$_click_closure1.call(ClickKeyword.groovy)
	at com.kms.katalon.core.webui.keyword.internal.WebUIKeywordMain.runKeyword(WebUIKeywordMain.groovy:20)
	at com.kms.katalon.core.webui.keyword.builtin.ClickKeyword.click(ClickKeyword.groovy:74)
	at com.kms.katalon.core.webui.keyword.builtin.ClickKeyword.execute(ClickKeyword.groovy:40)
	at com.kms.katalon.core.keyword.internal.KeywordExecutor.executeKeywordForPlatform(KeywordExecutor.groovy:74)
	at com.kms.katalon.core.webui.keyword.WebUiBuiltInKeywords.click(WebUiBuiltInKeywords.groovy:620)
	at com.kms.katalon.core.webui.keyword.WebUiBuiltInKeywords$click$1.call(Unknown Source)
	at Script1642405970614.run(Script1642405970614.groovy:40)
	... 13 more
)

2022-01-17 20:40:43 - [MESSAGE][FAILED] - Unable to click on object 'Object Repository/Page_Element/div_Ctrl K_mx_AccessibleButton mx_LeftPanel_88084c' (Root cause: com.kms.katalon.core.exception.StepFailedException: Unable to click on object 'Object Repository/Page_Element/div_Ctrl K_mx_AccessibleButton mx_LeftPanel_88084c'
	at com.kms.katalon.core.webui.keyword.internal.WebUIKeywordMain.stepFailed(WebUIKeywordMain.groovy:64)
	at com.kms.katalon.core.webui.keyword.internal.WebUIKeywordMain.runKeyword(WebUIKeywordMain.groovy:26)
	at com.kms.katalon.core.webui.keyword.builtin.ClickKeyword.click(ClickKeyword.groovy:74)
	at com.kms.katalon.core.webui.keyword.builtin.ClickKeyword.execute(ClickKeyword.groovy:40)
	at com.kms.katalon.core.keyword.internal.KeywordExecutor.executeKeywordForPlatform(KeywordExecutor.groovy:74)
	at com.kms.katalon.core.webui.keyword.WebUiBuiltInKeywords.click(WebUiBuiltInKeywords.groovy:620)
	at com.kms.katalon.core.webui.keyword.WebUiBuiltInKeywords$click$1.call(Unknown Source)
	at Copy room link.run(Copy room link:40)
	at com.kms.katalon.core.main.ScriptEngine.run(ScriptEngine.java:194)
	at com.kms.katalon.core.main.ScriptEngine.runScriptAsRawText(ScriptEngine.java:119)
	at com.kms.katalon.core.main.TestCaseExecutor.runScript(TestCaseExecutor.java:442)
	at com.kms.katalon.core.main.TestCaseExecutor.doExecute(TestCaseExecutor.java:433)
	at com.kms.katalon.core.main.TestCaseExecutor.processExecutionPhase(TestCaseExecutor.java:412)
	at com.kms.katalon.core.main.TestCaseExecutor.accessMainPhase(TestCaseExecutor.java:404)
	at com.kms.katalon.core.main.TestCaseExecutor.execute(TestCaseExecutor.java:281)
	at com.kms.katalon.core.main.TestSuiteExecutor.accessTestCaseMainPhase(TestSuiteExecutor.java:202)
	at com.kms.katalon.core.main.TestSuiteExecutor.accessTestSuiteMainPhase(TestSuiteExecutor.java:164)
	at com.kms.katalon.core.main.TestSuiteExecutor.execute(TestSuiteExecutor.java:105)
	at com.kms.katalon.core.main.TestCaseMain.startTestSuite(TestCaseMain.java:181)
	at com.kms.katalon.core.main.TestCaseMain$startTestSuite$0.call(Unknown Source)
	at TempTestSuite1642411537017.run(TempTestSuite1642411537017.groovy:36)
Caused by: org.openqa.selenium.ElementClickInterceptedException: element click intercepted: Element <div aria-label="Explore rooms" role="button" tabindex="0" class="mx_AccessibleButton mx_LeftPanel_exploreButton"></div> is not clickable at point (390, 28). Other element would receive the click: <div class="mx_Toast_toast mx_Toast_hasIcon mx_Toast_icon_verification_warning">...</div>
  (Session info: chrome=97.0.4692.71)
Build info: version: '3.141.59', revision: 'e82be7d358', time: '2018-11-14T08:25:53'
System info: host: 'DESKTOP-A3NO6EJ', ip: '172.23.64.1', os.name: 'Windows 10', os.arch: 'amd64', os.version: '10.0', java.version: '1.8.0_282'
Driver info: com.kms.katalon.selenium.driver.CChromeDriver
Capabilities {acceptInsecureCerts: false, browserName: chrome, browserVersion: 97.0.4692.71, chrome: {chromedriverVersion: 97.0.4692.71 (adefa7837d02a..., userDataDir: C:\Users\User\AppData\Local...}, goog:chromeOptions: {debuggerAddress: localhost:61205}, javascriptEnabled: true, networkConnectionEnabled: false, pageLoadStrategy: normal, platform: WINDOWS, platformName: WINDOWS, proxy: Proxy(), setWindowRect: true, strictFileInteractability: false, timeouts: {implicit: 0, pageLoad: 300000, script: 30000}, unhandledPromptBehavior: dismiss and notify, webauthn:extension:credBlob: true, webauthn:extension:largeBlob: true, webauthn:virtualAuthenticators: true}
Session ID: 9ddb78608593971b464c5214e142647b
	at org.openqa.selenium.remote.http.W3CHttpResponseCodec.createException(W3CHttpResponseCodec.java:187)
	at org.openqa.selenium.remote.http.W3CHttpResponseCodec.decode(W3CHttpResponseCodec.java:122)
	at org.openqa.selenium.remote.http.W3CHttpResponseCodec.decode(W3CHttpResponseCodec.java:49)
	at org.openqa.selenium.remote.HttpCommandExecutor.execute(HttpCommandExecutor.java:158)
	at org.openqa.selenium.remote.service.DriverCommandExecutor.execute(DriverCommandExecutor.java:83)
	at org.openqa.selenium.remote.RemoteWebDriver.execute(RemoteWebDriver.java:552)
	at com.kms.katalon.selenium.driver.CChromeDriver.execute(CChromeDriver.java:19)
	at org.openqa.selenium.remote.RemoteWebElement.execute(RemoteWebElement.java:285)
	at org.openqa.selenium.remote.RemoteWebElement.click(RemoteWebElement.java:84)
	at org.openqa.selenium.support.events.EventFiringWebDriver$EventFiringWebElement.lambda$new$0(EventFiringWebDriver.java:404)
	at com.sun.proxy.$Proxy11.click(Unknown Source)
	at org.openqa.selenium.support.events.EventFiringWebDriver$EventFiringWebElement.click(EventFiringWebDriver.java:417)
	at org.openqa.selenium.WebElement$click.call(Unknown Source)
	at com.kms.katalon.core.webui.keyword.builtin.ClickKeyword.clickUntilSuccessWithTimeout(ClickKeyword.groovy:81)
	at com.kms.katalon.core.webui.keyword.builtin.ClickKeyword.clickUntilSuccessWithTimeout(ClickKeyword.groovy)
	at com.kms.katalon.core.webui.keyword.builtin.ClickKeyword$_click_closure1.doCall(ClickKeyword.groovy:67)
	at com.kms.katalon.core.webui.keyword.builtin.ClickKeyword$_click_closure1.call(ClickKeyword.groovy)
	at com.kms.katalon.core.webui.keyword.internal.WebUIKeywordMain.runKeyword(WebUIKeywordMain.groovy:20)
	at com.kms.katalon.core.webui.keyword.builtin.ClickKeyword.click(ClickKeyword.groovy:74)
	at com.kms.katalon.core.webui.keyword.builtin.ClickKeyword.execute(ClickKeyword.groovy:40)
	at com.kms.katalon.core.keyword.internal.KeywordExecutor.executeKeywordForPlatform(KeywordExecutor.groovy:74)
	at com.kms.katalon.core.webui.keyword.WebUiBuiltInKeywords.click(WebUiBuiltInKeywords.groovy:620)
	at com.kms.katalon.core.webui.keyword.WebUiBuiltInKeywords$click$1.call(Unknown Source)
	at Script1642405970614.run(Script1642405970614.groovy:40)
	... 13 more
)
[[ATTACHMENT|C:\\Users\\User\\Katalon Studio\\Bonus SE\\Test-Automation-SE-Bonus\\Reports\\20220117_162537\\Run all test case\\20220117_162537\\1642426843561.png]]]]></system-out>
         <system-err><![CDATA[2022-01-17 20:36:24 - [TEST_CASE][FAILED] - Test Cases/Preview message in public room/Copy room link: Test Cases/Preview message in public room/Copy room link FAILED.
Reason:
com.kms.katalon.core.exception.StepFailedException: Unable to click on object 'Object Repository/Page_Element/div_Ctrl K_mx_AccessibleButton mx_LeftPanel_88084c'
	at com.kms.katalon.core.webui.keyword.internal.WebUIKeywordMain.stepFailed(WebUIKeywordMain.groovy:64)
	at com.kms.katalon.core.webui.keyword.internal.WebUIKeywordMain.runKeyword(WebUIKeywordMain.groovy:26)
	at com.kms.katalon.core.webui.keyword.builtin.ClickKeyword.click(ClickKeyword.groovy:74)
	at com.kms.katalon.core.webui.keyword.builtin.ClickKeyword.execute(ClickKeyword.groovy:40)
	at com.kms.katalon.core.keyword.internal.KeywordExecutor.executeKeywordForPlatform(KeywordExecutor.groovy:74)
	at com.kms.katalon.core.webui.keyword.WebUiBuiltInKeywords.click(WebUiBuiltInKeywords.groovy:620)
	at com.kms.katalon.core.webui.keyword.WebUiBuiltInKeywords$click$1.call(Unknown Source)
	at Copy room link.run(Copy room link:40)
	at com.kms.katalon.core.main.ScriptEngine.run(ScriptEngine.java:194)
	at com.kms.katalon.core.main.ScriptEngine.runScriptAsRawText(ScriptEngine.java:119)
	at com.kms.katalon.core.main.TestCaseExecutor.runScript(TestCaseExecutor.java:442)
	at com.kms.katalon.core.main.TestCaseExecutor.doExecute(TestCaseExecutor.java:433)
	at com.kms.katalon.core.main.TestCaseExecutor.processExecutionPhase(TestCaseExecutor.java:412)
	at com.kms.katalon.core.main.TestCaseExecutor.accessMainPhase(TestCaseExecutor.java:404)
	at com.kms.katalon.core.main.TestCaseExecutor.execute(TestCaseExecutor.java:281)
	at com.kms.katalon.core.main.TestSuiteExecutor.accessTestCaseMainPhase(TestSuiteExecutor.java:202)
	at com.kms.katalon.core.main.TestSuiteExecutor.accessTestSuiteMainPhase(TestSuiteExecutor.java:164)
	at com.kms.katalon.core.main.TestSuiteExecutor.execute(TestSuiteExecutor.java:105)
	at com.kms.katalon.core.main.TestCaseMain.startTestSuite(TestCaseMain.java:181)
	at com.kms.katalon.core.main.TestCaseMain$startTestSuite$0.call(Unknown Source)
	at TempTestSuite1642411537017.run(TempTestSuite1642411537017.groovy:36)
Caused by: org.openqa.selenium.ElementClickInterceptedException: element click intercepted: Element <div aria-label="Explore rooms" role="button" tabindex="0" class="mx_AccessibleButton mx_LeftPanel_exploreButton"></div> is not clickable at point (390, 28). Other element would receive the click: <div class="mx_Toast_toast mx_Toast_hasIcon mx_Toast_icon_verification_warning">...</div>
  (Session info: chrome=97.0.4692.71)
Build info: version: '3.141.59', revision: 'e82be7d358', time: '2018-11-14T08:25:53'
System info: host: 'DESKTOP-A3NO6EJ', ip: '172.23.64.1', os.name: 'Windows 10', os.arch: 'amd64', os.version: '10.0', java.version: '1.8.0_282'
Driver info: com.kms.katalon.selenium.driver.CChromeDriver
Capabilities {acceptInsecureCerts: false, browserName: chrome, browserVersion: 97.0.4692.71, chrome: {chromedriverVersion: 97.0.4692.71 (adefa7837d02a..., userDataDir: C:\Users\User\AppData\Local...}, goog:chromeOptions: {debuggerAddress: localhost:61205}, javascriptEnabled: true, networkConnectionEnabled: false, pageLoadStrategy: normal, platform: WINDOWS, platformName: WINDOWS, proxy: Proxy(), setWindowRect: true, strictFileInteractability: false, timeouts: {implicit: 0, pageLoad: 300000, script: 30000}, unhandledPromptBehavior: dismiss and notify, webauthn:extension:credBlob: true, webauthn:extension:largeBlob: true, webauthn:virtualAuthenticators: true}
Session ID: 9ddb78608593971b464c5214e142647b
	at org.openqa.selenium.remote.http.W3CHttpResponseCodec.createException(W3CHttpResponseCodec.java:187)
	at org.openqa.selenium.remote.http.W3CHttpResponseCodec.decode(W3CHttpResponseCodec.java:122)
	at org.openqa.selenium.remote.http.W3CHttpResponseCodec.decode(W3CHttpResponseCodec.java:49)
	at org.openqa.selenium.remote.HttpCommandExecutor.execute(HttpCommandExecutor.java:158)
	at org.openqa.selenium.remote.service.DriverCommandExecutor.execute(DriverCommandExecutor.java:83)
	at org.openqa.selenium.remote.RemoteWebDriver.execute(RemoteWebDriver.java:552)
	at com.kms.katalon.selenium.driver.CChromeDriver.execute(CChromeDriver.java:19)
	at org.openqa.selenium.remote.RemoteWebElement.execute(RemoteWebElement.java:285)
	at org.openqa.selenium.remote.RemoteWebElement.click(RemoteWebElement.java:84)
	at org.openqa.selenium.support.events.EventFiringWebDriver$EventFiringWebElement.lambda$new$0(EventFiringWebDriver.java:404)
	at com.sun.proxy.$Proxy11.click(Unknown Source)
	at org.openqa.selenium.support.events.EventFiringWebDriver$EventFiringWebElement.click(EventFiringWebDriver.java:417)
	at org.openqa.selenium.WebElement$click.call(Unknown Source)
	at com.kms.katalon.core.webui.keyword.builtin.ClickKeyword.clickUntilSuccessWithTimeout(ClickKeyword.groovy:81)
	at com.kms.katalon.core.webui.keyword.builtin.ClickKeyword.clickUntilSuccessWithTimeout(ClickKeyword.groovy)
	at com.kms.katalon.core.webui.keyword.builtin.ClickKeyword$_click_closure1.doCall(ClickKeyword.groovy:67)
	at com.kms.katalon.core.webui.keyword.builtin.ClickKeyword$_click_closure1.call(ClickKeyword.groovy)
	at com.kms.katalon.core.webui.keyword.internal.WebUIKeywordMain.runKeyword(WebUIKeywordMain.groovy:20)
	... 19 more]]></system-err>
      </testcase>
      <testcase name="Test Cases/Preview message in public room/Preview message" time="368.142" classname="Test Cases/Preview message in public room/Preview message" status="FAILED">
         <failure type="FAILED" message="Test Cases/Preview message in public room/Preview message FAILED.
Reason:
com.kms.katalon.core.exception.StepFailedException: Unable to click on object 'Object Repository/Page_Element/div_Done'
	at com.kms.katalon.core.webui.keyword.internal.WebUIKeywordMain.stepFailed(WebUIKeywordMain.groovy:64)
	at com.kms.katalon.core.webui.keyword.internal.WebUIKeywordMain.runKeyword(WebUIKeywordMain.groovy:26)
	at com.kms.katalon.core.webui.keyword.builtin.ClickKeyword.click(ClickKeyword.groovy:74)
	at com.kms.katalon.core.webui.keyword.builtin.ClickKeyword.execute(ClickKeyword.groovy:40)
	at com.kms.katalon.core.keyword.internal.KeywordExecutor.executeKeywordForPlatform(KeywordExecutor.groovy:74)
	at com.kms.katalon.core.webui.keyword.WebUiBuiltInKeywords.click(WebUiBuiltInKeywords.groovy:620)
	at com.kms.katalon.core.webui.keyword.WebUiBuiltInKeywords$click$1.call(Unknown Source)
	at Preview message.run(Preview message:44)
	at com.kms.katalon.core.main.ScriptEngine.run(ScriptEngine.java:194)
	at com.kms.katalon.core.main.ScriptEngine.runScriptAsRawText(ScriptEngine.java:119)
	at com.kms.katalon.core.main.TestCaseExecutor.runScript(TestCaseExecutor.java:442)
	at com.kms.katalon.core.main.TestCaseExecutor.doExecute(TestCaseExecutor.java:433)
	at com.kms.katalon.core.main.TestCaseExecutor.processExecutionPhase(TestCaseExecutor.java:412)
	at com.kms.katalon.core.main.TestCaseExecutor.accessMainPhase(TestCaseExecutor.java:404)
	at com.kms.katalon.core.main.TestCaseExecutor.execute(TestCaseExecutor.java:281)
	at com.kms.katalon.core.main.TestSuiteExecutor.accessTestCaseMainPhase(TestSuiteExecutor.java:202)
	at com.kms.katalon.core.main.TestSuiteExecutor.accessTestSuiteMainPhase(TestSuiteExecutor.java:164)
	at com.kms.katalon.core.main.TestSuiteExecutor.execute(TestSuiteExecutor.java:105)
	at com.kms.katalon.core.main.TestCaseMain.startTestSuite(TestCaseMain.java:181)
	at com.kms.katalon.core.main.TestCaseMain$startTestSuite$0.call(Unknown Source)
	at TempTestSuite1642411537017.run(TempTestSuite1642411537017.groovy:36)
Caused by: com.kms.katalon.core.webui.exception.WebElementNotFoundException: Web element with id: 'Object Repository/Page_Element/div_Done' located by '//section[@id='matrixchat']/div/div/div[2]/div/div/div/div[2]/div' not found
	at com.kms.katalon.core.webui.common.WebUiCommonHelper.findWebElement(WebUiCommonHelper.java:1368)
	at com.kms.katalon.core.webui.keyword.internal.WebUIAbstractKeyword.findWebElement(WebUIAbstractKeyword.groovy:27)
	at com.kms.katalon.core.webui.keyword.builtin.ClickKeyword$_click_closure1.doCall(ClickKeyword.groovy:65)
	at com.kms.katalon.core.webui.keyword.builtin.ClickKeyword$_click_closure1.call(ClickKeyword.groovy)
	at com.kms.katalon.core.webui.keyword.internal.WebUIKeywordMain.runKeyword(WebUIKeywordMain.groovy:20)
	... 19 more
"/>
         <system-out><![CDATA[2022-01-17 20:40:43 - [TEST_CASE][FAILED] - Test Cases/Preview message in public room/Preview message: Test Cases/Preview message in public room/Preview message FAILED.
Reason:
com.kms.katalon.core.exception.StepFailedException: Unable to click on object 'Object Repository/Page_Element/div_Done'
	at com.kms.katalon.core.webui.keyword.internal.WebUIKeywordMain.stepFailed(WebUIKeywordMain.groovy:64)
	at com.kms.katalon.core.webui.keyword.internal.WebUIKeywordMain.runKeyword(WebUIKeywordMain.groovy:26)
	at com.kms.katalon.core.webui.keyword.builtin.ClickKeyword.click(ClickKeyword.groovy:74)
	at com.kms.katalon.core.webui.keyword.builtin.ClickKeyword.execute(ClickKeyword.groovy:40)
	at com.kms.katalon.core.keyword.internal.KeywordExecutor.executeKeywordForPlatform(KeywordExecutor.groovy:74)
	at com.kms.katalon.core.webui.keyword.WebUiBuiltInKeywords.click(WebUiBuiltInKeywords.groovy:620)
	at com.kms.katalon.core.webui.keyword.WebUiBuiltInKeywords$click$1.call(Unknown Source)
	at Preview message.run(Preview message:44)
	at com.kms.katalon.core.main.ScriptEngine.run(ScriptEngine.java:194)
	at com.kms.katalon.core.main.ScriptEngine.runScriptAsRawText(ScriptEngine.java:119)
	at com.kms.katalon.core.main.TestCaseExecutor.runScript(TestCaseExecutor.java:442)
	at com.kms.katalon.core.main.TestCaseExecutor.doExecute(TestCaseExecutor.java:433)
	at com.kms.katalon.core.main.TestCaseExecutor.processExecutionPhase(TestCaseExecutor.java:412)
	at com.kms.katalon.core.main.TestCaseExecutor.accessMainPhase(TestCaseExecutor.java:404)
	at com.kms.katalon.core.main.TestCaseExecutor.execute(TestCaseExecutor.java:281)
	at com.kms.katalon.core.main.TestSuiteExecutor.accessTestCaseMainPhase(TestSuiteExecutor.java:202)
	at com.kms.katalon.core.main.TestSuiteExecutor.accessTestSuiteMainPhase(TestSuiteExecutor.java:164)
	at com.kms.katalon.core.main.TestSuiteExecutor.execute(TestSuiteExecutor.java:105)
	at com.kms.katalon.core.main.TestCaseMain.startTestSuite(TestCaseMain.java:181)
	at com.kms.katalon.core.main.TestCaseMain$startTestSuite$0.call(Unknown Source)
	at TempTestSuite1642411537017.run(TempTestSuite1642411537017.groovy:36)
Caused by: com.kms.katalon.core.webui.exception.WebElementNotFoundException: Web element with id: 'Object Repository/Page_Element/div_Done' located by '//section[@id='matrixchat']/div/div/div[2]/div/div/div/div[2]/div' not found
	at com.kms.katalon.core.webui.common.WebUiCommonHelper.findWebElement(WebUiCommonHelper.java:1368)
	at com.kms.katalon.core.webui.keyword.internal.WebUIAbstractKeyword.findWebElement(WebUIAbstractKeyword.groovy:27)
	at com.kms.katalon.core.webui.keyword.builtin.ClickKeyword$_click_closure1.doCall(ClickKeyword.groovy:65)
	at com.kms.katalon.core.webui.keyword.builtin.ClickKeyword$_click_closure1.call(ClickKeyword.groovy)
	at com.kms.katalon.core.webui.keyword.internal.WebUIKeywordMain.runKeyword(WebUIKeywordMain.groovy:20)
	... 19 more


2022-01-17 20:40:44 - [TEST_STEP][PASSED] - openBrowser(""): Browser is opened with url: ''

2022-01-17 20:40:44 - [MESSAGE][WARNING] - A browser is already opened. Closing browser and opening a new one

2022-01-17 20:40:44 - [MESSAGE][INFO] - Starting 'Chrome' driver

2022-01-17 20:40:44 - [MESSAGE][INFO] - Action delay is set to 0 milliseconds

2022-01-17 20:40:46 - [MESSAGE][PASSED] - Browser is opened with url: ''

2022-01-17 20:40:46 - [TEST_STEP][PASSED] - navigateToUrl("http://localhost:8080/"): Navigate to 'http://localhost:8080/' successfully

2022-01-17 20:40:48 - [MESSAGE][PASSED] - Navigate to 'http://localhost:8080/' successfully

2022-01-17 20:40:48 - [TEST_STEP][PASSED] - click(findTestObject("Object Repository/Page_Element/div_Sign In")): Object: 'Object Repository/Page_Element/div_Sign In' is clicked on

2022-01-17 20:40:51 - [MESSAGE][PASSED] - Object: 'Object Repository/Page_Element/div_Sign In' is clicked on

2022-01-17 20:40:51 - [TEST_STEP][PASSED] - setText(findTestObject("Object Repository/Page_Element/input_Sign in with_username"), "quanghuyne"): Text 'quanghuyne' is set on object 'Object Repository/Page_Element/input_Sign in with_username'

2022-01-17 20:41:52 - [MESSAGE][PASSED] - Text 'quanghuyne' is set on object 'Object Repository/Page_Element/input_Sign in with_username'

2022-01-17 20:41:52 - [TEST_STEP][PASSED] - click(findTestObject("Object Repository/Page_Element/div_Password")): Object: 'Object Repository/Page_Element/div_Password' is clicked on

2022-01-17 20:42:22 - [MESSAGE][PASSED] - Object: 'Object Repository/Page_Element/div_Password' is clicked on

2022-01-17 20:42:22 - [TEST_STEP][PASSED] - setEncryptedText(findTestObject("Object Repository/Page_Element/input_Username_password"), "hk4lGgMz64DUYAH1jDReqA=="): Text ****** has been set on object 'Object Repository/Page_Element/input_Username_password'

2022-01-17 20:42:42 - [MESSAGE][PASSED] - Text ****** has been set on object 'Object Repository/Page_Element/input_Username_password'

2022-01-17 20:42:42 - [TEST_STEP][PASSED] - sendKeys(findTestObject("Object Repository/Page_Element/input_Username_password"), Keys.chord(ENTER)): Keys 'ENTER + ' sent to object: 'Object Repository/Page_Element/input_Username_password'

2022-01-17 20:43:12 - [MESSAGE][PASSED] - Keys 'ENTER + ' sent to object: 'Object Repository/Page_Element/input_Username_password'

2022-01-17 20:43:12 - [TEST_STEP][PASSED] - click(findTestObject("Object Repository/Page_Element/div_Verify with Security Key")): Object: 'Object Repository/Page_Element/div_Verify with Security Key' is clicked on

2022-01-17 20:43:49 - [MESSAGE][PASSED] - Object: 'Object Repository/Page_Element/div_Verify with Security Key' is clicked on

2022-01-17 20:43:49 - [TEST_STEP][PASSED] - setEncryptedText(findTestObject("Object Repository/Page_Element/input_Security Key_mx_securityKey"), "JkYzbGlbK9joeG/gfPh1hMx/ll6VA4gF+6lbBvcccyo4+x1BvpuHzw=="): Text ****** has been set on object 'Object Repository/Page_Element/input_Security Key_mx_securityKey'

2022-01-17 20:44:19 - [MESSAGE][PASSED] - Text ****** has been set on object 'Object Repository/Page_Element/input_Security Key_mx_securityKey'

2022-01-17 20:44:19 - [TEST_STEP][PASSED] - click(findTestObject("Object Repository/Page_Element/div_Security KeyUse your Security Key to co_ef0ab1")): Object: 'Object Repository/Page_Element/div_Security KeyUse your Security Key to co_ef0ab1' is clicked on

2022-01-17 20:44:50 - [MESSAGE][PASSED] - Object: 'Object Repository/Page_Element/div_Security KeyUse your Security Key to co_ef0ab1' is clicked on

2022-01-17 20:44:50 - [TEST_STEP][PASSED] - setEncryptedText(findTestObject("Object Repository/Page_Element/input_Security Key_mx_securityKey"), "AM89fC/Z2L+0kQrgUJMoihakSLfqExGqqEDegROy7UCQVs01BySrESr2vAK0g5sjPD354BYtGaX7vGUm05HO7A=="): Text ****** has been set on object 'Object Repository/Page_Element/input_Security Key_mx_securityKey'

2022-01-17 20:45:20 - [MESSAGE][PASSED] - Text ****** has been set on object 'Object Repository/Page_Element/input_Security Key_mx_securityKey'

2022-01-17 20:45:20 - [TEST_STEP][PASSED] - click(findTestObject("Object Repository/Page_Element/button_Continue")): Object: 'Object Repository/Page_Element/button_Continue' is clicked on

2022-01-17 20:45:50 - [MESSAGE][PASSED] - Object: 'Object Repository/Page_Element/button_Continue' is clicked on

2022-01-17 20:45:50 - [TEST_STEP][FAILED] - click(findTestObject("Object Repository/Page_Element/div_Done")): Unable to click on object 'Object Repository/Page_Element/div_Done' (Root cause: com.kms.katalon.core.exception.StepFailedException: Unable to click on object 'Object Repository/Page_Element/div_Done'
	at com.kms.katalon.core.webui.keyword.internal.WebUIKeywordMain.stepFailed(WebUIKeywordMain.groovy:64)
	at com.kms.katalon.core.webui.keyword.internal.WebUIKeywordMain.runKeyword(WebUIKeywordMain.groovy:26)
	at com.kms.katalon.core.webui.keyword.builtin.ClickKeyword.click(ClickKeyword.groovy:74)
	at com.kms.katalon.core.webui.keyword.builtin.ClickKeyword.execute(ClickKeyword.groovy:40)
	at com.kms.katalon.core.keyword.internal.KeywordExecutor.executeKeywordForPlatform(KeywordExecutor.groovy:74)
	at com.kms.katalon.core.webui.keyword.WebUiBuiltInKeywords.click(WebUiBuiltInKeywords.groovy:620)
	at com.kms.katalon.core.webui.keyword.WebUiBuiltInKeywords$click$1.call(Unknown Source)
	at Preview message.run(Preview message:44)
	at com.kms.katalon.core.main.ScriptEngine.run(ScriptEngine.java:194)
	at com.kms.katalon.core.main.ScriptEngine.runScriptAsRawText(ScriptEngine.java:119)
	at com.kms.katalon.core.main.TestCaseExecutor.runScript(TestCaseExecutor.java:442)
	at com.kms.katalon.core.main.TestCaseExecutor.doExecute(TestCaseExecutor.java:433)
	at com.kms.katalon.core.main.TestCaseExecutor.processExecutionPhase(TestCaseExecutor.java:412)
	at com.kms.katalon.core.main.TestCaseExecutor.accessMainPhase(TestCaseExecutor.java:404)
	at com.kms.katalon.core.main.TestCaseExecutor.execute(TestCaseExecutor.java:281)
	at com.kms.katalon.core.main.TestSuiteExecutor.accessTestCaseMainPhase(TestSuiteExecutor.java:202)
	at com.kms.katalon.core.main.TestSuiteExecutor.accessTestSuiteMainPhase(TestSuiteExecutor.java:164)
	at com.kms.katalon.core.main.TestSuiteExecutor.execute(TestSuiteExecutor.java:105)
	at com.kms.katalon.core.main.TestCaseMain.startTestSuite(TestCaseMain.java:181)
	at com.kms.katalon.core.main.TestCaseMain$startTestSuite$0.call(Unknown Source)
	at TempTestSuite1642411537017.run(TempTestSuite1642411537017.groovy:36)
Caused by: com.kms.katalon.core.webui.exception.WebElementNotFoundException: Web element with id: 'Object Repository/Page_Element/div_Done' located by '//section[@id='matrixchat']/div/div/div[2]/div/div/div/div[2]/div' not found
	at com.kms.katalon.core.webui.common.WebUiCommonHelper.findWebElement(WebUiCommonHelper.java:1368)
	at com.kms.katalon.core.webui.keyword.internal.WebUIAbstractKeyword.findWebElement(WebUIAbstractKeyword.groovy:27)
	at com.kms.katalon.core.webui.keyword.builtin.ClickKeyword$_click_closure1.doCall(ClickKeyword.groovy:65)
	at com.kms.katalon.core.webui.keyword.builtin.ClickKeyword$_click_closure1.call(ClickKeyword.groovy)
	at com.kms.katalon.core.webui.keyword.internal.WebUIKeywordMain.runKeyword(WebUIKeywordMain.groovy:20)
	at com.kms.katalon.core.webui.keyword.builtin.ClickKeyword.click(ClickKeyword.groovy:74)
	at com.kms.katalon.core.webui.keyword.builtin.ClickKeyword.execute(ClickKeyword.groovy:40)
	at com.kms.katalon.core.keyword.internal.KeywordExecutor.executeKeywordForPlatform(KeywordExecutor.groovy:74)
	at com.kms.katalon.core.webui.keyword.WebUiBuiltInKeywords.click(WebUiBuiltInKeywords.groovy:620)
	at com.kms.katalon.core.webui.keyword.WebUiBuiltInKeywords$click$1.call(Unknown Source)
	at Script1642405956792.run(Script1642405956792.groovy:44)
	... 13 more
)

2022-01-17 20:46:50 - [MESSAGE][INFO] - Unable to find the element located by 'By.xpath: //section[@id='matrixchat']/div/div/div[2]/div/div/div/div[2]/div'. Please recheck the objects properties to make sure the desired element is located. 

2022-01-17 20:46:51 - [MESSAGE][FAILED] - Unable to click on object 'Object Repository/Page_Element/div_Done' (Root cause: com.kms.katalon.core.exception.StepFailedException: Unable to click on object 'Object Repository/Page_Element/div_Done'
	at com.kms.katalon.core.webui.keyword.internal.WebUIKeywordMain.stepFailed(WebUIKeywordMain.groovy:64)
	at com.kms.katalon.core.webui.keyword.internal.WebUIKeywordMain.runKeyword(WebUIKeywordMain.groovy:26)
	at com.kms.katalon.core.webui.keyword.builtin.ClickKeyword.click(ClickKeyword.groovy:74)
	at com.kms.katalon.core.webui.keyword.builtin.ClickKeyword.execute(ClickKeyword.groovy:40)
	at com.kms.katalon.core.keyword.internal.KeywordExecutor.executeKeywordForPlatform(KeywordExecutor.groovy:74)
	at com.kms.katalon.core.webui.keyword.WebUiBuiltInKeywords.click(WebUiBuiltInKeywords.groovy:620)
	at com.kms.katalon.core.webui.keyword.WebUiBuiltInKeywords$click$1.call(Unknown Source)
	at Preview message.run(Preview message:44)
	at com.kms.katalon.core.main.ScriptEngine.run(ScriptEngine.java:194)
	at com.kms.katalon.core.main.ScriptEngine.runScriptAsRawText(ScriptEngine.java:119)
	at com.kms.katalon.core.main.TestCaseExecutor.runScript(TestCaseExecutor.java:442)
	at com.kms.katalon.core.main.TestCaseExecutor.doExecute(TestCaseExecutor.java:433)
	at com.kms.katalon.core.main.TestCaseExecutor.processExecutionPhase(TestCaseExecutor.java:412)
	at com.kms.katalon.core.main.TestCaseExecutor.accessMainPhase(TestCaseExecutor.java:404)
	at com.kms.katalon.core.main.TestCaseExecutor.execute(TestCaseExecutor.java:281)
	at com.kms.katalon.core.main.TestSuiteExecutor.accessTestCaseMainPhase(TestSuiteExecutor.java:202)
	at com.kms.katalon.core.main.TestSuiteExecutor.accessTestSuiteMainPhase(TestSuiteExecutor.java:164)
	at com.kms.katalon.core.main.TestSuiteExecutor.execute(TestSuiteExecutor.java:105)
	at com.kms.katalon.core.main.TestCaseMain.startTestSuite(TestCaseMain.java:181)
	at com.kms.katalon.core.main.TestCaseMain$startTestSuite$0.call(Unknown Source)
	at TempTestSuite1642411537017.run(TempTestSuite1642411537017.groovy:36)
Caused by: com.kms.katalon.core.webui.exception.WebElementNotFoundException: Web element with id: 'Object Repository/Page_Element/div_Done' located by '//section[@id='matrixchat']/div/div/div[2]/div/div/div/div[2]/div' not found
	at com.kms.katalon.core.webui.common.WebUiCommonHelper.findWebElement(WebUiCommonHelper.java:1368)
	at com.kms.katalon.core.webui.keyword.internal.WebUIAbstractKeyword.findWebElement(WebUIAbstractKeyword.groovy:27)
	at com.kms.katalon.core.webui.keyword.builtin.ClickKeyword$_click_closure1.doCall(ClickKeyword.groovy:65)
	at com.kms.katalon.core.webui.keyword.builtin.ClickKeyword$_click_closure1.call(ClickKeyword.groovy)
	at com.kms.katalon.core.webui.keyword.internal.WebUIKeywordMain.runKeyword(WebUIKeywordMain.groovy:20)
	at com.kms.katalon.core.webui.keyword.builtin.ClickKeyword.click(ClickKeyword.groovy:74)
	at com.kms.katalon.core.webui.keyword.builtin.ClickKeyword.execute(ClickKeyword.groovy:40)
	at com.kms.katalon.core.keyword.internal.KeywordExecutor.executeKeywordForPlatform(KeywordExecutor.groovy:74)
	at com.kms.katalon.core.webui.keyword.WebUiBuiltInKeywords.click(WebUiBuiltInKeywords.groovy:620)
	at com.kms.katalon.core.webui.keyword.WebUiBuiltInKeywords$click$1.call(Unknown Source)
	at Script1642405956792.run(Script1642405956792.groovy:44)
	... 13 more
)
[[ATTACHMENT|C:\\Users\\User\\Katalon Studio\\Bonus SE\\Test-Automation-SE-Bonus\\Reports\\20220117_162537\\Run all test case\\20220117_162537\\1642427210796.png]]]]></system-out>
         <system-err><![CDATA[2022-01-17 20:40:43 - [TEST_CASE][FAILED] - Test Cases/Preview message in public room/Preview message: Test Cases/Preview message in public room/Preview message FAILED.
Reason:
com.kms.katalon.core.exception.StepFailedException: Unable to click on object 'Object Repository/Page_Element/div_Done'
	at com.kms.katalon.core.webui.keyword.internal.WebUIKeywordMain.stepFailed(WebUIKeywordMain.groovy:64)
	at com.kms.katalon.core.webui.keyword.internal.WebUIKeywordMain.runKeyword(WebUIKeywordMain.groovy:26)
	at com.kms.katalon.core.webui.keyword.builtin.ClickKeyword.click(ClickKeyword.groovy:74)
	at com.kms.katalon.core.webui.keyword.builtin.ClickKeyword.execute(ClickKeyword.groovy:40)
	at com.kms.katalon.core.keyword.internal.KeywordExecutor.executeKeywordForPlatform(KeywordExecutor.groovy:74)
	at com.kms.katalon.core.webui.keyword.WebUiBuiltInKeywords.click(WebUiBuiltInKeywords.groovy:620)
	at com.kms.katalon.core.webui.keyword.WebUiBuiltInKeywords$click$1.call(Unknown Source)
	at Preview message.run(Preview message:44)
	at com.kms.katalon.core.main.ScriptEngine.run(ScriptEngine.java:194)
	at com.kms.katalon.core.main.ScriptEngine.runScriptAsRawText(ScriptEngine.java:119)
	at com.kms.katalon.core.main.TestCaseExecutor.runScript(TestCaseExecutor.java:442)
	at com.kms.katalon.core.main.TestCaseExecutor.doExecute(TestCaseExecutor.java:433)
	at com.kms.katalon.core.main.TestCaseExecutor.processExecutionPhase(TestCaseExecutor.java:412)
	at com.kms.katalon.core.main.TestCaseExecutor.accessMainPhase(TestCaseExecutor.java:404)
	at com.kms.katalon.core.main.TestCaseExecutor.execute(TestCaseExecutor.java:281)
	at com.kms.katalon.core.main.TestSuiteExecutor.accessTestCaseMainPhase(TestSuiteExecutor.java:202)
	at com.kms.katalon.core.main.TestSuiteExecutor.accessTestSuiteMainPhase(TestSuiteExecutor.java:164)
	at com.kms.katalon.core.main.TestSuiteExecutor.execute(TestSuiteExecutor.java:105)
	at com.kms.katalon.core.main.TestCaseMain.startTestSuite(TestCaseMain.java:181)
	at com.kms.katalon.core.main.TestCaseMain$startTestSuite$0.call(Unknown Source)
	at TempTestSuite1642411537017.run(TempTestSuite1642411537017.groovy:36)
Caused by: com.kms.katalon.core.webui.exception.WebElementNotFoundException: Web element with id: 'Object Repository/Page_Element/div_Done' located by '//section[@id='matrixchat']/div/div/div[2]/div/div/div/div[2]/div' not found
	at com.kms.katalon.core.webui.common.WebUiCommonHelper.findWebElement(WebUiCommonHelper.java:1368)
	at com.kms.katalon.core.webui.keyword.internal.WebUIAbstractKeyword.findWebElement(WebUIAbstractKeyword.groovy:27)
	at com.kms.katalon.core.webui.keyword.builtin.ClickKeyword$_click_closure1.doCall(ClickKeyword.groovy:65)
	at com.kms.katalon.core.webui.keyword.builtin.ClickKeyword$_click_closure1.call(ClickKeyword.groovy)
	at com.kms.katalon.core.webui.keyword.internal.WebUIKeywordMain.runKeyword(WebUIKeywordMain.groovy:20)
	... 19 more]]></system-err>
      </testcase>
      <testcase name="Test Cases/Preview message in public room/Search room" time="216.739" classname="Test Cases/Preview message in public room/Search room" status="FAILED">
         <failure type="FAILED" message="Test Cases/Preview message in public room/Search room FAILED.
Reason:
com.kms.katalon.core.exception.StepFailedException: Unable to click on object 'Object Repository/Page_Element/div_Verify with Security Key'
	at com.kms.katalon.core.webui.keyword.internal.WebUIKeywordMain.stepFailed(WebUIKeywordMain.groovy:64)
	at com.kms.katalon.core.webui.keyword.internal.WebUIKeywordMain.runKeyword(WebUIKeywordMain.groovy:26)
	at com.kms.katalon.core.webui.keyword.builtin.ClickKeyword.click(ClickKeyword.groovy:74)
	at com.kms.katalon.core.webui.keyword.builtin.ClickKeyword.execute(ClickKeyword.groovy:40)
	at com.kms.katalon.core.keyword.internal.KeywordExecutor.executeKeywordForPlatform(KeywordExecutor.groovy:74)
	at com.kms.katalon.core.webui.keyword.WebUiBuiltInKeywords.click(WebUiBuiltInKeywords.groovy:620)
	at com.kms.katalon.core.webui.keyword.WebUiBuiltInKeywords$click$1.call(Unknown Source)
	at Search room.run(Search room:32)
	at com.kms.katalon.core.main.ScriptEngine.run(ScriptEngine.java:194)
	at com.kms.katalon.core.main.ScriptEngine.runScriptAsRawText(ScriptEngine.java:119)
	at com.kms.katalon.core.main.TestCaseExecutor.runScript(TestCaseExecutor.java:442)
	at com.kms.katalon.core.main.TestCaseExecutor.doExecute(TestCaseExecutor.java:433)
	at com.kms.katalon.core.main.TestCaseExecutor.processExecutionPhase(TestCaseExecutor.java:412)
	at com.kms.katalon.core.main.TestCaseExecutor.accessMainPhase(TestCaseExecutor.java:404)
	at com.kms.katalon.core.main.TestCaseExecutor.execute(TestCaseExecutor.java:281)
	at com.kms.katalon.core.main.TestSuiteExecutor.accessTestCaseMainPhase(TestSuiteExecutor.java:202)
	at com.kms.katalon.core.main.TestSuiteExecutor.accessTestSuiteMainPhase(TestSuiteExecutor.java:164)
	at com.kms.katalon.core.main.TestSuiteExecutor.execute(TestSuiteExecutor.java:105)
	at com.kms.katalon.core.main.TestCaseMain.startTestSuite(TestCaseMain.java:181)
	at com.kms.katalon.core.main.TestCaseMain$startTestSuite$0.call(Unknown Source)
	at TempTestSuite1642411537017.run(TempTestSuite1642411537017.groovy:36)
Caused by: com.kms.katalon.core.webui.exception.WebElementNotFoundException: Web element with id: 'Object Repository/Page_Element/div_Verify with Security Key' located by '//section[@id='matrixchat']/div/div/div[2]/div/div/div/div/div[2]' not found
	at com.kms.katalon.core.webui.common.WebUiCommonHelper.findWebElement(WebUiCommonHelper.java:1368)
	at com.kms.katalon.core.webui.keyword.internal.WebUIAbstractKeyword.findWebElement(WebUIAbstractKeyword.groovy:27)
	at com.kms.katalon.core.webui.keyword.builtin.ClickKeyword$_click_closure1.doCall(ClickKeyword.groovy:65)
	at com.kms.katalon.core.webui.keyword.builtin.ClickKeyword$_click_closure1.call(ClickKeyword.groovy)
	at com.kms.katalon.core.webui.keyword.internal.WebUIKeywordMain.runKeyword(WebUIKeywordMain.groovy:20)
	... 19 more
"/>
         <system-out><![CDATA[2022-01-17 20:46:51 - [TEST_CASE][FAILED] - Test Cases/Preview message in public room/Search room: Test Cases/Preview message in public room/Search room FAILED.
Reason:
com.kms.katalon.core.exception.StepFailedException: Unable to click on object 'Object Repository/Page_Element/div_Verify with Security Key'
	at com.kms.katalon.core.webui.keyword.internal.WebUIKeywordMain.stepFailed(WebUIKeywordMain.groovy:64)
	at com.kms.katalon.core.webui.keyword.internal.WebUIKeywordMain.runKeyword(WebUIKeywordMain.groovy:26)
	at com.kms.katalon.core.webui.keyword.builtin.ClickKeyword.click(ClickKeyword.groovy:74)
	at com.kms.katalon.core.webui.keyword.builtin.ClickKeyword.execute(ClickKeyword.groovy:40)
	at com.kms.katalon.core.keyword.internal.KeywordExecutor.executeKeywordForPlatform(KeywordExecutor.groovy:74)
	at com.kms.katalon.core.webui.keyword.WebUiBuiltInKeywords.click(WebUiBuiltInKeywords.groovy:620)
	at com.kms.katalon.core.webui.keyword.WebUiBuiltInKeywords$click$1.call(Unknown Source)
	at Search room.run(Search room:32)
	at com.kms.katalon.core.main.ScriptEngine.run(ScriptEngine.java:194)
	at com.kms.katalon.core.main.ScriptEngine.runScriptAsRawText(ScriptEngine.java:119)
	at com.kms.katalon.core.main.TestCaseExecutor.runScript(TestCaseExecutor.java:442)
	at com.kms.katalon.core.main.TestCaseExecutor.doExecute(TestCaseExecutor.java:433)
	at com.kms.katalon.core.main.TestCaseExecutor.processExecutionPhase(TestCaseExecutor.java:412)
	at com.kms.katalon.core.main.TestCaseExecutor.accessMainPhase(TestCaseExecutor.java:404)
	at com.kms.katalon.core.main.TestCaseExecutor.execute(TestCaseExecutor.java:281)
	at com.kms.katalon.core.main.TestSuiteExecutor.accessTestCaseMainPhase(TestSuiteExecutor.java:202)
	at com.kms.katalon.core.main.TestSuiteExecutor.accessTestSuiteMainPhase(TestSuiteExecutor.java:164)
	at com.kms.katalon.core.main.TestSuiteExecutor.execute(TestSuiteExecutor.java:105)
	at com.kms.katalon.core.main.TestCaseMain.startTestSuite(TestCaseMain.java:181)
	at com.kms.katalon.core.main.TestCaseMain$startTestSuite$0.call(Unknown Source)
	at TempTestSuite1642411537017.run(TempTestSuite1642411537017.groovy:36)
Caused by: com.kms.katalon.core.webui.exception.WebElementNotFoundException: Web element with id: 'Object Repository/Page_Element/div_Verify with Security Key' located by '//section[@id='matrixchat']/div/div/div[2]/div/div/div/div/div[2]' not found
	at com.kms.katalon.core.webui.common.WebUiCommonHelper.findWebElement(WebUiCommonHelper.java:1368)
	at com.kms.katalon.core.webui.keyword.internal.WebUIAbstractKeyword.findWebElement(WebUIAbstractKeyword.groovy:27)
	at com.kms.katalon.core.webui.keyword.builtin.ClickKeyword$_click_closure1.doCall(ClickKeyword.groovy:65)
	at com.kms.katalon.core.webui.keyword.builtin.ClickKeyword$_click_closure1.call(ClickKeyword.groovy)
	at com.kms.katalon.core.webui.keyword.internal.WebUIKeywordMain.runKeyword(WebUIKeywordMain.groovy:20)
	... 19 more


2022-01-17 20:46:52 - [TEST_STEP][PASSED] - openBrowser(""): Browser is opened with url: ''

2022-01-17 20:46:52 - [MESSAGE][WARNING] - A browser is already opened. Closing browser and opening a new one

2022-01-17 20:46:53 - [MESSAGE][INFO] - Starting 'Chrome' driver

2022-01-17 20:46:53 - [MESSAGE][INFO] - Action delay is set to 0 milliseconds

2022-01-17 20:46:54 - [MESSAGE][PASSED] - Browser is opened with url: ''

2022-01-17 20:46:54 - [TEST_STEP][PASSED] - navigateToUrl("http://localhost:8080/"): Navigate to 'http://localhost:8080/' successfully

2022-01-17 20:46:56 - [MESSAGE][PASSED] - Navigate to 'http://localhost:8080/' successfully

2022-01-17 20:46:56 - [TEST_STEP][PASSED] - click(findTestObject("Object Repository/Page_Element/a_Sign In")): Object: 'Object Repository/Page_Element/a_Sign In' is clicked on

2022-01-17 20:47:27 - [MESSAGE][PASSED] - Object: 'Object Repository/Page_Element/a_Sign In' is clicked on

2022-01-17 20:47:27 - [TEST_STEP][PASSED] - setText(findTestObject("Object Repository/Page_Element/input_Sign in with_username"), "quanghuyne"): Text 'quanghuyne' is set on object 'Object Repository/Page_Element/input_Sign in with_username'

2022-01-17 20:48:27 - [MESSAGE][PASSED] - Text 'quanghuyne' is set on object 'Object Repository/Page_Element/input_Sign in with_username'

2022-01-17 20:48:27 - [TEST_STEP][PASSED] - setEncryptedText(findTestObject("Object Repository/Page_Element/input_Username_password"), "hk4lGgMz64DUYAH1jDReqA=="): Text ****** has been set on object 'Object Repository/Page_Element/input_Username_password'

2022-01-17 20:48:57 - [MESSAGE][PASSED] - Text ****** has been set on object 'Object Repository/Page_Element/input_Username_password'

2022-01-17 20:48:57 - [TEST_STEP][PASSED] - click(findTestObject("Object Repository/Page_Element/input_Forgot password_mx_Login_submit")): Object: 'Object Repository/Page_Element/input_Forgot password_mx_Login_submit' is clicked on

2022-01-17 20:49:27 - [MESSAGE][PASSED] - Object: 'Object Repository/Page_Element/input_Forgot password_mx_Login_submit' is clicked on

2022-01-17 20:49:27 - [TEST_STEP][FAILED] - click(findTestObject("Object Repository/Page_Element/div_Verify with Security Key")): Unable to click on object 'Object Repository/Page_Element/div_Verify with Security Key' (Root cause: com.kms.katalon.core.exception.StepFailedException: Unable to click on object 'Object Repository/Page_Element/div_Verify with Security Key'
	at com.kms.katalon.core.webui.keyword.internal.WebUIKeywordMain.stepFailed(WebUIKeywordMain.groovy:64)
	at com.kms.katalon.core.webui.keyword.internal.WebUIKeywordMain.runKeyword(WebUIKeywordMain.groovy:26)
	at com.kms.katalon.core.webui.keyword.builtin.ClickKeyword.click(ClickKeyword.groovy:74)
	at com.kms.katalon.core.webui.keyword.builtin.ClickKeyword.execute(ClickKeyword.groovy:40)
	at com.kms.katalon.core.keyword.internal.KeywordExecutor.executeKeywordForPlatform(KeywordExecutor.groovy:74)
	at com.kms.katalon.core.webui.keyword.WebUiBuiltInKeywords.click(WebUiBuiltInKeywords.groovy:620)
	at com.kms.katalon.core.webui.keyword.WebUiBuiltInKeywords$click$1.call(Unknown Source)
	at Search room.run(Search room:32)
	at com.kms.katalon.core.main.ScriptEngine.run(ScriptEngine.java:194)
	at com.kms.katalon.core.main.ScriptEngine.runScriptAsRawText(ScriptEngine.java:119)
	at com.kms.katalon.core.main.TestCaseExecutor.runScript(TestCaseExecutor.java:442)
	at com.kms.katalon.core.main.TestCaseExecutor.doExecute(TestCaseExecutor.java:433)
	at com.kms.katalon.core.main.TestCaseExecutor.processExecutionPhase(TestCaseExecutor.java:412)
	at com.kms.katalon.core.main.TestCaseExecutor.accessMainPhase(TestCaseExecutor.java:404)
	at com.kms.katalon.core.main.TestCaseExecutor.execute(TestCaseExecutor.java:281)
	at com.kms.katalon.core.main.TestSuiteExecutor.accessTestCaseMainPhase(TestSuiteExecutor.java:202)
	at com.kms.katalon.core.main.TestSuiteExecutor.accessTestSuiteMainPhase(TestSuiteExecutor.java:164)
	at com.kms.katalon.core.main.TestSuiteExecutor.execute(TestSuiteExecutor.java:105)
	at com.kms.katalon.core.main.TestCaseMain.startTestSuite(TestCaseMain.java:181)
	at com.kms.katalon.core.main.TestCaseMain$startTestSuite$0.call(Unknown Source)
	at TempTestSuite1642411537017.run(TempTestSuite1642411537017.groovy:36)
Caused by: com.kms.katalon.core.webui.exception.WebElementNotFoundException: Web element with id: 'Object Repository/Page_Element/div_Verify with Security Key' located by '//section[@id='matrixchat']/div/div/div[2]/div/div/div/div/div[2]' not found
	at com.kms.katalon.core.webui.common.WebUiCommonHelper.findWebElement(WebUiCommonHelper.java:1368)
	at com.kms.katalon.core.webui.keyword.internal.WebUIAbstractKeyword.findWebElement(WebUIAbstractKeyword.groovy:27)
	at com.kms.katalon.core.webui.keyword.builtin.ClickKeyword$_click_closure1.doCall(ClickKeyword.groovy:65)
	at com.kms.katalon.core.webui.keyword.builtin.ClickKeyword$_click_closure1.call(ClickKeyword.groovy)
	at com.kms.katalon.core.webui.keyword.internal.WebUIKeywordMain.runKeyword(WebUIKeywordMain.groovy:20)
	at com.kms.katalon.core.webui.keyword.builtin.ClickKeyword.click(ClickKeyword.groovy:74)
	at com.kms.katalon.core.webui.keyword.builtin.ClickKeyword.execute(ClickKeyword.groovy:40)
	at com.kms.katalon.core.keyword.internal.KeywordExecutor.executeKeywordForPlatform(KeywordExecutor.groovy:74)
	at com.kms.katalon.core.webui.keyword.WebUiBuiltInKeywords.click(WebUiBuiltInKeywords.groovy:620)
	at com.kms.katalon.core.webui.keyword.WebUiBuiltInKeywords$click$1.call(Unknown Source)
	at Script1642407834751.run(Script1642407834751.groovy:32)
	... 13 more
)

2022-01-17 20:50:28 - [MESSAGE][INFO] - Unable to find the element located by 'By.xpath: //section[@id='matrixchat']/div/div/div[2]/div/div/div/div/div[2]'. Please recheck the objects properties to make sure the desired element is located. 

2022-01-17 20:50:28 - [MESSAGE][FAILED] - Unable to click on object 'Object Repository/Page_Element/div_Verify with Security Key' (Root cause: com.kms.katalon.core.exception.StepFailedException: Unable to click on object 'Object Repository/Page_Element/div_Verify with Security Key'
	at com.kms.katalon.core.webui.keyword.internal.WebUIKeywordMain.stepFailed(WebUIKeywordMain.groovy:64)
	at com.kms.katalon.core.webui.keyword.internal.WebUIKeywordMain.runKeyword(WebUIKeywordMain.groovy:26)
	at com.kms.katalon.core.webui.keyword.builtin.ClickKeyword.click(ClickKeyword.groovy:74)
	at com.kms.katalon.core.webui.keyword.builtin.ClickKeyword.execute(ClickKeyword.groovy:40)
	at com.kms.katalon.core.keyword.internal.KeywordExecutor.executeKeywordForPlatform(KeywordExecutor.groovy:74)
	at com.kms.katalon.core.webui.keyword.WebUiBuiltInKeywords.click(WebUiBuiltInKeywords.groovy:620)
	at com.kms.katalon.core.webui.keyword.WebUiBuiltInKeywords$click$1.call(Unknown Source)
	at Search room.run(Search room:32)
	at com.kms.katalon.core.main.ScriptEngine.run(ScriptEngine.java:194)
	at com.kms.katalon.core.main.ScriptEngine.runScriptAsRawText(ScriptEngine.java:119)
	at com.kms.katalon.core.main.TestCaseExecutor.runScript(TestCaseExecutor.java:442)
	at com.kms.katalon.core.main.TestCaseExecutor.doExecute(TestCaseExecutor.java:433)
	at com.kms.katalon.core.main.TestCaseExecutor.processExecutionPhase(TestCaseExecutor.java:412)
	at com.kms.katalon.core.main.TestCaseExecutor.accessMainPhase(TestCaseExecutor.java:404)
	at com.kms.katalon.core.main.TestCaseExecutor.execute(TestCaseExecutor.java:281)
	at com.kms.katalon.core.main.TestSuiteExecutor.accessTestCaseMainPhase(TestSuiteExecutor.java:202)
	at com.kms.katalon.core.main.TestSuiteExecutor.accessTestSuiteMainPhase(TestSuiteExecutor.java:164)
	at com.kms.katalon.core.main.TestSuiteExecutor.execute(TestSuiteExecutor.java:105)
	at com.kms.katalon.core.main.TestCaseMain.startTestSuite(TestCaseMain.java:181)
	at com.kms.katalon.core.main.TestCaseMain$startTestSuite$0.call(Unknown Source)
	at TempTestSuite1642411537017.run(TempTestSuite1642411537017.groovy:36)
Caused by: com.kms.katalon.core.webui.exception.WebElementNotFoundException: Web element with id: 'Object Repository/Page_Element/div_Verify with Security Key' located by '//section[@id='matrixchat']/div/div/div[2]/div/div/div/div/div[2]' not found
	at com.kms.katalon.core.webui.common.WebUiCommonHelper.findWebElement(WebUiCommonHelper.java:1368)
	at com.kms.katalon.core.webui.keyword.internal.WebUIAbstractKeyword.findWebElement(WebUIAbstractKeyword.groovy:27)
	at com.kms.katalon.core.webui.keyword.builtin.ClickKeyword$_click_closure1.doCall(ClickKeyword.groovy:65)
	at com.kms.katalon.core.webui.keyword.builtin.ClickKeyword$_click_closure1.call(ClickKeyword.groovy)
	at com.kms.katalon.core.webui.keyword.internal.WebUIKeywordMain.runKeyword(WebUIKeywordMain.groovy:20)
	at com.kms.katalon.core.webui.keyword.builtin.ClickKeyword.click(ClickKeyword.groovy:74)
	at com.kms.katalon.core.webui.keyword.builtin.ClickKeyword.execute(ClickKeyword.groovy:40)
	at com.kms.katalon.core.keyword.internal.KeywordExecutor.executeKeywordForPlatform(KeywordExecutor.groovy:74)
	at com.kms.katalon.core.webui.keyword.WebUiBuiltInKeywords.click(WebUiBuiltInKeywords.groovy:620)
	at com.kms.katalon.core.webui.keyword.WebUiBuiltInKeywords$click$1.call(Unknown Source)
	at Script1642407834751.run(Script1642407834751.groovy:32)
	... 13 more
)
[[ATTACHMENT|C:\\Users\\User\\Katalon Studio\\Bonus SE\\Test-Automation-SE-Bonus\\Reports\\20220117_162537\\Run all test case\\20220117_162537\\1642427428085.png]]]]></system-out>
         <system-err><![CDATA[2022-01-17 20:46:51 - [TEST_CASE][FAILED] - Test Cases/Preview message in public room/Search room: Test Cases/Preview message in public room/Search room FAILED.
Reason:
com.kms.katalon.core.exception.StepFailedException: Unable to click on object 'Object Repository/Page_Element/div_Verify with Security Key'
	at com.kms.katalon.core.webui.keyword.internal.WebUIKeywordMain.stepFailed(WebUIKeywordMain.groovy:64)
	at com.kms.katalon.core.webui.keyword.internal.WebUIKeywordMain.runKeyword(WebUIKeywordMain.groovy:26)
	at com.kms.katalon.core.webui.keyword.builtin.ClickKeyword.click(ClickKeyword.groovy:74)
	at com.kms.katalon.core.webui.keyword.builtin.ClickKeyword.execute(ClickKeyword.groovy:40)
	at com.kms.katalon.core.keyword.internal.KeywordExecutor.executeKeywordForPlatform(KeywordExecutor.groovy:74)
	at com.kms.katalon.core.webui.keyword.WebUiBuiltInKeywords.click(WebUiBuiltInKeywords.groovy:620)
	at com.kms.katalon.core.webui.keyword.WebUiBuiltInKeywords$click$1.call(Unknown Source)
	at Search room.run(Search room:32)
	at com.kms.katalon.core.main.ScriptEngine.run(ScriptEngine.java:194)
	at com.kms.katalon.core.main.ScriptEngine.runScriptAsRawText(ScriptEngine.java:119)
	at com.kms.katalon.core.main.TestCaseExecutor.runScript(TestCaseExecutor.java:442)
	at com.kms.katalon.core.main.TestCaseExecutor.doExecute(TestCaseExecutor.java:433)
	at com.kms.katalon.core.main.TestCaseExecutor.processExecutionPhase(TestCaseExecutor.java:412)
	at com.kms.katalon.core.main.TestCaseExecutor.accessMainPhase(TestCaseExecutor.java:404)
	at com.kms.katalon.core.main.TestCaseExecutor.execute(TestCaseExecutor.java:281)
	at com.kms.katalon.core.main.TestSuiteExecutor.accessTestCaseMainPhase(TestSuiteExecutor.java:202)
	at com.kms.katalon.core.main.TestSuiteExecutor.accessTestSuiteMainPhase(TestSuiteExecutor.java:164)
	at com.kms.katalon.core.main.TestSuiteExecutor.execute(TestSuiteExecutor.java:105)
	at com.kms.katalon.core.main.TestCaseMain.startTestSuite(TestCaseMain.java:181)
	at com.kms.katalon.core.main.TestCaseMain$startTestSuite$0.call(Unknown Source)
	at TempTestSuite1642411537017.run(TempTestSuite1642411537017.groovy:36)
Caused by: com.kms.katalon.core.webui.exception.WebElementNotFoundException: Web element with id: 'Object Repository/Page_Element/div_Verify with Security Key' located by '//section[@id='matrixchat']/div/div/div[2]/div/div/div/div/div[2]' not found
	at com.kms.katalon.core.webui.common.WebUiCommonHelper.findWebElement(WebUiCommonHelper.java:1368)
	at com.kms.katalon.core.webui.keyword.internal.WebUIAbstractKeyword.findWebElement(WebUIAbstractKeyword.groovy:27)
	at com.kms.katalon.core.webui.keyword.builtin.ClickKeyword$_click_closure1.doCall(ClickKeyword.groovy:65)
	at com.kms.katalon.core.webui.keyword.builtin.ClickKeyword$_click_closure1.call(ClickKeyword.groovy)
	at com.kms.katalon.core.webui.keyword.internal.WebUIKeywordMain.runKeyword(WebUIKeywordMain.groovy:20)
	... 19 more]]></system-err>
      </testcase>
      <testcase name="Test Cases/Preview message in public room/View file" time="289.91" classname="Test Cases/Preview message in public room/View file" status="FAILED">
         <failure type="FAILED" message="Test Cases/Preview message in public room/View file FAILED.
Reason:
com.kms.katalon.core.exception.StepFailedException: Unable to click on object 'Object Repository/Page_Element/div_Ctrl K_mx_AccessibleButton mx_LeftPanel_88084c'
	at com.kms.katalon.core.webui.keyword.internal.WebUIKeywordMain.stepFailed(WebUIKeywordMain.groovy:64)
	at com.kms.katalon.core.webui.keyword.internal.WebUIKeywordMain.runKeyword(WebUIKeywordMain.groovy:26)
	at com.kms.katalon.core.webui.keyword.builtin.ClickKeyword.click(ClickKeyword.groovy:74)
	at com.kms.katalon.core.webui.keyword.builtin.ClickKeyword.execute(ClickKeyword.groovy:40)
	at com.kms.katalon.core.keyword.internal.KeywordExecutor.executeKeywordForPlatform(KeywordExecutor.groovy:74)
	at com.kms.katalon.core.webui.keyword.WebUiBuiltInKeywords.click(WebUiBuiltInKeywords.groovy:620)
	at com.kms.katalon.core.webui.keyword.WebUiBuiltInKeywords$click$1.call(Unknown Source)
	at View file.run(View file:40)
	at com.kms.katalon.core.main.ScriptEngine.run(ScriptEngine.java:194)
	at com.kms.katalon.core.main.ScriptEngine.runScriptAsRawText(ScriptEngine.java:119)
	at com.kms.katalon.core.main.TestCaseExecutor.runScript(TestCaseExecutor.java:442)
	at com.kms.katalon.core.main.TestCaseExecutor.doExecute(TestCaseExecutor.java:433)
	at com.kms.katalon.core.main.TestCaseExecutor.processExecutionPhase(TestCaseExecutor.java:412)
	at com.kms.katalon.core.main.TestCaseExecutor.accessMainPhase(TestCaseExecutor.java:404)
	at com.kms.katalon.core.main.TestCaseExecutor.execute(TestCaseExecutor.java:281)
	at com.kms.katalon.core.main.TestSuiteExecutor.accessTestCaseMainPhase(TestSuiteExecutor.java:202)
	at com.kms.katalon.core.main.TestSuiteExecutor.accessTestSuiteMainPhase(TestSuiteExecutor.java:164)
	at com.kms.katalon.core.main.TestSuiteExecutor.execute(TestSuiteExecutor.java:105)
	at com.kms.katalon.core.main.TestCaseMain.startTestSuite(TestCaseMain.java:181)
	at com.kms.katalon.core.main.TestCaseMain$startTestSuite$0.call(Unknown Source)
	at TempTestSuite1642411537017.run(TempTestSuite1642411537017.groovy:36)
Caused by: org.openqa.selenium.ElementClickInterceptedException: element click intercepted: Element &lt;div aria-label=&quot;Explore rooms&quot; role=&quot;button&quot; tabindex=&quot;0&quot; class=&quot;mx_AccessibleButton mx_LeftPanel_exploreButton&quot;>&lt;/div> is not clickable at point (390, 28). Other element would receive the click: &lt;div class=&quot;mx_Toast_toast mx_Toast_hasIcon mx_Toast_icon_verification_warning&quot;>...&lt;/div>
  (Session info: chrome=97.0.4692.71)
Build info: version: '3.141.59', revision: 'e82be7d358', time: '2018-11-14T08:25:53'
System info: host: 'DESKTOP-A3NO6EJ', ip: '172.23.64.1', os.name: 'Windows 10', os.arch: 'amd64', os.version: '10.0', java.version: '1.8.0_282'
Driver info: com.kms.katalon.selenium.driver.CChromeDriver
Capabilities {acceptInsecureCerts: false, browserName: chrome, browserVersion: 97.0.4692.71, chrome: {chromedriverVersion: 97.0.4692.71 (adefa7837d02a..., userDataDir: C:\Users\User\AppData\Local...}, goog:chromeOptions: {debuggerAddress: localhost:61879}, javascriptEnabled: true, networkConnectionEnabled: false, pageLoadStrategy: normal, platform: WINDOWS, platformName: WINDOWS, proxy: Proxy(), setWindowRect: true, strictFileInteractability: false, timeouts: {implicit: 0, pageLoad: 300000, script: 30000}, unhandledPromptBehavior: dismiss and notify, webauthn:extension:credBlob: true, webauthn:extension:largeBlob: true, webauthn:virtualAuthenticators: true}
Session ID: 2ab45fc850134e0267ea313d4b5403e8
	at org.openqa.selenium.remote.http.W3CHttpResponseCodec.createException(W3CHttpResponseCodec.java:187)
	at org.openqa.selenium.remote.http.W3CHttpResponseCodec.decode(W3CHttpResponseCodec.java:122)
	at org.openqa.selenium.remote.http.W3CHttpResponseCodec.decode(W3CHttpResponseCodec.java:49)
	at org.openqa.selenium.remote.HttpCommandExecutor.execute(HttpCommandExecutor.java:158)
	at org.openqa.selenium.remote.service.DriverCommandExecutor.execute(DriverCommandExecutor.java:83)
	at org.openqa.selenium.remote.RemoteWebDriver.execute(RemoteWebDriver.java:552)
	at com.kms.katalon.selenium.driver.CChromeDriver.execute(CChromeDriver.java:19)
	at org.openqa.selenium.remote.RemoteWebElement.execute(RemoteWebElement.java:285)
	at org.openqa.selenium.remote.RemoteWebElement.click(RemoteWebElement.java:84)
	at org.openqa.selenium.support.events.EventFiringWebDriver$EventFiringWebElement.lambda$new$0(EventFiringWebDriver.java:404)
	at com.sun.proxy.$Proxy11.click(Unknown Source)
	at org.openqa.selenium.support.events.EventFiringWebDriver$EventFiringWebElement.click(EventFiringWebDriver.java:417)
	at org.openqa.selenium.WebElement$click.call(Unknown Source)
	at com.kms.katalon.core.webui.keyword.builtin.ClickKeyword.clickUntilSuccessWithTimeout(ClickKeyword.groovy:81)
	at com.kms.katalon.core.webui.keyword.builtin.ClickKeyword.clickUntilSuccessWithTimeout(ClickKeyword.groovy)
	at com.kms.katalon.core.webui.keyword.builtin.ClickKeyword$_click_closure1.doCall(ClickKeyword.groovy:67)
	at com.kms.katalon.core.webui.keyword.builtin.ClickKeyword$_click_closure1.call(ClickKeyword.groovy)
	at com.kms.katalon.core.webui.keyword.internal.WebUIKeywordMain.runKeyword(WebUIKeywordMain.groovy:20)
	... 19 more
"/>
         <system-out><![CDATA[2022-01-17 20:50:28 - [TEST_CASE][FAILED] - Test Cases/Preview message in public room/View file: Test Cases/Preview message in public room/View file FAILED.
Reason:
com.kms.katalon.core.exception.StepFailedException: Unable to click on object 'Object Repository/Page_Element/div_Ctrl K_mx_AccessibleButton mx_LeftPanel_88084c'
	at com.kms.katalon.core.webui.keyword.internal.WebUIKeywordMain.stepFailed(WebUIKeywordMain.groovy:64)
	at com.kms.katalon.core.webui.keyword.internal.WebUIKeywordMain.runKeyword(WebUIKeywordMain.groovy:26)
	at com.kms.katalon.core.webui.keyword.builtin.ClickKeyword.click(ClickKeyword.groovy:74)
	at com.kms.katalon.core.webui.keyword.builtin.ClickKeyword.execute(ClickKeyword.groovy:40)
	at com.kms.katalon.core.keyword.internal.KeywordExecutor.executeKeywordForPlatform(KeywordExecutor.groovy:74)
	at com.kms.katalon.core.webui.keyword.WebUiBuiltInKeywords.click(WebUiBuiltInKeywords.groovy:620)
	at com.kms.katalon.core.webui.keyword.WebUiBuiltInKeywords$click$1.call(Unknown Source)
	at View file.run(View file:40)
	at com.kms.katalon.core.main.ScriptEngine.run(ScriptEngine.java:194)
	at com.kms.katalon.core.main.ScriptEngine.runScriptAsRawText(ScriptEngine.java:119)
	at com.kms.katalon.core.main.TestCaseExecutor.runScript(TestCaseExecutor.java:442)
	at com.kms.katalon.core.main.TestCaseExecutor.doExecute(TestCaseExecutor.java:433)
	at com.kms.katalon.core.main.TestCaseExecutor.processExecutionPhase(TestCaseExecutor.java:412)
	at com.kms.katalon.core.main.TestCaseExecutor.accessMainPhase(TestCaseExecutor.java:404)
	at com.kms.katalon.core.main.TestCaseExecutor.execute(TestCaseExecutor.java:281)
	at com.kms.katalon.core.main.TestSuiteExecutor.accessTestCaseMainPhase(TestSuiteExecutor.java:202)
	at com.kms.katalon.core.main.TestSuiteExecutor.accessTestSuiteMainPhase(TestSuiteExecutor.java:164)
	at com.kms.katalon.core.main.TestSuiteExecutor.execute(TestSuiteExecutor.java:105)
	at com.kms.katalon.core.main.TestCaseMain.startTestSuite(TestCaseMain.java:181)
	at com.kms.katalon.core.main.TestCaseMain$startTestSuite$0.call(Unknown Source)
	at TempTestSuite1642411537017.run(TempTestSuite1642411537017.groovy:36)
Caused by: org.openqa.selenium.ElementClickInterceptedException: element click intercepted: Element <div aria-label="Explore rooms" role="button" tabindex="0" class="mx_AccessibleButton mx_LeftPanel_exploreButton"></div> is not clickable at point (390, 28). Other element would receive the click: <div class="mx_Toast_toast mx_Toast_hasIcon mx_Toast_icon_verification_warning">...</div>
  (Session info: chrome=97.0.4692.71)
Build info: version: '3.141.59', revision: 'e82be7d358', time: '2018-11-14T08:25:53'
System info: host: 'DESKTOP-A3NO6EJ', ip: '172.23.64.1', os.name: 'Windows 10', os.arch: 'amd64', os.version: '10.0', java.version: '1.8.0_282'
Driver info: com.kms.katalon.selenium.driver.CChromeDriver
Capabilities {acceptInsecureCerts: false, browserName: chrome, browserVersion: 97.0.4692.71, chrome: {chromedriverVersion: 97.0.4692.71 (adefa7837d02a..., userDataDir: C:\Users\User\AppData\Local...}, goog:chromeOptions: {debuggerAddress: localhost:61879}, javascriptEnabled: true, networkConnectionEnabled: false, pageLoadStrategy: normal, platform: WINDOWS, platformName: WINDOWS, proxy: Proxy(), setWindowRect: true, strictFileInteractability: false, timeouts: {implicit: 0, pageLoad: 300000, script: 30000}, unhandledPromptBehavior: dismiss and notify, webauthn:extension:credBlob: true, webauthn:extension:largeBlob: true, webauthn:virtualAuthenticators: true}
Session ID: 2ab45fc850134e0267ea313d4b5403e8
	at org.openqa.selenium.remote.http.W3CHttpResponseCodec.createException(W3CHttpResponseCodec.java:187)
	at org.openqa.selenium.remote.http.W3CHttpResponseCodec.decode(W3CHttpResponseCodec.java:122)
	at org.openqa.selenium.remote.http.W3CHttpResponseCodec.decode(W3CHttpResponseCodec.java:49)
	at org.openqa.selenium.remote.HttpCommandExecutor.execute(HttpCommandExecutor.java:158)
	at org.openqa.selenium.remote.service.DriverCommandExecutor.execute(DriverCommandExecutor.java:83)
	at org.openqa.selenium.remote.RemoteWebDriver.execute(RemoteWebDriver.java:552)
	at com.kms.katalon.selenium.driver.CChromeDriver.execute(CChromeDriver.java:19)
	at org.openqa.selenium.remote.RemoteWebElement.execute(RemoteWebElement.java:285)
	at org.openqa.selenium.remote.RemoteWebElement.click(RemoteWebElement.java:84)
	at org.openqa.selenium.support.events.EventFiringWebDriver$EventFiringWebElement.lambda$new$0(EventFiringWebDriver.java:404)
	at com.sun.proxy.$Proxy11.click(Unknown Source)
	at org.openqa.selenium.support.events.EventFiringWebDriver$EventFiringWebElement.click(EventFiringWebDriver.java:417)
	at org.openqa.selenium.WebElement$click.call(Unknown Source)
	at com.kms.katalon.core.webui.keyword.builtin.ClickKeyword.clickUntilSuccessWithTimeout(ClickKeyword.groovy:81)
	at com.kms.katalon.core.webui.keyword.builtin.ClickKeyword.clickUntilSuccessWithTimeout(ClickKeyword.groovy)
	at com.kms.katalon.core.webui.keyword.builtin.ClickKeyword$_click_closure1.doCall(ClickKeyword.groovy:67)
	at com.kms.katalon.core.webui.keyword.builtin.ClickKeyword$_click_closure1.call(ClickKeyword.groovy)
	at com.kms.katalon.core.webui.keyword.internal.WebUIKeywordMain.runKeyword(WebUIKeywordMain.groovy:20)
	... 19 more


2022-01-17 20:50:29 - [TEST_STEP][PASSED] - openBrowser(""): Browser is opened with url: ''

2022-01-17 20:50:29 - [MESSAGE][WARNING] - A browser is already opened. Closing browser and opening a new one

2022-01-17 20:50:29 - [MESSAGE][INFO] - Starting 'Chrome' driver

2022-01-17 20:50:29 - [MESSAGE][INFO] - Action delay is set to 0 milliseconds

2022-01-17 20:50:30 - [MESSAGE][PASSED] - Browser is opened with url: ''

2022-01-17 20:50:30 - [TEST_STEP][PASSED] - navigateToUrl("http://localhost:8080/"): Navigate to 'http://localhost:8080/' successfully

2022-01-17 20:50:33 - [MESSAGE][PASSED] - Navigate to 'http://localhost:8080/' successfully

2022-01-17 20:50:33 - [TEST_STEP][PASSED] - click(findTestObject("Object Repository/Page_Element/a_Sign In")): Object: 'Object Repository/Page_Element/a_Sign In' is clicked on

2022-01-17 20:51:03 - [MESSAGE][PASSED] - Object: 'Object Repository/Page_Element/a_Sign In' is clicked on

2022-01-17 20:51:03 - [TEST_STEP][PASSED] - setText(findTestObject("Object Repository/Page_Element/input_Sign in with_username"), "quanghuyne"): Text 'quanghuyne' is set on object 'Object Repository/Page_Element/input_Sign in with_username'

2022-01-17 20:51:44 - [MESSAGE][PASSED] - Text 'quanghuyne' is set on object 'Object Repository/Page_Element/input_Sign in with_username'

2022-01-17 20:51:44 - [TEST_STEP][PASSED] - setEncryptedText(findTestObject("Object Repository/Page_Element/input_Username_password"), "hk4lGgMz64DUYAH1jDReqA=="): Text ****** has been set on object 'Object Repository/Page_Element/input_Username_password'

2022-01-17 20:52:14 - [MESSAGE][PASSED] - Text ****** has been set on object 'Object Repository/Page_Element/input_Username_password'

2022-01-17 20:52:14 - [TEST_STEP][PASSED] - sendKeys(findTestObject("Object Repository/Page_Element/input_Username_password"), Keys.chord(ENTER)): Keys 'ENTER + ' sent to object: 'Object Repository/Page_Element/input_Username_password'

2022-01-17 20:52:44 - [MESSAGE][PASSED] - Keys 'ENTER + ' sent to object: 'Object Repository/Page_Element/input_Username_password'

2022-01-17 20:52:44 - [TEST_STEP][PASSED] - click(findTestObject("Object Repository/Page_Element/div_Verify with Security Key")): Object: 'Object Repository/Page_Element/div_Verify with Security Key' is clicked on

2022-01-17 20:53:34 - [MESSAGE][PASSED] - Object: 'Object Repository/Page_Element/div_Verify with Security Key' is clicked on

2022-01-17 20:53:34 - [TEST_STEP][PASSED] - setEncryptedText(findTestObject("Object Repository/Page_Element/input_Security Key_mx_securityKey"), "AM89fC/Z2L+0kQrgUJMoihakSLfqExGqqEDegROy7UCQVs01BySrESr2vAK0g5sjPD354BYtGaX7vGUm05HO7A=="): Text ****** has been set on object 'Object Repository/Page_Element/input_Security Key_mx_securityKey'

2022-01-17 20:53:40 - [MESSAGE][PASSED] - Text ****** has been set on object 'Object Repository/Page_Element/input_Security Key_mx_securityKey'

2022-01-17 20:53:40 - [TEST_STEP][PASSED] - click(findTestObject("Object Repository/Page_Element/button_Continue")): Object: 'Object Repository/Page_Element/button_Continue' is clicked on

2022-01-17 20:53:45 - [MESSAGE][PASSED] - Object: 'Object Repository/Page_Element/button_Continue' is clicked on

2022-01-17 20:53:45 - [TEST_STEP][PASSED] - click(findTestObject("Object Repository/Page_Element/div_Done")): Object: 'Object Repository/Page_Element/div_Done' is clicked on

2022-01-17 20:54:16 - [MESSAGE][PASSED] - Object: 'Object Repository/Page_Element/div_Done' is clicked on

2022-01-17 20:54:16 - [TEST_STEP][FAILED] - click(findTestObject("Object Repository/Page_Element/div_Ctrl K_mx_AccessibleButton mx_LeftPanel_88084c")): Unable to click on object 'Object Repository/Page_Element/div_Ctrl K_mx_AccessibleButton mx_LeftPanel_88084c' (Root cause: com.kms.katalon.core.exception.StepFailedException: Unable to click on object 'Object Repository/Page_Element/div_Ctrl K_mx_AccessibleButton mx_LeftPanel_88084c'
	at com.kms.katalon.core.webui.keyword.internal.WebUIKeywordMain.stepFailed(WebUIKeywordMain.groovy:64)
	at com.kms.katalon.core.webui.keyword.internal.WebUIKeywordMain.runKeyword(WebUIKeywordMain.groovy:26)
	at com.kms.katalon.core.webui.keyword.builtin.ClickKeyword.click(ClickKeyword.groovy:74)
	at com.kms.katalon.core.webui.keyword.builtin.ClickKeyword.execute(ClickKeyword.groovy:40)
	at com.kms.katalon.core.keyword.internal.KeywordExecutor.executeKeywordForPlatform(KeywordExecutor.groovy:74)
	at com.kms.katalon.core.webui.keyword.WebUiBuiltInKeywords.click(WebUiBuiltInKeywords.groovy:620)
	at com.kms.katalon.core.webui.keyword.WebUiBuiltInKeywords$click$1.call(Unknown Source)
	at View file.run(View file:40)
	at com.kms.katalon.core.main.ScriptEngine.run(ScriptEngine.java:194)
	at com.kms.katalon.core.main.ScriptEngine.runScriptAsRawText(ScriptEngine.java:119)
	at com.kms.katalon.core.main.TestCaseExecutor.runScript(TestCaseExecutor.java:442)
	at com.kms.katalon.core.main.TestCaseExecutor.doExecute(TestCaseExecutor.java:433)
	at com.kms.katalon.core.main.TestCaseExecutor.processExecutionPhase(TestCaseExecutor.java:412)
	at com.kms.katalon.core.main.TestCaseExecutor.accessMainPhase(TestCaseExecutor.java:404)
	at com.kms.katalon.core.main.TestCaseExecutor.execute(TestCaseExecutor.java:281)
	at com.kms.katalon.core.main.TestSuiteExecutor.accessTestCaseMainPhase(TestSuiteExecutor.java:202)
	at com.kms.katalon.core.main.TestSuiteExecutor.accessTestSuiteMainPhase(TestSuiteExecutor.java:164)
	at com.kms.katalon.core.main.TestSuiteExecutor.execute(TestSuiteExecutor.java:105)
	at com.kms.katalon.core.main.TestCaseMain.startTestSuite(TestCaseMain.java:181)
	at com.kms.katalon.core.main.TestCaseMain$startTestSuite$0.call(Unknown Source)
	at TempTestSuite1642411537017.run(TempTestSuite1642411537017.groovy:36)
Caused by: org.openqa.selenium.ElementClickInterceptedException: element click intercepted: Element <div aria-label="Explore rooms" role="button" tabindex="0" class="mx_AccessibleButton mx_LeftPanel_exploreButton"></div> is not clickable at point (390, 28). Other element would receive the click: <div class="mx_Toast_toast mx_Toast_hasIcon mx_Toast_icon_verification_warning">...</div>
  (Session info: chrome=97.0.4692.71)
Build info: version: '3.141.59', revision: 'e82be7d358', time: '2018-11-14T08:25:53'
System info: host: 'DESKTOP-A3NO6EJ', ip: '172.23.64.1', os.name: 'Windows 10', os.arch: 'amd64', os.version: '10.0', java.version: '1.8.0_282'
Driver info: com.kms.katalon.selenium.driver.CChromeDriver
Capabilities {acceptInsecureCerts: false, browserName: chrome, browserVersion: 97.0.4692.71, chrome: {chromedriverVersion: 97.0.4692.71 (adefa7837d02a..., userDataDir: C:\Users\User\AppData\Local...}, goog:chromeOptions: {debuggerAddress: localhost:61879}, javascriptEnabled: true, networkConnectionEnabled: false, pageLoadStrategy: normal, platform: WINDOWS, platformName: WINDOWS, proxy: Proxy(), setWindowRect: true, strictFileInteractability: false, timeouts: {implicit: 0, pageLoad: 300000, script: 30000}, unhandledPromptBehavior: dismiss and notify, webauthn:extension:credBlob: true, webauthn:extension:largeBlob: true, webauthn:virtualAuthenticators: true}
Session ID: 2ab45fc850134e0267ea313d4b5403e8
	at org.openqa.selenium.remote.http.W3CHttpResponseCodec.createException(W3CHttpResponseCodec.java:187)
	at org.openqa.selenium.remote.http.W3CHttpResponseCodec.decode(W3CHttpResponseCodec.java:122)
	at org.openqa.selenium.remote.http.W3CHttpResponseCodec.decode(W3CHttpResponseCodec.java:49)
	at org.openqa.selenium.remote.HttpCommandExecutor.execute(HttpCommandExecutor.java:158)
	at org.openqa.selenium.remote.service.DriverCommandExecutor.execute(DriverCommandExecutor.java:83)
	at org.openqa.selenium.remote.RemoteWebDriver.execute(RemoteWebDriver.java:552)
	at com.kms.katalon.selenium.driver.CChromeDriver.execute(CChromeDriver.java:19)
	at org.openqa.selenium.remote.RemoteWebElement.execute(RemoteWebElement.java:285)
	at org.openqa.selenium.remote.RemoteWebElement.click(RemoteWebElement.java:84)
	at org.openqa.selenium.support.events.EventFiringWebDriver$EventFiringWebElement.lambda$new$0(EventFiringWebDriver.java:404)
	at com.sun.proxy.$Proxy11.click(Unknown Source)
	at org.openqa.selenium.support.events.EventFiringWebDriver$EventFiringWebElement.click(EventFiringWebDriver.java:417)
	at org.openqa.selenium.WebElement$click.call(Unknown Source)
	at com.kms.katalon.core.webui.keyword.builtin.ClickKeyword.clickUntilSuccessWithTimeout(ClickKeyword.groovy:81)
	at com.kms.katalon.core.webui.keyword.builtin.ClickKeyword.clickUntilSuccessWithTimeout(ClickKeyword.groovy)
	at com.kms.katalon.core.webui.keyword.builtin.ClickKeyword$_click_closure1.doCall(ClickKeyword.groovy:67)
	at com.kms.katalon.core.webui.keyword.builtin.ClickKeyword$_click_closure1.call(ClickKeyword.groovy)
	at com.kms.katalon.core.webui.keyword.internal.WebUIKeywordMain.runKeyword(WebUIKeywordMain.groovy:20)
	at com.kms.katalon.core.webui.keyword.builtin.ClickKeyword.click(ClickKeyword.groovy:74)
	at com.kms.katalon.core.webui.keyword.builtin.ClickKeyword.execute(ClickKeyword.groovy:40)
	at com.kms.katalon.core.keyword.internal.KeywordExecutor.executeKeywordForPlatform(KeywordExecutor.groovy:74)
	at com.kms.katalon.core.webui.keyword.WebUiBuiltInKeywords.click(WebUiBuiltInKeywords.groovy:620)
	at com.kms.katalon.core.webui.keyword.WebUiBuiltInKeywords$click$1.call(Unknown Source)
	at Script1642407700429.run(Script1642407700429.groovy:40)
	... 13 more
)

2022-01-17 20:55:18 - [MESSAGE][FAILED] - Unable to click on object 'Object Repository/Page_Element/div_Ctrl K_mx_AccessibleButton mx_LeftPanel_88084c' (Root cause: com.kms.katalon.core.exception.StepFailedException: Unable to click on object 'Object Repository/Page_Element/div_Ctrl K_mx_AccessibleButton mx_LeftPanel_88084c'
	at com.kms.katalon.core.webui.keyword.internal.WebUIKeywordMain.stepFailed(WebUIKeywordMain.groovy:64)
	at com.kms.katalon.core.webui.keyword.internal.WebUIKeywordMain.runKeyword(WebUIKeywordMain.groovy:26)
	at com.kms.katalon.core.webui.keyword.builtin.ClickKeyword.click(ClickKeyword.groovy:74)
	at com.kms.katalon.core.webui.keyword.builtin.ClickKeyword.execute(ClickKeyword.groovy:40)
	at com.kms.katalon.core.keyword.internal.KeywordExecutor.executeKeywordForPlatform(KeywordExecutor.groovy:74)
	at com.kms.katalon.core.webui.keyword.WebUiBuiltInKeywords.click(WebUiBuiltInKeywords.groovy:620)
	at com.kms.katalon.core.webui.keyword.WebUiBuiltInKeywords$click$1.call(Unknown Source)
	at View file.run(View file:40)
	at com.kms.katalon.core.main.ScriptEngine.run(ScriptEngine.java:194)
	at com.kms.katalon.core.main.ScriptEngine.runScriptAsRawText(ScriptEngine.java:119)
	at com.kms.katalon.core.main.TestCaseExecutor.runScript(TestCaseExecutor.java:442)
	at com.kms.katalon.core.main.TestCaseExecutor.doExecute(TestCaseExecutor.java:433)
	at com.kms.katalon.core.main.TestCaseExecutor.processExecutionPhase(TestCaseExecutor.java:412)
	at com.kms.katalon.core.main.TestCaseExecutor.accessMainPhase(TestCaseExecutor.java:404)
	at com.kms.katalon.core.main.TestCaseExecutor.execute(TestCaseExecutor.java:281)
	at com.kms.katalon.core.main.TestSuiteExecutor.accessTestCaseMainPhase(TestSuiteExecutor.java:202)
	at com.kms.katalon.core.main.TestSuiteExecutor.accessTestSuiteMainPhase(TestSuiteExecutor.java:164)
	at com.kms.katalon.core.main.TestSuiteExecutor.execute(TestSuiteExecutor.java:105)
	at com.kms.katalon.core.main.TestCaseMain.startTestSuite(TestCaseMain.java:181)
	at com.kms.katalon.core.main.TestCaseMain$startTestSuite$0.call(Unknown Source)
	at TempTestSuite1642411537017.run(TempTestSuite1642411537017.groovy:36)
Caused by: org.openqa.selenium.ElementClickInterceptedException: element click intercepted: Element <div aria-label="Explore rooms" role="button" tabindex="0" class="mx_AccessibleButton mx_LeftPanel_exploreButton"></div> is not clickable at point (390, 28). Other element would receive the click: <div class="mx_Toast_toast mx_Toast_hasIcon mx_Toast_icon_verification_warning">...</div>
  (Session info: chrome=97.0.4692.71)
Build info: version: '3.141.59', revision: 'e82be7d358', time: '2018-11-14T08:25:53'
System info: host: 'DESKTOP-A3NO6EJ', ip: '172.23.64.1', os.name: 'Windows 10', os.arch: 'amd64', os.version: '10.0', java.version: '1.8.0_282'
Driver info: com.kms.katalon.selenium.driver.CChromeDriver
Capabilities {acceptInsecureCerts: false, browserName: chrome, browserVersion: 97.0.4692.71, chrome: {chromedriverVersion: 97.0.4692.71 (adefa7837d02a..., userDataDir: C:\Users\User\AppData\Local...}, goog:chromeOptions: {debuggerAddress: localhost:61879}, javascriptEnabled: true, networkConnectionEnabled: false, pageLoadStrategy: normal, platform: WINDOWS, platformName: WINDOWS, proxy: Proxy(), setWindowRect: true, strictFileInteractability: false, timeouts: {implicit: 0, pageLoad: 300000, script: 30000}, unhandledPromptBehavior: dismiss and notify, webauthn:extension:credBlob: true, webauthn:extension:largeBlob: true, webauthn:virtualAuthenticators: true}
Session ID: 2ab45fc850134e0267ea313d4b5403e8
	at org.openqa.selenium.remote.http.W3CHttpResponseCodec.createException(W3CHttpResponseCodec.java:187)
	at org.openqa.selenium.remote.http.W3CHttpResponseCodec.decode(W3CHttpResponseCodec.java:122)
	at org.openqa.selenium.remote.http.W3CHttpResponseCodec.decode(W3CHttpResponseCodec.java:49)
	at org.openqa.selenium.remote.HttpCommandExecutor.execute(HttpCommandExecutor.java:158)
	at org.openqa.selenium.remote.service.DriverCommandExecutor.execute(DriverCommandExecutor.java:83)
	at org.openqa.selenium.remote.RemoteWebDriver.execute(RemoteWebDriver.java:552)
	at com.kms.katalon.selenium.driver.CChromeDriver.execute(CChromeDriver.java:19)
	at org.openqa.selenium.remote.RemoteWebElement.execute(RemoteWebElement.java:285)
	at org.openqa.selenium.remote.RemoteWebElement.click(RemoteWebElement.java:84)
	at org.openqa.selenium.support.events.EventFiringWebDriver$EventFiringWebElement.lambda$new$0(EventFiringWebDriver.java:404)
	at com.sun.proxy.$Proxy11.click(Unknown Source)
	at org.openqa.selenium.support.events.EventFiringWebDriver$EventFiringWebElement.click(EventFiringWebDriver.java:417)
	at org.openqa.selenium.WebElement$click.call(Unknown Source)
	at com.kms.katalon.core.webui.keyword.builtin.ClickKeyword.clickUntilSuccessWithTimeout(ClickKeyword.groovy:81)
	at com.kms.katalon.core.webui.keyword.builtin.ClickKeyword.clickUntilSuccessWithTimeout(ClickKeyword.groovy)
	at com.kms.katalon.core.webui.keyword.builtin.ClickKeyword$_click_closure1.doCall(ClickKeyword.groovy:67)
	at com.kms.katalon.core.webui.keyword.builtin.ClickKeyword$_click_closure1.call(ClickKeyword.groovy)
	at com.kms.katalon.core.webui.keyword.internal.WebUIKeywordMain.runKeyword(WebUIKeywordMain.groovy:20)
	at com.kms.katalon.core.webui.keyword.builtin.ClickKeyword.click(ClickKeyword.groovy:74)
	at com.kms.katalon.core.webui.keyword.builtin.ClickKeyword.execute(ClickKeyword.groovy:40)
	at com.kms.katalon.core.keyword.internal.KeywordExecutor.executeKeywordForPlatform(KeywordExecutor.groovy:74)
	at com.kms.katalon.core.webui.keyword.WebUiBuiltInKeywords.click(WebUiBuiltInKeywords.groovy:620)
	at com.kms.katalon.core.webui.keyword.WebUiBuiltInKeywords$click$1.call(Unknown Source)
	at Script1642407700429.run(Script1642407700429.groovy:40)
	... 13 more
)
[[ATTACHMENT|C:\\Users\\User\\Katalon Studio\\Bonus SE\\Test-Automation-SE-Bonus\\Reports\\20220117_162537\\Run all test case\\20220117_162537\\1642427718350.png]]]]></system-out>
         <system-err><![CDATA[2022-01-17 20:50:28 - [TEST_CASE][FAILED] - Test Cases/Preview message in public room/View file: Test Cases/Preview message in public room/View file FAILED.
Reason:
com.kms.katalon.core.exception.StepFailedException: Unable to click on object 'Object Repository/Page_Element/div_Ctrl K_mx_AccessibleButton mx_LeftPanel_88084c'
	at com.kms.katalon.core.webui.keyword.internal.WebUIKeywordMain.stepFailed(WebUIKeywordMain.groovy:64)
	at com.kms.katalon.core.webui.keyword.internal.WebUIKeywordMain.runKeyword(WebUIKeywordMain.groovy:26)
	at com.kms.katalon.core.webui.keyword.builtin.ClickKeyword.click(ClickKeyword.groovy:74)
	at com.kms.katalon.core.webui.keyword.builtin.ClickKeyword.execute(ClickKeyword.groovy:40)
	at com.kms.katalon.core.keyword.internal.KeywordExecutor.executeKeywordForPlatform(KeywordExecutor.groovy:74)
	at com.kms.katalon.core.webui.keyword.WebUiBuiltInKeywords.click(WebUiBuiltInKeywords.groovy:620)
	at com.kms.katalon.core.webui.keyword.WebUiBuiltInKeywords$click$1.call(Unknown Source)
	at View file.run(View file:40)
	at com.kms.katalon.core.main.ScriptEngine.run(ScriptEngine.java:194)
	at com.kms.katalon.core.main.ScriptEngine.runScriptAsRawText(ScriptEngine.java:119)
	at com.kms.katalon.core.main.TestCaseExecutor.runScript(TestCaseExecutor.java:442)
	at com.kms.katalon.core.main.TestCaseExecutor.doExecute(TestCaseExecutor.java:433)
	at com.kms.katalon.core.main.TestCaseExecutor.processExecutionPhase(TestCaseExecutor.java:412)
	at com.kms.katalon.core.main.TestCaseExecutor.accessMainPhase(TestCaseExecutor.java:404)
	at com.kms.katalon.core.main.TestCaseExecutor.execute(TestCaseExecutor.java:281)
	at com.kms.katalon.core.main.TestSuiteExecutor.accessTestCaseMainPhase(TestSuiteExecutor.java:202)
	at com.kms.katalon.core.main.TestSuiteExecutor.accessTestSuiteMainPhase(TestSuiteExecutor.java:164)
	at com.kms.katalon.core.main.TestSuiteExecutor.execute(TestSuiteExecutor.java:105)
	at com.kms.katalon.core.main.TestCaseMain.startTestSuite(TestCaseMain.java:181)
	at com.kms.katalon.core.main.TestCaseMain$startTestSuite$0.call(Unknown Source)
	at TempTestSuite1642411537017.run(TempTestSuite1642411537017.groovy:36)
Caused by: org.openqa.selenium.ElementClickInterceptedException: element click intercepted: Element <div aria-label="Explore rooms" role="button" tabindex="0" class="mx_AccessibleButton mx_LeftPanel_exploreButton"></div> is not clickable at point (390, 28). Other element would receive the click: <div class="mx_Toast_toast mx_Toast_hasIcon mx_Toast_icon_verification_warning">...</div>
  (Session info: chrome=97.0.4692.71)
Build info: version: '3.141.59', revision: 'e82be7d358', time: '2018-11-14T08:25:53'
System info: host: 'DESKTOP-A3NO6EJ', ip: '172.23.64.1', os.name: 'Windows 10', os.arch: 'amd64', os.version: '10.0', java.version: '1.8.0_282'
Driver info: com.kms.katalon.selenium.driver.CChromeDriver
Capabilities {acceptInsecureCerts: false, browserName: chrome, browserVersion: 97.0.4692.71, chrome: {chromedriverVersion: 97.0.4692.71 (adefa7837d02a..., userDataDir: C:\Users\User\AppData\Local...}, goog:chromeOptions: {debuggerAddress: localhost:61879}, javascriptEnabled: true, networkConnectionEnabled: false, pageLoadStrategy: normal, platform: WINDOWS, platformName: WINDOWS, proxy: Proxy(), setWindowRect: true, strictFileInteractability: false, timeouts: {implicit: 0, pageLoad: 300000, script: 30000}, unhandledPromptBehavior: dismiss and notify, webauthn:extension:credBlob: true, webauthn:extension:largeBlob: true, webauthn:virtualAuthenticators: true}
Session ID: 2ab45fc850134e0267ea313d4b5403e8
	at org.openqa.selenium.remote.http.W3CHttpResponseCodec.createException(W3CHttpResponseCodec.java:187)
	at org.openqa.selenium.remote.http.W3CHttpResponseCodec.decode(W3CHttpResponseCodec.java:122)
	at org.openqa.selenium.remote.http.W3CHttpResponseCodec.decode(W3CHttpResponseCodec.java:49)
	at org.openqa.selenium.remote.HttpCommandExecutor.execute(HttpCommandExecutor.java:158)
	at org.openqa.selenium.remote.service.DriverCommandExecutor.execute(DriverCommandExecutor.java:83)
	at org.openqa.selenium.remote.RemoteWebDriver.execute(RemoteWebDriver.java:552)
	at com.kms.katalon.selenium.driver.CChromeDriver.execute(CChromeDriver.java:19)
	at org.openqa.selenium.remote.RemoteWebElement.execute(RemoteWebElement.java:285)
	at org.openqa.selenium.remote.RemoteWebElement.click(RemoteWebElement.java:84)
	at org.openqa.selenium.support.events.EventFiringWebDriver$EventFiringWebElement.lambda$new$0(EventFiringWebDriver.java:404)
	at com.sun.proxy.$Proxy11.click(Unknown Source)
	at org.openqa.selenium.support.events.EventFiringWebDriver$EventFiringWebElement.click(EventFiringWebDriver.java:417)
	at org.openqa.selenium.WebElement$click.call(Unknown Source)
	at com.kms.katalon.core.webui.keyword.builtin.ClickKeyword.clickUntilSuccessWithTimeout(ClickKeyword.groovy:81)
	at com.kms.katalon.core.webui.keyword.builtin.ClickKeyword.clickUntilSuccessWithTimeout(ClickKeyword.groovy)
	at com.kms.katalon.core.webui.keyword.builtin.ClickKeyword$_click_closure1.doCall(ClickKeyword.groovy:67)
	at com.kms.katalon.core.webui.keyword.builtin.ClickKeyword$_click_closure1.call(ClickKeyword.groovy)
	at com.kms.katalon.core.webui.keyword.internal.WebUIKeywordMain.runKeyword(WebUIKeywordMain.groovy:20)
	... 19 more]]></system-err>
      </testcase>
      <testcase name="Test Cases/Preview message in public room/View members" time="347.889" classname="Test Cases/Preview message in public room/View members" status="FAILED">
         <failure type="FAILED" message="Test Cases/Preview message in public room/View members FAILED.
Reason:
com.kms.katalon.core.exception.StepFailedException: Unable to click on object 'Object Repository/Page_Element/div_Ctrl K_mx_AccessibleButton mx_LeftPanel_88084c'
	at com.kms.katalon.core.webui.keyword.internal.WebUIKeywordMain.stepFailed(WebUIKeywordMain.groovy:64)
	at com.kms.katalon.core.webui.keyword.internal.WebUIKeywordMain.runKeyword(WebUIKeywordMain.groovy:26)
	at com.kms.katalon.core.webui.keyword.builtin.ClickKeyword.click(ClickKeyword.groovy:74)
	at com.kms.katalon.core.webui.keyword.builtin.ClickKeyword.execute(ClickKeyword.groovy:40)
	at com.kms.katalon.core.keyword.internal.KeywordExecutor.executeKeywordForPlatform(KeywordExecutor.groovy:74)
	at com.kms.katalon.core.webui.keyword.WebUiBuiltInKeywords.click(WebUiBuiltInKeywords.groovy:620)
	at com.kms.katalon.core.webui.keyword.WebUiBuiltInKeywords$click$1.call(Unknown Source)
	at View members.run(View members:42)
	at com.kms.katalon.core.main.ScriptEngine.run(ScriptEngine.java:194)
	at com.kms.katalon.core.main.ScriptEngine.runScriptAsRawText(ScriptEngine.java:119)
	at com.kms.katalon.core.main.TestCaseExecutor.runScript(TestCaseExecutor.java:442)
	at com.kms.katalon.core.main.TestCaseExecutor.doExecute(TestCaseExecutor.java:433)
	at com.kms.katalon.core.main.TestCaseExecutor.processExecutionPhase(TestCaseExecutor.java:412)
	at com.kms.katalon.core.main.TestCaseExecutor.accessMainPhase(TestCaseExecutor.java:404)
	at com.kms.katalon.core.main.TestCaseExecutor.execute(TestCaseExecutor.java:281)
	at com.kms.katalon.core.main.TestSuiteExecutor.accessTestCaseMainPhase(TestSuiteExecutor.java:202)
	at com.kms.katalon.core.main.TestSuiteExecutor.accessTestSuiteMainPhase(TestSuiteExecutor.java:164)
	at com.kms.katalon.core.main.TestSuiteExecutor.execute(TestSuiteExecutor.java:105)
	at com.kms.katalon.core.main.TestCaseMain.startTestSuite(TestCaseMain.java:181)
	at com.kms.katalon.core.main.TestCaseMain$startTestSuite$0.call(Unknown Source)
	at TempTestSuite1642411537017.run(TempTestSuite1642411537017.groovy:36)
Caused by: org.openqa.selenium.ElementClickInterceptedException: element click intercepted: Element &lt;div aria-label=&quot;Explore rooms&quot; role=&quot;button&quot; tabindex=&quot;0&quot; class=&quot;mx_AccessibleButton mx_LeftPanel_exploreButton&quot;>&lt;/div> is not clickable at point (390, 28). Other element would receive the click: &lt;div class=&quot;mx_Toast_toast mx_Toast_hasIcon mx_Toast_icon_verification_warning&quot;>...&lt;/div>
  (Session info: chrome=97.0.4692.71)
Build info: version: '3.141.59', revision: 'e82be7d358', time: '2018-11-14T08:25:53'
System info: host: 'DESKTOP-A3NO6EJ', ip: '172.23.64.1', os.name: 'Windows 10', os.arch: 'amd64', os.version: '10.0', java.version: '1.8.0_282'
Driver info: com.kms.katalon.selenium.driver.CChromeDriver
Capabilities {acceptInsecureCerts: false, browserName: chrome, browserVersion: 97.0.4692.71, chrome: {chromedriverVersion: 97.0.4692.71 (adefa7837d02a..., userDataDir: C:\Users\User\AppData\Local...}, goog:chromeOptions: {debuggerAddress: localhost:62485}, javascriptEnabled: true, networkConnectionEnabled: false, pageLoadStrategy: normal, platform: WINDOWS, platformName: WINDOWS, proxy: Proxy(), setWindowRect: true, strictFileInteractability: false, timeouts: {implicit: 0, pageLoad: 300000, script: 30000}, unhandledPromptBehavior: dismiss and notify, webauthn:extension:credBlob: true, webauthn:extension:largeBlob: true, webauthn:virtualAuthenticators: true}
Session ID: c2a940b558a034dad8fb87408353ad17
	at org.openqa.selenium.remote.http.W3CHttpResponseCodec.createException(W3CHttpResponseCodec.java:187)
	at org.openqa.selenium.remote.http.W3CHttpResponseCodec.decode(W3CHttpResponseCodec.java:122)
	at org.openqa.selenium.remote.http.W3CHttpResponseCodec.decode(W3CHttpResponseCodec.java:49)
	at org.openqa.selenium.remote.HttpCommandExecutor.execute(HttpCommandExecutor.java:158)
	at org.openqa.selenium.remote.service.DriverCommandExecutor.execute(DriverCommandExecutor.java:83)
	at org.openqa.selenium.remote.RemoteWebDriver.execute(RemoteWebDriver.java:552)
	at com.kms.katalon.selenium.driver.CChromeDriver.execute(CChromeDriver.java:19)
	at org.openqa.selenium.remote.RemoteWebElement.execute(RemoteWebElement.java:285)
	at org.openqa.selenium.remote.RemoteWebElement.click(RemoteWebElement.java:84)
	at org.openqa.selenium.support.events.EventFiringWebDriver$EventFiringWebElement.lambda$new$0(EventFiringWebDriver.java:404)
	at com.sun.proxy.$Proxy11.click(Unknown Source)
	at org.openqa.selenium.support.events.EventFiringWebDriver$EventFiringWebElement.click(EventFiringWebDriver.java:417)
	at org.openqa.selenium.WebElement$click.call(Unknown Source)
	at com.kms.katalon.core.webui.keyword.builtin.ClickKeyword.clickUntilSuccessWithTimeout(ClickKeyword.groovy:81)
	at com.kms.katalon.core.webui.keyword.builtin.ClickKeyword.clickUntilSuccessWithTimeout(ClickKeyword.groovy)
	at com.kms.katalon.core.webui.keyword.builtin.ClickKeyword$_click_closure1.doCall(ClickKeyword.groovy:67)
	at com.kms.katalon.core.webui.keyword.builtin.ClickKeyword$_click_closure1.call(ClickKeyword.groovy)
	at com.kms.katalon.core.webui.keyword.internal.WebUIKeywordMain.runKeyword(WebUIKeywordMain.groovy:20)
	... 19 more
"/>
         <system-out><![CDATA[2022-01-17 20:55:18 - [TEST_CASE][FAILED] - Test Cases/Preview message in public room/View members: Test Cases/Preview message in public room/View members FAILED.
Reason:
com.kms.katalon.core.exception.StepFailedException: Unable to click on object 'Object Repository/Page_Element/div_Ctrl K_mx_AccessibleButton mx_LeftPanel_88084c'
	at com.kms.katalon.core.webui.keyword.internal.WebUIKeywordMain.stepFailed(WebUIKeywordMain.groovy:64)
	at com.kms.katalon.core.webui.keyword.internal.WebUIKeywordMain.runKeyword(WebUIKeywordMain.groovy:26)
	at com.kms.katalon.core.webui.keyword.builtin.ClickKeyword.click(ClickKeyword.groovy:74)
	at com.kms.katalon.core.webui.keyword.builtin.ClickKeyword.execute(ClickKeyword.groovy:40)
	at com.kms.katalon.core.keyword.internal.KeywordExecutor.executeKeywordForPlatform(KeywordExecutor.groovy:74)
	at com.kms.katalon.core.webui.keyword.WebUiBuiltInKeywords.click(WebUiBuiltInKeywords.groovy:620)
	at com.kms.katalon.core.webui.keyword.WebUiBuiltInKeywords$click$1.call(Unknown Source)
	at View members.run(View members:42)
	at com.kms.katalon.core.main.ScriptEngine.run(ScriptEngine.java:194)
	at com.kms.katalon.core.main.ScriptEngine.runScriptAsRawText(ScriptEngine.java:119)
	at com.kms.katalon.core.main.TestCaseExecutor.runScript(TestCaseExecutor.java:442)
	at com.kms.katalon.core.main.TestCaseExecutor.doExecute(TestCaseExecutor.java:433)
	at com.kms.katalon.core.main.TestCaseExecutor.processExecutionPhase(TestCaseExecutor.java:412)
	at com.kms.katalon.core.main.TestCaseExecutor.accessMainPhase(TestCaseExecutor.java:404)
	at com.kms.katalon.core.main.TestCaseExecutor.execute(TestCaseExecutor.java:281)
	at com.kms.katalon.core.main.TestSuiteExecutor.accessTestCaseMainPhase(TestSuiteExecutor.java:202)
	at com.kms.katalon.core.main.TestSuiteExecutor.accessTestSuiteMainPhase(TestSuiteExecutor.java:164)
	at com.kms.katalon.core.main.TestSuiteExecutor.execute(TestSuiteExecutor.java:105)
	at com.kms.katalon.core.main.TestCaseMain.startTestSuite(TestCaseMain.java:181)
	at com.kms.katalon.core.main.TestCaseMain$startTestSuite$0.call(Unknown Source)
	at TempTestSuite1642411537017.run(TempTestSuite1642411537017.groovy:36)
Caused by: org.openqa.selenium.ElementClickInterceptedException: element click intercepted: Element <div aria-label="Explore rooms" role="button" tabindex="0" class="mx_AccessibleButton mx_LeftPanel_exploreButton"></div> is not clickable at point (390, 28). Other element would receive the click: <div class="mx_Toast_toast mx_Toast_hasIcon mx_Toast_icon_verification_warning">...</div>
  (Session info: chrome=97.0.4692.71)
Build info: version: '3.141.59', revision: 'e82be7d358', time: '2018-11-14T08:25:53'
System info: host: 'DESKTOP-A3NO6EJ', ip: '172.23.64.1', os.name: 'Windows 10', os.arch: 'amd64', os.version: '10.0', java.version: '1.8.0_282'
Driver info: com.kms.katalon.selenium.driver.CChromeDriver
Capabilities {acceptInsecureCerts: false, browserName: chrome, browserVersion: 97.0.4692.71, chrome: {chromedriverVersion: 97.0.4692.71 (adefa7837d02a..., userDataDir: C:\Users\User\AppData\Local...}, goog:chromeOptions: {debuggerAddress: localhost:62485}, javascriptEnabled: true, networkConnectionEnabled: false, pageLoadStrategy: normal, platform: WINDOWS, platformName: WINDOWS, proxy: Proxy(), setWindowRect: true, strictFileInteractability: false, timeouts: {implicit: 0, pageLoad: 300000, script: 30000}, unhandledPromptBehavior: dismiss and notify, webauthn:extension:credBlob: true, webauthn:extension:largeBlob: true, webauthn:virtualAuthenticators: true}
Session ID: c2a940b558a034dad8fb87408353ad17
	at org.openqa.selenium.remote.http.W3CHttpResponseCodec.createException(W3CHttpResponseCodec.java:187)
	at org.openqa.selenium.remote.http.W3CHttpResponseCodec.decode(W3CHttpResponseCodec.java:122)
	at org.openqa.selenium.remote.http.W3CHttpResponseCodec.decode(W3CHttpResponseCodec.java:49)
	at org.openqa.selenium.remote.HttpCommandExecutor.execute(HttpCommandExecutor.java:158)
	at org.openqa.selenium.remote.service.DriverCommandExecutor.execute(DriverCommandExecutor.java:83)
	at org.openqa.selenium.remote.RemoteWebDriver.execute(RemoteWebDriver.java:552)
	at com.kms.katalon.selenium.driver.CChromeDriver.execute(CChromeDriver.java:19)
	at org.openqa.selenium.remote.RemoteWebElement.execute(RemoteWebElement.java:285)
	at org.openqa.selenium.remote.RemoteWebElement.click(RemoteWebElement.java:84)
	at org.openqa.selenium.support.events.EventFiringWebDriver$EventFiringWebElement.lambda$new$0(EventFiringWebDriver.java:404)
	at com.sun.proxy.$Proxy11.click(Unknown Source)
	at org.openqa.selenium.support.events.EventFiringWebDriver$EventFiringWebElement.click(EventFiringWebDriver.java:417)
	at org.openqa.selenium.WebElement$click.call(Unknown Source)
	at com.kms.katalon.core.webui.keyword.builtin.ClickKeyword.clickUntilSuccessWithTimeout(ClickKeyword.groovy:81)
	at com.kms.katalon.core.webui.keyword.builtin.ClickKeyword.clickUntilSuccessWithTimeout(ClickKeyword.groovy)
	at com.kms.katalon.core.webui.keyword.builtin.ClickKeyword$_click_closure1.doCall(ClickKeyword.groovy:67)
	at com.kms.katalon.core.webui.keyword.builtin.ClickKeyword$_click_closure1.call(ClickKeyword.groovy)
	at com.kms.katalon.core.webui.keyword.internal.WebUIKeywordMain.runKeyword(WebUIKeywordMain.groovy:20)
	... 19 more


2022-01-17 20:55:18 - [TEST_STEP][PASSED] - openBrowser(""): Browser is opened with url: ''

2022-01-17 20:55:18 - [MESSAGE][WARNING] - A browser is already opened. Closing browser and opening a new one

2022-01-17 20:55:19 - [MESSAGE][INFO] - Starting 'Chrome' driver

2022-01-17 20:55:19 - [MESSAGE][INFO] - Action delay is set to 0 milliseconds

2022-01-17 20:55:20 - [MESSAGE][PASSED] - Browser is opened with url: ''

2022-01-17 20:55:20 - [TEST_STEP][PASSED] - navigateToUrl("http://localhost:8080/"): Navigate to 'http://localhost:8080/' successfully

2022-01-17 20:55:23 - [MESSAGE][PASSED] - Navigate to 'http://localhost:8080/' successfully

2022-01-17 20:55:23 - [TEST_STEP][PASSED] - click(findTestObject("Object Repository/Page_Element/a_Sign In")): Object: 'Object Repository/Page_Element/a_Sign In' is clicked on

2022-01-17 20:55:26 - [MESSAGE][PASSED] - Object: 'Object Repository/Page_Element/a_Sign In' is clicked on

2022-01-17 20:55:26 - [TEST_STEP][PASSED] - setText(findTestObject("Object Repository/Page_Element/input_Sign in with_username"), "quanghuyne"): Text 'quanghuyne' is set on object 'Object Repository/Page_Element/input_Sign in with_username'

2022-01-17 20:56:27 - [MESSAGE][PASSED] - Text 'quanghuyne' is set on object 'Object Repository/Page_Element/input_Sign in with_username'

2022-01-17 20:56:27 - [TEST_STEP][PASSED] - setEncryptedText(findTestObject("Object Repository/Page_Element/input_Username_password"), "hk4lGgMz64DUYAH1jDReqA=="): Text ****** has been set on object 'Object Repository/Page_Element/input_Username_password'

2022-01-17 20:56:57 - [MESSAGE][PASSED] - Text ****** has been set on object 'Object Repository/Page_Element/input_Username_password'

2022-01-17 20:56:57 - [TEST_STEP][PASSED] - sendKeys(findTestObject("Object Repository/Page_Element/input_Username_password"), Keys.chord(ENTER)): Keys 'ENTER + ' sent to object: 'Object Repository/Page_Element/input_Username_password'

2022-01-17 20:57:27 - [MESSAGE][PASSED] - Keys 'ENTER + ' sent to object: 'Object Repository/Page_Element/input_Username_password'

2022-01-17 20:57:27 - [TEST_STEP][PASSED] - click(findTestObject("Object Repository/Page_Element/div_Verify with Security Key")): Object: 'Object Repository/Page_Element/div_Verify with Security Key' is clicked on

2022-01-17 20:58:02 - [MESSAGE][PASSED] - Object: 'Object Repository/Page_Element/div_Verify with Security Key' is clicked on

2022-01-17 20:58:02 - [TEST_STEP][PASSED] - click(findTestObject("Object Repository/Page_Element/div_Security Key")): Object: 'Object Repository/Page_Element/div_Security Key' is clicked on

2022-01-17 20:58:33 - [MESSAGE][PASSED] - Object: 'Object Repository/Page_Element/div_Security Key' is clicked on

2022-01-17 20:58:33 - [TEST_STEP][PASSED] - setEncryptedText(findTestObject("Object Repository/Page_Element/input_Security Key_mx_securityKey"), "AM89fC/Z2L+0kQrgUJMoihakSLfqExGqqEDegROy7UCQVs01BySrESr2vAK0g5sjPD354BYtGaX7vGUm05HO7A=="): Text ****** has been set on object 'Object Repository/Page_Element/input_Security Key_mx_securityKey'

2022-01-17 20:59:03 - [MESSAGE][PASSED] - Text ****** has been set on object 'Object Repository/Page_Element/input_Security Key_mx_securityKey'

2022-01-17 20:59:03 - [TEST_STEP][PASSED] - click(findTestObject("Object Repository/Page_Element/button_Continue")): Object: 'Object Repository/Page_Element/button_Continue' is clicked on

2022-01-17 20:59:33 - [MESSAGE][PASSED] - Object: 'Object Repository/Page_Element/button_Continue' is clicked on

2022-01-17 20:59:33 - [TEST_STEP][PASSED] - click(findTestObject("Object Repository/Page_Element/div_Done")): Object: 'Object Repository/Page_Element/div_Done' is clicked on

2022-01-17 21:00:03 - [MESSAGE][PASSED] - Object: 'Object Repository/Page_Element/div_Done' is clicked on

2022-01-17 21:00:03 - [TEST_STEP][FAILED] - click(findTestObject("Object Repository/Page_Element/div_Ctrl K_mx_AccessibleButton mx_LeftPanel_88084c")): Unable to click on object 'Object Repository/Page_Element/div_Ctrl K_mx_AccessibleButton mx_LeftPanel_88084c' (Root cause: com.kms.katalon.core.exception.StepFailedException: Unable to click on object 'Object Repository/Page_Element/div_Ctrl K_mx_AccessibleButton mx_LeftPanel_88084c'
	at com.kms.katalon.core.webui.keyword.internal.WebUIKeywordMain.stepFailed(WebUIKeywordMain.groovy:64)
	at com.kms.katalon.core.webui.keyword.internal.WebUIKeywordMain.runKeyword(WebUIKeywordMain.groovy:26)
	at com.kms.katalon.core.webui.keyword.builtin.ClickKeyword.click(ClickKeyword.groovy:74)
	at com.kms.katalon.core.webui.keyword.builtin.ClickKeyword.execute(ClickKeyword.groovy:40)
	at com.kms.katalon.core.keyword.internal.KeywordExecutor.executeKeywordForPlatform(KeywordExecutor.groovy:74)
	at com.kms.katalon.core.webui.keyword.WebUiBuiltInKeywords.click(WebUiBuiltInKeywords.groovy:620)
	at com.kms.katalon.core.webui.keyword.WebUiBuiltInKeywords$click$1.call(Unknown Source)
	at View members.run(View members:42)
	at com.kms.katalon.core.main.ScriptEngine.run(ScriptEngine.java:194)
	at com.kms.katalon.core.main.ScriptEngine.runScriptAsRawText(ScriptEngine.java:119)
	at com.kms.katalon.core.main.TestCaseExecutor.runScript(TestCaseExecutor.java:442)
	at com.kms.katalon.core.main.TestCaseExecutor.doExecute(TestCaseExecutor.java:433)
	at com.kms.katalon.core.main.TestCaseExecutor.processExecutionPhase(TestCaseExecutor.java:412)
	at com.kms.katalon.core.main.TestCaseExecutor.accessMainPhase(TestCaseExecutor.java:404)
	at com.kms.katalon.core.main.TestCaseExecutor.execute(TestCaseExecutor.java:281)
	at com.kms.katalon.core.main.TestSuiteExecutor.accessTestCaseMainPhase(TestSuiteExecutor.java:202)
	at com.kms.katalon.core.main.TestSuiteExecutor.accessTestSuiteMainPhase(TestSuiteExecutor.java:164)
	at com.kms.katalon.core.main.TestSuiteExecutor.execute(TestSuiteExecutor.java:105)
	at com.kms.katalon.core.main.TestCaseMain.startTestSuite(TestCaseMain.java:181)
	at com.kms.katalon.core.main.TestCaseMain$startTestSuite$0.call(Unknown Source)
	at TempTestSuite1642411537017.run(TempTestSuite1642411537017.groovy:36)
Caused by: org.openqa.selenium.ElementClickInterceptedException: element click intercepted: Element <div aria-label="Explore rooms" role="button" tabindex="0" class="mx_AccessibleButton mx_LeftPanel_exploreButton"></div> is not clickable at point (390, 28). Other element would receive the click: <div class="mx_Toast_toast mx_Toast_hasIcon mx_Toast_icon_verification_warning">...</div>
  (Session info: chrome=97.0.4692.71)
Build info: version: '3.141.59', revision: 'e82be7d358', time: '2018-11-14T08:25:53'
System info: host: 'DESKTOP-A3NO6EJ', ip: '172.23.64.1', os.name: 'Windows 10', os.arch: 'amd64', os.version: '10.0', java.version: '1.8.0_282'
Driver info: com.kms.katalon.selenium.driver.CChromeDriver
Capabilities {acceptInsecureCerts: false, browserName: chrome, browserVersion: 97.0.4692.71, chrome: {chromedriverVersion: 97.0.4692.71 (adefa7837d02a..., userDataDir: C:\Users\User\AppData\Local...}, goog:chromeOptions: {debuggerAddress: localhost:62485}, javascriptEnabled: true, networkConnectionEnabled: false, pageLoadStrategy: normal, platform: WINDOWS, platformName: WINDOWS, proxy: Proxy(), setWindowRect: true, strictFileInteractability: false, timeouts: {implicit: 0, pageLoad: 300000, script: 30000}, unhandledPromptBehavior: dismiss and notify, webauthn:extension:credBlob: true, webauthn:extension:largeBlob: true, webauthn:virtualAuthenticators: true}
Session ID: c2a940b558a034dad8fb87408353ad17
	at org.openqa.selenium.remote.http.W3CHttpResponseCodec.createException(W3CHttpResponseCodec.java:187)
	at org.openqa.selenium.remote.http.W3CHttpResponseCodec.decode(W3CHttpResponseCodec.java:122)
	at org.openqa.selenium.remote.http.W3CHttpResponseCodec.decode(W3CHttpResponseCodec.java:49)
	at org.openqa.selenium.remote.HttpCommandExecutor.execute(HttpCommandExecutor.java:158)
	at org.openqa.selenium.remote.service.DriverCommandExecutor.execute(DriverCommandExecutor.java:83)
	at org.openqa.selenium.remote.RemoteWebDriver.execute(RemoteWebDriver.java:552)
	at com.kms.katalon.selenium.driver.CChromeDriver.execute(CChromeDriver.java:19)
	at org.openqa.selenium.remote.RemoteWebElement.execute(RemoteWebElement.java:285)
	at org.openqa.selenium.remote.RemoteWebElement.click(RemoteWebElement.java:84)
	at org.openqa.selenium.support.events.EventFiringWebDriver$EventFiringWebElement.lambda$new$0(EventFiringWebDriver.java:404)
	at com.sun.proxy.$Proxy11.click(Unknown Source)
	at org.openqa.selenium.support.events.EventFiringWebDriver$EventFiringWebElement.click(EventFiringWebDriver.java:417)
	at org.openqa.selenium.WebElement$click.call(Unknown Source)
	at com.kms.katalon.core.webui.keyword.builtin.ClickKeyword.clickUntilSuccessWithTimeout(ClickKeyword.groovy:81)
	at com.kms.katalon.core.webui.keyword.builtin.ClickKeyword.clickUntilSuccessWithTimeout(ClickKeyword.groovy)
	at com.kms.katalon.core.webui.keyword.builtin.ClickKeyword$_click_closure1.doCall(ClickKeyword.groovy:67)
	at com.kms.katalon.core.webui.keyword.builtin.ClickKeyword$_click_closure1.call(ClickKeyword.groovy)
	at com.kms.katalon.core.webui.keyword.internal.WebUIKeywordMain.runKeyword(WebUIKeywordMain.groovy:20)
	at com.kms.katalon.core.webui.keyword.builtin.ClickKeyword.click(ClickKeyword.groovy:74)
	at com.kms.katalon.core.webui.keyword.builtin.ClickKeyword.execute(ClickKeyword.groovy:40)
	at com.kms.katalon.core.keyword.internal.KeywordExecutor.executeKeywordForPlatform(KeywordExecutor.groovy:74)
	at com.kms.katalon.core.webui.keyword.WebUiBuiltInKeywords.click(WebUiBuiltInKeywords.groovy:620)
	at com.kms.katalon.core.webui.keyword.WebUiBuiltInKeywords$click$1.call(Unknown Source)
	at Script1642407690015.run(Script1642407690015.groovy:42)
	... 13 more
)

2022-01-17 21:01:06 - [MESSAGE][FAILED] - Unable to click on object 'Object Repository/Page_Element/div_Ctrl K_mx_AccessibleButton mx_LeftPanel_88084c' (Root cause: com.kms.katalon.core.exception.StepFailedException: Unable to click on object 'Object Repository/Page_Element/div_Ctrl K_mx_AccessibleButton mx_LeftPanel_88084c'
	at com.kms.katalon.core.webui.keyword.internal.WebUIKeywordMain.stepFailed(WebUIKeywordMain.groovy:64)
	at com.kms.katalon.core.webui.keyword.internal.WebUIKeywordMain.runKeyword(WebUIKeywordMain.groovy:26)
	at com.kms.katalon.core.webui.keyword.builtin.ClickKeyword.click(ClickKeyword.groovy:74)
	at com.kms.katalon.core.webui.keyword.builtin.ClickKeyword.execute(ClickKeyword.groovy:40)
	at com.kms.katalon.core.keyword.internal.KeywordExecutor.executeKeywordForPlatform(KeywordExecutor.groovy:74)
	at com.kms.katalon.core.webui.keyword.WebUiBuiltInKeywords.click(WebUiBuiltInKeywords.groovy:620)
	at com.kms.katalon.core.webui.keyword.WebUiBuiltInKeywords$click$1.call(Unknown Source)
	at View members.run(View members:42)
	at com.kms.katalon.core.main.ScriptEngine.run(ScriptEngine.java:194)
	at com.kms.katalon.core.main.ScriptEngine.runScriptAsRawText(ScriptEngine.java:119)
	at com.kms.katalon.core.main.TestCaseExecutor.runScript(TestCaseExecutor.java:442)
	at com.kms.katalon.core.main.TestCaseExecutor.doExecute(TestCaseExecutor.java:433)
	at com.kms.katalon.core.main.TestCaseExecutor.processExecutionPhase(TestCaseExecutor.java:412)
	at com.kms.katalon.core.main.TestCaseExecutor.accessMainPhase(TestCaseExecutor.java:404)
	at com.kms.katalon.core.main.TestCaseExecutor.execute(TestCaseExecutor.java:281)
	at com.kms.katalon.core.main.TestSuiteExecutor.accessTestCaseMainPhase(TestSuiteExecutor.java:202)
	at com.kms.katalon.core.main.TestSuiteExecutor.accessTestSuiteMainPhase(TestSuiteExecutor.java:164)
	at com.kms.katalon.core.main.TestSuiteExecutor.execute(TestSuiteExecutor.java:105)
	at com.kms.katalon.core.main.TestCaseMain.startTestSuite(TestCaseMain.java:181)
	at com.kms.katalon.core.main.TestCaseMain$startTestSuite$0.call(Unknown Source)
	at TempTestSuite1642411537017.run(TempTestSuite1642411537017.groovy:36)
Caused by: org.openqa.selenium.ElementClickInterceptedException: element click intercepted: Element <div aria-label="Explore rooms" role="button" tabindex="0" class="mx_AccessibleButton mx_LeftPanel_exploreButton"></div> is not clickable at point (390, 28). Other element would receive the click: <div class="mx_Toast_toast mx_Toast_hasIcon mx_Toast_icon_verification_warning">...</div>
  (Session info: chrome=97.0.4692.71)
Build info: version: '3.141.59', revision: 'e82be7d358', time: '2018-11-14T08:25:53'
System info: host: 'DESKTOP-A3NO6EJ', ip: '172.23.64.1', os.name: 'Windows 10', os.arch: 'amd64', os.version: '10.0', java.version: '1.8.0_282'
Driver info: com.kms.katalon.selenium.driver.CChromeDriver
Capabilities {acceptInsecureCerts: false, browserName: chrome, browserVersion: 97.0.4692.71, chrome: {chromedriverVersion: 97.0.4692.71 (adefa7837d02a..., userDataDir: C:\Users\User\AppData\Local...}, goog:chromeOptions: {debuggerAddress: localhost:62485}, javascriptEnabled: true, networkConnectionEnabled: false, pageLoadStrategy: normal, platform: WINDOWS, platformName: WINDOWS, proxy: Proxy(), setWindowRect: true, strictFileInteractability: false, timeouts: {implicit: 0, pageLoad: 300000, script: 30000}, unhandledPromptBehavior: dismiss and notify, webauthn:extension:credBlob: true, webauthn:extension:largeBlob: true, webauthn:virtualAuthenticators: true}
Session ID: c2a940b558a034dad8fb87408353ad17
	at org.openqa.selenium.remote.http.W3CHttpResponseCodec.createException(W3CHttpResponseCodec.java:187)
	at org.openqa.selenium.remote.http.W3CHttpResponseCodec.decode(W3CHttpResponseCodec.java:122)
	at org.openqa.selenium.remote.http.W3CHttpResponseCodec.decode(W3CHttpResponseCodec.java:49)
	at org.openqa.selenium.remote.HttpCommandExecutor.execute(HttpCommandExecutor.java:158)
	at org.openqa.selenium.remote.service.DriverCommandExecutor.execute(DriverCommandExecutor.java:83)
	at org.openqa.selenium.remote.RemoteWebDriver.execute(RemoteWebDriver.java:552)
	at com.kms.katalon.selenium.driver.CChromeDriver.execute(CChromeDriver.java:19)
	at org.openqa.selenium.remote.RemoteWebElement.execute(RemoteWebElement.java:285)
	at org.openqa.selenium.remote.RemoteWebElement.click(RemoteWebElement.java:84)
	at org.openqa.selenium.support.events.EventFiringWebDriver$EventFiringWebElement.lambda$new$0(EventFiringWebDriver.java:404)
	at com.sun.proxy.$Proxy11.click(Unknown Source)
	at org.openqa.selenium.support.events.EventFiringWebDriver$EventFiringWebElement.click(EventFiringWebDriver.java:417)
	at org.openqa.selenium.WebElement$click.call(Unknown Source)
	at com.kms.katalon.core.webui.keyword.builtin.ClickKeyword.clickUntilSuccessWithTimeout(ClickKeyword.groovy:81)
	at com.kms.katalon.core.webui.keyword.builtin.ClickKeyword.clickUntilSuccessWithTimeout(ClickKeyword.groovy)
	at com.kms.katalon.core.webui.keyword.builtin.ClickKeyword$_click_closure1.doCall(ClickKeyword.groovy:67)
	at com.kms.katalon.core.webui.keyword.builtin.ClickKeyword$_click_closure1.call(ClickKeyword.groovy)
	at com.kms.katalon.core.webui.keyword.internal.WebUIKeywordMain.runKeyword(WebUIKeywordMain.groovy:20)
	at com.kms.katalon.core.webui.keyword.builtin.ClickKeyword.click(ClickKeyword.groovy:74)
	at com.kms.katalon.core.webui.keyword.builtin.ClickKeyword.execute(ClickKeyword.groovy:40)
	at com.kms.katalon.core.keyword.internal.KeywordExecutor.executeKeywordForPlatform(KeywordExecutor.groovy:74)
	at com.kms.katalon.core.webui.keyword.WebUiBuiltInKeywords.click(WebUiBuiltInKeywords.groovy:620)
	at com.kms.katalon.core.webui.keyword.WebUiBuiltInKeywords$click$1.call(Unknown Source)
	at Script1642407690015.run(Script1642407690015.groovy:42)
	... 13 more
)
[[ATTACHMENT|C:\\Users\\User\\Katalon Studio\\Bonus SE\\Test-Automation-SE-Bonus\\Reports\\20220117_162537\\Run all test case\\20220117_162537\\1642428065919.png]]]]></system-out>
         <system-err><![CDATA[2022-01-17 20:55:18 - [TEST_CASE][FAILED] - Test Cases/Preview message in public room/View members: Test Cases/Preview message in public room/View members FAILED.
Reason:
com.kms.katalon.core.exception.StepFailedException: Unable to click on object 'Object Repository/Page_Element/div_Ctrl K_mx_AccessibleButton mx_LeftPanel_88084c'
	at com.kms.katalon.core.webui.keyword.internal.WebUIKeywordMain.stepFailed(WebUIKeywordMain.groovy:64)
	at com.kms.katalon.core.webui.keyword.internal.WebUIKeywordMain.runKeyword(WebUIKeywordMain.groovy:26)
	at com.kms.katalon.core.webui.keyword.builtin.ClickKeyword.click(ClickKeyword.groovy:74)
	at com.kms.katalon.core.webui.keyword.builtin.ClickKeyword.execute(ClickKeyword.groovy:40)
	at com.kms.katalon.core.keyword.internal.KeywordExecutor.executeKeywordForPlatform(KeywordExecutor.groovy:74)
	at com.kms.katalon.core.webui.keyword.WebUiBuiltInKeywords.click(WebUiBuiltInKeywords.groovy:620)
	at com.kms.katalon.core.webui.keyword.WebUiBuiltInKeywords$click$1.call(Unknown Source)
	at View members.run(View members:42)
	at com.kms.katalon.core.main.ScriptEngine.run(ScriptEngine.java:194)
	at com.kms.katalon.core.main.ScriptEngine.runScriptAsRawText(ScriptEngine.java:119)
	at com.kms.katalon.core.main.TestCaseExecutor.runScript(TestCaseExecutor.java:442)
	at com.kms.katalon.core.main.TestCaseExecutor.doExecute(TestCaseExecutor.java:433)
	at com.kms.katalon.core.main.TestCaseExecutor.processExecutionPhase(TestCaseExecutor.java:412)
	at com.kms.katalon.core.main.TestCaseExecutor.accessMainPhase(TestCaseExecutor.java:404)
	at com.kms.katalon.core.main.TestCaseExecutor.execute(TestCaseExecutor.java:281)
	at com.kms.katalon.core.main.TestSuiteExecutor.accessTestCaseMainPhase(TestSuiteExecutor.java:202)
	at com.kms.katalon.core.main.TestSuiteExecutor.accessTestSuiteMainPhase(TestSuiteExecutor.java:164)
	at com.kms.katalon.core.main.TestSuiteExecutor.execute(TestSuiteExecutor.java:105)
	at com.kms.katalon.core.main.TestCaseMain.startTestSuite(TestCaseMain.java:181)
	at com.kms.katalon.core.main.TestCaseMain$startTestSuite$0.call(Unknown Source)
	at TempTestSuite1642411537017.run(TempTestSuite1642411537017.groovy:36)
Caused by: org.openqa.selenium.ElementClickInterceptedException: element click intercepted: Element <div aria-label="Explore rooms" role="button" tabindex="0" class="mx_AccessibleButton mx_LeftPanel_exploreButton"></div> is not clickable at point (390, 28). Other element would receive the click: <div class="mx_Toast_toast mx_Toast_hasIcon mx_Toast_icon_verification_warning">...</div>
  (Session info: chrome=97.0.4692.71)
Build info: version: '3.141.59', revision: 'e82be7d358', time: '2018-11-14T08:25:53'
System info: host: 'DESKTOP-A3NO6EJ', ip: '172.23.64.1', os.name: 'Windows 10', os.arch: 'amd64', os.version: '10.0', java.version: '1.8.0_282'
Driver info: com.kms.katalon.selenium.driver.CChromeDriver
Capabilities {acceptInsecureCerts: false, browserName: chrome, browserVersion: 97.0.4692.71, chrome: {chromedriverVersion: 97.0.4692.71 (adefa7837d02a..., userDataDir: C:\Users\User\AppData\Local...}, goog:chromeOptions: {debuggerAddress: localhost:62485}, javascriptEnabled: true, networkConnectionEnabled: false, pageLoadStrategy: normal, platform: WINDOWS, platformName: WINDOWS, proxy: Proxy(), setWindowRect: true, strictFileInteractability: false, timeouts: {implicit: 0, pageLoad: 300000, script: 30000}, unhandledPromptBehavior: dismiss and notify, webauthn:extension:credBlob: true, webauthn:extension:largeBlob: true, webauthn:virtualAuthenticators: true}
Session ID: c2a940b558a034dad8fb87408353ad17
	at org.openqa.selenium.remote.http.W3CHttpResponseCodec.createException(W3CHttpResponseCodec.java:187)
	at org.openqa.selenium.remote.http.W3CHttpResponseCodec.decode(W3CHttpResponseCodec.java:122)
	at org.openqa.selenium.remote.http.W3CHttpResponseCodec.decode(W3CHttpResponseCodec.java:49)
	at org.openqa.selenium.remote.HttpCommandExecutor.execute(HttpCommandExecutor.java:158)
	at org.openqa.selenium.remote.service.DriverCommandExecutor.execute(DriverCommandExecutor.java:83)
	at org.openqa.selenium.remote.RemoteWebDriver.execute(RemoteWebDriver.java:552)
	at com.kms.katalon.selenium.driver.CChromeDriver.execute(CChromeDriver.java:19)
	at org.openqa.selenium.remote.RemoteWebElement.execute(RemoteWebElement.java:285)
	at org.openqa.selenium.remote.RemoteWebElement.click(RemoteWebElement.java:84)
	at org.openqa.selenium.support.events.EventFiringWebDriver$EventFiringWebElement.lambda$new$0(EventFiringWebDriver.java:404)
	at com.sun.proxy.$Proxy11.click(Unknown Source)
	at org.openqa.selenium.support.events.EventFiringWebDriver$EventFiringWebElement.click(EventFiringWebDriver.java:417)
	at org.openqa.selenium.WebElement$click.call(Unknown Source)
	at com.kms.katalon.core.webui.keyword.builtin.ClickKeyword.clickUntilSuccessWithTimeout(ClickKeyword.groovy:81)
	at com.kms.katalon.core.webui.keyword.builtin.ClickKeyword.clickUntilSuccessWithTimeout(ClickKeyword.groovy)
	at com.kms.katalon.core.webui.keyword.builtin.ClickKeyword$_click_closure1.doCall(ClickKeyword.groovy:67)
	at com.kms.katalon.core.webui.keyword.builtin.ClickKeyword$_click_closure1.call(ClickKeyword.groovy)
	at com.kms.katalon.core.webui.keyword.internal.WebUIKeywordMain.runKeyword(WebUIKeywordMain.groovy:20)
	... 19 more]]></system-err>
      </testcase>
      <testcase name="Test Cases/Create a new space/Create a public new space with an empty name" time="314.046" classname="Test Cases/Create a new space/Create a public new space with an empty name" status="FAILED">
         <failure type="FAILED" message="Test Cases/Create a new space/Create a public new space with an empty name FAILED.
Reason:
com.kms.katalon.core.exception.StepFailedException: Unable to click on object 'Object Repository/Page_Element/div_Enable_mx_SpaceButton_icon'
	at com.kms.katalon.core.webui.keyword.internal.WebUIKeywordMain.stepFailed(WebUIKeywordMain.groovy:64)
	at com.kms.katalon.core.webui.keyword.internal.WebUIKeywordMain.runKeyword(WebUIKeywordMain.groovy:26)
	at com.kms.katalon.core.webui.keyword.builtin.ClickKeyword.click(ClickKeyword.groovy:74)
	at com.kms.katalon.core.webui.keyword.builtin.ClickKeyword.execute(ClickKeyword.groovy:40)
	at com.kms.katalon.core.keyword.internal.KeywordExecutor.executeKeywordForPlatform(KeywordExecutor.groovy:74)
	at com.kms.katalon.core.webui.keyword.WebUiBuiltInKeywords.click(WebUiBuiltInKeywords.groovy:620)
	at com.kms.katalon.core.webui.keyword.WebUiBuiltInKeywords$click$1.call(Unknown Source)
	at Create a public new space with an empty name.run(Create a public new space with an empty name:40)
	at com.kms.katalon.core.main.ScriptEngine.run(ScriptEngine.java:194)
	at com.kms.katalon.core.main.ScriptEngine.runScriptAsRawText(ScriptEngine.java:119)
	at com.kms.katalon.core.main.TestCaseExecutor.runScript(TestCaseExecutor.java:442)
	at com.kms.katalon.core.main.TestCaseExecutor.doExecute(TestCaseExecutor.java:433)
	at com.kms.katalon.core.main.TestCaseExecutor.processExecutionPhase(TestCaseExecutor.java:412)
	at com.kms.katalon.core.main.TestCaseExecutor.accessMainPhase(TestCaseExecutor.java:404)
	at com.kms.katalon.core.main.TestCaseExecutor.execute(TestCaseExecutor.java:281)
	at com.kms.katalon.core.main.TestSuiteExecutor.accessTestCaseMainPhase(TestSuiteExecutor.java:202)
	at com.kms.katalon.core.main.TestSuiteExecutor.accessTestSuiteMainPhase(TestSuiteExecutor.java:164)
	at com.kms.katalon.core.main.TestSuiteExecutor.execute(TestSuiteExecutor.java:105)
	at com.kms.katalon.core.main.TestCaseMain.startTestSuite(TestCaseMain.java:181)
	at com.kms.katalon.core.main.TestCaseMain$startTestSuite$0.call(Unknown Source)
	at TempTestSuite1642411537017.run(TempTestSuite1642411537017.groovy:36)
Caused by: com.kms.katalon.core.webui.exception.WebElementNotFoundException: Web element with id: 'Object Repository/Page_Element/div_Enable_mx_SpaceButton_icon' located by '//section[@id='matrixchat']/div/div[2]/div/ul/div[2]/div/li[5]/div/div/div/div/div' not found
	at com.kms.katalon.core.webui.common.WebUiCommonHelper.findWebElement(WebUiCommonHelper.java:1368)
	at com.kms.katalon.core.webui.keyword.internal.WebUIAbstractKeyword.findWebElement(WebUIAbstractKeyword.groovy:27)
	at com.kms.katalon.core.webui.keyword.builtin.ClickKeyword$_click_closure1.doCall(ClickKeyword.groovy:65)
	at com.kms.katalon.core.webui.keyword.builtin.ClickKeyword$_click_closure1.call(ClickKeyword.groovy)
	at com.kms.katalon.core.webui.keyword.internal.WebUIKeywordMain.runKeyword(WebUIKeywordMain.groovy:20)
	... 19 more
"/>
         <system-out><![CDATA[2022-01-17 21:01:06 - [TEST_CASE][FAILED] - Test Cases/Create a new space/Create a public new space with an empty name: Test Cases/Create a new space/Create a public new space with an empty name FAILED.
Reason:
com.kms.katalon.core.exception.StepFailedException: Unable to click on object 'Object Repository/Page_Element/div_Enable_mx_SpaceButton_icon'
	at com.kms.katalon.core.webui.keyword.internal.WebUIKeywordMain.stepFailed(WebUIKeywordMain.groovy:64)
	at com.kms.katalon.core.webui.keyword.internal.WebUIKeywordMain.runKeyword(WebUIKeywordMain.groovy:26)
	at com.kms.katalon.core.webui.keyword.builtin.ClickKeyword.click(ClickKeyword.groovy:74)
	at com.kms.katalon.core.webui.keyword.builtin.ClickKeyword.execute(ClickKeyword.groovy:40)
	at com.kms.katalon.core.keyword.internal.KeywordExecutor.executeKeywordForPlatform(KeywordExecutor.groovy:74)
	at com.kms.katalon.core.webui.keyword.WebUiBuiltInKeywords.click(WebUiBuiltInKeywords.groovy:620)
	at com.kms.katalon.core.webui.keyword.WebUiBuiltInKeywords$click$1.call(Unknown Source)
	at Create a public new space with an empty name.run(Create a public new space with an empty name:40)
	at com.kms.katalon.core.main.ScriptEngine.run(ScriptEngine.java:194)
	at com.kms.katalon.core.main.ScriptEngine.runScriptAsRawText(ScriptEngine.java:119)
	at com.kms.katalon.core.main.TestCaseExecutor.runScript(TestCaseExecutor.java:442)
	at com.kms.katalon.core.main.TestCaseExecutor.doExecute(TestCaseExecutor.java:433)
	at com.kms.katalon.core.main.TestCaseExecutor.processExecutionPhase(TestCaseExecutor.java:412)
	at com.kms.katalon.core.main.TestCaseExecutor.accessMainPhase(TestCaseExecutor.java:404)
	at com.kms.katalon.core.main.TestCaseExecutor.execute(TestCaseExecutor.java:281)
	at com.kms.katalon.core.main.TestSuiteExecutor.accessTestCaseMainPhase(TestSuiteExecutor.java:202)
	at com.kms.katalon.core.main.TestSuiteExecutor.accessTestSuiteMainPhase(TestSuiteExecutor.java:164)
	at com.kms.katalon.core.main.TestSuiteExecutor.execute(TestSuiteExecutor.java:105)
	at com.kms.katalon.core.main.TestCaseMain.startTestSuite(TestCaseMain.java:181)
	at com.kms.katalon.core.main.TestCaseMain$startTestSuite$0.call(Unknown Source)
	at TempTestSuite1642411537017.run(TempTestSuite1642411537017.groovy:36)
Caused by: com.kms.katalon.core.webui.exception.WebElementNotFoundException: Web element with id: 'Object Repository/Page_Element/div_Enable_mx_SpaceButton_icon' located by '//section[@id='matrixchat']/div/div[2]/div/ul/div[2]/div/li[5]/div/div/div/div/div' not found
	at com.kms.katalon.core.webui.common.WebUiCommonHelper.findWebElement(WebUiCommonHelper.java:1368)
	at com.kms.katalon.core.webui.keyword.internal.WebUIAbstractKeyword.findWebElement(WebUIAbstractKeyword.groovy:27)
	at com.kms.katalon.core.webui.keyword.builtin.ClickKeyword$_click_closure1.doCall(ClickKeyword.groovy:65)
	at com.kms.katalon.core.webui.keyword.builtin.ClickKeyword$_click_closure1.call(ClickKeyword.groovy)
	at com.kms.katalon.core.webui.keyword.internal.WebUIKeywordMain.runKeyword(WebUIKeywordMain.groovy:20)
	... 19 more


2022-01-17 21:01:06 - [TEST_STEP][PASSED] - openBrowser(""): Browser is opened with url: ''

2022-01-17 21:01:06 - [MESSAGE][WARNING] - A browser is already opened. Closing browser and opening a new one

2022-01-17 21:01:07 - [MESSAGE][INFO] - Starting 'Chrome' driver

2022-01-17 21:01:07 - [MESSAGE][INFO] - Action delay is set to 0 milliseconds

2022-01-17 21:01:08 - [MESSAGE][PASSED] - Browser is opened with url: ''

2022-01-17 21:01:08 - [TEST_STEP][PASSED] - navigateToUrl("http://localhost:8080/"): Navigate to 'http://localhost:8080/' successfully

2022-01-17 21:01:10 - [MESSAGE][PASSED] - Navigate to 'http://localhost:8080/' successfully

2022-01-17 21:01:10 - [TEST_STEP][PASSED] - click(findTestObject("Object Repository/Page_Element/a_Sign In")): Object: 'Object Repository/Page_Element/a_Sign In' is clicked on

2022-01-17 21:01:14 - [MESSAGE][PASSED] - Object: 'Object Repository/Page_Element/a_Sign In' is clicked on

2022-01-17 21:01:14 - [TEST_STEP][PASSED] - setText(findTestObject("Object Repository/Page_Element/input_Sign in with_username"), "quanghuyne"): Text 'quanghuyne' is set on object 'Object Repository/Page_Element/input_Sign in with_username'

2022-01-17 21:02:14 - [MESSAGE][PASSED] - Text 'quanghuyne' is set on object 'Object Repository/Page_Element/input_Sign in with_username'

2022-01-17 21:02:14 - [TEST_STEP][PASSED] - setEncryptedText(findTestObject("Object Repository/Page_Element/input_Username_password"), "hk4lGgMz64DUYAH1jDReqA=="): Text ****** has been set on object 'Object Repository/Page_Element/input_Username_password'

2022-01-17 21:02:44 - [MESSAGE][PASSED] - Text ****** has been set on object 'Object Repository/Page_Element/input_Username_password'

2022-01-17 21:02:44 - [TEST_STEP][PASSED] - click(findTestObject("Object Repository/Page_Element/input_Forgot password_mx_Login_submit")): Object: 'Object Repository/Page_Element/input_Forgot password_mx_Login_submit' is clicked on

2022-01-17 21:03:14 - [MESSAGE][PASSED] - Object: 'Object Repository/Page_Element/input_Forgot password_mx_Login_submit' is clicked on

2022-01-17 21:03:14 - [TEST_STEP][PASSED] - click(findTestObject("Object Repository/Page_Element/button_Reset all")): Object: 'Object Repository/Page_Element/button_Reset all' is clicked on

2022-01-17 21:03:48 - [MESSAGE][PASSED] - Object: 'Object Repository/Page_Element/button_Reset all' is clicked on

2022-01-17 21:03:48 - [TEST_STEP][PASSED] - click(findTestObject("Object Repository/Page_Element/div_Proceed with reset")): Object: 'Object Repository/Page_Element/div_Proceed with reset' is clicked on

2022-01-17 21:04:19 - [MESSAGE][PASSED] - Object: 'Object Repository/Page_Element/div_Proceed with reset' is clicked on

2022-01-17 21:04:19 - [TEST_STEP][PASSED] - click(findTestObject("Object Repository/Page_Element/button_Cancel")): Object: 'Object Repository/Page_Element/button_Cancel' is clicked on

2022-01-17 21:04:49 - [MESSAGE][PASSED] - Object: 'Object Repository/Page_Element/button_Cancel' is clicked on

2022-01-17 21:04:49 - [TEST_STEP][PASSED] - click(findTestObject("Object Repository/Page_Element/button_Cancel")): Object: 'Object Repository/Page_Element/button_Cancel' is clicked on

2022-01-17 21:05:19 - [MESSAGE][PASSED] - Object: 'Object Repository/Page_Element/button_Cancel' is clicked on

2022-01-17 21:05:19 - [TEST_STEP][FAILED] - click(findTestObject("Object Repository/Page_Element/div_Enable_mx_SpaceButton_icon")): Unable to click on object 'Object Repository/Page_Element/div_Enable_mx_SpaceButton_icon' (Root cause: com.kms.katalon.core.exception.StepFailedException: Unable to click on object 'Object Repository/Page_Element/div_Enable_mx_SpaceButton_icon'
	at com.kms.katalon.core.webui.keyword.internal.WebUIKeywordMain.stepFailed(WebUIKeywordMain.groovy:64)
	at com.kms.katalon.core.webui.keyword.internal.WebUIKeywordMain.runKeyword(WebUIKeywordMain.groovy:26)
	at com.kms.katalon.core.webui.keyword.builtin.ClickKeyword.click(ClickKeyword.groovy:74)
	at com.kms.katalon.core.webui.keyword.builtin.ClickKeyword.execute(ClickKeyword.groovy:40)
	at com.kms.katalon.core.keyword.internal.KeywordExecutor.executeKeywordForPlatform(KeywordExecutor.groovy:74)
	at com.kms.katalon.core.webui.keyword.WebUiBuiltInKeywords.click(WebUiBuiltInKeywords.groovy:620)
	at com.kms.katalon.core.webui.keyword.WebUiBuiltInKeywords$click$1.call(Unknown Source)
	at Create a public new space with an empty name.run(Create a public new space with an empty name:40)
	at com.kms.katalon.core.main.ScriptEngine.run(ScriptEngine.java:194)
	at com.kms.katalon.core.main.ScriptEngine.runScriptAsRawText(ScriptEngine.java:119)
	at com.kms.katalon.core.main.TestCaseExecutor.runScript(TestCaseExecutor.java:442)
	at com.kms.katalon.core.main.TestCaseExecutor.doExecute(TestCaseExecutor.java:433)
	at com.kms.katalon.core.main.TestCaseExecutor.processExecutionPhase(TestCaseExecutor.java:412)
	at com.kms.katalon.core.main.TestCaseExecutor.accessMainPhase(TestCaseExecutor.java:404)
	at com.kms.katalon.core.main.TestCaseExecutor.execute(TestCaseExecutor.java:281)
	at com.kms.katalon.core.main.TestSuiteExecutor.accessTestCaseMainPhase(TestSuiteExecutor.java:202)
	at com.kms.katalon.core.main.TestSuiteExecutor.accessTestSuiteMainPhase(TestSuiteExecutor.java:164)
	at com.kms.katalon.core.main.TestSuiteExecutor.execute(TestSuiteExecutor.java:105)
	at com.kms.katalon.core.main.TestCaseMain.startTestSuite(TestCaseMain.java:181)
	at com.kms.katalon.core.main.TestCaseMain$startTestSuite$0.call(Unknown Source)
	at TempTestSuite1642411537017.run(TempTestSuite1642411537017.groovy:36)
Caused by: com.kms.katalon.core.webui.exception.WebElementNotFoundException: Web element with id: 'Object Repository/Page_Element/div_Enable_mx_SpaceButton_icon' located by '//section[@id='matrixchat']/div/div[2]/div/ul/div[2]/div/li[5]/div/div/div/div/div' not found
	at com.kms.katalon.core.webui.common.WebUiCommonHelper.findWebElement(WebUiCommonHelper.java:1368)
	at com.kms.katalon.core.webui.keyword.internal.WebUIAbstractKeyword.findWebElement(WebUIAbstractKeyword.groovy:27)
	at com.kms.katalon.core.webui.keyword.builtin.ClickKeyword$_click_closure1.doCall(ClickKeyword.groovy:65)
	at com.kms.katalon.core.webui.keyword.builtin.ClickKeyword$_click_closure1.call(ClickKeyword.groovy)
	at com.kms.katalon.core.webui.keyword.internal.WebUIKeywordMain.runKeyword(WebUIKeywordMain.groovy:20)
	at com.kms.katalon.core.webui.keyword.builtin.ClickKeyword.click(ClickKeyword.groovy:74)
	at com.kms.katalon.core.webui.keyword.builtin.ClickKeyword.execute(ClickKeyword.groovy:40)
	at com.kms.katalon.core.keyword.internal.KeywordExecutor.executeKeywordForPlatform(KeywordExecutor.groovy:74)
	at com.kms.katalon.core.webui.keyword.WebUiBuiltInKeywords.click(WebUiBuiltInKeywords.groovy:620)
	at com.kms.katalon.core.webui.keyword.WebUiBuiltInKeywords$click$1.call(Unknown Source)
	at Script1642341956749.run(Script1642341956749.groovy:40)
	... 13 more
)

2022-01-17 21:06:20 - [MESSAGE][INFO] - Unable to find the element located by 'By.xpath: //section[@id='matrixchat']/div/div[2]/div/ul/div[2]/div/li[5]/div/div/div/div/div'. Please recheck the objects properties to make sure the desired element is located. 

2022-01-17 21:06:20 - [MESSAGE][FAILED] - Unable to click on object 'Object Repository/Page_Element/div_Enable_mx_SpaceButton_icon' (Root cause: com.kms.katalon.core.exception.StepFailedException: Unable to click on object 'Object Repository/Page_Element/div_Enable_mx_SpaceButton_icon'
	at com.kms.katalon.core.webui.keyword.internal.WebUIKeywordMain.stepFailed(WebUIKeywordMain.groovy:64)
	at com.kms.katalon.core.webui.keyword.internal.WebUIKeywordMain.runKeyword(WebUIKeywordMain.groovy:26)
	at com.kms.katalon.core.webui.keyword.builtin.ClickKeyword.click(ClickKeyword.groovy:74)
	at com.kms.katalon.core.webui.keyword.builtin.ClickKeyword.execute(ClickKeyword.groovy:40)
	at com.kms.katalon.core.keyword.internal.KeywordExecutor.executeKeywordForPlatform(KeywordExecutor.groovy:74)
	at com.kms.katalon.core.webui.keyword.WebUiBuiltInKeywords.click(WebUiBuiltInKeywords.groovy:620)
	at com.kms.katalon.core.webui.keyword.WebUiBuiltInKeywords$click$1.call(Unknown Source)
	at Create a public new space with an empty name.run(Create a public new space with an empty name:40)
	at com.kms.katalon.core.main.ScriptEngine.run(ScriptEngine.java:194)
	at com.kms.katalon.core.main.ScriptEngine.runScriptAsRawText(ScriptEngine.java:119)
	at com.kms.katalon.core.main.TestCaseExecutor.runScript(TestCaseExecutor.java:442)
	at com.kms.katalon.core.main.TestCaseExecutor.doExecute(TestCaseExecutor.java:433)
	at com.kms.katalon.core.main.TestCaseExecutor.processExecutionPhase(TestCaseExecutor.java:412)
	at com.kms.katalon.core.main.TestCaseExecutor.accessMainPhase(TestCaseExecutor.java:404)
	at com.kms.katalon.core.main.TestCaseExecutor.execute(TestCaseExecutor.java:281)
	at com.kms.katalon.core.main.TestSuiteExecutor.accessTestCaseMainPhase(TestSuiteExecutor.java:202)
	at com.kms.katalon.core.main.TestSuiteExecutor.accessTestSuiteMainPhase(TestSuiteExecutor.java:164)
	at com.kms.katalon.core.main.TestSuiteExecutor.execute(TestSuiteExecutor.java:105)
	at com.kms.katalon.core.main.TestCaseMain.startTestSuite(TestCaseMain.java:181)
	at com.kms.katalon.core.main.TestCaseMain$startTestSuite$0.call(Unknown Source)
	at TempTestSuite1642411537017.run(TempTestSuite1642411537017.groovy:36)
Caused by: com.kms.katalon.core.webui.exception.WebElementNotFoundException: Web element with id: 'Object Repository/Page_Element/div_Enable_mx_SpaceButton_icon' located by '//section[@id='matrixchat']/div/div[2]/div/ul/div[2]/div/li[5]/div/div/div/div/div' not found
	at com.kms.katalon.core.webui.common.WebUiCommonHelper.findWebElement(WebUiCommonHelper.java:1368)
	at com.kms.katalon.core.webui.keyword.internal.WebUIAbstractKeyword.findWebElement(WebUIAbstractKeyword.groovy:27)
	at com.kms.katalon.core.webui.keyword.builtin.ClickKeyword$_click_closure1.doCall(ClickKeyword.groovy:65)
	at com.kms.katalon.core.webui.keyword.builtin.ClickKeyword$_click_closure1.call(ClickKeyword.groovy)
	at com.kms.katalon.core.webui.keyword.internal.WebUIKeywordMain.runKeyword(WebUIKeywordMain.groovy:20)
	at com.kms.katalon.core.webui.keyword.builtin.ClickKeyword.click(ClickKeyword.groovy:74)
	at com.kms.katalon.core.webui.keyword.builtin.ClickKeyword.execute(ClickKeyword.groovy:40)
	at com.kms.katalon.core.keyword.internal.KeywordExecutor.executeKeywordForPlatform(KeywordExecutor.groovy:74)
	at com.kms.katalon.core.webui.keyword.WebUiBuiltInKeywords.click(WebUiBuiltInKeywords.groovy:620)
	at com.kms.katalon.core.webui.keyword.WebUiBuiltInKeywords$click$1.call(Unknown Source)
	at Script1642341956749.run(Script1642341956749.groovy:40)
	... 13 more
)
[[ATTACHMENT|C:\\Users\\User\\Katalon Studio\\Bonus SE\\Test-Automation-SE-Bonus\\Reports\\20220117_162537\\Run all test case\\20220117_162537\\1642428380006.png]]]]></system-out>
         <system-err><![CDATA[2022-01-17 21:01:06 - [TEST_CASE][FAILED] - Test Cases/Create a new space/Create a public new space with an empty name: Test Cases/Create a new space/Create a public new space with an empty name FAILED.
Reason:
com.kms.katalon.core.exception.StepFailedException: Unable to click on object 'Object Repository/Page_Element/div_Enable_mx_SpaceButton_icon'
	at com.kms.katalon.core.webui.keyword.internal.WebUIKeywordMain.stepFailed(WebUIKeywordMain.groovy:64)
	at com.kms.katalon.core.webui.keyword.internal.WebUIKeywordMain.runKeyword(WebUIKeywordMain.groovy:26)
	at com.kms.katalon.core.webui.keyword.builtin.ClickKeyword.click(ClickKeyword.groovy:74)
	at com.kms.katalon.core.webui.keyword.builtin.ClickKeyword.execute(ClickKeyword.groovy:40)
	at com.kms.katalon.core.keyword.internal.KeywordExecutor.executeKeywordForPlatform(KeywordExecutor.groovy:74)
	at com.kms.katalon.core.webui.keyword.WebUiBuiltInKeywords.click(WebUiBuiltInKeywords.groovy:620)
	at com.kms.katalon.core.webui.keyword.WebUiBuiltInKeywords$click$1.call(Unknown Source)
	at Create a public new space with an empty name.run(Create a public new space with an empty name:40)
	at com.kms.katalon.core.main.ScriptEngine.run(ScriptEngine.java:194)
	at com.kms.katalon.core.main.ScriptEngine.runScriptAsRawText(ScriptEngine.java:119)
	at com.kms.katalon.core.main.TestCaseExecutor.runScript(TestCaseExecutor.java:442)
	at com.kms.katalon.core.main.TestCaseExecutor.doExecute(TestCaseExecutor.java:433)
	at com.kms.katalon.core.main.TestCaseExecutor.processExecutionPhase(TestCaseExecutor.java:412)
	at com.kms.katalon.core.main.TestCaseExecutor.accessMainPhase(TestCaseExecutor.java:404)
	at com.kms.katalon.core.main.TestCaseExecutor.execute(TestCaseExecutor.java:281)
	at com.kms.katalon.core.main.TestSuiteExecutor.accessTestCaseMainPhase(TestSuiteExecutor.java:202)
	at com.kms.katalon.core.main.TestSuiteExecutor.accessTestSuiteMainPhase(TestSuiteExecutor.java:164)
	at com.kms.katalon.core.main.TestSuiteExecutor.execute(TestSuiteExecutor.java:105)
	at com.kms.katalon.core.main.TestCaseMain.startTestSuite(TestCaseMain.java:181)
	at com.kms.katalon.core.main.TestCaseMain$startTestSuite$0.call(Unknown Source)
	at TempTestSuite1642411537017.run(TempTestSuite1642411537017.groovy:36)
Caused by: com.kms.katalon.core.webui.exception.WebElementNotFoundException: Web element with id: 'Object Repository/Page_Element/div_Enable_mx_SpaceButton_icon' located by '//section[@id='matrixchat']/div/div[2]/div/ul/div[2]/div/li[5]/div/div/div/div/div' not found
	at com.kms.katalon.core.webui.common.WebUiCommonHelper.findWebElement(WebUiCommonHelper.java:1368)
	at com.kms.katalon.core.webui.keyword.internal.WebUIAbstractKeyword.findWebElement(WebUIAbstractKeyword.groovy:27)
	at com.kms.katalon.core.webui.keyword.builtin.ClickKeyword$_click_closure1.doCall(ClickKeyword.groovy:65)
	at com.kms.katalon.core.webui.keyword.builtin.ClickKeyword$_click_closure1.call(ClickKeyword.groovy)
	at com.kms.katalon.core.webui.keyword.internal.WebUIKeywordMain.runKeyword(WebUIKeywordMain.groovy:20)
	... 19 more]]></system-err>
      </testcase>
      <system-out><![CDATA[2022-01-17 16:25:50 - [TEST_SUITE][FAILED] - Run all test case: Test Cases/Sign in manually/Sign in with username FAILED.
Reason:
com.kms.katalon.core.exception.StepFailedException: Unable to set text 'quanghuyne' of object 'Object Repository/Page_Element/input_Sign in with_username'
	at com.kms.katalon.core.webui.keyword.internal.WebUIKeywordMain.stepFailed(WebUIKeywordMain.groovy:64)
	at com.kms.katalon.core.webui.keyword.internal.WebUIKeywordMain.runKeyword(WebUIKeywordMain.groovy:26)
	at com.kms.katalon.core.webui.keyword.builtin.SetTextKeyword.setText(SetTextKeyword.groovy:66)
	at com.kms.katalon.core.webui.keyword.builtin.SetTextKeyword.execute(SetTextKeyword.groovy:37)
	at com.kms.katalon.core.keyword.internal.KeywordExecutor.executeKeywordForPlatform(KeywordExecutor.groovy:74)
	at com.kms.katalon.core.webui.keyword.WebUiBuiltInKeywords.setText(WebUiBuiltInKeywords.groovy:980)
	at com.kms.katalon.core.webui.keyword.WebUiBuiltInKeywords$setText$2.call(Unknown Source)
	at Sign in with username.run(Sign in with username:26)
	at com.kms.katalon.core.main.ScriptEngine.run(ScriptEngine.java:194)
	at com.kms.katalon.core.main.ScriptEngine.runScriptAsRawText(ScriptEngine.java:119)
	at com.kms.katalon.core.main.TestCaseExecutor.runScript(TestCaseExecutor.java:442)
	at com.kms.katalon.core.main.TestCaseExecutor.doExecute(TestCaseExecutor.java:433)
	at com.kms.katalon.core.main.TestCaseExecutor.processExecutionPhase(TestCaseExecutor.java:412)
	at com.kms.katalon.core.main.TestCaseExecutor.accessMainPhase(TestCaseExecutor.java:404)
	at com.kms.katalon.core.main.TestCaseExecutor.execute(TestCaseExecutor.java:281)
	at com.kms.katalon.core.main.TestSuiteExecutor.accessTestCaseMainPhase(TestSuiteExecutor.java:202)
	at com.kms.katalon.core.main.TestSuiteExecutor.accessTestSuiteMainPhase(TestSuiteExecutor.java:164)
	at com.kms.katalon.core.main.TestSuiteExecutor.execute(TestSuiteExecutor.java:105)
	at com.kms.katalon.core.main.TestCaseMain.startTestSuite(TestCaseMain.java:181)
	at com.kms.katalon.core.main.TestCaseMain$startTestSuite$0.call(Unknown Source)
	at TempTestSuite1642411537017.run(TempTestSuite1642411537017.groovy:36)
Caused by: org.openqa.selenium.NoSuchWindowException: no such window: target window already closed
from unknown error: web view not found
  (Session info: chrome=97.0.4692.71)
Build info: version: '3.141.59', revision: 'e82be7d358', time: '2018-11-14T08:25:53'
System info: host: 'DESKTOP-A3NO6EJ', ip: '172.23.64.1', os.name: 'Windows 10', os.arch: 'amd64', os.version: '10.0', java.version: '1.8.0_282'
Driver info: com.kms.katalon.selenium.driver.CChromeDriver
Capabilities {acceptInsecureCerts: false, browserName: chrome, browserVersion: 97.0.4692.71, chrome: {chromedriverVersion: 97.0.4692.71 (adefa7837d02a..., userDataDir: C:\Users\User\AppData\Local...}, goog:chromeOptions: {debuggerAddress: localhost:53441}, javascriptEnabled: true, networkConnectionEnabled: false, pageLoadStrategy: normal, platform: WINDOWS, platformName: WINDOWS, proxy: Proxy(), setWindowRect: true, strictFileInteractability: false, timeouts: {implicit: 0, pageLoad: 300000, script: 30000}, unhandledPromptBehavior: dismiss and notify, webauthn:extension:credBlob: true, webauthn:extension:largeBlob: true, webauthn:virtualAuthenticators: true}
Session ID: f4f3cd9054c46bd61f238fee47916cbb
*** Element info: {Using=xpath, value=//input[@id='mx_Field_2']}
	at org.openqa.selenium.remote.http.W3CHttpResponseCodec.createException(W3CHttpResponseCodec.java:187)
	at org.openqa.selenium.remote.http.W3CHttpResponseCodec.decode(W3CHttpResponseCodec.java:122)
	at org.openqa.selenium.remote.http.W3CHttpResponseCodec.decode(W3CHttpResponseCodec.java:49)
	at org.openqa.selenium.remote.HttpCommandExecutor.execute(HttpCommandExecutor.java:158)
	at org.openqa.selenium.remote.service.DriverCommandExecutor.execute(DriverCommandExecutor.java:83)
	at org.openqa.selenium.remote.RemoteWebDriver.execute(RemoteWebDriver.java:552)
	at com.kms.katalon.selenium.driver.CChromeDriver.execute(CChromeDriver.java:19)
	at org.openqa.selenium.remote.RemoteWebDriver.findElements(RemoteWebDriver.java:353)
	at org.openqa.selenium.remote.RemoteWebDriver.findElementsByXPath(RemoteWebDriver.java:432)
	at org.openqa.selenium.By$ByXPath.findElements(By.java:348)
	at org.openqa.selenium.remote.RemoteWebDriver.findElements(RemoteWebDriver.java:311)
	at org.openqa.selenium.support.events.EventFiringWebDriver.lambda$new$1(EventFiringWebDriver.java:105)
	at com.sun.proxy.$Proxy10.findElements(Unknown Source)
	at org.openqa.selenium.support.events.EventFiringWebDriver.findElements(EventFiringWebDriver.java:182)
	at com.kms.katalon.core.webui.common.WebUiCommonHelper.findElementByNormalMethods(WebUiCommonHelper.java:1014)
	at com.kms.katalon.core.webui.common.WebUiCommonHelper.findElementsBySelectedMethod(WebUiCommonHelper.java:909)
	at com.kms.katalon.core.webui.common.WebUiCommonHelper.findElementsBySelectedMethod(WebUiCommonHelper.java:892)
	at com.kms.katalon.core.webui.common.WebUiCommonHelper.findElementsBySelectedMethod(WebUiCommonHelper.java:887)
	at com.kms.katalon.core.webui.common.WebUiCommonHelper.findElementsByDefault(WebUiCommonHelper.java:883)
	at com.kms.katalon.core.webui.common.WebUiCommonHelper.findWebElements(WebUiCommonHelper.java:720)
	at com.kms.katalon.core.webui.common.WebUiCommonHelper.findWebElement(WebUiCommonHelper.java:1363)
	at com.kms.katalon.core.webui.keyword.internal.WebUIAbstractKeyword.findWebElement(WebUIAbstractKeyword.groovy:27)
	at com.kms.katalon.core.webui.keyword.internal.WebUIAbstractKeyword.findWebElement(WebUIAbstractKeyword.groovy:26)
	at com.kms.katalon.core.webui.keyword.builtin.SetTextKeyword$_setText_closure1.doCall(SetTextKeyword.groovy:51)
	at com.kms.katalon.core.webui.keyword.builtin.SetTextKeyword$_setText_closure1.call(SetTextKeyword.groovy)
	at com.kms.katalon.core.webui.keyword.internal.WebUIKeywordMain.runKeyword(WebUIKeywordMain.groovy:20)
	... 19 more]]></system-out>
      <system-err><![CDATA[2022-01-17 16:25:50 - [TEST_SUITE][FAILED] - Run all test case: Test Cases/Sign in manually/Sign in with username FAILED.
Reason:
com.kms.katalon.core.exception.StepFailedException: Unable to set text 'quanghuyne' of object 'Object Repository/Page_Element/input_Sign in with_username'
	at com.kms.katalon.core.webui.keyword.internal.WebUIKeywordMain.stepFailed(WebUIKeywordMain.groovy:64)
	at com.kms.katalon.core.webui.keyword.internal.WebUIKeywordMain.runKeyword(WebUIKeywordMain.groovy:26)
	at com.kms.katalon.core.webui.keyword.builtin.SetTextKeyword.setText(SetTextKeyword.groovy:66)
	at com.kms.katalon.core.webui.keyword.builtin.SetTextKeyword.execute(SetTextKeyword.groovy:37)
	at com.kms.katalon.core.keyword.internal.KeywordExecutor.executeKeywordForPlatform(KeywordExecutor.groovy:74)
	at com.kms.katalon.core.webui.keyword.WebUiBuiltInKeywords.setText(WebUiBuiltInKeywords.groovy:980)
	at com.kms.katalon.core.webui.keyword.WebUiBuiltInKeywords$setText$2.call(Unknown Source)
	at Sign in with username.run(Sign in with username:26)
	at com.kms.katalon.core.main.ScriptEngine.run(ScriptEngine.java:194)
	at com.kms.katalon.core.main.ScriptEngine.runScriptAsRawText(ScriptEngine.java:119)
	at com.kms.katalon.core.main.TestCaseExecutor.runScript(TestCaseExecutor.java:442)
	at com.kms.katalon.core.main.TestCaseExecutor.doExecute(TestCaseExecutor.java:433)
	at com.kms.katalon.core.main.TestCaseExecutor.processExecutionPhase(TestCaseExecutor.java:412)
	at com.kms.katalon.core.main.TestCaseExecutor.accessMainPhase(TestCaseExecutor.java:404)
	at com.kms.katalon.core.main.TestCaseExecutor.execute(TestCaseExecutor.java:281)
	at com.kms.katalon.core.main.TestSuiteExecutor.accessTestCaseMainPhase(TestSuiteExecutor.java:202)
	at com.kms.katalon.core.main.TestSuiteExecutor.accessTestSuiteMainPhase(TestSuiteExecutor.java:164)
	at com.kms.katalon.core.main.TestSuiteExecutor.execute(TestSuiteExecutor.java:105)
	at com.kms.katalon.core.main.TestCaseMain.startTestSuite(TestCaseMain.java:181)
	at com.kms.katalon.core.main.TestCaseMain$startTestSuite$0.call(Unknown Source)
	at TempTestSuite1642411537017.run(TempTestSuite1642411537017.groovy:36)
Caused by: org.openqa.selenium.NoSuchWindowException: no such window: target window already closed
from unknown error: web view not found
  (Session info: chrome=97.0.4692.71)
Build info: version: '3.141.59', revision: 'e82be7d358', time: '2018-11-14T08:25:53'
System info: host: 'DESKTOP-A3NO6EJ', ip: '172.23.64.1', os.name: 'Windows 10', os.arch: 'amd64', os.version: '10.0', java.version: '1.8.0_282'
Driver info: com.kms.katalon.selenium.driver.CChromeDriver
Capabilities {acceptInsecureCerts: false, browserName: chrome, browserVersion: 97.0.4692.71, chrome: {chromedriverVersion: 97.0.4692.71 (adefa7837d02a..., userDataDir: C:\Users\User\AppData\Local...}, goog:chromeOptions: {debuggerAddress: localhost:53441}, javascriptEnabled: true, networkConnectionEnabled: false, pageLoadStrategy: normal, platform: WINDOWS, platformName: WINDOWS, proxy: Proxy(), setWindowRect: true, strictFileInteractability: false, timeouts: {implicit: 0, pageLoad: 300000, script: 30000}, unhandledPromptBehavior: dismiss and notify, webauthn:extension:credBlob: true, webauthn:extension:largeBlob: true, webauthn:virtualAuthenticators: true}
Session ID: f4f3cd9054c46bd61f238fee47916cbb
*** Element info: {Using=xpath, value=//input[@id='mx_Field_2']}
	at org.openqa.selenium.remote.http.W3CHttpResponseCodec.createException(W3CHttpResponseCodec.java:187)
	at org.openqa.selenium.remote.http.W3CHttpResponseCodec.decode(W3CHttpResponseCodec.java:122)
	at org.openqa.selenium.remote.http.W3CHttpResponseCodec.decode(W3CHttpResponseCodec.java:49)
	at org.openqa.selenium.remote.HttpCommandExecutor.execute(HttpCommandExecutor.java:158)
	at org.openqa.selenium.remote.service.DriverCommandExecutor.execute(DriverCommandExecutor.java:83)
	at org.openqa.selenium.remote.RemoteWebDriver.execute(RemoteWebDriver.java:552)
	at com.kms.katalon.selenium.driver.CChromeDriver.execute(CChromeDriver.java:19)
	at org.openqa.selenium.remote.RemoteWebDriver.findElements(RemoteWebDriver.java:353)
	at org.openqa.selenium.remote.RemoteWebDriver.findElementsByXPath(RemoteWebDriver.java:432)
	at org.openqa.selenium.By$ByXPath.findElements(By.java:348)
	at org.openqa.selenium.remote.RemoteWebDriver.findElements(RemoteWebDriver.java:311)
	at org.openqa.selenium.support.events.EventFiringWebDriver.lambda$new$1(EventFiringWebDriver.java:105)
	at com.sun.proxy.$Proxy10.findElements(Unknown Source)
	at org.openqa.selenium.support.events.EventFiringWebDriver.findElements(EventFiringWebDriver.java:182)
	at com.kms.katalon.core.webui.common.WebUiCommonHelper.findElementByNormalMethods(WebUiCommonHelper.java:1014)
	at com.kms.katalon.core.webui.common.WebUiCommonHelper.findElementsBySelectedMethod(WebUiCommonHelper.java:909)
	at com.kms.katalon.core.webui.common.WebUiCommonHelper.findElementsBySelectedMethod(WebUiCommonHelper.java:892)
	at com.kms.katalon.core.webui.common.WebUiCommonHelper.findElementsBySelectedMethod(WebUiCommonHelper.java:887)
	at com.kms.katalon.core.webui.common.WebUiCommonHelper.findElementsByDefault(WebUiCommonHelper.java:883)
	at com.kms.katalon.core.webui.common.WebUiCommonHelper.findWebElements(WebUiCommonHelper.java:720)
	at com.kms.katalon.core.webui.common.WebUiCommonHelper.findWebElement(WebUiCommonHelper.java:1363)
	at com.kms.katalon.core.webui.keyword.internal.WebUIAbstractKeyword.findWebElement(WebUIAbstractKeyword.groovy:27)
	at com.kms.katalon.core.webui.keyword.internal.WebUIAbstractKeyword.findWebElement(WebUIAbstractKeyword.groovy:26)
	at com.kms.katalon.core.webui.keyword.builtin.SetTextKeyword$_setText_closure1.doCall(SetTextKeyword.groovy:51)
	at com.kms.katalon.core.webui.keyword.builtin.SetTextKeyword$_setText_closure1.call(SetTextKeyword.groovy)
	at com.kms.katalon.core.webui.keyword.internal.WebUIKeywordMain.runKeyword(WebUIKeywordMain.groovy:20)
	... 19 more]]></system-err>
   </testsuite>
</testsuites>
